Using pre-set license
Built from '2023.1/staging' branch; Version is '2023.1.20f1 (35a524b12060) revision 3515684'; Using compiler version '192829333'; Build Type 'Release'
OS: 'Windows 10  (10.0.19045) 64bit Professional' Language: 'en' Physical Memory: 32674 MB
BatchMode: 1, IsHumanControllingUs: 0, StartBugReporterOnCrash: 0, Is64bit: 1, IsPro: 1

COMMAND LINE ARGUMENTS:
G:\Unity\UnityVersions\2023.1.20f1\Editor\Unity.exe
-adb2
-batchMode
-noUpm
-name
AssetImportWorker33
-projectPath
G:/Unity/UnityProjects/Git/Roguelike/Card Rouge-Like
-logFile
Logs/AssetImportWorker33.log
-srvPort
54861
Successfully changed project path to: G:/Unity/UnityProjects/Git/Roguelike/Card Rouge-Like
G:/Unity/UnityProjects/Git/Roguelike/Card Rouge-Like
[UnityMemory] Configuration Parameters - Can be set up in boot.config
    "memorysetup-bucket-allocator-granularity=16"
    "memorysetup-bucket-allocator-bucket-count=8"
    "memorysetup-bucket-allocator-block-size=33554432"
    "memorysetup-bucket-allocator-block-count=8"
    "memorysetup-main-allocator-block-size=16777216"
    "memorysetup-thread-allocator-block-size=16777216"
    "memorysetup-gfx-main-allocator-block-size=16777216"
    "memorysetup-gfx-thread-allocator-block-size=16777216"
    "memorysetup-cache-allocator-block-size=4194304"
    "memorysetup-typetree-allocator-block-size=2097152"
    "memorysetup-profiler-bucket-allocator-granularity=16"
    "memorysetup-profiler-bucket-allocator-bucket-count=8"
    "memorysetup-profiler-bucket-allocator-block-size=33554432"
    "memorysetup-profiler-bucket-allocator-block-count=8"
    "memorysetup-profiler-allocator-block-size=16777216"
    "memorysetup-profiler-editor-allocator-block-size=1048576"
    "memorysetup-temp-allocator-size-main=16777216"
    "memorysetup-job-temp-allocator-block-size=2097152"
    "memorysetup-job-temp-allocator-block-size-background=1048576"
    "memorysetup-job-temp-allocator-reduction-small-platforms=262144"
    "memorysetup-allocator-temp-initial-block-size-main=262144"
    "memorysetup-allocator-temp-initial-block-size-worker=262144"
    "memorysetup-temp-allocator-size-background-worker=32768"
    "memorysetup-temp-allocator-size-job-worker=262144"
    "memorysetup-temp-allocator-size-preload-manager=33554432"
    "memorysetup-temp-allocator-size-nav-mesh-worker=65536"
    "memorysetup-temp-allocator-size-audio-worker=65536"
    "memorysetup-temp-allocator-size-cloud-worker=32768"
    "memorysetup-temp-allocator-size-gi-baking-worker=262144"
    "memorysetup-temp-allocator-size-gfx=262144"
Player connection [18672] Host "[IP] 192.168.0.137 [Port] 0 [Flags] 2 [Guid] 2428751694 [EditorId] 2428751694 [Version] 1048832 [Id] WindowsEditor(7,DESKTOP-26UP572) [Debug] 1 [PackageName] WindowsEditor [ProjectName] Editor" joined multi-casting on [225.0.0.222:54997]...

Player connection [18672] Host "[IP] 192.168.0.137 [Port] 0 [Flags] 2 [Guid] 2428751694 [EditorId] 2428751694 [Version] 1048832 [Id] WindowsEditor(7,DESKTOP-26UP572) [Debug] 1 [PackageName] WindowsEditor [ProjectName] Editor" joined alternative multi-casting on [225.0.0.222:34997]...

[Physics::Module] Initialized MultithreadedJobDispatcher with 23 workers.
Library Redirect Path: Library/Refreshing native plugins compatible for Editor in 8.51 ms, found 4 plugins.
Preloading 0 native plugins for Editor in 0.00 ms.
Initialize engine version: 2023.1.20f1 (35a524b12060)
[Subsystems] Discovering subsystems at path G:/Unity/UnityVersions/2023.1.20f1/Editor/Data/Resources/UnitySubsystems
[Subsystems] Discovering subsystems at path G:/Unity/UnityProjects/Git/Roguelike/Card Rouge-Like/Assets
GfxDevice: creating device client; threaded=0; jobified=0
Direct3D:
    Version:  Direct3D 11.0 [level 11.1]
    Renderer: NVIDIA GeForce RTX 3080 (ID=0x2216)
    Vendor:   NVIDIA
    VRAM:     10067 MB
    Driver:   31.0.15.3667
Initialize mono
Mono path[0] = 'G:/Unity/UnityVersions/2023.1.20f1/Editor/Data/Managed'
Mono path[1] = 'G:/Unity/UnityVersions/2023.1.20f1/Editor/Data/MonoBleedingEdge/lib/mono/unityjit-win32'
Mono config path = 'G:/Unity/UnityVersions/2023.1.20f1/Editor/Data/MonoBleedingEdge/etc'
Using monoOptions --debugger-agent=transport=dt_socket,embedding=1,server=y,suspend=n,address=127.0.0.1:56500
Begin MonoManager ReloadAssembly
C:\build\output\Unity-Technologies\mono\mono\metadata\icall.c:1842:
C:\build\output\Unity-Technologies\mono\mono\metadata\icall.c:1842:
C:\build\output\Unity-Technologies\mono\mono\metadata\icall.c:1842:
C:\build\output\Unity-Technologies\mono\mono\metadata\icall.c:1842:
C:\build\output\Unity-Technologies\mono\mono\metadata\icall.c:1842:
C:\build\output\Unity-Technologies\mono\mono\metadata\icall.c:1842:
C:\build\output\Unity-Technologies\mono\mono\metadata\icall.c:1842:
C:\build\output\Unity-Technologies\mono\mono\metadata\icall.c:1842:
C:\build\output\Unity-Technologies\mono\mono\metadata\icall.c:1842:
C:\build\output\Unity-Technologies\mono\mono\metadata\icall.c:1842:
Registering precompiled unity dll's ...
Register platform support module: G:/Unity/UnityVersions/2023.1.20f1/Editor/Data/PlaybackEngines/WindowsStandaloneSupport/UnityEditor.WindowsStandalone.Extensions.dll
Registered in 0.002002 seconds.
- Loaded All Assemblies, in  0.303 seconds
Native extension for WindowsStandalone target not found
Mono: successfully reloaded assembly
C:\build\output\Unity-Technologies\mono\mono\metadata\icall.c:1842:
C:\build\output\Unity-Technologies\mono\mono\metadata\icall.c:1842:
- Finished resetting the current domain, in  0.237 seconds
Domain Reload Profiling: 540ms
	BeginReloadAssembly (103ms)
		ExecutionOrderSort (0ms)
		DisableScriptedObjects (0ms)
		BackupInstance (0ms)
		ReleaseScriptingObjects (0ms)
		CreateAndSetChildDomain (1ms)
	RebuildCommonClasses (31ms)
	RebuildNativeTypeToScriptingClass (10ms)
	initialDomainReloadingComplete (39ms)
	LoadAllAssembliesAndSetupDomain (120ms)
		LoadAssemblies (102ms)
		RebuildTransferFunctionScriptingTraits (0ms)
		AnalyzeDomain (118ms)
			TypeCache.Refresh (117ms)
				TypeCache.ScanAssembly (107ms)
			ScanForSourceGeneratedMonoScriptInfo (0ms)
			ResolveRequiredComponents (0ms)
	FinalizeReload (237ms)
		ReleaseScriptCaches (0ms)
		RebuildScriptCaches (0ms)
		SetupLoadedEditorAssemblies (201ms)
			LogAssemblyErrors (0ms)
			InitializePlatformSupportModulesInManaged (6ms)
			SetLoadedEditorAssemblies (4ms)
			BeforeProcessingInitializeOnLoad (6ms)
			ProcessInitializeOnLoadAttributes (143ms)
			ProcessInitializeOnLoadMethodAttributes (42ms)
			AfterProcessingInitializeOnLoad (0ms)
			EditorAssembliesLoaded (0ms)
		ExecutionOrderSort2 (0ms)
		AwakeInstancesAfterBackupRestoration (0ms)
========================================================================
Worker process is ready to serve import requests
Import Worker Mode flag is 0x00
Begin MonoManager ReloadAssembly
C:\build\output\Unity-Technologies\mono\mono\metadata\icall.c:1842:
C:\build\output\Unity-Technologies\mono\mono\metadata\icall.c:1842:
C:\build\output\Unity-Technologies\mono\mono\metadata\icall.c:1842:
C:\build\output\Unity-Technologies\mono\mono\metadata\icall.c:1842:
C:\build\output\Unity-Technologies\mono\mono\metadata\icall.c:1842:
C:\build\output\Unity-Technologies\mono\mono\metadata\icall.c:1842:
C:\build\output\Unity-Technologies\mono\mono\metadata\icall.c:1842:
C:\build\output\Unity-Technologies\mono\mono\metadata\icall.c:1842:
C:\build\output\Unity-Technologies\mono\mono\metadata\icall.c:1842:
C:\build\output\Unity-Technologies\mono\mono\metadata\icall.c:1842:
C:\build\output\Unity-Technologies\mono\mono\metadata\icall.c:1842:
C:\build\output\Unity-Technologies\mono\mono\metadata\icall.c:1842:
Symbol file LoadedFromMemory doesn't match image G:\Unity\UnityProjects\Git\Roguelike\Card Rouge-Like\Library\PackageCache\com.unity.visualscripting@1.8.0\Editor\VisualScripting.Core\Dependencies\YamlDotNet\Unity.VisualScripting.YamlDotNet.dll
Symbol file LoadedFromMemory doesn't match image G:\Unity\UnityProjects\Git\Roguelike\Card Rouge-Like\Library\PackageCache\com.unity.visualscripting@1.8.0\Editor\VisualScripting.Core\Dependencies\DotNetZip\Unity.VisualScripting.IonicZip.dll
- Loaded All Assemblies, in  0.746 seconds
Refreshing native plugins compatible for Editor in 2.13 ms, found 4 plugins.
Native extension for WindowsStandalone target not found
Mono: successfully reloaded assembly
- Finished resetting the current domain, in  0.639 seconds
Domain Reload Profiling: 1384ms
	BeginReloadAssembly (225ms)
		ExecutionOrderSort (0ms)
		DisableScriptedObjects (4ms)
		BackupInstance (0ms)
		ReleaseScriptingObjects (0ms)
		CreateAndSetChildDomain (29ms)
	RebuildCommonClasses (26ms)
	RebuildNativeTypeToScriptingClass (8ms)
	initialDomainReloadingComplete (19ms)
	LoadAllAssembliesAndSetupDomain (467ms)
		LoadAssemblies (275ms)
		RebuildTransferFunctionScriptingTraits (0ms)
		AnalyzeDomain (265ms)
			TypeCache.Refresh (233ms)
				TypeCache.ScanAssembly (222ms)
			ScanForSourceGeneratedMonoScriptInfo (22ms)
			ResolveRequiredComponents (9ms)
	FinalizeReload (639ms)
		ReleaseScriptCaches (0ms)
		RebuildScriptCaches (0ms)
		SetupLoadedEditorAssemblies (481ms)
			LogAssemblyErrors (0ms)
			InitializePlatformSupportModulesInManaged (5ms)
			SetLoadedEditorAssemblies (3ms)
			BeforeProcessingInitializeOnLoad (79ms)
			ProcessInitializeOnLoadAttributes (365ms)
			ProcessInitializeOnLoadMethodAttributes (28ms)
			AfterProcessingInitializeOnLoad (2ms)
			EditorAssembliesLoaded (0ms)
		ExecutionOrderSort2 (0ms)
		AwakeInstancesAfterBackupRestoration (5ms)
Launched and connected shader compiler UnityShaderCompiler.exe after 0.01 seconds
Refreshing native plugins compatible for Editor in 3.68 ms, found 4 plugins.
Preloading 0 native plugins for Editor in 0.00 ms.
Unloading 6462 Unused Serialized files (Serialized files now loaded: 0)
Unloading 126 unused Assets / (2.9 MB). Loaded Objects now: 6986.
Memory consumption went from 254.7 MB to 251.8 MB.
Total: 9.808500 ms (FindLiveObjects: 0.786700 ms CreateObjectMapping: 0.325500 ms MarkObjects: 7.399000 ms  DeleteObjects: 1.296000 ms)

AssetImportParameters requested are different than current active one (requested -> active):
  custom:video-decoder-webm-vp8: 9c59270c3fd7afecdb556c50c9e8de78 -> 
  custom:SearchIndexIgnoredProperties: e643bd26f0fe6173181afceb89e7c659 -> 
  custom:audio-encoder-webm-vorbis: bf7c407c2cedff20999df2af8eb42d56 -> 
  custom:audio-decoder-ogg-vorbis: bf7c407c2cedff20999df2af8eb42d56 -> 
  custom:video-encoder-webm-vp8: eb34c28f22e8b96e1ab97ce403110664 -> 
  custom:framework-win-MediaFoundation: 216162199b28c13a410421893ffa2e32 -> 
  custom:video-decoder-ogg-theora: a1e56fd34408186e4bbccfd4996cb3dc -> 
  custom:container-muxer-webm: aa71ff27fc2769a1b78a27578f13a17b -> 
  custom:AudioImporter_EditorPlatform: d09bf68614088b80899f8185d706f6e7 -> 
  custom:container-demuxer-ogg: 62fdf1f143b41e24485cea50d1cbac27 -> 
  custom:video-codec-MediaFoundation-h265: e54d7ab0439102e2317fc1e4b246158d -> 
  custom:CustomObjectIndexerAttribute: d54d2f2da18e7612c182cf67624b6b12 -> 
  custom:container-demuxer-webm: 4f35f7cbe854078d1ac9338744f61a02 -> 
========================================================================
Received Import Request.
  Time since last request: 172494.118112 seconds.
  path: Assets/Art/New/Faces/Outline/Relieved face 256.png
  artifactKey: Guid(e6094aa5f4be1b449afd9b888176200c) Importer(815301076,1909f56bfc062723c751e8b465ee728b)
Start importing Assets/Art/New/Faces/Outline/Relieved face 256.png using Guid(e6094aa5f4be1b449afd9b888176200c) Importer(815301076,1909f56bfc062723c751e8b465ee728b)  -> (artifact id: '1977ad41a9e0c524930d3540e41f82e1') in 0.125669 seconds
Number of updated asset objects reloaded before import = 0
Number of asset objects unloaded after import = 3
========================================================================
Received Import Request.
  Time since last request: 0.311123 seconds.
  path: Assets/Art/New/Faces/Outline/Tired face 256.png
  artifactKey: Guid(44ee386097d13fc4cbf22dd640f7a79f) Importer(815301076,1909f56bfc062723c751e8b465ee728b)
Start importing Assets/Art/New/Faces/Outline/Tired face 256.png using Guid(44ee386097d13fc4cbf22dd640f7a79f) Importer(815301076,1909f56bfc062723c751e8b465ee728b)  -> (artifact id: '5433bcf45b170837046a6e1c680414eb') in 0.012721 seconds
Number of updated asset objects reloaded before import = 0
Number of asset objects unloaded after import = 3
========================================================================
Received Import Request.
  Time since last request: 0.051360 seconds.
  path: Assets/Art/New/Faces/Outline/Zany face 256.png
  artifactKey: Guid(a3db3a46198f252429f192d6b4b9934c) Importer(815301076,1909f56bfc062723c751e8b465ee728b)
Start importing Assets/Art/New/Faces/Outline/Zany face 256.png using Guid(a3db3a46198f252429f192d6b4b9934c) Importer(815301076,1909f56bfc062723c751e8b465ee728b)  -> (artifact id: 'ad409599c0b2dcd2e53b4aaab72fbea6') in 0.012041 seconds
Number of updated asset objects reloaded before import = 0
Number of asset objects unloaded after import = 3
========================================================================
Received Import Request.
  Time since last request: 306.800421 seconds.
  path: Assets/Art/MapleStoryTest/Greed/Idle/Left/Greed-Idle-Left-01.psd
  artifactKey: Guid(7be283dbe80d57f4888dd45b9f44592c) Importer(815301076,1909f56bfc062723c751e8b465ee728b)
Start importing Assets/Art/MapleStoryTest/Greed/Idle/Left/Greed-Idle-Left-01.psd using Guid(7be283dbe80d57f4888dd45b9f44592c) Importer(815301076,1909f56bfc062723c751e8b465ee728b)  -> (artifact id: '83addcd98e290c41a3a8354cabdbc0f7') in 0.021160 seconds
Number of updated asset objects reloaded before import = 0
Number of asset objects unloaded after import = 3
========================================================================
Received Import Request.
  Time since last request: 3244.214039 seconds.
  path: Assets/Art/MapleStoryTest/Greed/Idle/Left/Greed-Idle-Left-01.psd
  artifactKey: Guid(7be283dbe80d57f4888dd45b9f44592c) Importer(815301076,1909f56bfc062723c751e8b465ee728b)
Start importing Assets/Art/MapleStoryTest/Greed/Idle/Left/Greed-Idle-Left-01.psd using Guid(7be283dbe80d57f4888dd45b9f44592c) Importer(815301076,1909f56bfc062723c751e8b465ee728b)  -> (artifact id: '419c3c2bcbfc73215e11c6b24e8315ca') in 0.023400 seconds
Number of updated asset objects reloaded before import = 0
Number of asset objects unloaded after import = 3
========================================================================
Received Import Request.
  Time since last request: 59.145481 seconds.
  path: Assets/Art/MapleStoryTest/Greed/Idle/Left/Idle-Left-02.psd
  artifactKey: Guid(14333d5f51e6c36448def1e0545760a0) Importer(815301076,1909f56bfc062723c751e8b465ee728b)
Start importing Assets/Art/MapleStoryTest/Greed/Idle/Left/Idle-Left-02.psd using Guid(14333d5f51e6c36448def1e0545760a0) Importer(815301076,1909f56bfc062723c751e8b465ee728b)  -> (artifact id: 'c7fe4c845318f62aba073da3b8083926') in 0.015996 seconds
Number of updated asset objects reloaded before import = 0
Number of asset objects unloaded after import = 3
========================================================================
Received Import Request.
  Time since last request: 0.000019 seconds.
  path: Assets/Art/MapleStoryTest/Greed/Idle/Left/Idle-Left-04.psd
  artifactKey: Guid(b583129fba850ec429121e021d922136) Importer(815301076,1909f56bfc062723c751e8b465ee728b)
Start importing Assets/Art/MapleStoryTest/Greed/Idle/Left/Idle-Left-04.psd using Guid(b583129fba850ec429121e021d922136) Importer(815301076,1909f56bfc062723c751e8b465ee728b)  -> (artifact id: 'b4a1d36fb0235a5152c11eeeefa8f65e') in 0.015389 seconds
Number of updated asset objects reloaded before import = 0
Number of asset objects unloaded after import = 3
========================================================================
Received Import Request.
  Time since last request: 13.838713 seconds.
  path: Assets/Animations/Player/Player 1.controller
  artifactKey: Guid(ce406859c14b6884bb9d3707e59c1613) Importer(815301076,1909f56bfc062723c751e8b465ee728b)
Start importing Assets/Animations/Player/Player 1.controller using Guid(ce406859c14b6884bb9d3707e59c1613) Importer(815301076,1909f56bfc062723c751e8b465ee728b)  -> (artifact id: '3c6c1ddf62ca4f37b547039f05682cb3') in 0.002895 seconds
Number of updated asset objects reloaded before import = 0
Number of asset objects unloaded after import = 15
========================================================================
Received Import Request.
  Time since last request: 3.454530 seconds.
  path: Assets/Animations/Player/BasePlayer.controller
  artifactKey: Guid(ce406859c14b6884bb9d3707e59c1613) Importer(815301076,1909f56bfc062723c751e8b465ee728b)
Start importing Assets/Animations/Player/BasePlayer.controller using Guid(ce406859c14b6884bb9d3707e59c1613) Importer(815301076,1909f56bfc062723c751e8b465ee728b)  -> (artifact id: '9daaae65de611a7123bba33c83dce87d') in 0.001537 seconds
Number of updated asset objects reloaded before import = 0
Number of asset objects unloaded after import = 15
========================================================================
Received Import Request.
  Time since last request: 15.791106 seconds.
  path: Assets/Animations/MapleStoryTest/BasePlayer
  artifactKey: Guid(e7f7da4333593d44baa8890ab21828c1) Importer(815301076,1909f56bfc062723c751e8b465ee728b)
Start importing Assets/Animations/MapleStoryTest/BasePlayer using Guid(e7f7da4333593d44baa8890ab21828c1) Importer(815301076,1909f56bfc062723c751e8b465ee728b)  -> (artifact id: 'fab634ac6e12c4aeb6551a46e5fc5794') in 0.000432 seconds
Number of updated asset objects reloaded before import = 0
Number of asset objects unloaded after import = 0
========================================================================
Received Import Request.
  Time since last request: 0.910401 seconds.
  path: Assets/Animations/MapleStoryTest/MoveRight.anim
  artifactKey: Guid(24f77a9725e363e4b9808f0140d8f8bc) Importer(815301076,1909f56bfc062723c751e8b465ee728b)
Start importing Assets/Animations/MapleStoryTest/MoveRight.anim using Guid(24f77a9725e363e4b9808f0140d8f8bc) Importer(815301076,1909f56bfc062723c751e8b465ee728b)  -> (artifact id: '22b62404b07912da478d348beff12106') in 0.000940 seconds
Number of updated asset objects reloaded before import = 0
Number of asset objects unloaded after import = 1
========================================================================
Received Import Request.
  Time since last request: 4.419495 seconds.
  path: Assets/Animations/MapleStoryTest/BasePlayer 1
  artifactKey: Guid(7b100031d976a8c489bf4359298c8123) Importer(815301076,1909f56bfc062723c751e8b465ee728b)
Start importing Assets/Animations/MapleStoryTest/BasePlayer 1 using Guid(7b100031d976a8c489bf4359298c8123) Importer(815301076,1909f56bfc062723c751e8b465ee728b)  -> (artifact id: 'e790fb96d9fd49c9e14592789ca1900f') in 0.000374 seconds
Number of updated asset objects reloaded before import = 0
Number of asset objects unloaded after import = 0
========================================================================
Received Import Request.
  Time since last request: 2.873109 seconds.
  path: Assets/Animations/MapleStoryTest/Greed
  artifactKey: Guid(7b100031d976a8c489bf4359298c8123) Importer(815301076,1909f56bfc062723c751e8b465ee728b)
Start importing Assets/Animations/MapleStoryTest/Greed using Guid(7b100031d976a8c489bf4359298c8123) Importer(815301076,1909f56bfc062723c751e8b465ee728b)  -> (artifact id: '4225cfdfe21ac05a450b04542bd071f9') in 0.000357 seconds
Number of updated asset objects reloaded before import = 0
Number of asset objects unloaded after import = 0
========================================================================
Received Import Request.
  Time since last request: 1.399660 seconds.
  path: Assets/Animations/MapleStoryTest/Greed/BasePlayer.controller
  artifactKey: Guid(558cff00d62d6074c99081457723b1c6) Importer(815301076,1909f56bfc062723c751e8b465ee728b)
Start importing Assets/Animations/MapleStoryTest/Greed/BasePlayer.controller using Guid(558cff00d62d6074c99081457723b1c6) Importer(815301076,1909f56bfc062723c751e8b465ee728b)  -> (artifact id: '689f6024815b8f9477cae7eb03b68cac') in 0.001680 seconds
Number of updated asset objects reloaded before import = 0
Number of asset objects unloaded after import = 15
========================================================================
Received Import Request.
  Time since last request: 3.370973 seconds.
  path: Assets/Animations/MapleStoryTest/Greed/GreedPlayer.controller
  artifactKey: Guid(558cff00d62d6074c99081457723b1c6) Importer(815301076,1909f56bfc062723c751e8b465ee728b)
Start importing Assets/Animations/MapleStoryTest/Greed/GreedPlayer.controller using Guid(558cff00d62d6074c99081457723b1c6) Importer(815301076,1909f56bfc062723c751e8b465ee728b)  -> (artifact id: 'be713cc690321bbbd13afc34716b7840') in 0.001781 seconds
Number of updated asset objects reloaded before import = 0
Number of asset objects unloaded after import = 15
========================================================================
Received Import Request.
  Time since last request: 27.371745 seconds.
  path: Assets/Art/New/UI/Prefabs/HUD/hud-currency-container-2.png
  artifactKey: Guid(66695558895864a4c8ae099a3bdb1be6) Importer(815301076,1909f56bfc062723c751e8b465ee728b)
Start importing Assets/Art/New/UI/Prefabs/HUD/hud-currency-container-2.png using Guid(66695558895864a4c8ae099a3bdb1be6) Importer(815301076,1909f56bfc062723c751e8b465ee728b)  -> (artifact id: 'dd9936f3d8ee9d096f71bbacd19dabe8') in 0.016008 seconds
Number of updated asset objects reloaded before import = 0
Number of asset objects unloaded after import = 3
========================================================================
Received Import Request.
  Time since last request: 2.249765 seconds.
  path: Assets/Art/New/UI/Prefabs/HUD/hud-btn-yellow.png
  artifactKey: Guid(2b36b6e92f34bff4fadc2af06d88defc) Importer(815301076,1909f56bfc062723c751e8b465ee728b)
Start importing Assets/Art/New/UI/Prefabs/HUD/hud-btn-yellow.png using Guid(2b36b6e92f34bff4fadc2af06d88defc) Importer(815301076,1909f56bfc062723c751e8b465ee728b)  -> (artifact id: '019228086b924477ec37c4afbfd65e71') in 0.073035 seconds
Number of updated asset objects reloaded before import = 0
Number of asset objects unloaded after import = 3
========================================================================
Received Import Request.
  Time since last request: 0.000019 seconds.
  path: Assets/Art/New/UI/Prefabs/HUD/hud-btn-yellow-hover.png
  artifactKey: Guid(7818514f695ddca438747cad9053b301) Importer(815301076,1909f56bfc062723c751e8b465ee728b)
Start importing Assets/Art/New/UI/Prefabs/HUD/hud-btn-yellow-hover.png using Guid(7818514f695ddca438747cad9053b301) Importer(815301076,1909f56bfc062723c751e8b465ee728b)  -> (artifact id: '48c0b343e3304ecb473c895fa54d9fda') in 0.023595 seconds
Number of updated asset objects reloaded before import = 0
Number of asset objects unloaded after import = 3
========================================================================
Received Import Request.
  Time since last request: 15.272991 seconds.
  path: Assets/Art/MapleStoryTest/Greed/Idle/Left/Greed-Idle-Left-02.psd
  artifactKey: Guid(14333d5f51e6c36448def1e0545760a0) Importer(815301076,1909f56bfc062723c751e8b465ee728b)
Start importing Assets/Art/MapleStoryTest/Greed/Idle/Left/Greed-Idle-Left-02.psd using Guid(14333d5f51e6c36448def1e0545760a0) Importer(815301076,1909f56bfc062723c751e8b465ee728b)  -> (artifact id: '66cc20c9c97acd62dada5d2191d17573') in 0.031933 seconds
Number of updated asset objects reloaded before import = 0
Number of asset objects unloaded after import = 3
========================================================================
Received Import Request.
  Time since last request: 2.365054 seconds.
  path: Assets/Art/MapleStoryTest/Greed/Idle/Left/Greed-Idle-Left-03.psd
  artifactKey: Guid(ae627799fdd27b74f9a0fabfc4234d46) Importer(815301076,1909f56bfc062723c751e8b465ee728b)
Start importing Assets/Art/MapleStoryTest/Greed/Idle/Left/Greed-Idle-Left-03.psd using Guid(ae627799fdd27b74f9a0fabfc4234d46) Importer(815301076,1909f56bfc062723c751e8b465ee728b)  -> (artifact id: '6137dadab970566eb68998c7ff0068be') in 0.023831 seconds
Number of updated asset objects reloaded before import = 0
Number of asset objects unloaded after import = 3
========================================================================
Received Import Request.
  Time since last request: 2.228649 seconds.
  path: Assets/Art/MapleStoryTest/Greed/Idle/Left/Greed-Idle-Left-04.psd
  artifactKey: Guid(b583129fba850ec429121e021d922136) Importer(815301076,1909f56bfc062723c751e8b465ee728b)
Start importing Assets/Art/MapleStoryTest/Greed/Idle/Left/Greed-Idle-Left-04.psd using Guid(b583129fba850ec429121e021d922136) Importer(815301076,1909f56bfc062723c751e8b465ee728b)  -> (artifact id: 'b56712cec1b669aea7fbeb70a885edd2') in 0.051270 seconds
Number of updated asset objects reloaded before import = 0
Number of asset objects unloaded after import = 3
========================================================================
Received Import Request.
  Time since last request: 4.494230 seconds.
  path: Assets/Art/New/UI/Keys/greater-than_4x.png
  artifactKey: Guid(cd15aa58ab8cc5c4c9f37ffd6eec636d) Importer(815301076,1909f56bfc062723c751e8b465ee728b)
Start importing Assets/Art/New/UI/Keys/greater-than_4x.png using Guid(cd15aa58ab8cc5c4c9f37ffd6eec636d) Importer(815301076,1909f56bfc062723c751e8b465ee728b)  -> (artifact id: 'ebf137b438ed7d119f3fb57f77b390b5') in 0.015823 seconds
Number of updated asset objects reloaded before import = 0
Number of asset objects unloaded after import = 3
========================================================================
Received Import Request.
  Time since last request: 0.000016 seconds.
  path: Assets/Art/New/UI/Keys/hash_4x.png
  artifactKey: Guid(3cef6e9093b5397488045b555b588776) Importer(815301076,1909f56bfc062723c751e8b465ee728b)
Start importing Assets/Art/New/UI/Keys/hash_4x.png using Guid(3cef6e9093b5397488045b555b588776) Importer(815301076,1909f56bfc062723c751e8b465ee728b)  -> (artifact id: '925a9bb2b6b2a49a13e4bffeef28d3bd') in 0.015237 seconds
Number of updated asset objects reloaded before import = 0
Number of asset objects unloaded after import = 3
========================================================================
Received Import Request.
  Time since last request: 0.000019 seconds.
  path: Assets/Art/New/UI/Keys/h_4x.png
  artifactKey: Guid(c82e803dda5af4147be09336ac4d6604) Importer(815301076,1909f56bfc062723c751e8b465ee728b)
Start importing Assets/Art/New/UI/Keys/h_4x.png using Guid(c82e803dda5af4147be09336ac4d6604) Importer(815301076,1909f56bfc062723c751e8b465ee728b)  -> (artifact id: 'ba710a5694e145fca5b483c3ec92dd00') in 0.013932 seconds
Number of updated asset objects reloaded before import = 0
Number of asset objects unloaded after import = 3
========================================================================
Received Import Request.
  Time since last request: 0.004789 seconds.
  path: Assets/Art/New/UI/Keys/home_4x.png
  artifactKey: Guid(77416da659d25004f9da93d7b11f1fe0) Importer(815301076,1909f56bfc062723c751e8b465ee728b)
Start importing Assets/Art/New/UI/Keys/home_4x.png using Guid(77416da659d25004f9da93d7b11f1fe0) Importer(815301076,1909f56bfc062723c751e8b465ee728b)  -> (artifact id: '106dfa73362f3792c1116bd016273d42') in 0.035894 seconds
Number of updated asset objects reloaded before import = 0
Number of asset objects unloaded after import = 3
========================================================================
Received Import Request.
  Time since last request: 0.000022 seconds.
  path: Assets/Art/New/UI/Prefabs/HUD/hud-btn-blue.png
  artifactKey: Guid(0db30c3d0e59e8c419df27174c25bf09) Importer(815301076,1909f56bfc062723c751e8b465ee728b)
Start importing Assets/Art/New/UI/Prefabs/HUD/hud-btn-blue.png using Guid(0db30c3d0e59e8c419df27174c25bf09) Importer(815301076,1909f56bfc062723c751e8b465ee728b)  -> (artifact id: '896328121aba3f8b418d4c6f19f917e7') in 0.011190 seconds
Number of updated asset objects reloaded before import = 0
Number of asset objects unloaded after import = 3
========================================================================
Received Import Request.
  Time since last request: 0.860014 seconds.
  path: Assets/Art/New/UI/Keys/u-circumflex_4x.png
  artifactKey: Guid(5d7da9e56a0a29c479f325fd91cd6efd) Importer(815301076,1909f56bfc062723c751e8b465ee728b)
Start importing Assets/Art/New/UI/Keys/u-circumflex_4x.png using Guid(5d7da9e56a0a29c479f325fd91cd6efd) Importer(815301076,1909f56bfc062723c751e8b465ee728b)  -> (artifact id: '4dc51e5b86fd4723e72f0212528fad3d') in 0.022496 seconds
Number of updated asset objects reloaded before import = 0
Number of asset objects unloaded after import = 3
========================================================================
Received Import Request.
  Time since last request: 58.939679 seconds.
  path: Assets/Art/MapleStoryTest/Greed/Running/Left/Running-Left-02.psd
  artifactKey: Guid(a877087c97f5a5b41adeec5c9b17e2b1) Importer(815301076,1909f56bfc062723c751e8b465ee728b)
Start importing Assets/Art/MapleStoryTest/Greed/Running/Left/Running-Left-02.psd using Guid(a877087c97f5a5b41adeec5c9b17e2b1) Importer(815301076,1909f56bfc062723c751e8b465ee728b)  -> (artifact id: '41b0284b979f4b4d5417fa377da63354') in 0.015968 seconds
Number of updated asset objects reloaded before import = 0
Number of asset objects unloaded after import = 3
Editor requested this worker to shutdown with reason: Scaling down because of idle timeout
AssetImportWorker is now disconnected from the server
Process exiting
Exiting without the bug reporter. Application will terminate with return code 0