Using pre-set license
Built from '2023.1/staging' branch; Version is '2023.1.20f1 (35a524b12060) revision 3515684'; Using compiler version '192829333'; Build Type 'Release'
OS: 'Windows 11  (10.0.22621) 64bit Professional' Language: 'en' Physical Memory: 32674 MB
BatchMode: 1, IsHumanControllingUs: 0, StartBugReporterOnCrash: 0, Is64bit: 1, IsPro: 1

COMMAND LINE ARGUMENTS:
G:\Unity\UnityVersions\2023.1.20f1\Editor\Unity.exe
-adb2
-batchMode
-noUpm
-name
AssetImportWorker17
-projectPath
G:/Unity/UnityProjects/Git/Roguelike/Roguelike/Card Rouge-Like
-logFile
Logs/AssetImportWorker17.log
-srvPort
61279
Successfully changed project path to: G:/Unity/UnityProjects/Git/Roguelike/Roguelike/Card Rouge-Like
G:/Unity/UnityProjects/Git/Roguelike/Roguelike/Card Rouge-Like
[UnityMemory] Configuration Parameters - Can be set up in boot.config
    "memorysetup-bucket-allocator-granularity=16"
    "memorysetup-bucket-allocator-bucket-count=8"
    "memorysetup-bucket-allocator-block-size=33554432"
    "memorysetup-bucket-allocator-block-count=8"
    "memorysetup-main-allocator-block-size=16777216"
    "memorysetup-thread-allocator-block-size=16777216"
    "memorysetup-gfx-main-allocator-block-size=16777216"
    "memorysetup-gfx-thread-allocator-block-size=16777216"
    "memorysetup-cache-allocator-block-size=4194304"
    "memorysetup-typetree-allocator-block-size=2097152"
    "memorysetup-profiler-bucket-allocator-granularity=16"
    "memorysetup-profiler-bucket-allocator-bucket-count=8"
    "memorysetup-profiler-bucket-allocator-block-size=33554432"
    "memorysetup-profiler-bucket-allocator-block-count=8"
    "memorysetup-profiler-allocator-block-size=16777216"
    "memorysetup-profiler-editor-allocator-block-size=1048576"
    "memorysetup-temp-allocator-size-main=16777216"
    "memorysetup-job-temp-allocator-block-size=2097152"
    "memorysetup-job-temp-allocator-block-size-background=1048576"
    "memorysetup-job-temp-allocator-reduction-small-platforms=262144"
    "memorysetup-allocator-temp-initial-block-size-main=262144"
    "memorysetup-allocator-temp-initial-block-size-worker=262144"
    "memorysetup-temp-allocator-size-background-worker=32768"
    "memorysetup-temp-allocator-size-job-worker=262144"
    "memorysetup-temp-allocator-size-preload-manager=33554432"
    "memorysetup-temp-allocator-size-nav-mesh-worker=65536"
    "memorysetup-temp-allocator-size-audio-worker=65536"
    "memorysetup-temp-allocator-size-cloud-worker=32768"
    "memorysetup-temp-allocator-size-gi-baking-worker=262144"
    "memorysetup-temp-allocator-size-gfx=262144"
Player connection [9372] Host "[IP] 192.168.0.137 [Port] 0 [Flags] 2 [Guid] 2758221514 [EditorId] 2758221514 [Version] 1048832 [Id] WindowsEditor(7,DESKTOP-26UP572) [Debug] 1 [PackageName] WindowsEditor [ProjectName] Editor" joined multi-casting on [225.0.0.222:54997]...

Player connection [9372] Host "[IP] 192.168.0.137 [Port] 0 [Flags] 2 [Guid] 2758221514 [EditorId] 2758221514 [Version] 1048832 [Id] WindowsEditor(7,DESKTOP-26UP572) [Debug] 1 [PackageName] WindowsEditor [ProjectName] Editor" joined alternative multi-casting on [225.0.0.222:34997]...

[Physics::Module] Initialized MultithreadedJobDispatcher with 23 workers.
Library Redirect Path: Library/Refreshing native plugins compatible for Editor in 6.33 ms, found 4 plugins.
Preloading 0 native plugins for Editor in 0.00 ms.
Initialize engine version: 2023.1.20f1 (35a524b12060)
[Subsystems] Discovering subsystems at path G:/Unity/UnityVersions/2023.1.20f1/Editor/Data/Resources/UnitySubsystems
[Subsystems] Discovering subsystems at path G:/Unity/UnityProjects/Git/Roguelike/Roguelike/Card Rouge-Like/Assets
GfxDevice: creating device client; threaded=0; jobified=0
Direct3D:
    Version:  Direct3D 11.0 [level 11.1]
    Renderer: NVIDIA GeForce RTX 3080 (ID=0x2216)
    Vendor:   NVIDIA
    VRAM:     10067 MB
    Driver:   31.0.15.3667
Shader 'CartoonCoffee/Particle Basic': fallback shader '2' not found
Shader 'CartoonCoffee/Particle Additive': fallback shader '2' not found
Initialize mono
Mono path[0] = 'G:/Unity/UnityVersions/2023.1.20f1/Editor/Data/Managed'
Mono path[1] = 'G:/Unity/UnityVersions/2023.1.20f1/Editor/Data/MonoBleedingEdge/lib/mono/unityjit-win32'
Mono config path = 'G:/Unity/UnityVersions/2023.1.20f1/Editor/Data/MonoBleedingEdge/etc'
Using monoOptions --debugger-agent=transport=dt_socket,embedding=1,server=y,suspend=n,address=127.0.0.1:56348
Begin MonoManager ReloadAssembly
C:\build\output\Unity-Technologies\mono\mono\metadata\icall.c:1842:
C:\build\output\Unity-Technologies\mono\mono\metadata\icall.c:1842:
C:\build\output\Unity-Technologies\mono\mono\metadata\icall.c:1842:
C:\build\output\Unity-Technologies\mono\mono\metadata\icall.c:1842:
C:\build\output\Unity-Technologies\mono\mono\metadata\icall.c:1842:
C:\build\output\Unity-Technologies\mono\mono\metadata\icall.c:1842:
C:\build\output\Unity-Technologies\mono\mono\metadata\icall.c:1842:
C:\build\output\Unity-Technologies\mono\mono\metadata\icall.c:1842:
C:\build\output\Unity-Technologies\mono\mono\metadata\icall.c:1842:
C:\build\output\Unity-Technologies\mono\mono\metadata\icall.c:1842:
Registering precompiled unity dll's ...
Register platform support module: G:/Unity/UnityVersions/2023.1.20f1/Editor/Data/PlaybackEngines/WindowsStandaloneSupport/UnityEditor.WindowsStandalone.Extensions.dll
Registered in 0.001399 seconds.
- Loaded All Assemblies, in  0.243 seconds
Native extension for WindowsStandalone target not found
Mono: successfully reloaded assembly
C:\build\output\Unity-Technologies\mono\mono\metadata\icall.c:1842:
C:\build\output\Unity-Technologies\mono\mono\metadata\icall.c:1842:
- Finished resetting the current domain, in  0.198 seconds
Domain Reload Profiling: 442ms
	BeginReloadAssembly (82ms)
		ExecutionOrderSort (0ms)
		DisableScriptedObjects (0ms)
		BackupInstance (0ms)
		ReleaseScriptingObjects (0ms)
		CreateAndSetChildDomain (0ms)
	RebuildCommonClasses (23ms)
	RebuildNativeTypeToScriptingClass (8ms)
	initialDomainReloadingComplete (32ms)
	LoadAllAssembliesAndSetupDomain (98ms)
		LoadAssemblies (82ms)
		RebuildTransferFunctionScriptingTraits (0ms)
		AnalyzeDomain (96ms)
			TypeCache.Refresh (95ms)
				TypeCache.ScanAssembly (88ms)
			ScanForSourceGeneratedMonoScriptInfo (0ms)
			ResolveRequiredComponents (0ms)
	FinalizeReload (199ms)
		ReleaseScriptCaches (0ms)
		RebuildScriptCaches (0ms)
		SetupLoadedEditorAssemblies (166ms)
			LogAssemblyErrors (0ms)
			InitializePlatformSupportModulesInManaged (5ms)
			SetLoadedEditorAssemblies (3ms)
			BeforeProcessingInitializeOnLoad (5ms)
			ProcessInitializeOnLoadAttributes (114ms)
			ProcessInitializeOnLoadMethodAttributes (38ms)
			AfterProcessingInitializeOnLoad (0ms)
			EditorAssembliesLoaded (0ms)
		ExecutionOrderSort2 (0ms)
		AwakeInstancesAfterBackupRestoration (0ms)
========================================================================
Worker process is ready to serve import requests
Import Worker Mode flag is 0x00
Begin MonoManager ReloadAssembly
C:\build\output\Unity-Technologies\mono\mono\metadata\icall.c:1842:
C:\build\output\Unity-Technologies\mono\mono\metadata\icall.c:1842:
C:\build\output\Unity-Technologies\mono\mono\metadata\icall.c:1842:
C:\build\output\Unity-Technologies\mono\mono\metadata\icall.c:1842:
C:\build\output\Unity-Technologies\mono\mono\metadata\icall.c:1842:
C:\build\output\Unity-Technologies\mono\mono\metadata\icall.c:1842:
C:\build\output\Unity-Technologies\mono\mono\metadata\icall.c:1842:
C:\build\output\Unity-Technologies\mono\mono\metadata\icall.c:1842:
C:\build\output\Unity-Technologies\mono\mono\metadata\icall.c:1842:
C:\build\output\Unity-Technologies\mono\mono\metadata\icall.c:1842:
C:\build\output\Unity-Technologies\mono\mono\metadata\icall.c:1842:
C:\build\output\Unity-Technologies\mono\mono\metadata\icall.c:1842:
Symbol file LoadedFromMemory doesn't match image G:\Unity\UnityProjects\Git\Roguelike\Roguelike\Card Rouge-Like\Library\PackageCache\com.unity.visualscripting@1.8.0\Editor\VisualScripting.Core\Dependencies\YamlDotNet\Unity.VisualScripting.YamlDotNet.dll
Symbol file LoadedFromMemory doesn't match image G:\Unity\UnityProjects\Git\Roguelike\Roguelike\Card Rouge-Like\Library\PackageCache\com.unity.visualscripting@1.8.0\Editor\VisualScripting.Core\Dependencies\DotNetZip\Unity.VisualScripting.IonicZip.dll
- Loaded All Assemblies, in  0.673 seconds
Refreshing native plugins compatible for Editor in 2.56 ms, found 4 plugins.
Native extension for WindowsStandalone target not found
Mono: successfully reloaded assembly
- Finished resetting the current domain, in  0.630 seconds
Domain Reload Profiling: 1303ms
	BeginReloadAssembly (208ms)
		ExecutionOrderSort (0ms)
		DisableScriptedObjects (4ms)
		BackupInstance (0ms)
		ReleaseScriptingObjects (0ms)
		CreateAndSetChildDomain (25ms)
	RebuildCommonClasses (25ms)
	RebuildNativeTypeToScriptingClass (9ms)
	initialDomainReloadingComplete (17ms)
	LoadAllAssembliesAndSetupDomain (414ms)
		LoadAssemblies (222ms)
		RebuildTransferFunctionScriptingTraits (0ms)
		AnalyzeDomain (260ms)
			TypeCache.Refresh (230ms)
				TypeCache.ScanAssembly (221ms)
			ScanForSourceGeneratedMonoScriptInfo (21ms)
			ResolveRequiredComponents (9ms)
	FinalizeReload (630ms)
		ReleaseScriptCaches (0ms)
		RebuildScriptCaches (0ms)
		SetupLoadedEditorAssemblies (429ms)
			LogAssemblyErrors (0ms)
			InitializePlatformSupportModulesInManaged (3ms)
			SetLoadedEditorAssemblies (3ms)
			BeforeProcessingInitializeOnLoad (72ms)
			ProcessInitializeOnLoadAttributes (322ms)
			ProcessInitializeOnLoadMethodAttributes (27ms)
			AfterProcessingInitializeOnLoad (2ms)
			EditorAssembliesLoaded (0ms)
		ExecutionOrderSort2 (0ms)
		AwakeInstancesAfterBackupRestoration (5ms)
Shader 'CartoonCoffee/Particle Additive': fallback shader '2' not found
Shader 'CartoonCoffee/Particle Basic': fallback shader '2' not found
Launched and connected shader compiler UnityShaderCompiler.exe after 0.01 seconds
Refreshing native plugins compatible for Editor in 2.25 ms, found 4 plugins.
Preloading 0 native plugins for Editor in 0.00 ms.
Unloading 6554 Unused Serialized files (Serialized files now loaded: 0)
Unloading 123 unused Assets / (2.6 MB). Loaded Objects now: 7080.
Memory consumption went from 273.5 MB to 270.9 MB.
Total: 4.997500 ms (FindLiveObjects: 0.397600 ms CreateObjectMapping: 0.287700 ms MarkObjects: 3.729800 ms  DeleteObjects: 0.581800 ms)

AssetImportParameters requested are different than current active one (requested -> active):
  custom:video-decoder-webm-vp8: 9c59270c3fd7afecdb556c50c9e8de78 -> 
  custom:SearchIndexIgnoredProperties: e643bd26f0fe6173181afceb89e7c659 -> 
  custom:audio-encoder-webm-vorbis: bf7c407c2cedff20999df2af8eb42d56 -> 
  custom:audio-decoder-ogg-vorbis: bf7c407c2cedff20999df2af8eb42d56 -> 
  custom:video-encoder-webm-vp8: eb34c28f22e8b96e1ab97ce403110664 -> 
  custom:framework-win-MediaFoundation: 216162199b28c13a410421893ffa2e32 -> 
  custom:video-decoder-ogg-theora: a1e56fd34408186e4bbccfd4996cb3dc -> 
  custom:container-muxer-webm: aa71ff27fc2769a1b78a27578f13a17b -> 
  custom:AudioImporter_EditorPlatform: d09bf68614088b80899f8185d706f6e7 -> 
  custom:container-demuxer-ogg: 62fdf1f143b41e24485cea50d1cbac27 -> 
  custom:ShaderGraph/RenderPipelineChanged: 6d447d27a811028bd26b82b76768d375 -> 
  custom:video-codec-MediaFoundation-h265: e54d7ab0439102e2317fc1e4b246158d -> 
  custom:CustomObjectIndexerAttribute: d54d2f2da18e7612c182cf67624b6b12 -> 
  custom:container-demuxer-webm: 4f35f7cbe854078d1ac9338744f61a02 -> 
========================================================================
Received Import Request.
  Time since last request: 197228.435921 seconds.
  path: Assets/Art/New/Enemies/Goblin Enemy Hit Sprite.psd
  artifactKey: Guid(a61303cca028a4a4a9ff3f872dc108c5) Importer(815301076,1909f56bfc062723c751e8b465ee728b)
Start importing Assets/Art/New/Enemies/Goblin Enemy Hit Sprite.psd using Guid(a61303cca028a4a4a9ff3f872dc108c5) Importer(815301076,1909f56bfc062723c751e8b465ee728b)  -> (artifact id: '5d7a92c87c68c84ee02c051f09890aaf') in 0.062649 seconds
Number of updated asset objects reloaded before import = 1
Number of asset objects unloaded after import = 3
========================================================================
Received Import Request.
  Time since last request: 0.000019 seconds.
  path: Assets/Art/Characters/Greed/Misc/Greed-Attack-Left.psd
  artifactKey: Guid(d92a0c507a9fbff489cbfc037e7db9ef) Importer(815301076,1909f56bfc062723c751e8b465ee728b)
Start importing Assets/Art/Characters/Greed/Misc/Greed-Attack-Left.psd using Guid(d92a0c507a9fbff489cbfc037e7db9ef) Importer(815301076,1909f56bfc062723c751e8b465ee728b)  -> (artifact id: 'a10ed78559081bbe30aac858056138d4') in 0.013709 seconds
Number of updated asset objects reloaded before import = 0
Number of asset objects unloaded after import = 3
========================================================================
Received Import Request.
  Time since last request: 0.000020 seconds.
  path: Assets/Art/Characters/Greed/Misc/Greed-Attack-Right.psd
  artifactKey: Guid(e4835673143dfb54795d624c87a769f8) Importer(815301076,1909f56bfc062723c751e8b465ee728b)
Start importing Assets/Art/Characters/Greed/Misc/Greed-Attack-Right.psd using Guid(e4835673143dfb54795d624c87a769f8) Importer(815301076,1909f56bfc062723c751e8b465ee728b)  -> (artifact id: '5730aff6c666c89b312b6aed1926bd79') in 0.019553 seconds
Number of updated asset objects reloaded before import = 0
Number of asset objects unloaded after import = 3
========================================================================
Received Import Request.
  Time since last request: 0.000013 seconds.
  path: Assets/Art/Characters/Greed/Idle/Left/Greed-Idle-Left-02.psd
  artifactKey: Guid(32a0445920359714799b98e29e19ca55) Importer(815301076,1909f56bfc062723c751e8b465ee728b)
Start importing Assets/Art/Characters/Greed/Idle/Left/Greed-Idle-Left-02.psd using Guid(32a0445920359714799b98e29e19ca55) Importer(815301076,1909f56bfc062723c751e8b465ee728b)  -> (artifact id: '6f44bfe3f9a82bbb88b29dc0f8cbfc9b') in 0.013584 seconds
Number of updated asset objects reloaded before import = 0
Number of asset objects unloaded after import = 3
========================================================================
Received Import Request.
  Time since last request: 0.002823 seconds.
  path: Assets/Art/Characters/Greed/Idle/Left/Greed-Idle-Left-04.psd
  artifactKey: Guid(7c396c63298fb754b964eaeaea82dcf3) Importer(815301076,1909f56bfc062723c751e8b465ee728b)
Start importing Assets/Art/Characters/Greed/Idle/Left/Greed-Idle-Left-04.psd using Guid(7c396c63298fb754b964eaeaea82dcf3) Importer(815301076,1909f56bfc062723c751e8b465ee728b)  -> (artifact id: 'c10559bd20c093a1d99903f127690251') in 0.015688 seconds
Number of updated asset objects reloaded before import = 0
Number of asset objects unloaded after import = 3
========================================================================
Received Import Request.
  Time since last request: 0.000023 seconds.
  path: Assets/Art/Characters/Greed/Running/Right/Greed-Running-Right-03.psd
  artifactKey: Guid(765cdd84a0e5075488bcbe2b16aa706d) Importer(815301076,1909f56bfc062723c751e8b465ee728b)
Start importing Assets/Art/Characters/Greed/Running/Right/Greed-Running-Right-03.psd using Guid(765cdd84a0e5075488bcbe2b16aa706d) Importer(815301076,1909f56bfc062723c751e8b465ee728b)  -> (artifact id: '6f0b0d0735b80c64175acc4778766d7d') in 0.014977 seconds
Number of updated asset objects reloaded before import = 0
Number of asset objects unloaded after import = 3
========================================================================
Received Import Request.
  Time since last request: 0.000023 seconds.
  path: Assets/Art/Characters/Greed/Running/Left/Greed-Running-Left-03.psd
  artifactKey: Guid(1059b44a93182684085ccdd862db5a15) Importer(815301076,1909f56bfc062723c751e8b465ee728b)
Start importing Assets/Art/Characters/Greed/Running/Left/Greed-Running-Left-03.psd using Guid(1059b44a93182684085ccdd862db5a15) Importer(815301076,1909f56bfc062723c751e8b465ee728b)  -> (artifact id: '26ffbd9914804bb68990050a4c3cc884') in 0.013378 seconds
Number of updated asset objects reloaded before import = 0
Number of asset objects unloaded after import = 3
========================================================================
Received Import Request.
  Time since last request: 0.000018 seconds.
  path: Assets/Art/Characters/Greed/Running/Left/Greed-Running-Left-01.psd
  artifactKey: Guid(0f651514ccec5b8429a38046d2e7817c) Importer(815301076,1909f56bfc062723c751e8b465ee728b)
Start importing Assets/Art/Characters/Greed/Running/Left/Greed-Running-Left-01.psd using Guid(0f651514ccec5b8429a38046d2e7817c) Importer(815301076,1909f56bfc062723c751e8b465ee728b)  -> (artifact id: '7abbc1cd72ff590c99beb30741b130e7') in 0.019319 seconds
Number of updated asset objects reloaded before import = 0
Number of asset objects unloaded after import = 3
========================================================================
Received Import Request.
  Time since last request: 0.000029 seconds.
  path: Assets/Art/Characters/Greed/Idle/Right/Greed-Idle-Right-03.psd
  artifactKey: Guid(06037269fe69bf14fa2a2ea2c3671584) Importer(815301076,1909f56bfc062723c751e8b465ee728b)
Start importing Assets/Art/Characters/Greed/Idle/Right/Greed-Idle-Right-03.psd using Guid(06037269fe69bf14fa2a2ea2c3671584) Importer(815301076,1909f56bfc062723c751e8b465ee728b)  -> (artifact id: 'c98344898a25eb5ff43466e7755f9b2b') in 0.014527 seconds
Number of updated asset objects reloaded before import = 0
Number of asset objects unloaded after import = 3
========================================================================
Received Import Request.
  Time since last request: 0.000079 seconds.
  path: Assets/Art/Characters/Greed/Idle/Left/Greed-Idle-Left-03.psd
  artifactKey: Guid(71420479a6aa46b4e8c4bcdbffdac766) Importer(815301076,1909f56bfc062723c751e8b465ee728b)
Start importing Assets/Art/Characters/Greed/Idle/Left/Greed-Idle-Left-03.psd using Guid(71420479a6aa46b4e8c4bcdbffdac766) Importer(815301076,1909f56bfc062723c751e8b465ee728b)  -> (artifact id: 'a5915d52de2579d1c26ce7317ccd6e1c') in 0.011760 seconds
Number of updated asset objects reloaded before import = 0
Number of asset objects unloaded after import = 3
========================================================================
Received Import Request.
  Time since last request: 0.000017 seconds.
  path: Assets/Art/Characters/Greed/Running/Left/Greed-Running-Left-02.psd
  artifactKey: Guid(a877087c97f5a5b41adeec5c9b17e2b1) Importer(815301076,1909f56bfc062723c751e8b465ee728b)
Start importing Assets/Art/Characters/Greed/Running/Left/Greed-Running-Left-02.psd using Guid(a877087c97f5a5b41adeec5c9b17e2b1) Importer(815301076,1909f56bfc062723c751e8b465ee728b)  -> (artifact id: 'f41b3673ac1ea1740dad71f133f773f8') in 0.014621 seconds
Number of updated asset objects reloaded before import = 0
Number of asset objects unloaded after import = 3
========================================================================
Received Import Request.
  Time since last request: 0.000017 seconds.
  path: Assets/Art/Characters/Greed/Running/Left/Greed-Running-Left-04.psd
  artifactKey: Guid(d123d9efc2874ff4c8347e357105e8ac) Importer(815301076,1909f56bfc062723c751e8b465ee728b)
Start importing Assets/Art/Characters/Greed/Running/Left/Greed-Running-Left-04.psd using Guid(d123d9efc2874ff4c8347e357105e8ac) Importer(815301076,1909f56bfc062723c751e8b465ee728b)  -> (artifact id: '417d4f9e0bdc0fe87162e5cc9ae32ce4') in 0.012671 seconds
Number of updated asset objects reloaded before import = 0
Number of asset objects unloaded after import = 3
========================================================================
Received Import Request.
  Time since last request: 1.477329 seconds.
  path: Assets/Art/New/UI/Badges/3D/Button 3/Green.png
  artifactKey: Guid(b9e449ee06df91141aaf31224bfc90fb) Importer(815301076,1909f56bfc062723c751e8b465ee728b)
Start importing Assets/Art/New/UI/Badges/3D/Button 3/Green.png using Guid(b9e449ee06df91141aaf31224bfc90fb) Importer(815301076,1909f56bfc062723c751e8b465ee728b)  -> (artifact id: 'de81a52e3f5b74785b8e3757da0f94b2') in 0.011551 seconds
Number of updated asset objects reloaded before import = 0
Number of asset objects unloaded after import = 3
========================================================================
Received Import Request.
  Time since last request: 0.000014 seconds.
  path: Assets/Art/New/UI/Badges/3D/Button 2/Green.png
  artifactKey: Guid(ec756ee354462794cb2431c3c84b2a10) Importer(815301076,1909f56bfc062723c751e8b465ee728b)
Start importing Assets/Art/New/UI/Badges/3D/Button 2/Green.png using Guid(ec756ee354462794cb2431c3c84b2a10) Importer(815301076,1909f56bfc062723c751e8b465ee728b)  -> (artifact id: '61c4527893aa5bdbf584b117fdba92d5') in 0.029289 seconds
Number of updated asset objects reloaded before import = 0
Number of asset objects unloaded after import = 2
========================================================================
Received Import Request.
  Time since last request: 0.000015 seconds.
  path: Assets/Art/New/UI/Badges/2D/Swirl/Green.png
  artifactKey: Guid(78db7e69f01c2824b82518fd2d794371) Importer(815301076,1909f56bfc062723c751e8b465ee728b)
Start importing Assets/Art/New/UI/Badges/2D/Swirl/Green.png using Guid(78db7e69f01c2824b82518fd2d794371) Importer(815301076,1909f56bfc062723c751e8b465ee728b)  -> (artifact id: '2940f4cc757506aad001b6ab1026543d') in 0.010410 seconds
Number of updated asset objects reloaded before import = 0
Number of asset objects unloaded after import = 2
========================================================================
Received Import Request.
  Time since last request: 0.002449 seconds.
  path: Assets/Art/New/UI/Badges/2D/Swirl/Green Light.png
  artifactKey: Guid(dc942e7680fc3c349a8bb4f82b175f73) Importer(815301076,1909f56bfc062723c751e8b465ee728b)
Start importing Assets/Art/New/UI/Badges/2D/Swirl/Green Light.png using Guid(dc942e7680fc3c349a8bb4f82b175f73) Importer(815301076,1909f56bfc062723c751e8b465ee728b)  -> (artifact id: '0700262d83c16b261ebd3ff89b9c8fd5') in 0.010063 seconds
Number of updated asset objects reloaded before import = 0
Number of asset objects unloaded after import = 2
========================================================================
Received Import Request.
  Time since last request: 0.016848 seconds.
  path: Assets/Art/New/UI/Badges/3D/Button 3/Grey.png
  artifactKey: Guid(6d0b85720fac05944962c9e3f1a2d0e1) Importer(815301076,1909f56bfc062723c751e8b465ee728b)
Start importing Assets/Art/New/UI/Badges/3D/Button 3/Grey.png using Guid(6d0b85720fac05944962c9e3f1a2d0e1) Importer(815301076,1909f56bfc062723c751e8b465ee728b)  -> (artifact id: '3f2267e8443479d8df6b4889cbd5d307') in 0.021015 seconds
Number of updated asset objects reloaded before import = 0
Number of asset objects unloaded after import = 3
========================================================================
Received Import Request.
  Time since last request: 0.005267 seconds.
  path: Assets/Art/New/UI/Badges/2D/Star/Grey.png
  artifactKey: Guid(0282e14e3b4dbc94e8de0860b44f5435) Importer(815301076,1909f56bfc062723c751e8b465ee728b)
Start importing Assets/Art/New/UI/Badges/2D/Star/Grey.png using Guid(0282e14e3b4dbc94e8de0860b44f5435) Importer(815301076,1909f56bfc062723c751e8b465ee728b)  -> (artifact id: 'b993b6c9bce49bd1cc021c6e4844dd98') in 0.010197 seconds
Number of updated asset objects reloaded before import = 0
Number of asset objects unloaded after import = 2
========================================================================
Received Import Request.
  Time since last request: 0.000782 seconds.
  path: Assets/Art/New/UI/Badges/2D/Basic/Grey.png
  artifactKey: Guid(e30bbb9013f9d2849bfc7958c3628b00) Importer(815301076,1909f56bfc062723c751e8b465ee728b)
Start importing Assets/Art/New/UI/Badges/2D/Basic/Grey.png using Guid(e30bbb9013f9d2849bfc7958c3628b00) Importer(815301076,1909f56bfc062723c751e8b465ee728b)  -> (artifact id: 'a136c46bd8acada4f17230a0fcdae3b9') in 0.008972 seconds
Number of updated asset objects reloaded before import = 0
Number of asset objects unloaded after import = 2
========================================================================
Received Import Request.
  Time since last request: 0.000016 seconds.
  path: Assets/Art/New/UI/Badges/2D/Swirl/Grey Light.png
  artifactKey: Guid(5cd90802952d9fb4bb3b51630405e68e) Importer(815301076,1909f56bfc062723c751e8b465ee728b)
Start importing Assets/Art/New/UI/Badges/2D/Swirl/Grey Light.png using Guid(5cd90802952d9fb4bb3b51630405e68e) Importer(815301076,1909f56bfc062723c751e8b465ee728b)  -> (artifact id: 'f85af15747a55d11a7e4303f430ad00d') in 0.009905 seconds
Number of updated asset objects reloaded before import = 0
Number of asset objects unloaded after import = 2
========================================================================
Received Import Request.
  Time since last request: 0.000014 seconds.
  path: Assets/Art/New/UI/Badges/2D/Star/Grey Light.png
  artifactKey: Guid(9a01e0b2ec58bc5459efdb7f287dd263) Importer(815301076,1909f56bfc062723c751e8b465ee728b)
Start importing Assets/Art/New/UI/Badges/2D/Star/Grey Light.png using Guid(9a01e0b2ec58bc5459efdb7f287dd263) Importer(815301076,1909f56bfc062723c751e8b465ee728b)  -> (artifact id: '09785919e9e0f9914d5ae5b6dd19dbc5') in 0.009046 seconds
Number of updated asset objects reloaded before import = 0
Number of asset objects unloaded after import = 2
========================================================================
Received Import Request.
  Time since last request: 0.195163 seconds.
  path: Assets/Art/New/Faces/Outline/Grinning face 256.png
  artifactKey: Guid(9823827ef59d6884ea8a9f3de4589145) Importer(815301076,1909f56bfc062723c751e8b465ee728b)
Start importing Assets/Art/New/Faces/Outline/Grinning face 256.png using Guid(9823827ef59d6884ea8a9f3de4589145) Importer(815301076,1909f56bfc062723c751e8b465ee728b)  -> (artifact id: 'e1b162b8ff09c8fea32a51adee0bb200') in 0.010810 seconds
Number of updated asset objects reloaded before import = 0
Number of asset objects unloaded after import = 3
========================================================================
Received Import Request.
  Time since last request: 0.002502 seconds.
  path: Assets/Art/New/Faces/No Outline/Grinning face with big eyes 256.png
  artifactKey: Guid(47dbd5e2fbfd4654daf75ba83bd4dde8) Importer(815301076,1909f56bfc062723c751e8b465ee728b)
Start importing Assets/Art/New/Faces/No Outline/Grinning face with big eyes 256.png using Guid(47dbd5e2fbfd4654daf75ba83bd4dde8) Importer(815301076,1909f56bfc062723c751e8b465ee728b)  -> (artifact id: '51ca6e7af973d0aad5a6d54b52eb0d87') in 0.008841 seconds
Number of updated asset objects reloaded before import = 0
Number of asset objects unloaded after import = 2
========================================================================
Received Import Request.
  Time since last request: 0.010830 seconds.
  path: Assets/Art/New/Faces/Outline/Grinning face with smiling eyes 256.png
  artifactKey: Guid(e53e6908cad47f747974b71cb46e154a) Importer(815301076,1909f56bfc062723c751e8b465ee728b)
Start importing Assets/Art/New/Faces/Outline/Grinning face with smiling eyes 256.png using Guid(e53e6908cad47f747974b71cb46e154a) Importer(815301076,1909f56bfc062723c751e8b465ee728b)  -> (artifact id: '7108fa0b676c76845468829c4b34743b') in 0.011103 seconds
Number of updated asset objects reloaded before import = 0
Number of asset objects unloaded after import = 3
========================================================================
Received Import Request.
  Time since last request: 0.001201 seconds.
  path: Assets/Art/New/Faces/Outline/Grinning face with sweat 256.png
  artifactKey: Guid(8382324b266d653408e3729119298a87) Importer(815301076,1909f56bfc062723c751e8b465ee728b)
Start importing Assets/Art/New/Faces/Outline/Grinning face with sweat 256.png using Guid(8382324b266d653408e3729119298a87) Importer(815301076,1909f56bfc062723c751e8b465ee728b)  -> (artifact id: '9781ddd2795258bb3a3fab56eaf72f81') in 0.011280 seconds
Number of updated asset objects reloaded before import = 0
Number of asset objects unloaded after import = 3
========================================================================
Received Import Request.
  Time since last request: 0.000035 seconds.
  path: Assets/Art/New/Faces/Outline/Grinning squinting face 256.png
  artifactKey: Guid(618c7d6228e9ffd4e8fa7c794c90d25b) Importer(815301076,1909f56bfc062723c751e8b465ee728b)
Start importing Assets/Art/New/Faces/Outline/Grinning squinting face 256.png using Guid(618c7d6228e9ffd4e8fa7c794c90d25b) Importer(815301076,1909f56bfc062723c751e8b465ee728b)  -> (artifact id: 'b4035d58b0f31a6fe2005d4a6e8904d7') in 0.012469 seconds
Number of updated asset objects reloaded before import = 0
Number of asset objects unloaded after import = 3
========================================================================
Received Import Request.
  Time since last request: 1.326880 seconds.
  path: Assets/Art/New/UI/Keys/h_4x.png
  artifactKey: Guid(c82e803dda5af4147be09336ac4d6604) Importer(815301076,1909f56bfc062723c751e8b465ee728b)
Start importing Assets/Art/New/UI/Keys/h_4x.png using Guid(c82e803dda5af4147be09336ac4d6604) Importer(815301076,1909f56bfc062723c751e8b465ee728b)  -> (artifact id: '89ffb6ba9ab770ec329e945fe2710c67') in 0.014714 seconds
Number of updated asset objects reloaded before import = 0
Number of asset objects unloaded after import = 3
========================================================================
Received Import Request.
  Time since last request: 0.000023 seconds.
  path: Assets/Art/New/UI/UI Elements/Toggles/Round/handle-round.png
  artifactKey: Guid(face7e1f4aa1cea49b8ea4b583f8594d) Importer(815301076,1909f56bfc062723c751e8b465ee728b)
Start importing Assets/Art/New/UI/UI Elements/Toggles/Round/handle-round.png using Guid(face7e1f4aa1cea49b8ea4b583f8594d) Importer(815301076,1909f56bfc062723c751e8b465ee728b)  -> (artifact id: '18f7956bfc56d323338a326f1b412d7b') in 0.012097 seconds
Number of updated asset objects reloaded before import = 0
Number of asset objects unloaded after import = 2
========================================================================
Received Import Request.
  Time since last request: 0.000018 seconds.
  path: Assets/Art/New/UI/UI Elements/Bars/Handles/handle-round.png
  artifactKey: Guid(73012e52e4bb92c489c01d614a645554) Importer(815301076,1909f56bfc062723c751e8b465ee728b)
Start importing Assets/Art/New/UI/UI Elements/Bars/Handles/handle-round.png using Guid(73012e52e4bb92c489c01d614a645554) Importer(815301076,1909f56bfc062723c751e8b465ee728b)  -> (artifact id: 'a168722891cf4c869d5adfde7e67e463') in 0.005498 seconds
Number of updated asset objects reloaded before import = 0
Number of asset objects unloaded after import = 2
========================================================================
Received Import Request.
  Time since last request: 0.000054 seconds.
  path: Assets/ThirdParty/Cartoon Coffee/2D Deluxe VFX/Textures/Halo_002.png
  artifactKey: Guid(f457a681d4ee1d54cbcb6137cba1fcaf) Importer(815301076,1909f56bfc062723c751e8b465ee728b)
Start importing Assets/ThirdParty/Cartoon Coffee/2D Deluxe VFX/Textures/Halo_002.png using Guid(f457a681d4ee1d54cbcb6137cba1fcaf) Importer(815301076,1909f56bfc062723c751e8b465ee728b)  -> (artifact id: 'dac955737d69a636734841189bf3cc72') in 0.012353 seconds
Number of updated asset objects reloaded before import = 0
Number of asset objects unloaded after import = 3
========================================================================
Received Import Request.
  Time since last request: 0.000017 seconds.
  path: Assets/Art/New/Faces/No Outline/Head shaking horizontally 256.png
  artifactKey: Guid(c7d7a3de61bef584d88f23094b822e8f) Importer(815301076,1909f56bfc062723c751e8b465ee728b)
Start importing Assets/Art/New/Faces/No Outline/Head shaking horizontally 256.png using Guid(c7d7a3de61bef584d88f23094b822e8f) Importer(815301076,1909f56bfc062723c751e8b465ee728b)  -> (artifact id: 'a707c65ee82ea8ec10f0837e1bd633cc') in 0.010236 seconds
Number of updated asset objects reloaded before import = 0
Number of asset objects unloaded after import = 2
========================================================================
Received Import Request.
  Time since last request: 0.000019 seconds.
  path: Assets/Art/New/Faces/No Outline/Head shaking vertically 256.png
  artifactKey: Guid(f4d02bba960706d4ab2a9d3bb38ac140) Importer(815301076,1909f56bfc062723c751e8b465ee728b)
Start importing Assets/Art/New/Faces/No Outline/Head shaking vertically 256.png using Guid(f4d02bba960706d4ab2a9d3bb38ac140) Importer(815301076,1909f56bfc062723c751e8b465ee728b)  -> (artifact id: '7bad6b06d0a132f6e039daacfde20ad4') in 0.009983 seconds
Number of updated asset objects reloaded before import = 0
Number of asset objects unloaded after import = 2
========================================================================
Received Import Request.
  Time since last request: 0.198273 seconds.
  path: Assets/ThirdParty/Cartoon Coffee/2D Deluxe VFX/Masks/Heal_001_Mask_001.png
  artifactKey: Guid(6b406bf06b6766d4183958addfe4c1e5) Importer(815301076,1909f56bfc062723c751e8b465ee728b)
Start importing Assets/ThirdParty/Cartoon Coffee/2D Deluxe VFX/Masks/Heal_001_Mask_001.png using Guid(6b406bf06b6766d4183958addfe4c1e5) Importer(815301076,1909f56bfc062723c751e8b465ee728b)  -> (artifact id: 'afca96315456a5b860d1c3b61309078d') in 0.014360 seconds
Number of updated asset objects reloaded before import = 0
Number of asset objects unloaded after import = 3
========================================================================
Received Import Request.
  Time since last request: 0.000019 seconds.
  path: Assets/ThirdParty/Cartoon Coffee/2D Deluxe VFX/Masks/Heal_001_Mask_002.png
  artifactKey: Guid(73a4951876d4ff34ab901e0b619cdad1) Importer(815301076,1909f56bfc062723c751e8b465ee728b)
Start importing Assets/ThirdParty/Cartoon Coffee/2D Deluxe VFX/Masks/Heal_001_Mask_002.png using Guid(73a4951876d4ff34ab901e0b619cdad1) Importer(815301076,1909f56bfc062723c751e8b465ee728b)  -> (artifact id: 'df92bdecb4cf84881728b31f82c40431') in 0.012770 seconds
Number of updated asset objects reloaded before import = 0
Number of asset objects unloaded after import = 3
========================================================================
Received Import Request.
  Time since last request: 0.000024 seconds.
  path: Assets/Art/New/UI/Enemy/Health Bar Sprite.psd
  artifactKey: Guid(d67424b5aa45c664488bf8a533481372) Importer(815301076,1909f56bfc062723c751e8b465ee728b)
Start importing Assets/Art/New/UI/Enemy/Health Bar Sprite.psd using Guid(d67424b5aa45c664488bf8a533481372) Importer(815301076,1909f56bfc062723c751e8b465ee728b)  -> (artifact id: '851ac58fb01f5525395bf82276e27893') in 0.013117 seconds
Number of updated asset objects reloaded before import = 0
Number of asset objects unloaded after import = 3
========================================================================
Received Import Request.
  Time since last request: 0.000029 seconds.
  path: Assets/Art/Old/UI/HeartIconFilled.aseprite
  artifactKey: Guid(b02787ef9aa49e740812d3539cdc5bee) Importer(815301076,1909f56bfc062723c751e8b465ee728b)
Start importing Assets/Art/Old/UI/HeartIconFilled.aseprite using Guid(b02787ef9aa49e740812d3539cdc5bee) Importer(815301076,1909f56bfc062723c751e8b465ee728b)  -> (artifact id: 'bae8bd6eec12a3d243e58963c3a86286') in 0.241416 seconds
Number of updated asset objects reloaded before import = 0
Number of asset objects unloaded after import = 8
========================================================================
Received Import Request.
  Time since last request: 0.000040 seconds.
  path: Assets/Art/New/UI/Badges/3D/Hexagon/Hexagon Green Gradient.png
  artifactKey: Guid(68d689bc88fc4ed40bee37b20db9ce25) Importer(815301076,1909f56bfc062723c751e8b465ee728b)
Start importing Assets/Art/New/UI/Badges/3D/Hexagon/Hexagon Green Gradient.png using Guid(68d689bc88fc4ed40bee37b20db9ce25) Importer(815301076,1909f56bfc062723c751e8b465ee728b)  -> (artifact id: '3925238be0c05961b30e2d1c8f4206d4') in 0.017457 seconds
Number of updated asset objects reloaded before import = 0
Number of asset objects unloaded after import = 2
========================================================================
Received Import Request.
  Time since last request: 0.000054 seconds.
  path: Assets/Art/New/UI/Badges/3D/Hexagon/Hexagon Light Green.png
  artifactKey: Guid(8921c0c2ee4014f4dae6da5e414d3ee4) Importer(815301076,1909f56bfc062723c751e8b465ee728b)
Start importing Assets/Art/New/UI/Badges/3D/Hexagon/Hexagon Light Green.png using Guid(8921c0c2ee4014f4dae6da5e414d3ee4) Importer(815301076,1909f56bfc062723c751e8b465ee728b)  -> (artifact id: 'cc90454453f7b3fe84b7fd1725ff6ef1') in 0.019199 seconds
Number of updated asset objects reloaded before import = 0
Number of asset objects unloaded after import = 2
========================================================================
Received Import Request.
  Time since last request: 0.535351 seconds.
  path: Assets/Art/New/UI/Badges/3D/Hexagon/Hexagon Pink Gradient.png
  artifactKey: Guid(750f16cf3bda863469ff68914262168c) Importer(815301076,1909f56bfc062723c751e8b465ee728b)
Start importing Assets/Art/New/UI/Badges/3D/Hexagon/Hexagon Pink Gradient.png using Guid(750f16cf3bda863469ff68914262168c) Importer(815301076,1909f56bfc062723c751e8b465ee728b)  -> (artifact id: 'e9cce8038b0b9e6d4e3870f8bb15ca66') in 0.011995 seconds
Number of updated asset objects reloaded before import = 0
Number of asset objects unloaded after import = 2
========================================================================
Received Import Request.
  Time since last request: 0.029810 seconds.
  path: Assets/Art/New/UI/Badges/3D/Hexagon/Hexagon Red.png
  artifactKey: Guid(5ffa916877533d2459840be7d30bf0f7) Importer(815301076,1909f56bfc062723c751e8b465ee728b)
Start importing Assets/Art/New/UI/Badges/3D/Hexagon/Hexagon Red.png using Guid(5ffa916877533d2459840be7d30bf0f7) Importer(815301076,1909f56bfc062723c751e8b465ee728b)  -> (artifact id: 'f57c7c2e4f9d9f8a00541c9ba8627744') in 0.008465 seconds
Number of updated asset objects reloaded before import = 0
Number of asset objects unloaded after import = 2
========================================================================
Received Import Request.
  Time since last request: 0.668363 seconds.
  path: Assets/ThirdParty/Cartoon Coffee/2D Deluxe VFX/Textures/Hexagon_Circle_001.png
  artifactKey: Guid(cf06e71060ea3374490f6cbd3001c4cf) Importer(815301076,1909f56bfc062723c751e8b465ee728b)
Start importing Assets/ThirdParty/Cartoon Coffee/2D Deluxe VFX/Textures/Hexagon_Circle_001.png using Guid(cf06e71060ea3374490f6cbd3001c4cf) Importer(815301076,1909f56bfc062723c751e8b465ee728b)  -> (artifact id: 'd614745777d170b093610fef99e14039') in 0.018397 seconds
Number of updated asset objects reloaded before import = 0
Number of asset objects unloaded after import = 3
========================================================================
Received Import Request.
  Time since last request: 0.024016 seconds.
  path: Assets/Art/New/UI/Prefabs/HUD/hud-btn-large-indigo.png
  artifactKey: Guid(6f9c6c0a8923f894db2126afb575fa4f) Importer(815301076,1909f56bfc062723c751e8b465ee728b)
Start importing Assets/Art/New/UI/Prefabs/HUD/hud-btn-large-indigo.png using Guid(6f9c6c0a8923f894db2126afb575fa4f) Importer(815301076,1909f56bfc062723c751e8b465ee728b)  -> (artifact id: '361931ed2caaf5bb350f388439e101de') in 0.012731 seconds
Number of updated asset objects reloaded before import = 0
Number of asset objects unloaded after import = 3
========================================================================
Received Import Request.
  Time since last request: 0.062056 seconds.
  path: Assets/Art/New/UI/Prefabs/HUD/hud-btn-large-red-pressed.png
  artifactKey: Guid(1d56e2d560b767346ba4e550b65c9d1e) Importer(815301076,1909f56bfc062723c751e8b465ee728b)
Start importing Assets/Art/New/UI/Prefabs/HUD/hud-btn-large-red-pressed.png using Guid(1d56e2d560b767346ba4e550b65c9d1e) Importer(815301076,1909f56bfc062723c751e8b465ee728b)  -> (artifact id: 'e2fc38a484f49f2af68cc2ebc068e45c') in 0.015698 seconds
Number of updated asset objects reloaded before import = 0
Number of asset objects unloaded after import = 3
========================================================================
Received Import Request.
  Time since last request: 0.089091 seconds.
  path: Assets/Art/New/UI/Prefabs/HUD/hud-btn-yellow-pressed.png
  artifactKey: Guid(2e2e8cd8045f5a04285a8007585997d2) Importer(815301076,1909f56bfc062723c751e8b465ee728b)
Start importing Assets/Art/New/UI/Prefabs/HUD/hud-btn-yellow-pressed.png using Guid(2e2e8cd8045f5a04285a8007585997d2) Importer(815301076,1909f56bfc062723c751e8b465ee728b)  -> (artifact id: 'b66ea6d9bc8d692cf4191d8c52a675fd') in 0.012127 seconds
Number of updated asset objects reloaded before import = 0
Number of asset objects unloaded after import = 3
========================================================================
Received Import Request.
  Time since last request: 0.040306 seconds.
  path: Assets/Art/New/Faces/No Outline/Hugging face 256.png
  artifactKey: Guid(4bd57c856f8fafe43a2ac532c1b9bfd1) Importer(815301076,1909f56bfc062723c751e8b465ee728b)
Start importing Assets/Art/New/Faces/No Outline/Hugging face 256.png using Guid(4bd57c856f8fafe43a2ac532c1b9bfd1) Importer(815301076,1909f56bfc062723c751e8b465ee728b)  -> (artifact id: '87186e6cc7c547549b073e396e82a4c7') in 0.012164 seconds
Number of updated asset objects reloaded before import = 0
Number of asset objects unloaded after import = 2
========================================================================
Received Import Request.
  Time since last request: 0.032562 seconds.
  path: Assets/Art/New/UI/Keys/i-circumflex_4x.png
  artifactKey: Guid(6b0f3683b6471cb4692001618c9d7aa6) Importer(815301076,1909f56bfc062723c751e8b465ee728b)
Start importing Assets/Art/New/UI/Keys/i-circumflex_4x.png using Guid(6b0f3683b6471cb4692001618c9d7aa6) Importer(815301076,1909f56bfc062723c751e8b465ee728b)  -> (artifact id: 'b3d312134048cc79c02d01d1994b4eac') in 0.021112 seconds
Number of updated asset objects reloaded before import = 0
Number of asset objects unloaded after import = 3
========================================================================
Received Import Request.
  Time since last request: 0.022169 seconds.
  path: Assets/ThirdParty/Cartoon Coffee/2D Deluxe VFX/Textures/Ice_Shard_001.png
  artifactKey: Guid(af7fc1f13b77fe94a92ea81794c2201e) Importer(815301076,1909f56bfc062723c751e8b465ee728b)
Start importing Assets/ThirdParty/Cartoon Coffee/2D Deluxe VFX/Textures/Ice_Shard_001.png using Guid(af7fc1f13b77fe94a92ea81794c2201e) Importer(815301076,1909f56bfc062723c751e8b465ee728b)  -> (artifact id: '46de7e1a7b480043f1e15d7f1a08bd75') in 0.019599 seconds
Number of updated asset objects reloaded before import = 0
Number of asset objects unloaded after import = 3
========================================================================
Received Import Request.
  Time since last request: 1.623686 seconds.
  path: Assets/Art/New/Faces/Outline/Yawning face 256.png
  artifactKey: Guid(62fb126b8c7d8f04386e359d5a166b40) Importer(815301076,1909f56bfc062723c751e8b465ee728b)
Start importing Assets/Art/New/Faces/Outline/Yawning face 256.png using Guid(62fb126b8c7d8f04386e359d5a166b40) Importer(815301076,1909f56bfc062723c751e8b465ee728b)  -> (artifact id: '7ecf214dfdf521a0a4a8fe91d6bad84e') in 0.018042 seconds
Number of updated asset objects reloaded before import = 0
Number of asset objects unloaded after import = 3
========================================================================
Received Import Request.
  Time since last request: 0.036194 seconds.
  path: Assets/Art/New/UI/Badges/3D/Button 3/Yellow.png
  artifactKey: Guid(4583f8243e892e846941b36e52af59ae) Importer(815301076,1909f56bfc062723c751e8b465ee728b)
Start importing Assets/Art/New/UI/Badges/3D/Button 3/Yellow.png using Guid(4583f8243e892e846941b36e52af59ae) Importer(815301076,1909f56bfc062723c751e8b465ee728b)  -> (artifact id: '4149e2d9e79cabaf46ce6ffca2eb6f87') in 0.028123 seconds
Number of updated asset objects reloaded before import = 0
Number of asset objects unloaded after import = 3
========================================================================
Received Import Request.
  Time since last request: 8.314732 seconds.
  path: Assets/ThirdParty/Cartoon Coffee/Demo/VFX/Impact_Shockwave v2_spritesheet.png
  artifactKey: Guid(81cae98b3ad05f44d9c47733df81db82) Importer(815301076,1909f56bfc062723c751e8b465ee728b)
Start importing Assets/ThirdParty/Cartoon Coffee/Demo/VFX/Impact_Shockwave v2_spritesheet.png using Guid(81cae98b3ad05f44d9c47733df81db82) Importer(815301076,1909f56bfc062723c751e8b465ee728b)  -> (artifact id: '809c47cdc49dfb1bcb5f5d458ad7bbbb') in 0.014774 seconds
Number of updated asset objects reloaded before import = 0
Number of asset objects unloaded after import = 3
========================================================================
Received Import Request.
  Time since last request: 0.012596 seconds.
  path: Assets/Art/New/Abilities/LuckOfTheDrawAbilitySprite.psd
  artifactKey: Guid(f9cc1f6677d4fed4b970ef36d1fb84f7) Importer(815301076,1909f56bfc062723c751e8b465ee728b)
Start importing Assets/Art/New/Abilities/LuckOfTheDrawAbilitySprite.psd using Guid(f9cc1f6677d4fed4b970ef36d1fb84f7) Importer(815301076,1909f56bfc062723c751e8b465ee728b)  -> (artifact id: '5f060b65b849cc355e11fd821050a3da') in 0.013163 seconds
Number of updated asset objects reloaded before import = 0
Number of asset objects unloaded after import = 3
========================================================================
Received Import Request.
  Time since last request: 0.012311 seconds.
  path: Assets/Art/New/UI/Gradients/OrangeToYellowGradientSprite.psd
  artifactKey: Guid(80cc94651c259de4ab1eb2ff24dbeba9) Importer(815301076,1909f56bfc062723c751e8b465ee728b)
Start importing Assets/Art/New/UI/Gradients/OrangeToYellowGradientSprite.psd using Guid(80cc94651c259de4ab1eb2ff24dbeba9) Importer(815301076,1909f56bfc062723c751e8b465ee728b)  -> (artifact id: 'e050f657cb5d10d64ff686eeab99af30') in 0.009103 seconds
Number of updated asset objects reloaded before import = 0
Number of asset objects unloaded after import = 2
========================================================================
Received Import Request.
  Time since last request: 1.447781 seconds.
  path: Assets/Art/New/FX/Other/Diamond FX Sprite.psd
  artifactKey: Guid(455ca9afc392b31408e58f01ea819ad9) Importer(815301076,1909f56bfc062723c751e8b465ee728b)
Start importing Assets/Art/New/FX/Other/Diamond FX Sprite.psd using Guid(455ca9afc392b31408e58f01ea819ad9) Importer(815301076,1909f56bfc062723c751e8b465ee728b)  -> (artifact id: 'd4baefaa867f59f667943bd5fa8710ab') in 0.014762 seconds
Number of updated asset objects reloaded before import = 0
Number of asset objects unloaded after import = 3
========================================================================
Received Import Request.
  Time since last request: 0.008296 seconds.
  path: Assets/Art/New/UI/Dice/D20 Dice Sprite 5.psd
  artifactKey: Guid(68678a39e24b2ca4e8781efd8e35ae50) Importer(815301076,1909f56bfc062723c751e8b465ee728b)
Start importing Assets/Art/New/UI/Dice/D20 Dice Sprite 5.psd using Guid(68678a39e24b2ca4e8781efd8e35ae50) Importer(815301076,1909f56bfc062723c751e8b465ee728b)  -> (artifact id: '39b4462b2f8666d7c96c0dce1f8a3bbc') in 0.032510 seconds
Number of updated asset objects reloaded before import = 0
Number of asset objects unloaded after import = 3
========================================================================
Received Import Request.
  Time since last request: 0.342400 seconds.
  path: Assets/Art/New/UI/Dice/D20 Dice Sprite 1.psd
  artifactKey: Guid(01f10117e03a22d4a814f2025e7dea2c) Importer(815301076,1909f56bfc062723c751e8b465ee728b)
Start importing Assets/Art/New/UI/Dice/D20 Dice Sprite 1.psd using Guid(01f10117e03a22d4a814f2025e7dea2c) Importer(815301076,1909f56bfc062723c751e8b465ee728b)  -> (artifact id: 'd547c82b530643db37ea484d92e11fe7') in 0.016362 seconds
Number of updated asset objects reloaded before import = 0
Number of asset objects unloaded after import = 3
========================================================================
Received Import Request.
  Time since last request: 56.349526 seconds.
  path: Assets/ThirdParty/Cartoon Coffee/2D Deluxe VFX/Materials/CartoonCoffee_Wind_Ground-Alpha-0.1-Basic-[1.0].mat
  artifactKey: Guid(7b53631aa6551f84691506830ae592c5) Importer(815301076,1909f56bfc062723c751e8b465ee728b)
Start importing Assets/ThirdParty/Cartoon Coffee/2D Deluxe VFX/Materials/CartoonCoffee_Wind_Ground-Alpha-0.1-Basic-[1.0].mat using Guid(7b53631aa6551f84691506830ae592c5) Importer(815301076,1909f56bfc062723c751e8b465ee728b)  -> (artifact id: 'b6845a90386cbcd7c692c7159da347ff') in 0.029851 seconds
Number of updated asset objects reloaded before import = 1
Number of asset objects unloaded after import = 5
========================================================================
Received Import Request.
  Time since last request: 0.000038 seconds.
  path: Assets/ThirdParty/Cartoon Coffee/2D Deluxe VFX/Materials/CartoonCoffee_Vortex-Basic-[1.0].mat
  artifactKey: Guid(bfe9a9ef5c6ccb64f979b4b9747d945e) Importer(815301076,1909f56bfc062723c751e8b465ee728b)
Start importing Assets/ThirdParty/Cartoon Coffee/2D Deluxe VFX/Materials/CartoonCoffee_Vortex-Basic-[1.0].mat using Guid(bfe9a9ef5c6ccb64f979b4b9747d945e) Importer(815301076,1909f56bfc062723c751e8b465ee728b)  -> (artifact id: 'a0c65674ba99d8cf840969c572fe4849') in 0.031605 seconds
Number of updated asset objects reloaded before import = 0
Number of asset objects unloaded after import = 5
========================================================================
Received Import Request.
  Time since last request: 0.000022 seconds.
  path: Assets/ThirdParty/Cartoon Coffee/2D Slash VFX/Materials/CartoonCoffee_Slash-v14_Blue_001-Add-[1.0].mat
  artifactKey: Guid(81cad35d1e622ca4e875b65d1aebb671) Importer(815301076,1909f56bfc062723c751e8b465ee728b)
Start importing Assets/ThirdParty/Cartoon Coffee/2D Slash VFX/Materials/CartoonCoffee_Slash-v14_Blue_001-Add-[1.0].mat using Guid(81cad35d1e622ca4e875b65d1aebb671) Importer(815301076,1909f56bfc062723c751e8b465ee728b)  -> (artifact id: '1199baabb0296f0b314cbde12d4b838d') in 0.029760 seconds
Number of updated asset objects reloaded before import = 0
Number of asset objects unloaded after import = 4
========================================================================
Received Import Request.
  Time since last request: 0.000027 seconds.
  path: Assets/ThirdParty/Cartoon Coffee/2D Slash VFX/Materials/CartoonCoffee_Impact_005-Add-[1.0].mat
  artifactKey: Guid(1bfaf675c988e084db3315b6370816d4) Importer(815301076,1909f56bfc062723c751e8b465ee728b)
Start importing Assets/ThirdParty/Cartoon Coffee/2D Slash VFX/Materials/CartoonCoffee_Impact_005-Add-[1.0].mat using Guid(1bfaf675c988e084db3315b6370816d4) Importer(815301076,1909f56bfc062723c751e8b465ee728b)  -> (artifact id: '47055e8c04bbb2a2e6c08729d1928b76') in 0.011524 seconds
Number of updated asset objects reloaded before import = 0
Number of asset objects unloaded after import = 4
========================================================================
Received Import Request.
  Time since last request: 0.000029 seconds.
  path: Assets/ThirdParty/Cartoon Coffee/2D Deluxe VFX/Materials/CartoonCoffee_Star_004-Basic-Brightness_1.25-[1.0].mat
  artifactKey: Guid(75dca86ce6d7cf744ace6c16dc34b457) Importer(815301076,1909f56bfc062723c751e8b465ee728b)
Start importing Assets/ThirdParty/Cartoon Coffee/2D Deluxe VFX/Materials/CartoonCoffee_Star_004-Basic-Brightness_1.25-[1.0].mat using Guid(75dca86ce6d7cf744ace6c16dc34b457) Importer(815301076,1909f56bfc062723c751e8b465ee728b)  -> (artifact id: '213b0cfed0cd9bbab4af767077f21a9b') in 0.012990 seconds
Number of updated asset objects reloaded before import = 0
Number of asset objects unloaded after import = 4
========================================================================
Received Import Request.
  Time since last request: 0.000022 seconds.
  path: Assets/ThirdParty/Cartoon Coffee/2D Slash VFX/Materials/CartoonCoffee_Slash-v12_White_001-Basic-[1.0].mat
  artifactKey: Guid(735e58b3af0243747818575c9bcc4e2d) Importer(815301076,1909f56bfc062723c751e8b465ee728b)
Start importing Assets/ThirdParty/Cartoon Coffee/2D Slash VFX/Materials/CartoonCoffee_Slash-v12_White_001-Basic-[1.0].mat using Guid(735e58b3af0243747818575c9bcc4e2d) Importer(815301076,1909f56bfc062723c751e8b465ee728b)  -> (artifact id: '48ea26b28d4ad899151a412a36ad2ac1') in 0.012795 seconds
Number of updated asset objects reloaded before import = 0
Number of asset objects unloaded after import = 4
========================================================================
Received Import Request.
  Time since last request: 0.000019 seconds.
  path: Assets/ThirdParty/Cartoon Coffee/2D Deluxe VFX/Materials/CartoonCoffee_Light_Ray_005-Add-[1.0].mat
  artifactKey: Guid(d315d4e32abf25d4f80c22a20e832231) Importer(815301076,1909f56bfc062723c751e8b465ee728b)
Start importing Assets/ThirdParty/Cartoon Coffee/2D Deluxe VFX/Materials/CartoonCoffee_Light_Ray_005-Add-[1.0].mat using Guid(d315d4e32abf25d4f80c22a20e832231) Importer(815301076,1909f56bfc062723c751e8b465ee728b)  -> (artifact id: '2e665d0f77e584c8340a8db876173223') in 0.022691 seconds
Number of updated asset objects reloaded before import = 0
Number of asset objects unloaded after import = 4
========================================================================
Received Import Request.
  Time since last request: 0.000023 seconds.
  path: Assets/ThirdParty/Cartoon Coffee/2D Deluxe VFX/Materials/CartoonCoffee_Impact_008-Basic-[1.0].mat
  artifactKey: Guid(ee1ed8b6e2b02854cb1efc4ee0a84261) Importer(815301076,1909f56bfc062723c751e8b465ee728b)
Start importing Assets/ThirdParty/Cartoon Coffee/2D Deluxe VFX/Materials/CartoonCoffee_Impact_008-Basic-[1.0].mat using Guid(ee1ed8b6e2b02854cb1efc4ee0a84261) Importer(815301076,1909f56bfc062723c751e8b465ee728b)  -> (artifact id: '9c4a5efbd28adeef23200e3c6b201f5a') in 0.039167 seconds
Number of updated asset objects reloaded before import = 0
Number of asset objects unloaded after import = 5
========================================================================
Received Import Request.
  Time since last request: 0.000019 seconds.
  path: Assets/ThirdParty/Cartoon Coffee/2D Slash VFX/Materials/CartoonCoffee_Slash-v13_White_001-Add-[1.0].mat
  artifactKey: Guid(6480cc267f70701408455ef3a62c1724) Importer(815301076,1909f56bfc062723c751e8b465ee728b)
Start importing Assets/ThirdParty/Cartoon Coffee/2D Slash VFX/Materials/CartoonCoffee_Slash-v13_White_001-Add-[1.0].mat using Guid(6480cc267f70701408455ef3a62c1724) Importer(815301076,1909f56bfc062723c751e8b465ee728b)  -> (artifact id: '682a0b7d85177beeaadab8fbc232ed42') in 0.016514 seconds
Number of updated asset objects reloaded before import = 0
Number of asset objects unloaded after import = 4
========================================================================
Received Import Request.
  Time since last request: 0.000027 seconds.
  path: Assets/ThirdParty/Cartoon Coffee/2D Deluxe VFX/Materials/CartoonCoffee_Impact_004-Add-[1.0].mat
  artifactKey: Guid(d2376a026ec1edf438b0abc67fbcff84) Importer(815301076,1909f56bfc062723c751e8b465ee728b)
Start importing Assets/ThirdParty/Cartoon Coffee/2D Deluxe VFX/Materials/CartoonCoffee_Impact_004-Add-[1.0].mat using Guid(d2376a026ec1edf438b0abc67fbcff84) Importer(815301076,1909f56bfc062723c751e8b465ee728b)  -> (artifact id: 'c21a6e4bc9a52708c6ae3f8477fad61f') in 0.006684 seconds
Number of updated asset objects reloaded before import = 0
Number of asset objects unloaded after import = 5
========================================================================
Received Import Request.
  Time since last request: 0.000017 seconds.
  path: Assets/ThirdParty/Cartoon Coffee/2D Deluxe VFX/Materials/CartoonCoffee_Impact_003-Add-[1.0].mat
  artifactKey: Guid(9c260f0e9513096428da380171a37759) Importer(815301076,1909f56bfc062723c751e8b465ee728b)
Start importing Assets/ThirdParty/Cartoon Coffee/2D Deluxe VFX/Materials/CartoonCoffee_Impact_003-Add-[1.0].mat using Guid(9c260f0e9513096428da380171a37759) Importer(815301076,1909f56bfc062723c751e8b465ee728b)  -> (artifact id: 'cd510160f933e8a3675dcaf631ca28f1') in 0.011592 seconds
Number of updated asset objects reloaded before import = 0
Number of asset objects unloaded after import = 5
========================================================================
Received Import Request.
  Time since last request: 0.000025 seconds.
  path: Assets/ThirdParty/Cartoon Coffee/2D Deluxe VFX/Materials/CartoonCoffee_Impact_005-Add-[1.0].mat
  artifactKey: Guid(999df603071c7ab4ea9eba1f06ad7c9a) Importer(815301076,1909f56bfc062723c751e8b465ee728b)
Start importing Assets/ThirdParty/Cartoon Coffee/2D Deluxe VFX/Materials/CartoonCoffee_Impact_005-Add-[1.0].mat using Guid(999df603071c7ab4ea9eba1f06ad7c9a) Importer(815301076,1909f56bfc062723c751e8b465ee728b)  -> (artifact id: '859b4ad10de7cac4eef77ba497495ffc') in 0.016696 seconds
Number of updated asset objects reloaded before import = 0
Number of asset objects unloaded after import = 4
========================================================================
Received Import Request.
  Time since last request: 0.000020 seconds.
  path: Assets/ThirdParty/Cartoon Coffee/2D Slash VFX/Materials/CartoonCoffee_Slash-v14_White_001-Add-[1.0].mat
  artifactKey: Guid(b24d617acb5ca5045b6e0d609ba2e6fe) Importer(815301076,1909f56bfc062723c751e8b465ee728b)
Start importing Assets/ThirdParty/Cartoon Coffee/2D Slash VFX/Materials/CartoonCoffee_Slash-v14_White_001-Add-[1.0].mat using Guid(b24d617acb5ca5045b6e0d609ba2e6fe) Importer(815301076,1909f56bfc062723c751e8b465ee728b)  -> (artifact id: '19edfb1e221fde1250f702e48e81a7e5') in 0.013227 seconds
Number of updated asset objects reloaded before import = 0
Number of asset objects unloaded after import = 4
========================================================================
Received Import Request.
  Time since last request: 0.000031 seconds.
  path: Assets/ThirdParty/Cartoon Coffee/2D Deluxe VFX/Materials/CartoonCoffee_Star_003-Blue-Add-[2.0].mat
  artifactKey: Guid(beaf2e0b300bc1840a70b0770927a4b2) Importer(815301076,1909f56bfc062723c751e8b465ee728b)
Start importing Assets/ThirdParty/Cartoon Coffee/2D Deluxe VFX/Materials/CartoonCoffee_Star_003-Blue-Add-[2.0].mat using Guid(beaf2e0b300bc1840a70b0770927a4b2) Importer(815301076,1909f56bfc062723c751e8b465ee728b)  -> (artifact id: 'd473392b964845c66c3cdee665284a4b') in 0.009854 seconds
Number of updated asset objects reloaded before import = 0
Number of asset objects unloaded after import = 4
========================================================================
Received Import Request.
  Time since last request: 0.000018 seconds.
  path: Assets/ThirdParty/Cartoon Coffee/2D Slash VFX/Materials/CartoonCoffee_Slash-v15_White_001-Add-[1.0].mat
  artifactKey: Guid(2677c635d0b9fa24eb8bb1f16ce203b2) Importer(815301076,1909f56bfc062723c751e8b465ee728b)
Start importing Assets/ThirdParty/Cartoon Coffee/2D Slash VFX/Materials/CartoonCoffee_Slash-v15_White_001-Add-[1.0].mat using Guid(2677c635d0b9fa24eb8bb1f16ce203b2) Importer(815301076,1909f56bfc062723c751e8b465ee728b)  -> (artifact id: 'efe7550ceb4f0d825bb72a4868d7943a') in 0.013505 seconds
Number of updated asset objects reloaded before import = 0
Number of asset objects unloaded after import = 4
========================================================================
Received Import Request.
  Time since last request: 0.000021 seconds.
  path: Assets/ThirdParty/Cartoon Coffee/2D Deluxe VFX/Materials/CartoonCoffee_Impact_007-Add-[1.0].mat
  artifactKey: Guid(2bb5ca1d7fa618c498bc436ef0bd4790) Importer(815301076,1909f56bfc062723c751e8b465ee728b)
Start importing Assets/ThirdParty/Cartoon Coffee/2D Deluxe VFX/Materials/CartoonCoffee_Impact_007-Add-[1.0].mat using Guid(2bb5ca1d7fa618c498bc436ef0bd4790) Importer(815301076,1909f56bfc062723c751e8b465ee728b)  -> (artifact id: 'b2ea597e3f60adf1b99a4cc7f3fd66d5') in 0.011198 seconds
Number of updated asset objects reloaded before import = 0
Number of asset objects unloaded after import = 5
========================================================================
Received Import Request.
  Time since last request: 0.000019 seconds.
  path: Assets/ThirdParty/Cartoon Coffee/2D Deluxe VFX/Materials/CartoonCoffee_Star_005-Basic-[1.0].mat
  artifactKey: Guid(466092c8653939742a6a74bc785bae6e) Importer(815301076,1909f56bfc062723c751e8b465ee728b)
Start importing Assets/ThirdParty/Cartoon Coffee/2D Deluxe VFX/Materials/CartoonCoffee_Star_005-Basic-[1.0].mat using Guid(466092c8653939742a6a74bc785bae6e) Importer(815301076,1909f56bfc062723c751e8b465ee728b)  -> (artifact id: 'a478a3ed5407e0ff7a8dc95c2bbba00a') in 0.013527 seconds
Number of updated asset objects reloaded before import = 0
Number of asset objects unloaded after import = 5
========================================================================
Received Prepare
Begin MonoManager ReloadAssembly
C:\build\output\Unity-Technologies\mono\mono\metadata\icall.c:1842:
C:\build\output\Unity-Technologies\mono\mono\metadata\icall.c:1842:
C:\build\output\Unity-Technologies\mono\mono\metadata\icall.c:1842:
C:\build\output\Unity-Technologies\mono\mono\metadata\icall.c:1842:
C:\build\output\Unity-Technologies\mono\mono\metadata\icall.c:1842:
C:\build\output\Unity-Technologies\mono\mono\metadata\icall.c:1842:
C:\build\output\Unity-Technologies\mono\mono\metadata\icall.c:1842:
C:\build\output\Unity-Technologies\mono\mono\metadata\icall.c:1842:
C:\build\output\Unity-Technologies\mono\mono\metadata\icall.c:1842:
C:\build\output\Unity-Technologies\mono\mono\metadata\icall.c:1842:
C:\build\output\Unity-Technologies\mono\mono\metadata\icall.c:1842:
C:\build\output\Unity-Technologies\mono\mono\metadata\icall.c:1842:
Symbol file LoadedFromMemory doesn't match image G:\Unity\UnityProjects\Git\Roguelike\Roguelike\Card Rouge-Like\Library\PackageCache\com.unity.visualscripting@1.8.0\Editor\VisualScripting.Core\Dependencies\YamlDotNet\Unity.VisualScripting.YamlDotNet.dll
Symbol file LoadedFromMemory doesn't match image G:\Unity\UnityProjects\Git\Roguelike\Roguelike\Card Rouge-Like\Library\PackageCache\com.unity.visualscripting@1.8.0\Editor\VisualScripting.Core\Dependencies\DotNetZip\Unity.VisualScripting.IonicZip.dll
- Loaded All Assemblies, in  0.751 seconds
Refreshing native plugins compatible for Editor in 2.72 ms, found 4 plugins.
Native extension for WindowsStandalone target not found
Mono: successfully reloaded assembly
- Finished resetting the current domain, in  1.390 seconds
Domain Reload Profiling: 2142ms
	BeginReloadAssembly (199ms)
		ExecutionOrderSort (0ms)
		DisableScriptedObjects (14ms)
		BackupInstance (0ms)
		ReleaseScriptingObjects (0ms)
		CreateAndSetChildDomain (69ms)
	RebuildCommonClasses (26ms)
	RebuildNativeTypeToScriptingClass (9ms)
	initialDomainReloadingComplete (22ms)
	LoadAllAssembliesAndSetupDomain (495ms)
		LoadAssemblies (303ms)
		RebuildTransferFunctionScriptingTraits (0ms)
		AnalyzeDomain (276ms)
			TypeCache.Refresh (263ms)
				TypeCache.ScanAssembly (245ms)
			ScanForSourceGeneratedMonoScriptInfo (0ms)
			ResolveRequiredComponents (12ms)
	FinalizeReload (1391ms)
		ReleaseScriptCaches (0ms)
		RebuildScriptCaches (0ms)
		SetupLoadedEditorAssemblies (576ms)
			LogAssemblyErrors (0ms)
			InitializePlatformSupportModulesInManaged (5ms)
			SetLoadedEditorAssemblies (5ms)
			BeforeProcessingInitializeOnLoad (115ms)
			ProcessInitializeOnLoadAttributes (413ms)
			ProcessInitializeOnLoadMethodAttributes (35ms)
			AfterProcessingInitializeOnLoad (2ms)
			EditorAssembliesLoaded (0ms)
		ExecutionOrderSort2 (0ms)
		AwakeInstancesAfterBackupRestoration (13ms)
Shader 'CartoonCoffee/Particle Additive': fallback shader '2' not found
Shader 'CartoonCoffee/Particle Basic': fallback shader '2' not found
Refreshing native plugins compatible for Editor in 4.87 ms, found 4 plugins.
Preloading 0 native plugins for Editor in 0.00 ms.
Unloading 6349 Unused Serialized files (Serialized files now loaded: 0)
Unloading 65 unused Assets / (2.6 MB). Loaded Objects now: 7194.
Memory consumption went from 236.5 MB to 233.9 MB.
Total: 11.914200 ms (FindLiveObjects: 1.146400 ms CreateObjectMapping: 0.430200 ms MarkObjects: 8.591900 ms  DeleteObjects: 1.744400 ms)

Prepare: number of updated asset objects reloaded= 0
AssetImportParameters requested are different than current active one (requested -> active):
  custom:video-decoder-webm-vp8: 9c59270c3fd7afecdb556c50c9e8de78 -> 
  custom:SearchIndexIgnoredProperties: e643bd26f0fe6173181afceb89e7c659 -> 
  custom:audio-encoder-webm-vorbis: bf7c407c2cedff20999df2af8eb42d56 -> 
  custom:audio-decoder-ogg-vorbis: bf7c407c2cedff20999df2af8eb42d56 -> 
  custom:video-encoder-webm-vp8: eb34c28f22e8b96e1ab97ce403110664 -> 
  custom:framework-win-MediaFoundation: 216162199b28c13a410421893ffa2e32 -> 
  custom:video-decoder-ogg-theora: a1e56fd34408186e4bbccfd4996cb3dc -> 
  custom:container-muxer-webm: aa71ff27fc2769a1b78a27578f13a17b -> 
  custom:AudioImporter_EditorPlatform: d09bf68614088b80899f8185d706f6e7 -> 
  custom:container-demuxer-ogg: 62fdf1f143b41e24485cea50d1cbac27 -> 
  custom:ShaderGraph/RenderPipelineChanged: 6d447d27a811028bd26b82b76768d375 -> 
  custom:video-codec-MediaFoundation-h265: e54d7ab0439102e2317fc1e4b246158d -> 
  custom:CustomObjectIndexerAttribute: d54d2f2da18e7612c182cf67624b6b12 -> 
  custom:container-demuxer-webm: 4f35f7cbe854078d1ac9338744f61a02 -> 
Editor requested this worker to shutdown with reason: Scaling down because of idle timeout
AssetImportWorker is now disconnected from the server
Process exiting
Exiting without the bug reporter. Application will terminate with return code 0