Using pre-set license
Built from '2023.1/staging' branch; Version is '2023.1.20f1 (35a524b12060) revision 3515684'; Using compiler version '192829333'; Build Type 'Release'
OS: 'Windows 11  (10.0.22621) 64bit Professional' Language: 'en' Physical Memory: 32674 MB
BatchMode: 1, IsHumanControllingUs: 0, StartBugReporterOnCrash: 0, Is64bit: 1, IsPro: 1

COMMAND LINE ARGUMENTS:
G:\Unity\UnityVersions\2023.1.20f1\Editor\Unity.exe
-adb2
-batchMode
-noUpm
-name
AssetImportWorker21
-projectPath
G:/Unity/UnityProjects/Git/Roguelike/Roguelike/Card Rouge-Like
-logFile
Logs/AssetImportWorker21.log
-srvPort
61279
Successfully changed project path to: G:/Unity/UnityProjects/Git/Roguelike/Roguelike/Card Rouge-Like
G:/Unity/UnityProjects/Git/Roguelike/Roguelike/Card Rouge-Like
[UnityMemory] Configuration Parameters - Can be set up in boot.config
    "memorysetup-bucket-allocator-granularity=16"
    "memorysetup-bucket-allocator-bucket-count=8"
    "memorysetup-bucket-allocator-block-size=33554432"
    "memorysetup-bucket-allocator-block-count=8"
    "memorysetup-main-allocator-block-size=16777216"
    "memorysetup-thread-allocator-block-size=16777216"
    "memorysetup-gfx-main-allocator-block-size=16777216"
    "memorysetup-gfx-thread-allocator-block-size=16777216"
    "memorysetup-cache-allocator-block-size=4194304"
    "memorysetup-typetree-allocator-block-size=2097152"
    "memorysetup-profiler-bucket-allocator-granularity=16"
    "memorysetup-profiler-bucket-allocator-bucket-count=8"
    "memorysetup-profiler-bucket-allocator-block-size=33554432"
    "memorysetup-profiler-bucket-allocator-block-count=8"
    "memorysetup-profiler-allocator-block-size=16777216"
    "memorysetup-profiler-editor-allocator-block-size=1048576"
    "memorysetup-temp-allocator-size-main=16777216"
    "memorysetup-job-temp-allocator-block-size=2097152"
    "memorysetup-job-temp-allocator-block-size-background=1048576"
    "memorysetup-job-temp-allocator-reduction-small-platforms=262144"
    "memorysetup-allocator-temp-initial-block-size-main=262144"
    "memorysetup-allocator-temp-initial-block-size-worker=262144"
    "memorysetup-temp-allocator-size-background-worker=32768"
    "memorysetup-temp-allocator-size-job-worker=262144"
    "memorysetup-temp-allocator-size-preload-manager=33554432"
    "memorysetup-temp-allocator-size-nav-mesh-worker=65536"
    "memorysetup-temp-allocator-size-audio-worker=65536"
    "memorysetup-temp-allocator-size-cloud-worker=32768"
    "memorysetup-temp-allocator-size-gi-baking-worker=262144"
    "memorysetup-temp-allocator-size-gfx=262144"
Player connection [17232] Host "[IP] 192.168.0.137 [Port] 0 [Flags] 2 [Guid] 2194656177 [EditorId] 2194656177 [Version] 1048832 [Id] WindowsEditor(7,DESKTOP-26UP572) [Debug] 1 [PackageName] WindowsEditor [ProjectName] Editor" joined multi-casting on [225.0.0.222:54997]...

Player connection [17232] Host "[IP] 192.168.0.137 [Port] 0 [Flags] 2 [Guid] 2194656177 [EditorId] 2194656177 [Version] 1048832 [Id] WindowsEditor(7,DESKTOP-26UP572) [Debug] 1 [PackageName] WindowsEditor [ProjectName] Editor" joined alternative multi-casting on [225.0.0.222:34997]...

[Physics::Module] Initialized MultithreadedJobDispatcher with 23 workers.
Library Redirect Path: Library/Refreshing native plugins compatible for Editor in 6.73 ms, found 4 plugins.
Preloading 0 native plugins for Editor in 0.00 ms.
Initialize engine version: 2023.1.20f1 (35a524b12060)
[Subsystems] Discovering subsystems at path G:/Unity/UnityVersions/2023.1.20f1/Editor/Data/Resources/UnitySubsystems
[Subsystems] Discovering subsystems at path G:/Unity/UnityProjects/Git/Roguelike/Roguelike/Card Rouge-Like/Assets
GfxDevice: creating device client; threaded=0; jobified=0
Direct3D:
    Version:  Direct3D 11.0 [level 11.1]
    Renderer: NVIDIA GeForce RTX 3080 (ID=0x2216)
    Vendor:   NVIDIA
    VRAM:     10067 MB
    Driver:   31.0.15.3667
Shader 'CartoonCoffee/Particle Basic': fallback shader '2' not found
Shader 'CartoonCoffee/Particle Additive': fallback shader '2' not found
Initialize mono
Mono path[0] = 'G:/Unity/UnityVersions/2023.1.20f1/Editor/Data/Managed'
Mono path[1] = 'G:/Unity/UnityVersions/2023.1.20f1/Editor/Data/MonoBleedingEdge/lib/mono/unityjit-win32'
Mono config path = 'G:/Unity/UnityVersions/2023.1.20f1/Editor/Data/MonoBleedingEdge/etc'
Using monoOptions --debugger-agent=transport=dt_socket,embedding=1,server=y,suspend=n,address=127.0.0.1:56496
Begin MonoManager ReloadAssembly
C:\build\output\Unity-Technologies\mono\mono\metadata\icall.c:1842:
C:\build\output\Unity-Technologies\mono\mono\metadata\icall.c:1842:
C:\build\output\Unity-Technologies\mono\mono\metadata\icall.c:1842:
C:\build\output\Unity-Technologies\mono\mono\metadata\icall.c:1842:
C:\build\output\Unity-Technologies\mono\mono\metadata\icall.c:1842:
C:\build\output\Unity-Technologies\mono\mono\metadata\icall.c:1842:
C:\build\output\Unity-Technologies\mono\mono\metadata\icall.c:1842:
C:\build\output\Unity-Technologies\mono\mono\metadata\icall.c:1842:
C:\build\output\Unity-Technologies\mono\mono\metadata\icall.c:1842:
C:\build\output\Unity-Technologies\mono\mono\metadata\icall.c:1842:
Registering precompiled unity dll's ...
Register platform support module: G:/Unity/UnityVersions/2023.1.20f1/Editor/Data/PlaybackEngines/WindowsStandaloneSupport/UnityEditor.WindowsStandalone.Extensions.dll
Registered in 0.001483 seconds.
- Loaded All Assemblies, in  0.272 seconds
Native extension for WindowsStandalone target not found
Mono: successfully reloaded assembly
C:\build\output\Unity-Technologies\mono\mono\metadata\icall.c:1842:
C:\build\output\Unity-Technologies\mono\mono\metadata\icall.c:1842:
- Finished resetting the current domain, in  0.225 seconds
Domain Reload Profiling: 497ms
	BeginReloadAssembly (91ms)
		ExecutionOrderSort (0ms)
		DisableScriptedObjects (0ms)
		BackupInstance (0ms)
		ReleaseScriptingObjects (0ms)
		CreateAndSetChildDomain (1ms)
	RebuildCommonClasses (25ms)
	RebuildNativeTypeToScriptingClass (8ms)
	initialDomainReloadingComplete (33ms)
	LoadAllAssembliesAndSetupDomain (114ms)
		LoadAssemblies (90ms)
		RebuildTransferFunctionScriptingTraits (0ms)
		AnalyzeDomain (112ms)
			TypeCache.Refresh (111ms)
				TypeCache.ScanAssembly (102ms)
			ScanForSourceGeneratedMonoScriptInfo (0ms)
			ResolveRequiredComponents (0ms)
	FinalizeReload (225ms)
		ReleaseScriptCaches (0ms)
		RebuildScriptCaches (0ms)
		SetupLoadedEditorAssemblies (190ms)
			LogAssemblyErrors (0ms)
			InitializePlatformSupportModulesInManaged (6ms)
			SetLoadedEditorAssemblies (4ms)
			BeforeProcessingInitializeOnLoad (6ms)
			ProcessInitializeOnLoadAttributes (134ms)
			ProcessInitializeOnLoadMethodAttributes (40ms)
			AfterProcessingInitializeOnLoad (0ms)
			EditorAssembliesLoaded (0ms)
		ExecutionOrderSort2 (0ms)
		AwakeInstancesAfterBackupRestoration (0ms)
========================================================================
Worker process is ready to serve import requests
Import Worker Mode flag is 0x00
Begin MonoManager ReloadAssembly
C:\build\output\Unity-Technologies\mono\mono\metadata\icall.c:1842:
C:\build\output\Unity-Technologies\mono\mono\metadata\icall.c:1842:
C:\build\output\Unity-Technologies\mono\mono\metadata\icall.c:1842:
C:\build\output\Unity-Technologies\mono\mono\metadata\icall.c:1842:
C:\build\output\Unity-Technologies\mono\mono\metadata\icall.c:1842:
C:\build\output\Unity-Technologies\mono\mono\metadata\icall.c:1842:
C:\build\output\Unity-Technologies\mono\mono\metadata\icall.c:1842:
C:\build\output\Unity-Technologies\mono\mono\metadata\icall.c:1842:
C:\build\output\Unity-Technologies\mono\mono\metadata\icall.c:1842:
C:\build\output\Unity-Technologies\mono\mono\metadata\icall.c:1842:
C:\build\output\Unity-Technologies\mono\mono\metadata\icall.c:1842:
C:\build\output\Unity-Technologies\mono\mono\metadata\icall.c:1842:
Symbol file LoadedFromMemory doesn't match image G:\Unity\UnityProjects\Git\Roguelike\Roguelike\Card Rouge-Like\Library\PackageCache\com.unity.visualscripting@1.8.0\Editor\VisualScripting.Core\Dependencies\YamlDotNet\Unity.VisualScripting.YamlDotNet.dll
Symbol file LoadedFromMemory doesn't match image G:\Unity\UnityProjects\Git\Roguelike\Roguelike\Card Rouge-Like\Library\PackageCache\com.unity.visualscripting@1.8.0\Editor\VisualScripting.Core\Dependencies\DotNetZip\Unity.VisualScripting.IonicZip.dll
- Loaded All Assemblies, in  0.829 seconds
Refreshing native plugins compatible for Editor in 2.92 ms, found 4 plugins.
Native extension for WindowsStandalone target not found
Mono: successfully reloaded assembly
- Finished resetting the current domain, in  0.758 seconds
Domain Reload Profiling: 1586ms
	BeginReloadAssembly (228ms)
		ExecutionOrderSort (0ms)
		DisableScriptedObjects (4ms)
		BackupInstance (0ms)
		ReleaseScriptingObjects (0ms)
		CreateAndSetChildDomain (26ms)
	RebuildCommonClasses (27ms)
	RebuildNativeTypeToScriptingClass (8ms)
	initialDomainReloadingComplete (20ms)
	LoadAllAssembliesAndSetupDomain (545ms)
		LoadAssemblies (281ms)
		RebuildTransferFunctionScriptingTraits (0ms)
		AnalyzeDomain (338ms)
			TypeCache.Refresh (299ms)
				TypeCache.ScanAssembly (286ms)
			ScanForSourceGeneratedMonoScriptInfo (28ms)
			ResolveRequiredComponents (10ms)
	FinalizeReload (758ms)
		ReleaseScriptCaches (0ms)
		RebuildScriptCaches (0ms)
		SetupLoadedEditorAssemblies (501ms)
			LogAssemblyErrors (0ms)
			InitializePlatformSupportModulesInManaged (3ms)
			SetLoadedEditorAssemblies (4ms)
			BeforeProcessingInitializeOnLoad (80ms)
			ProcessInitializeOnLoadAttributes (382ms)
			ProcessInitializeOnLoadMethodAttributes (29ms)
			AfterProcessingInitializeOnLoad (2ms)
			EditorAssembliesLoaded (0ms)
		ExecutionOrderSort2 (0ms)
		AwakeInstancesAfterBackupRestoration (8ms)
Shader 'CartoonCoffee/Particle Additive': fallback shader '2' not found
Shader 'CartoonCoffee/Particle Basic': fallback shader '2' not found
Launched and connected shader compiler UnityShaderCompiler.exe after 0.02 seconds
Refreshing native plugins compatible for Editor in 4.40 ms, found 4 plugins.
Preloading 0 native plugins for Editor in 0.00 ms.
Unloading 6553 Unused Serialized files (Serialized files now loaded: 0)
Unloading 123 unused Assets / (2.6 MB). Loaded Objects now: 7079.
Memory consumption went from 272.8 MB to 270.2 MB.
Total: 11.108000 ms (FindLiveObjects: 1.193000 ms CreateObjectMapping: 0.946700 ms MarkObjects: 7.627700 ms  DeleteObjects: 1.338900 ms)

AssetImportParameters requested are different than current active one (requested -> active):
  custom:video-decoder-webm-vp8: 9c59270c3fd7afecdb556c50c9e8de78 -> 
  custom:SearchIndexIgnoredProperties: e643bd26f0fe6173181afceb89e7c659 -> 
  custom:audio-encoder-webm-vorbis: bf7c407c2cedff20999df2af8eb42d56 -> 
  custom:audio-decoder-ogg-vorbis: bf7c407c2cedff20999df2af8eb42d56 -> 
  custom:video-encoder-webm-vp8: eb34c28f22e8b96e1ab97ce403110664 -> 
  custom:framework-win-MediaFoundation: 216162199b28c13a410421893ffa2e32 -> 
  custom:video-decoder-ogg-theora: a1e56fd34408186e4bbccfd4996cb3dc -> 
  custom:container-muxer-webm: aa71ff27fc2769a1b78a27578f13a17b -> 
  custom:AudioImporter_EditorPlatform: d09bf68614088b80899f8185d706f6e7 -> 
  custom:container-demuxer-ogg: 62fdf1f143b41e24485cea50d1cbac27 -> 
  custom:ShaderGraph/RenderPipelineChanged: 6d447d27a811028bd26b82b76768d375 -> 
  custom:video-codec-MediaFoundation-h265: e54d7ab0439102e2317fc1e4b246158d -> 
  custom:CustomObjectIndexerAttribute: d54d2f2da18e7612c182cf67624b6b12 -> 
  custom:container-demuxer-webm: 4f35f7cbe854078d1ac9338744f61a02 -> 
========================================================================
Received Import Request.
  Time since last request: 197233.350188 seconds.
  path: Assets/Art/New/UI/Badges/3D/Hexagon/Hexagon Pink.png
  artifactKey: Guid(3221500b6e270bd4994b4c3d1e0cf482) Importer(815301076,1909f56bfc062723c751e8b465ee728b)
Start importing Assets/Art/New/UI/Badges/3D/Hexagon/Hexagon Pink.png using Guid(3221500b6e270bd4994b4c3d1e0cf482) Importer(815301076,1909f56bfc062723c751e8b465ee728b)  -> (artifact id: '1c7e07a32e5e117b16f3071c69070caa') in 0.056622 seconds
Number of updated asset objects reloaded before import = 0
Number of asset objects unloaded after import = 2
========================================================================
Received Import Request.
  Time since last request: 0.017761 seconds.
  path: Assets/Art/New/UI/Badges/3D/Hexagon/Hexagon Yellow.png
  artifactKey: Guid(46a698e265957d14bb222a04f1fa0ce8) Importer(815301076,1909f56bfc062723c751e8b465ee728b)
Start importing Assets/Art/New/UI/Badges/3D/Hexagon/Hexagon Yellow.png using Guid(46a698e265957d14bb222a04f1fa0ce8) Importer(815301076,1909f56bfc062723c751e8b465ee728b)  -> (artifact id: '6b74d014b9cc95081af6814c028ecf7b') in 0.013253 seconds
Number of updated asset objects reloaded before import = 0
Number of asset objects unloaded after import = 2
========================================================================
Received Import Request.
  Time since last request: 0.637368 seconds.
  path: Assets/ThirdParty/Cartoon Coffee/2D Deluxe VFX/Masks/Hexagon_001_Mask_001.png
  artifactKey: Guid(9922a29ba8cdf3b4999ece25f4bb8a1c) Importer(815301076,1909f56bfc062723c751e8b465ee728b)
Start importing Assets/ThirdParty/Cartoon Coffee/2D Deluxe VFX/Masks/Hexagon_001_Mask_001.png using Guid(9922a29ba8cdf3b4999ece25f4bb8a1c) Importer(815301076,1909f56bfc062723c751e8b465ee728b)  -> (artifact id: 'f1043a64cca99c1b9989a6db6ff573d6') in 0.031948 seconds
Number of updated asset objects reloaded before import = 0
Number of asset objects unloaded after import = 3
========================================================================
Received Import Request.
  Time since last request: 0.005329 seconds.
  path: Assets/Art/New/UI/Prefabs/HUD/hud-btn-large-blue-pressed.png
  artifactKey: Guid(b45629e0254881445a7783dba36ce9fc) Importer(815301076,1909f56bfc062723c751e8b465ee728b)
Start importing Assets/Art/New/UI/Prefabs/HUD/hud-btn-large-blue-pressed.png using Guid(b45629e0254881445a7783dba36ce9fc) Importer(815301076,1909f56bfc062723c751e8b465ee728b)  -> (artifact id: '316c69d42788cf5d5deb270b6a0651d3') in 0.014214 seconds
Number of updated asset objects reloaded before import = 0
Number of asset objects unloaded after import = 3
========================================================================
Received Import Request.
  Time since last request: 0.005214 seconds.
  path: Assets/Art/New/UI/Prefabs/HUD/hud-btn-large-indigo-hover.png
  artifactKey: Guid(d876242e688e3ec499db16cb339807b1) Importer(815301076,1909f56bfc062723c751e8b465ee728b)
Start importing Assets/Art/New/UI/Prefabs/HUD/hud-btn-large-indigo-hover.png using Guid(d876242e688e3ec499db16cb339807b1) Importer(815301076,1909f56bfc062723c751e8b465ee728b)  -> (artifact id: '317036b1c372392acd4be325d5d115e1') in 0.011635 seconds
Number of updated asset objects reloaded before import = 0
Number of asset objects unloaded after import = 3
========================================================================
Received Import Request.
  Time since last request: 0.016494 seconds.
  path: Assets/Art/New/UI/Prefabs/HUD/hud-btn-large-red.png
  artifactKey: Guid(0b4dca2a9d7a3884db3fab439047b940) Importer(815301076,1909f56bfc062723c751e8b465ee728b)
Start importing Assets/Art/New/UI/Prefabs/HUD/hud-btn-large-red.png using Guid(0b4dca2a9d7a3884db3fab439047b940) Importer(815301076,1909f56bfc062723c751e8b465ee728b)  -> (artifact id: '61810b6911b9effe88e95cceef6ad2cb') in 0.011367 seconds
Number of updated asset objects reloaded before import = 0
Number of asset objects unloaded after import = 3
========================================================================
Received Import Request.
  Time since last request: 0.003977 seconds.
  path: Assets/Art/New/UI/Prefabs/HUD/hud-btn-large-red-hover.png
  artifactKey: Guid(e330630efa1567e418ac374d1b343fd8) Importer(815301076,1909f56bfc062723c751e8b465ee728b)
Start importing Assets/Art/New/UI/Prefabs/HUD/hud-btn-large-red-hover.png using Guid(e330630efa1567e418ac374d1b343fd8) Importer(815301076,1909f56bfc062723c751e8b465ee728b)  -> (artifact id: 'abc29c1cc5e362370b5dda8a5a2a08ac') in 0.011952 seconds
Number of updated asset objects reloaded before import = 0
Number of asset objects unloaded after import = 3
========================================================================
Received Import Request.
  Time since last request: 0.015727 seconds.
  path: Assets/Art/New/UI/Prefabs/HUD/hud-btn-large-yellow-active.png
  artifactKey: Guid(017bd0c998369e046b52058fc5d21660) Importer(815301076,1909f56bfc062723c751e8b465ee728b)
Start importing Assets/Art/New/UI/Prefabs/HUD/hud-btn-large-yellow-active.png using Guid(017bd0c998369e046b52058fc5d21660) Importer(815301076,1909f56bfc062723c751e8b465ee728b)  -> (artifact id: '19b442a04d1caca3de651820f6dd237f') in 0.015974 seconds
Number of updated asset objects reloaded before import = 0
Number of asset objects unloaded after import = 3
========================================================================
Received Import Request.
  Time since last request: 0.013522 seconds.
  path: Assets/Art/New/UI/Prefabs/HUD/hud-btn-large-yellow-pressed.png
  artifactKey: Guid(2a3ed304e53cc644f83530fd19dad992) Importer(815301076,1909f56bfc062723c751e8b465ee728b)
Start importing Assets/Art/New/UI/Prefabs/HUD/hud-btn-large-yellow-pressed.png using Guid(2a3ed304e53cc644f83530fd19dad992) Importer(815301076,1909f56bfc062723c751e8b465ee728b)  -> (artifact id: '524f73aaac1468e98fa28cdab1fcf5ae') in 0.013714 seconds
Number of updated asset objects reloaded before import = 0
Number of asset objects unloaded after import = 3
========================================================================
Received Import Request.
  Time since last request: 0.012780 seconds.
  path: Assets/Art/New/UI/Prefabs/HUD/hud-btn-yellow-hover.png
  artifactKey: Guid(7818514f695ddca438747cad9053b301) Importer(815301076,1909f56bfc062723c751e8b465ee728b)
Start importing Assets/Art/New/UI/Prefabs/HUD/hud-btn-yellow-hover.png using Guid(7818514f695ddca438747cad9053b301) Importer(815301076,1909f56bfc062723c751e8b465ee728b)  -> (artifact id: '5ae94b1d71f40c94eebc8c3d4cc0d6c5') in 0.010923 seconds
Number of updated asset objects reloaded before import = 0
Number of asset objects unloaded after import = 3
========================================================================
Received Import Request.
  Time since last request: 0.000558 seconds.
  path: Assets/Art/New/UI/Prefabs/HUD/hud-currency-container-2.png
  artifactKey: Guid(66695558895864a4c8ae099a3bdb1be6) Importer(815301076,1909f56bfc062723c751e8b465ee728b)
Start importing Assets/Art/New/UI/Prefabs/HUD/hud-currency-container-2.png using Guid(66695558895864a4c8ae099a3bdb1be6) Importer(815301076,1909f56bfc062723c751e8b465ee728b)  -> (artifact id: '879c257de958026e11299157f810c101') in 0.037281 seconds
Number of updated asset objects reloaded before import = 0
Number of asset objects unloaded after import = 3
========================================================================
Received Import Request.
  Time since last request: 0.017513 seconds.
  path: Assets/Art/New/Faces/No Outline/Hushed face 256.png
  artifactKey: Guid(e576baeabd9789a4b89f19964df519a3) Importer(815301076,1909f56bfc062723c751e8b465ee728b)
Start importing Assets/Art/New/Faces/No Outline/Hushed face 256.png using Guid(e576baeabd9789a4b89f19964df519a3) Importer(815301076,1909f56bfc062723c751e8b465ee728b)  -> (artifact id: 'c7ccdfcf6366a2b999eb394cb4882a7f') in 0.008741 seconds
Number of updated asset objects reloaded before import = 0
Number of asset objects unloaded after import = 2
========================================================================
Received Import Request.
  Time since last request: 0.010721 seconds.
  path: Assets/Art/New/UI/Keys/i-acute_4x.png
  artifactKey: Guid(2a6a217a403e2ac439082e719ea7a5fa) Importer(815301076,1909f56bfc062723c751e8b465ee728b)
Start importing Assets/Art/New/UI/Keys/i-acute_4x.png using Guid(2a6a217a403e2ac439082e719ea7a5fa) Importer(815301076,1909f56bfc062723c751e8b465ee728b)  -> (artifact id: '74964c117d04b49ced50ba66461699f7') in 0.021867 seconds
Number of updated asset objects reloaded before import = 0
Number of asset objects unloaded after import = 3
========================================================================
Received Import Request.
  Time since last request: 0.026277 seconds.
  path: Assets/Art/New/UI/Keys/i_4x.png
  artifactKey: Guid(f8333fc060ed93046a7dfd7ca1f33c2a) Importer(815301076,1909f56bfc062723c751e8b465ee728b)
Start importing Assets/Art/New/UI/Keys/i_4x.png using Guid(f8333fc060ed93046a7dfd7ca1f33c2a) Importer(815301076,1909f56bfc062723c751e8b465ee728b)  -> (artifact id: 'ce72a24ad3fce7be2cca4d1bd80fbd06') in 0.020304 seconds
Number of updated asset objects reloaded before import = 0
Number of asset objects unloaded after import = 3
========================================================================
Received Import Request.
  Time since last request: 0.022162 seconds.
  path: Assets/Art/Characters/Origin/walk2_2.png
  artifactKey: Guid(e17b74050ae3cac4492f48a3bfaf16de) Importer(815301076,1909f56bfc062723c751e8b465ee728b)
Start importing Assets/Art/Characters/Origin/walk2_2.png using Guid(e17b74050ae3cac4492f48a3bfaf16de) Importer(815301076,1909f56bfc062723c751e8b465ee728b)  -> (artifact id: '2f2ee17733e8c9de3d69307f3d58428f') in 0.010213 seconds
Number of updated asset objects reloaded before import = 0
Number of asset objects unloaded after import = 3
========================================================================
Received Import Request.
  Time since last request: 0.012943 seconds.
  path: Assets/Art/Characters/Origin/walk2_4.png
  artifactKey: Guid(aa2a2dfc84558334b951270fe5753676) Importer(815301076,1909f56bfc062723c751e8b465ee728b)
Start importing Assets/Art/Characters/Origin/walk2_4.png using Guid(aa2a2dfc84558334b951270fe5753676) Importer(815301076,1909f56bfc062723c751e8b465ee728b)  -> (artifact id: '1c3a5e902e9b54d18d825cbb0bde0559') in 0.042719 seconds
Number of updated asset objects reloaded before import = 0
Number of asset objects unloaded after import = 3
========================================================================
Received Import Request.
  Time since last request: 1.493221 seconds.
  path: Assets/Art/New/UI/Badges/Premade (Basic)/XP/XP x2.png
  artifactKey: Guid(2402ab3327b13a040aa5b1dede54af59) Importer(815301076,1909f56bfc062723c751e8b465ee728b)
Start importing Assets/Art/New/UI/Badges/Premade (Basic)/XP/XP x2.png using Guid(2402ab3327b13a040aa5b1dede54af59) Importer(815301076,1909f56bfc062723c751e8b465ee728b)  -> (artifact id: '1fc49a99b929927fcb53168c3a1e3634') in 0.011015 seconds
Number of updated asset objects reloaded before import = 0
Number of asset objects unloaded after import = 2
========================================================================
Received Import Request.
  Time since last request: 0.003913 seconds.
  path: Assets/Art/New/UI/Keys/y_4x.png
  artifactKey: Guid(d38505631a5e2e34eab2f436efd21fd8) Importer(815301076,1909f56bfc062723c751e8b465ee728b)
Start importing Assets/Art/New/UI/Keys/y_4x.png using Guid(d38505631a5e2e34eab2f436efd21fd8) Importer(815301076,1909f56bfc062723c751e8b465ee728b)  -> (artifact id: '68af5c2e77c0f50ff06b212597566f76') in 0.019646 seconds
Number of updated asset objects reloaded before import = 0
Number of asset objects unloaded after import = 3
========================================================================
Received Import Request.
  Time since last request: 0.033537 seconds.
  path: Assets/Art/New/UI/Badges/2D/Star/Yellow.png
  artifactKey: Guid(84b5df6a0f9c905438ff9be0ebf68e40) Importer(815301076,1909f56bfc062723c751e8b465ee728b)
Start importing Assets/Art/New/UI/Badges/2D/Star/Yellow.png using Guid(84b5df6a0f9c905438ff9be0ebf68e40) Importer(815301076,1909f56bfc062723c751e8b465ee728b)  -> (artifact id: 'f39d9b0fdc2f777c1d5ab97dbe3bb0c2') in 0.009086 seconds
Number of updated asset objects reloaded before import = 0
Number of asset objects unloaded after import = 2
========================================================================
Received Import Request.
  Time since last request: 8.345694 seconds.
  path: Assets/ThirdParty/Cartoon Coffee/Demo/VFX/Hit Sprite.png
  artifactKey: Guid(014f101e4fbefc3449c14f0b8593f4df) Importer(815301076,1909f56bfc062723c751e8b465ee728b)
Start importing Assets/ThirdParty/Cartoon Coffee/Demo/VFX/Hit Sprite.png using Guid(014f101e4fbefc3449c14f0b8593f4df) Importer(815301076,1909f56bfc062723c751e8b465ee728b)  -> (artifact id: 'ca1e94d38505195c9d5b1c75764b463a') in 0.011095 seconds
Number of updated asset objects reloaded before import = 0
Number of asset objects unloaded after import = 3
========================================================================
Received Import Request.
  Time since last request: 0.016285 seconds.
  path: Assets/Art/New/Projectiles/Leaf Projectile Sprite.psd
  artifactKey: Guid(1d8350e268b2bf244848a2a2781ec9bd) Importer(815301076,1909f56bfc062723c751e8b465ee728b)
Start importing Assets/Art/New/Projectiles/Leaf Projectile Sprite.psd using Guid(1d8350e268b2bf244848a2a2781ec9bd) Importer(815301076,1909f56bfc062723c751e8b465ee728b)  -> (artifact id: 'a6841ea2064f2f0588461a668b5c1e1a') in 0.011049 seconds
Number of updated asset objects reloaded before import = 0
Number of asset objects unloaded after import = 3
========================================================================
Received Import Request.
  Time since last request: 0.014248 seconds.
  path: Assets/Art/New/Weapons/Staffs/Mangrove Wood Staff Sprite.psd
  artifactKey: Guid(e4c474e029fc8724d898c4fdf7f91871) Importer(815301076,1909f56bfc062723c751e8b465ee728b)
Start importing Assets/Art/New/Weapons/Staffs/Mangrove Wood Staff Sprite.psd using Guid(e4c474e029fc8724d898c4fdf7f91871) Importer(815301076,1909f56bfc062723c751e8b465ee728b)  -> (artifact id: 'b401d17cdac7b55e77b045ea5d66f83f') in 0.013789 seconds
Number of updated asset objects reloaded before import = 0
Number of asset objects unloaded after import = 3
========================================================================
Received Import Request.
  Time since last request: 0.005207 seconds.
  path: Assets/Art/New/Weapons/Staffs/Silver Fir Wood Staff Sprite.psd
  artifactKey: Guid(cabbbed947f4eb040927e2f1d183d471) Importer(815301076,1909f56bfc062723c751e8b465ee728b)
Start importing Assets/Art/New/Weapons/Staffs/Silver Fir Wood Staff Sprite.psd using Guid(cabbbed947f4eb040927e2f1d183d471) Importer(815301076,1909f56bfc062723c751e8b465ee728b)  -> (artifact id: 'ef0a36cdb5f1969729c9a478754d612d') in 0.010716 seconds
Number of updated asset objects reloaded before import = 0
Number of asset objects unloaded after import = 3
========================================================================
Received Import Request.
  Time since last request: 1.414895 seconds.
  path: Assets/Art/New/Enemies/Default Enemy Sprite.psd
  artifactKey: Guid(661e1a4ddcfbc6e4f9e96ef2f51bb6df) Importer(815301076,1909f56bfc062723c751e8b465ee728b)
Start importing Assets/Art/New/Enemies/Default Enemy Sprite.psd using Guid(661e1a4ddcfbc6e4f9e96ef2f51bb6df) Importer(815301076,1909f56bfc062723c751e8b465ee728b)  -> (artifact id: 'c604cb221f4754c4ece30dc3962b08c5') in 0.013354 seconds
Number of updated asset objects reloaded before import = 0
Number of asset objects unloaded after import = 3
========================================================================
Received Import Request.
  Time since last request: 0.023999 seconds.
  path: Assets/Art/New/UI/Dice/D20 Dice Sprite 4.psd
  artifactKey: Guid(49c37aae2be33b94b8a8e5760232f78a) Importer(815301076,1909f56bfc062723c751e8b465ee728b)
Start importing Assets/Art/New/UI/Dice/D20 Dice Sprite 4.psd using Guid(49c37aae2be33b94b8a8e5760232f78a) Importer(815301076,1909f56bfc062723c751e8b465ee728b)  -> (artifact id: 'fb448a4211e4556deebd49b1d33d91ed') in 0.032046 seconds
Number of updated asset objects reloaded before import = 0
Number of asset objects unloaded after import = 3
========================================================================
Received Import Request.
  Time since last request: 0.342120 seconds.
  path: Assets/Art/New/UI/Dice/D20 Dice SPrite.psd
  artifactKey: Guid(763080fb722ea324abe71f86a53d7160) Importer(815301076,1909f56bfc062723c751e8b465ee728b)
Start importing Assets/Art/New/UI/Dice/D20 Dice SPrite.psd using Guid(763080fb722ea324abe71f86a53d7160) Importer(815301076,1909f56bfc062723c751e8b465ee728b)  -> (artifact id: 'b06b80c6509fb50e99111e9f0c94b269') in 0.014906 seconds
Number of updated asset objects reloaded before import = 0
Number of asset objects unloaded after import = 2
========================================================================
Received Import Request.
  Time since last request: 56.349071 seconds.
  path: Assets/ThirdParty/Cartoon Coffee/2D Deluxe VFX/Materials/CartoonCoffee_Wind_Ground-Add-[1.0].mat
  artifactKey: Guid(a5cae515abafd86449d7d2cdc8d7be29) Importer(815301076,1909f56bfc062723c751e8b465ee728b)
Start importing Assets/ThirdParty/Cartoon Coffee/2D Deluxe VFX/Materials/CartoonCoffee_Wind_Ground-Add-[1.0].mat using Guid(a5cae515abafd86449d7d2cdc8d7be29) Importer(815301076,1909f56bfc062723c751e8b465ee728b)  -> (artifact id: '598030326e265f41e108942016187fdb') in 0.202631 seconds
Number of updated asset objects reloaded before import = 0
Number of asset objects unloaded after import = 5
========================================================================
Received Import Request.
  Time since last request: 0.000027 seconds.
  path: Assets/ThirdParty/Cartoon Coffee/2D Slash VFX/Materials/CartoonCoffee_Slash-v15_White_001-Basic-[1.0].mat
  artifactKey: Guid(40116742184efdf49890e7dee77497b7) Importer(815301076,1909f56bfc062723c751e8b465ee728b)
Start importing Assets/ThirdParty/Cartoon Coffee/2D Slash VFX/Materials/CartoonCoffee_Slash-v15_White_001-Basic-[1.0].mat using Guid(40116742184efdf49890e7dee77497b7) Importer(815301076,1909f56bfc062723c751e8b465ee728b)  -> (artifact id: 'cb0cf719aad61a63df3b6e77af92897d') in 0.037945 seconds
Number of updated asset objects reloaded before import = 0
Number of asset objects unloaded after import = 4
========================================================================
Received Import Request.
  Time since last request: 0.000030 seconds.
  path: Assets/ThirdParty/Cartoon Coffee/2D Deluxe VFX/Materials/CartoonCoffee_Lightning_Ball_001-Add-[1.0].mat
  artifactKey: Guid(c0e37e25103537f4ebfa3cb7dc913672) Importer(815301076,1909f56bfc062723c751e8b465ee728b)
Start importing Assets/ThirdParty/Cartoon Coffee/2D Deluxe VFX/Materials/CartoonCoffee_Lightning_Ball_001-Add-[1.0].mat using Guid(c0e37e25103537f4ebfa3cb7dc913672) Importer(815301076,1909f56bfc062723c751e8b465ee728b)  -> (artifact id: '8e5eabd11ed65008585448fa191e3967') in 0.011424 seconds
Number of updated asset objects reloaded before import = 0
Number of asset objects unloaded after import = 5
========================================================================
Received Import Request.
  Time since last request: 0.000023 seconds.
  path: Assets/ThirdParty/Cartoon Coffee/2D Deluxe VFX/Materials/CartoonCoffee_Impact_007-Basic-[1.0].mat
  artifactKey: Guid(c22240632151fdc4e8f281e7ead8c394) Importer(815301076,1909f56bfc062723c751e8b465ee728b)
Start importing Assets/ThirdParty/Cartoon Coffee/2D Deluxe VFX/Materials/CartoonCoffee_Impact_007-Basic-[1.0].mat using Guid(c22240632151fdc4e8f281e7ead8c394) Importer(815301076,1909f56bfc062723c751e8b465ee728b)  -> (artifact id: '414565594ade8f46ea9591af5d189535') in 0.011475 seconds
Number of updated asset objects reloaded before import = 0
Number of asset objects unloaded after import = 5
========================================================================
Received Import Request.
  Time since last request: 0.000021 seconds.
  path: Assets/ThirdParty/Cartoon Coffee/2D Deluxe VFX/Materials/CartoonCoffee_Lightning_Bolt_002-Add-[1.0].mat
  artifactKey: Guid(c454bd360351ef04e8119b4b8e001c45) Importer(815301076,1909f56bfc062723c751e8b465ee728b)
Start importing Assets/ThirdParty/Cartoon Coffee/2D Deluxe VFX/Materials/CartoonCoffee_Lightning_Bolt_002-Add-[1.0].mat using Guid(c454bd360351ef04e8119b4b8e001c45) Importer(815301076,1909f56bfc062723c751e8b465ee728b)  -> (artifact id: '21064a6ab6a887536c690d7a2a89e172') in 0.042270 seconds
Number of updated asset objects reloaded before import = 0
Number of asset objects unloaded after import = 5
========================================================================
Received Import Request.
  Time since last request: 0.000018 seconds.
  path: Assets/ThirdParty/Cartoon Coffee/2D Deluxe VFX/Materials/CartoonCoffee_Wind_Ball-Basic-[1.0].mat
  artifactKey: Guid(4df846af658aa6641ba8874358453931) Importer(815301076,1909f56bfc062723c751e8b465ee728b)
Start importing Assets/ThirdParty/Cartoon Coffee/2D Deluxe VFX/Materials/CartoonCoffee_Wind_Ball-Basic-[1.0].mat using Guid(4df846af658aa6641ba8874358453931) Importer(815301076,1909f56bfc062723c751e8b465ee728b)  -> (artifact id: '533d2f302072c0c2f527ef87686a1d88') in 0.013357 seconds
Number of updated asset objects reloaded before import = 0
Number of asset objects unloaded after import = 5
========================================================================
Received Import Request.
  Time since last request: 0.000020 seconds.
  path: Assets/ThirdParty/Cartoon Coffee/2D Deluxe VFX/Materials/CartoonCoffee_Impact_002-Basic-[1.0].mat
  artifactKey: Guid(7dc6df785b479d14199d95ad13ff587a) Importer(815301076,1909f56bfc062723c751e8b465ee728b)
Start importing Assets/ThirdParty/Cartoon Coffee/2D Deluxe VFX/Materials/CartoonCoffee_Impact_002-Basic-[1.0].mat using Guid(7dc6df785b479d14199d95ad13ff587a) Importer(815301076,1909f56bfc062723c751e8b465ee728b)  -> (artifact id: 'e6e616d49475c71c887b9f1be982ab45') in 0.011194 seconds
Number of updated asset objects reloaded before import = 0
Number of asset objects unloaded after import = 5
========================================================================
Received Import Request.
  Time since last request: 0.000026 seconds.
  path: Assets/ThirdParty/Cartoon Coffee/2D Deluxe VFX/Materials/CartoonCoffee_Star_004-Add-[2.0].mat
  artifactKey: Guid(e14111f5ee9cc734fb41daff9b15c4fe) Importer(815301076,1909f56bfc062723c751e8b465ee728b)
Start importing Assets/ThirdParty/Cartoon Coffee/2D Deluxe VFX/Materials/CartoonCoffee_Star_004-Add-[2.0].mat using Guid(e14111f5ee9cc734fb41daff9b15c4fe) Importer(815301076,1909f56bfc062723c751e8b465ee728b)  -> (artifact id: 'f67efeddaea77263a982a3f45cd8b3cc') in 0.006700 seconds
Number of updated asset objects reloaded before import = 0
Number of asset objects unloaded after import = 5
========================================================================
Received Import Request.
  Time since last request: 0.000019 seconds.
  path: Assets/ThirdParty/Cartoon Coffee/2D Deluxe VFX/Materials/CartoonCoffee_Lightning_Spark_002-Basic-[1.0].mat
  artifactKey: Guid(834e4e6dbe2f52140a5aed814bd3d6ec) Importer(815301076,1909f56bfc062723c751e8b465ee728b)
Start importing Assets/ThirdParty/Cartoon Coffee/2D Deluxe VFX/Materials/CartoonCoffee_Lightning_Spark_002-Basic-[1.0].mat using Guid(834e4e6dbe2f52140a5aed814bd3d6ec) Importer(815301076,1909f56bfc062723c751e8b465ee728b)  -> (artifact id: '9aa9562467a89f6e58a90a87fa6fed65') in 0.011408 seconds
Number of updated asset objects reloaded before import = 0
Number of asset objects unloaded after import = 5
========================================================================
Received Import Request.
  Time since last request: 0.000035 seconds.
  path: Assets/ThirdParty/Cartoon Coffee/2D Deluxe VFX/Materials/CartoonCoffee_Wind_Ball-Add-[1.0].mat
  artifactKey: Guid(ee3c19f7e57f1b14caeb1b1ad80d6b04) Importer(815301076,1909f56bfc062723c751e8b465ee728b)
Start importing Assets/ThirdParty/Cartoon Coffee/2D Deluxe VFX/Materials/CartoonCoffee_Wind_Ball-Add-[1.0].mat using Guid(ee3c19f7e57f1b14caeb1b1ad80d6b04) Importer(815301076,1909f56bfc062723c751e8b465ee728b)  -> (artifact id: '57817fb40b1aad3fcf41325469db1d4d') in 0.009190 seconds
Number of updated asset objects reloaded before import = 0
Number of asset objects unloaded after import = 5
========================================================================
Received Import Request.
  Time since last request: 0.000022 seconds.
  path: Assets/ThirdParty/Cartoon Coffee/2D Deluxe VFX/Materials/CartoonCoffee_Water_001-Basic-[1.0].mat
  artifactKey: Guid(041764ae19c6f4a43bedc3622a73fe91) Importer(815301076,1909f56bfc062723c751e8b465ee728b)
Start importing Assets/ThirdParty/Cartoon Coffee/2D Deluxe VFX/Materials/CartoonCoffee_Water_001-Basic-[1.0].mat using Guid(041764ae19c6f4a43bedc3622a73fe91) Importer(815301076,1909f56bfc062723c751e8b465ee728b)  -> (artifact id: '6ca17ebf62d380472a84ecf24427f4a5') in 0.010352 seconds
Number of updated asset objects reloaded before import = 0
Number of asset objects unloaded after import = 5
========================================================================
Received Prepare
Begin MonoManager ReloadAssembly
C:\build\output\Unity-Technologies\mono\mono\metadata\icall.c:1842:
C:\build\output\Unity-Technologies\mono\mono\metadata\icall.c:1842:
C:\build\output\Unity-Technologies\mono\mono\metadata\icall.c:1842:
C:\build\output\Unity-Technologies\mono\mono\metadata\icall.c:1842:
C:\build\output\Unity-Technologies\mono\mono\metadata\icall.c:1842:
C:\build\output\Unity-Technologies\mono\mono\metadata\icall.c:1842:
C:\build\output\Unity-Technologies\mono\mono\metadata\icall.c:1842:
C:\build\output\Unity-Technologies\mono\mono\metadata\icall.c:1842:
C:\build\output\Unity-Technologies\mono\mono\metadata\icall.c:1842:
C:\build\output\Unity-Technologies\mono\mono\metadata\icall.c:1842:
C:\build\output\Unity-Technologies\mono\mono\metadata\icall.c:1842:
C:\build\output\Unity-Technologies\mono\mono\metadata\icall.c:1842:
Symbol file LoadedFromMemory doesn't match image G:\Unity\UnityProjects\Git\Roguelike\Roguelike\Card Rouge-Like\Library\PackageCache\com.unity.visualscripting@1.8.0\Editor\VisualScripting.Core\Dependencies\YamlDotNet\Unity.VisualScripting.YamlDotNet.dll
Symbol file LoadedFromMemory doesn't match image G:\Unity\UnityProjects\Git\Roguelike\Roguelike\Card Rouge-Like\Library\PackageCache\com.unity.visualscripting@1.8.0\Editor\VisualScripting.Core\Dependencies\DotNetZip\Unity.VisualScripting.IonicZip.dll
- Loaded All Assemblies, in  0.777 seconds
Refreshing native plugins compatible for Editor in 2.58 ms, found 4 plugins.
Native extension for WindowsStandalone target not found
Mono: successfully reloaded assembly
- Finished resetting the current domain, in  1.377 seconds
Domain Reload Profiling: 2153ms
	BeginReloadAssembly (218ms)
		ExecutionOrderSort (0ms)
		DisableScriptedObjects (14ms)
		BackupInstance (0ms)
		ReleaseScriptingObjects (0ms)
		CreateAndSetChildDomain (77ms)
	RebuildCommonClasses (26ms)
	RebuildNativeTypeToScriptingClass (9ms)
	initialDomainReloadingComplete (21ms)
	LoadAllAssembliesAndSetupDomain (501ms)
		LoadAssemblies (300ms)
		RebuildTransferFunctionScriptingTraits (0ms)
		AnalyzeDomain (292ms)
			TypeCache.Refresh (282ms)
				TypeCache.ScanAssembly (266ms)
			ScanForSourceGeneratedMonoScriptInfo (0ms)
			ResolveRequiredComponents (9ms)
	FinalizeReload (1378ms)
		ReleaseScriptCaches (0ms)
		RebuildScriptCaches (0ms)
		SetupLoadedEditorAssemblies (588ms)
			LogAssemblyErrors (0ms)
			InitializePlatformSupportModulesInManaged (4ms)
			SetLoadedEditorAssemblies (5ms)
			BeforeProcessingInitializeOnLoad (123ms)
			ProcessInitializeOnLoadAttributes (418ms)
			ProcessInitializeOnLoadMethodAttributes (34ms)
			AfterProcessingInitializeOnLoad (3ms)
			EditorAssembliesLoaded (0ms)
		ExecutionOrderSort2 (0ms)
		AwakeInstancesAfterBackupRestoration (13ms)
Shader 'CartoonCoffee/Particle Additive': fallback shader '2' not found
Shader 'CartoonCoffee/Particle Basic': fallback shader '2' not found
Refreshing native plugins compatible for Editor in 4.50 ms, found 4 plugins.
Preloading 0 native plugins for Editor in 0.00 ms.
Unloading 6349 Unused Serialized files (Serialized files now loaded: 0)
Unloading 65 unused Assets / (2.6 MB). Loaded Objects now: 7194.
Memory consumption went from 236.2 MB to 233.6 MB.
Total: 11.288400 ms (FindLiveObjects: 1.104400 ms CreateObjectMapping: 0.918800 ms MarkObjects: 8.157500 ms  DeleteObjects: 1.106900 ms)

Prepare: number of updated asset objects reloaded= 0
AssetImportParameters requested are different than current active one (requested -> active):
  custom:video-decoder-webm-vp8: 9c59270c3fd7afecdb556c50c9e8de78 -> 
  custom:SearchIndexIgnoredProperties: e643bd26f0fe6173181afceb89e7c659 -> 
  custom:audio-encoder-webm-vorbis: bf7c407c2cedff20999df2af8eb42d56 -> 
  custom:audio-decoder-ogg-vorbis: bf7c407c2cedff20999df2af8eb42d56 -> 
  custom:video-encoder-webm-vp8: eb34c28f22e8b96e1ab97ce403110664 -> 
  custom:framework-win-MediaFoundation: 216162199b28c13a410421893ffa2e32 -> 
  custom:video-decoder-ogg-theora: a1e56fd34408186e4bbccfd4996cb3dc -> 
  custom:container-muxer-webm: aa71ff27fc2769a1b78a27578f13a17b -> 
  custom:AudioImporter_EditorPlatform: d09bf68614088b80899f8185d706f6e7 -> 
  custom:container-demuxer-ogg: 62fdf1f143b41e24485cea50d1cbac27 -> 
  custom:ShaderGraph/RenderPipelineChanged: 6d447d27a811028bd26b82b76768d375 -> 
  custom:video-codec-MediaFoundation-h265: e54d7ab0439102e2317fc1e4b246158d -> 
  custom:CustomObjectIndexerAttribute: d54d2f2da18e7612c182cf67624b6b12 -> 
  custom:container-demuxer-webm: 4f35f7cbe854078d1ac9338744f61a02 -> 
Editor requested this worker to shutdown with reason: Scaling down because of idle timeout
AssetImportWorker is now disconnected from the server
Process exiting
Exiting without the bug reporter. Application will terminate with return code 0