Using pre-set license
Built from '2023.1/staging' branch; Version is '2023.1.20f1 (35a524b12060) revision 3515684'; Using compiler version '192829333'; Build Type 'Release'
OS: 'Windows 10  (10.0.19045) 64bit Professional' Language: 'en' Physical Memory: 32674 MB
BatchMode: 1, IsHumanControllingUs: 0, StartBugReporterOnCrash: 0, Is64bit: 1, IsPro: 1

COMMAND LINE ARGUMENTS:
G:\Unity\UnityVersions\2023.1.20f1\Editor\Unity.exe
-adb2
-batchMode
-noUpm
-name
AssetImportWorker29
-projectPath
G:/Unity/UnityProjects/Git/Roguelike/Card Rouge-Like
-logFile
Logs/AssetImportWorker29.log
-srvPort
61788
Successfully changed project path to: G:/Unity/UnityProjects/Git/Roguelike/Card Rouge-Like
G:/Unity/UnityProjects/Git/Roguelike/Card Rouge-Like
[UnityMemory] Configuration Parameters - Can be set up in boot.config
    "memorysetup-bucket-allocator-granularity=16"
    "memorysetup-bucket-allocator-bucket-count=8"
    "memorysetup-bucket-allocator-block-size=33554432"
    "memorysetup-bucket-allocator-block-count=8"
    "memorysetup-main-allocator-block-size=16777216"
    "memorysetup-thread-allocator-block-size=16777216"
    "memorysetup-gfx-main-allocator-block-size=16777216"
    "memorysetup-gfx-thread-allocator-block-size=16777216"
    "memorysetup-cache-allocator-block-size=4194304"
    "memorysetup-typetree-allocator-block-size=2097152"
    "memorysetup-profiler-bucket-allocator-granularity=16"
    "memorysetup-profiler-bucket-allocator-bucket-count=8"
    "memorysetup-profiler-bucket-allocator-block-size=33554432"
    "memorysetup-profiler-bucket-allocator-block-count=8"
    "memorysetup-profiler-allocator-block-size=16777216"
    "memorysetup-profiler-editor-allocator-block-size=1048576"
    "memorysetup-temp-allocator-size-main=16777216"
    "memorysetup-job-temp-allocator-block-size=2097152"
    "memorysetup-job-temp-allocator-block-size-background=1048576"
    "memorysetup-job-temp-allocator-reduction-small-platforms=262144"
    "memorysetup-allocator-temp-initial-block-size-main=262144"
    "memorysetup-allocator-temp-initial-block-size-worker=262144"
    "memorysetup-temp-allocator-size-background-worker=32768"
    "memorysetup-temp-allocator-size-job-worker=262144"
    "memorysetup-temp-allocator-size-preload-manager=33554432"
    "memorysetup-temp-allocator-size-nav-mesh-worker=65536"
    "memorysetup-temp-allocator-size-audio-worker=65536"
    "memorysetup-temp-allocator-size-cloud-worker=32768"
    "memorysetup-temp-allocator-size-gi-baking-worker=262144"
    "memorysetup-temp-allocator-size-gfx=262144"
Player connection [19636] Host "[IP] 192.168.0.137 [Port] 0 [Flags] 2 [Guid] 1048226211 [EditorId] 1048226211 [Version] 1048832 [Id] WindowsEditor(7,DESKTOP-26UP572) [Debug] 1 [PackageName] WindowsEditor [ProjectName] Editor" joined multi-casting on [225.0.0.222:54997]...

Player connection [19636] Host "[IP] 192.168.0.137 [Port] 0 [Flags] 2 [Guid] 1048226211 [EditorId] 1048226211 [Version] 1048832 [Id] WindowsEditor(7,DESKTOP-26UP572) [Debug] 1 [PackageName] WindowsEditor [ProjectName] Editor" joined alternative multi-casting on [225.0.0.222:34997]...

[Physics::Module] Initialized MultithreadedJobDispatcher with 23 workers.
Library Redirect Path: Library/Refreshing native plugins compatible for Editor in 10.35 ms, found 4 plugins.
Preloading 0 native plugins for Editor in 0.00 ms.
Initialize engine version: 2023.1.20f1 (35a524b12060)
[Subsystems] Discovering subsystems at path G:/Unity/UnityVersions/2023.1.20f1/Editor/Data/Resources/UnitySubsystems
[Subsystems] Discovering subsystems at path G:/Unity/UnityProjects/Git/Roguelike/Card Rouge-Like/Assets
GfxDevice: creating device client; threaded=0; jobified=0
Direct3D:
    Version:  Direct3D 11.0 [level 11.1]
    Renderer: NVIDIA GeForce RTX 3080 (ID=0x2216)
    Vendor:   NVIDIA
    VRAM:     10067 MB
    Driver:   31.0.15.3667
Shader 'CartoonCoffee/Particle Basic': fallback shader '2' not found
Shader 'CartoonCoffee/Particle Additive': fallback shader '2' not found
Initialize mono
Mono path[0] = 'G:/Unity/UnityVersions/2023.1.20f1/Editor/Data/Managed'
Mono path[1] = 'G:/Unity/UnityVersions/2023.1.20f1/Editor/Data/MonoBleedingEdge/lib/mono/unityjit-win32'
Mono config path = 'G:/Unity/UnityVersions/2023.1.20f1/Editor/Data/MonoBleedingEdge/etc'
Using monoOptions --debugger-agent=transport=dt_socket,embedding=1,server=y,suspend=n,address=127.0.0.1:56740
Begin MonoManager ReloadAssembly
C:\build\output\Unity-Technologies\mono\mono\metadata\icall.c:1842:
C:\build\output\Unity-Technologies\mono\mono\metadata\icall.c:1842:
C:\build\output\Unity-Technologies\mono\mono\metadata\icall.c:1842:
C:\build\output\Unity-Technologies\mono\mono\metadata\icall.c:1842:
C:\build\output\Unity-Technologies\mono\mono\metadata\icall.c:1842:
C:\build\output\Unity-Technologies\mono\mono\metadata\icall.c:1842:
C:\build\output\Unity-Technologies\mono\mono\metadata\icall.c:1842:
C:\build\output\Unity-Technologies\mono\mono\metadata\icall.c:1842:
C:\build\output\Unity-Technologies\mono\mono\metadata\icall.c:1842:
C:\build\output\Unity-Technologies\mono\mono\metadata\icall.c:1842:
Registering precompiled unity dll's ...
Register platform support module: G:/Unity/UnityVersions/2023.1.20f1/Editor/Data/PlaybackEngines/WindowsStandaloneSupport/UnityEditor.WindowsStandalone.Extensions.dll
Registered in 0.002045 seconds.
- Loaded All Assemblies, in  0.285 seconds
Native extension for WindowsStandalone target not found
Mono: successfully reloaded assembly
C:\build\output\Unity-Technologies\mono\mono\metadata\icall.c:1842:
C:\build\output\Unity-Technologies\mono\mono\metadata\icall.c:1842:
- Finished resetting the current domain, in  0.226 seconds
Domain Reload Profiling: 511ms
	BeginReloadAssembly (98ms)
		ExecutionOrderSort (0ms)
		DisableScriptedObjects (0ms)
		BackupInstance (0ms)
		ReleaseScriptingObjects (0ms)
		CreateAndSetChildDomain (1ms)
	RebuildCommonClasses (27ms)
	RebuildNativeTypeToScriptingClass (8ms)
	initialDomainReloadingComplete (38ms)
	LoadAllAssembliesAndSetupDomain (114ms)
		LoadAssemblies (97ms)
		RebuildTransferFunctionScriptingTraits (0ms)
		AnalyzeDomain (112ms)
			TypeCache.Refresh (111ms)
				TypeCache.ScanAssembly (100ms)
			ScanForSourceGeneratedMonoScriptInfo (0ms)
			ResolveRequiredComponents (0ms)
	FinalizeReload (226ms)
		ReleaseScriptCaches (0ms)
		RebuildScriptCaches (0ms)
		SetupLoadedEditorAssemblies (193ms)
			LogAssemblyErrors (0ms)
			InitializePlatformSupportModulesInManaged (6ms)
			SetLoadedEditorAssemblies (4ms)
			BeforeProcessingInitializeOnLoad (6ms)
			ProcessInitializeOnLoadAttributes (136ms)
			ProcessInitializeOnLoadMethodAttributes (41ms)
			AfterProcessingInitializeOnLoad (0ms)
			EditorAssembliesLoaded (0ms)
		ExecutionOrderSort2 (0ms)
		AwakeInstancesAfterBackupRestoration (0ms)
========================================================================
Worker process is ready to serve import requests
Import Worker Mode flag is 0x00
Begin MonoManager ReloadAssembly
C:\build\output\Unity-Technologies\mono\mono\metadata\icall.c:1842:
C:\build\output\Unity-Technologies\mono\mono\metadata\icall.c:1842:
C:\build\output\Unity-Technologies\mono\mono\metadata\icall.c:1842:
C:\build\output\Unity-Technologies\mono\mono\metadata\icall.c:1842:
C:\build\output\Unity-Technologies\mono\mono\metadata\icall.c:1842:
C:\build\output\Unity-Technologies\mono\mono\metadata\icall.c:1842:
C:\build\output\Unity-Technologies\mono\mono\metadata\icall.c:1842:
C:\build\output\Unity-Technologies\mono\mono\metadata\icall.c:1842:
C:\build\output\Unity-Technologies\mono\mono\metadata\icall.c:1842:
C:\build\output\Unity-Technologies\mono\mono\metadata\icall.c:1842:
C:\build\output\Unity-Technologies\mono\mono\metadata\icall.c:1842:
C:\build\output\Unity-Technologies\mono\mono\metadata\icall.c:1842:
Symbol file LoadedFromMemory doesn't match image G:\Unity\UnityProjects\Git\Roguelike\Card Rouge-Like\Library\PackageCache\com.unity.visualscripting@1.8.0\Editor\VisualScripting.Core\Dependencies\YamlDotNet\Unity.VisualScripting.YamlDotNet.dll
Symbol file LoadedFromMemory doesn't match image G:\Unity\UnityProjects\Git\Roguelike\Card Rouge-Like\Library\PackageCache\com.unity.visualscripting@1.8.0\Editor\VisualScripting.Core\Dependencies\DotNetZip\Unity.VisualScripting.IonicZip.dll
- Loaded All Assemblies, in  0.804 seconds
Refreshing native plugins compatible for Editor in 2.61 ms, found 4 plugins.
Native extension for WindowsStandalone target not found
Mono: successfully reloaded assembly
- Finished resetting the current domain, in  0.664 seconds
Domain Reload Profiling: 1467ms
	BeginReloadAssembly (237ms)
		ExecutionOrderSort (0ms)
		DisableScriptedObjects (4ms)
		BackupInstance (0ms)
		ReleaseScriptingObjects (0ms)
		CreateAndSetChildDomain (29ms)
	RebuildCommonClasses (26ms)
	RebuildNativeTypeToScriptingClass (8ms)
	initialDomainReloadingComplete (21ms)
	LoadAllAssembliesAndSetupDomain (510ms)
		LoadAssemblies (301ms)
		RebuildTransferFunctionScriptingTraits (0ms)
		AnalyzeDomain (286ms)
			TypeCache.Refresh (248ms)
				TypeCache.ScanAssembly (238ms)
			ScanForSourceGeneratedMonoScriptInfo (28ms)
			ResolveRequiredComponents (9ms)
	FinalizeReload (664ms)
		ReleaseScriptCaches (0ms)
		RebuildScriptCaches (0ms)
		SetupLoadedEditorAssemblies (501ms)
			LogAssemblyErrors (0ms)
			InitializePlatformSupportModulesInManaged (6ms)
			SetLoadedEditorAssemblies (4ms)
			BeforeProcessingInitializeOnLoad (90ms)
			ProcessInitializeOnLoadAttributes (371ms)
			ProcessInitializeOnLoadMethodAttributes (29ms)
			AfterProcessingInitializeOnLoad (2ms)
			EditorAssembliesLoaded (0ms)
		ExecutionOrderSort2 (0ms)
		AwakeInstancesAfterBackupRestoration (6ms)
Shader 'CartoonCoffee/Particle Additive': fallback shader '2' not found
Shader 'CartoonCoffee/Particle Basic': fallback shader '2' not found
Launched and connected shader compiler UnityShaderCompiler.exe after 0.01 seconds
Refreshing native plugins compatible for Editor in 4.04 ms, found 4 plugins.
Preloading 0 native plugins for Editor in 0.00 ms.
Unloading 6481 Unused Serialized files (Serialized files now loaded: 0)
Unloading 128 unused Assets / (3.0 MB). Loaded Objects now: 7004.
Memory consumption went from 256.6 MB to 253.6 MB.
Total: 11.797300 ms (FindLiveObjects: 1.018500 ms CreateObjectMapping: 0.805500 ms MarkObjects: 8.247400 ms  DeleteObjects: 1.724500 ms)

AssetImportParameters requested are different than current active one (requested -> active):
  custom:scripting/monoscript/fileName/Loop.cs: 2370b78dd0fc43b5a23787c39e01a811 -> ae17ed71ecd620e5d8e62956cea59f5f
  custom:video-decoder-webm-vp8: 9c59270c3fd7afecdb556c50c9e8de78 -> 
  custom:SearchIndexIgnoredProperties: e643bd26f0fe6173181afceb89e7c659 -> 
  custom:audio-encoder-webm-vorbis: bf7c407c2cedff20999df2af8eb42d56 -> 
  custom:audio-decoder-ogg-vorbis: bf7c407c2cedff20999df2af8eb42d56 -> 
  custom:video-encoder-webm-vp8: eb34c28f22e8b96e1ab97ce403110664 -> 
  custom:framework-win-MediaFoundation: 216162199b28c13a410421893ffa2e32 -> 
  custom:scripting/monoscript/fileName/Head.cs: effa42c5e6fbe8576489e42a247346f1 -> c56fb235067b8e0497f6da9d15371435
  custom:scripting/monoscript/fileName/DeactivateChildren.cs: c46ab45fed332edf0852eb252739f5f1 -> 2ec65962b1db2fa346a082daae05acf1
  custom:video-decoder-ogg-theora: a1e56fd34408186e4bbccfd4996cb3dc -> 
  custom:scripting/monoscript/fileName/ParticleShaderGUI.cs: 29633d857ba2363500f3a9d991716822 -> a1e2a310364507765340d2c41374cb2a
  custom:container-muxer-webm: aa71ff27fc2769a1b78a27578f13a17b -> 
  custom:scripting/monoscript/fileName/SideMenu.cs: a799210d298ede5ecbc9c7c075599d93 -> 9761150cc6eb77e0ed9d86242d1e504d
  custom:scripting/monoscript/fileName/NewStatus.cs: 75d912a8793b342effbc35a68c6aa434 -> b1aed07bd9e38ef24dd5a3595061c89f
  custom:scripting/monoscript/fileName/DestroyParticleAtEnd.cs: f46d1a4f4bfbf50b99f103be4eb1070f -> 18e3fff07dc49242bb94039533742467
  custom:AudioImporter_EditorPlatform: d09bf68614088b80899f8185d706f6e7 -> 
  custom:scripting/monoscript/fileName/SceneManager.cs: c1f14fe61ae75adaa7e3669d2d9aeaa0 -> 658bd4a7887934f23b2f8ece63ab5689
  custom:scripting/monoscript/fileName/Target.cs: 5f3cec3875b5e41b4f252a12635f1bbc -> 61d7adde6752fc67910fe89f4f786d53
  custom:container-demuxer-ogg: 62fdf1f143b41e24485cea50d1cbac27 -> 
  custom:scripting/monoscript/fileName/ObjectMover.cs: 7bfc33524a4312979e0bb44b5770aa7d -> 771ad40c0bcdb5512b3ab21dee44eb79
  custom:scripting/monoscript/fileName/Body.cs: cd530b41b8162c4e0b9bfa7cedaa661d -> 1e782e221026fee41a4a12ebd6bfb8b9
  custom:scripting/monoscript/fileName/Player.cs: 5f440bf44c2dfb40ce03ddb92ca4ccf4 -> 0793851aedb7599a8396b57d24ab3cd2
  custom:scripting/monoscript/fileName/Floor.cs: 99adfee10d33afe3cb9442a0fa3c2ef4 -> dec408bc3291a4251e6d67eb0caee03a
  custom:scripting/monoscript/fileName/Projectile.cs: 2a1017c92bdfe8329c0d17e2eea8c4a8 -> c9ef408685a1f7b4e1742dddb467d09c
  custom:video-codec-MediaFoundation-h265: e54d7ab0439102e2317fc1e4b246158d -> 
  custom:CustomObjectIndexerAttribute: d54d2f2da18e7612c182cf67624b6b12 -> 
  custom:container-demuxer-webm: 4f35f7cbe854078d1ac9338744f61a02 -> 
========================================================================
Received Import Request.
  Time since last request: 530111.338898 seconds.
  path: Assets/Prefabs/Enemies/GoblinEnemy.prefab
  artifactKey: Guid(f968922b07294c644ae6d58df4b764bb) Importer(815301076,1909f56bfc062723c751e8b465ee728b)
Start importing Assets/Prefabs/Enemies/GoblinEnemy.prefab using Guid(f968922b07294c644ae6d58df4b764bb) Importer(815301076,1909f56bfc062723c751e8b465ee728b)  -> (artifact id: 'ec32e33fd8860b51886870c840e12590') in 0.074489 seconds
Internal: There are remaining Allocations on the JobTempAlloc. This is a leak, and will impact performance
To Debug, run app with -diag-job-temp-memory-leak-validation cmd line argument. This will output the callstacks of the leaked allocations.
Number of updated asset objects reloaded before import = 0
Number of asset objects unloaded after import = 52
========================================================================
Received Import Request.
  Time since last request: 22.668680 seconds.
  path: Assets/ThirdParty/Cartoon Coffee/2D Deluxe VFX/Prefabs/Bursts/Impact_Hit_V1.prefab
  artifactKey: Guid(2fa8ea13539ba22439be7b8d30fa5297) Importer(815301076,1909f56bfc062723c751e8b465ee728b)
Start importing Assets/ThirdParty/Cartoon Coffee/2D Deluxe VFX/Prefabs/Bursts/Impact_Hit_V1.prefab using Guid(2fa8ea13539ba22439be7b8d30fa5297) Importer(815301076,1909f56bfc062723c751e8b465ee728b)  -> (artifact id: '66450f2aa0de73c56ce3703e07d56b39') in 0.015181 seconds
Internal: There are remaining Allocations on the JobTempAlloc. This is a leak, and will impact performance
To Debug, run app with -diag-job-temp-memory-leak-validation cmd line argument. This will output the callstacks of the leaked allocations.
Number of updated asset objects reloaded before import = 0
Number of asset objects unloaded after import = 26
========================================================================
Received Import Request.
  Time since last request: 0.714484 seconds.
  path: Assets/ThirdParty/Cartoon Coffee/2D Deluxe VFX/Prefabs/Bursts/Impact_Hit_V1.prefab
  artifactKey: Guid(2fa8ea13539ba22439be7b8d30fa5297) Importer(815301076,1909f56bfc062723c751e8b465ee728b)
Start importing Assets/ThirdParty/Cartoon Coffee/2D Deluxe VFX/Prefabs/Bursts/Impact_Hit_V1.prefab using Guid(2fa8ea13539ba22439be7b8d30fa5297) Importer(815301076,1909f56bfc062723c751e8b465ee728b)  -> (artifact id: 'e5fe476b1501492cea7472bbc70e7d63') in 0.010187 seconds
Internal: There are remaining Allocations on the JobTempAlloc. This is a leak, and will impact performance
To Debug, run app with -diag-job-temp-memory-leak-validation cmd line argument. This will output the callstacks of the leaked allocations.
Number of updated asset objects reloaded before import = 0
Number of asset objects unloaded after import = 26
========================================================================
Received Import Request.
  Time since last request: 1.329707 seconds.
  path: Assets/ThirdParty/Cartoon Coffee/2D Deluxe VFX/Prefabs/Bursts/Impact_Hit_V1.prefab
  artifactKey: Guid(2fa8ea13539ba22439be7b8d30fa5297) Importer(815301076,1909f56bfc062723c751e8b465ee728b)
Start importing Assets/ThirdParty/Cartoon Coffee/2D Deluxe VFX/Prefabs/Bursts/Impact_Hit_V1.prefab using Guid(2fa8ea13539ba22439be7b8d30fa5297) Importer(815301076,1909f56bfc062723c751e8b465ee728b)  -> (artifact id: 'fd81e2ea303faf21ba90cead296959f6') in 0.010710 seconds
Internal: There are remaining Allocations on the JobTempAlloc. This is a leak, and will impact performance
To Debug, run app with -diag-job-temp-memory-leak-validation cmd line argument. This will output the callstacks of the leaked allocations.
Number of updated asset objects reloaded before import = 0
Number of asset objects unloaded after import = 26
========================================================================
Received Prepare
Begin MonoManager ReloadAssembly
C:\build\output\Unity-Technologies\mono\mono\metadata\icall.c:1842:
C:\build\output\Unity-Technologies\mono\mono\metadata\icall.c:1842:
C:\build\output\Unity-Technologies\mono\mono\metadata\icall.c:1842:
C:\build\output\Unity-Technologies\mono\mono\metadata\icall.c:1842:
C:\build\output\Unity-Technologies\mono\mono\metadata\icall.c:1842:
C:\build\output\Unity-Technologies\mono\mono\metadata\icall.c:1842:
C:\build\output\Unity-Technologies\mono\mono\metadata\icall.c:1842:
C:\build\output\Unity-Technologies\mono\mono\metadata\icall.c:1842:
C:\build\output\Unity-Technologies\mono\mono\metadata\icall.c:1842:
C:\build\output\Unity-Technologies\mono\mono\metadata\icall.c:1842:
C:\build\output\Unity-Technologies\mono\mono\metadata\icall.c:1842:
C:\build\output\Unity-Technologies\mono\mono\metadata\icall.c:1842:
Symbol file LoadedFromMemory doesn't match image G:\Unity\UnityProjects\Git\Roguelike\Card Rouge-Like\Library\PackageCache\com.unity.visualscripting@1.8.0\Editor\VisualScripting.Core\Dependencies\YamlDotNet\Unity.VisualScripting.YamlDotNet.dll
Symbol file LoadedFromMemory doesn't match image G:\Unity\UnityProjects\Git\Roguelike\Card Rouge-Like\Library\PackageCache\com.unity.visualscripting@1.8.0\Editor\VisualScripting.Core\Dependencies\DotNetZip\Unity.VisualScripting.IonicZip.dll
- Loaded All Assemblies, in  0.723 seconds
Refreshing native plugins compatible for Editor in 2.41 ms, found 4 plugins.
Native extension for WindowsStandalone target not found
Mono: successfully reloaded assembly
- Finished resetting the current domain, in  1.203 seconds
Domain Reload Profiling: 1925ms
	BeginReloadAssembly (178ms)
		ExecutionOrderSort (0ms)
		DisableScriptedObjects (13ms)
		BackupInstance (0ms)
		ReleaseScriptingObjects (0ms)
		CreateAndSetChildDomain (53ms)
	RebuildCommonClasses (25ms)
	RebuildNativeTypeToScriptingClass (9ms)
	initialDomainReloadingComplete (20ms)
	LoadAllAssembliesAndSetupDomain (489ms)
		LoadAssemblies (282ms)
		RebuildTransferFunctionScriptingTraits (0ms)
		AnalyzeDomain (288ms)
			TypeCache.Refresh (278ms)
				TypeCache.ScanAssembly (263ms)
			ScanForSourceGeneratedMonoScriptInfo (0ms)
			ResolveRequiredComponents (10ms)
	FinalizeReload (1204ms)
		ReleaseScriptCaches (0ms)
		RebuildScriptCaches (0ms)
		SetupLoadedEditorAssemblies (560ms)
			LogAssemblyErrors (0ms)
			InitializePlatformSupportModulesInManaged (5ms)
			SetLoadedEditorAssemblies (6ms)
			BeforeProcessingInitializeOnLoad (111ms)
			ProcessInitializeOnLoadAttributes (406ms)
			ProcessInitializeOnLoadMethodAttributes (29ms)
			AfterProcessingInitializeOnLoad (3ms)
			EditorAssembliesLoaded (0ms)
		ExecutionOrderSort2 (0ms)
		AwakeInstancesAfterBackupRestoration (7ms)
Shader 'CartoonCoffee/Particle Additive': fallback shader '2' not found
Shader 'CartoonCoffee/Particle Basic': fallback shader '2' not found
Refreshing native plugins compatible for Editor in 4.53 ms, found 4 plugins.
Preloading 0 native plugins for Editor in 0.00 ms.
Unloading 6345 Unused Serialized files (Serialized files now loaded: 0)
Unloading 71 unused Assets / (3.0 MB). Loaded Objects now: 7026.
Memory consumption went from 225.7 MB to 222.7 MB.
Total: 12.385400 ms (FindLiveObjects: 1.149300 ms CreateObjectMapping: 0.979000 ms MarkObjects: 8.271900 ms  DeleteObjects: 1.984000 ms)

Prepare: number of updated asset objects reloaded= 0
AssetImportParameters requested are different than current active one (requested -> active):
  custom:scripting/monoscript/fileName/Loop.cs: 2370b78dd0fc43b5a23787c39e01a811 -> ae17ed71ecd620e5d8e62956cea59f5f
  custom:video-decoder-webm-vp8: 9c59270c3fd7afecdb556c50c9e8de78 -> 
  custom:SearchIndexIgnoredProperties: e643bd26f0fe6173181afceb89e7c659 -> 
  custom:audio-encoder-webm-vorbis: bf7c407c2cedff20999df2af8eb42d56 -> 
  custom:audio-decoder-ogg-vorbis: bf7c407c2cedff20999df2af8eb42d56 -> 
  custom:video-encoder-webm-vp8: eb34c28f22e8b96e1ab97ce403110664 -> 
  custom:framework-win-MediaFoundation: 216162199b28c13a410421893ffa2e32 -> 
  custom:scripting/monoscript/fileName/Head.cs: effa42c5e6fbe8576489e42a247346f1 -> c56fb235067b8e0497f6da9d15371435
  custom:scripting/monoscript/fileName/DeactivateChildren.cs: c46ab45fed332edf0852eb252739f5f1 -> 2ec65962b1db2fa346a082daae05acf1
  custom:video-decoder-ogg-theora: a1e56fd34408186e4bbccfd4996cb3dc -> 
  custom:scripting/monoscript/fileName/ParticleShaderGUI.cs: 29633d857ba2363500f3a9d991716822 -> a1e2a310364507765340d2c41374cb2a
  custom:container-muxer-webm: aa71ff27fc2769a1b78a27578f13a17b -> 
  custom:scripting/monoscript/fileName/SideMenu.cs: a799210d298ede5ecbc9c7c075599d93 -> 9761150cc6eb77e0ed9d86242d1e504d
  custom:scripting/monoscript/fileName/NewStatus.cs: 75d912a8793b342effbc35a68c6aa434 -> b1aed07bd9e38ef24dd5a3595061c89f
  custom:scripting/monoscript/fileName/DestroyParticleAtEnd.cs: f46d1a4f4bfbf50b99f103be4eb1070f -> 18e3fff07dc49242bb94039533742467
  custom:AudioImporter_EditorPlatform: d09bf68614088b80899f8185d706f6e7 -> 
  custom:scripting/monoscript/fileName/SceneManager.cs: c1f14fe61ae75adaa7e3669d2d9aeaa0 -> 658bd4a7887934f23b2f8ece63ab5689
  custom:scripting/monoscript/fileName/Target.cs: 5f3cec3875b5e41b4f252a12635f1bbc -> 61d7adde6752fc67910fe89f4f786d53
  custom:container-demuxer-ogg: 62fdf1f143b41e24485cea50d1cbac27 -> 
  custom:scripting/monoscript/fileName/ObjectMover.cs: 7bfc33524a4312979e0bb44b5770aa7d -> 771ad40c0bcdb5512b3ab21dee44eb79
  custom:scripting/monoscript/fileName/Body.cs: cd530b41b8162c4e0b9bfa7cedaa661d -> 1e782e221026fee41a4a12ebd6bfb8b9
  custom:scripting/monoscript/fileName/Player.cs: 5f440bf44c2dfb40ce03ddb92ca4ccf4 -> 0793851aedb7599a8396b57d24ab3cd2
  custom:scripting/monoscript/fileName/Floor.cs: 99adfee10d33afe3cb9442a0fa3c2ef4 -> dec408bc3291a4251e6d67eb0caee03a
  custom:scripting/monoscript/fileName/Projectile.cs: 2a1017c92bdfe8329c0d17e2eea8c4a8 -> c9ef408685a1f7b4e1742dddb467d09c
  custom:video-codec-MediaFoundation-h265: e54d7ab0439102e2317fc1e4b246158d -> 
  custom:CustomObjectIndexerAttribute: d54d2f2da18e7612c182cf67624b6b12 -> 
  custom:container-demuxer-webm: 4f35f7cbe854078d1ac9338744f61a02 -> 
========================================================================
Received Import Request.
  Time since last request: 15.429515 seconds.
  path: Assets/ThirdParty/Cartoon Coffee/2D Deluxe VFX/Prefabs/Bursts/Impact_Hit_V1.prefab
  artifactKey: Guid(2fa8ea13539ba22439be7b8d30fa5297) Importer(815301076,1909f56bfc062723c751e8b465ee728b)
Start importing Assets/ThirdParty/Cartoon Coffee/2D Deluxe VFX/Prefabs/Bursts/Impact_Hit_V1.prefab using Guid(2fa8ea13539ba22439be7b8d30fa5297) Importer(815301076,1909f56bfc062723c751e8b465ee728b)  -> (artifact id: 'b09aca6855b3fff331b2503fcc2b0cd7') in 0.062669 seconds
Number of updated asset objects reloaded before import = 0
Number of asset objects unloaded after import = 27
========================================================================
Received Prepare
Begin MonoManager ReloadAssembly
C:\build\output\Unity-Technologies\mono\mono\metadata\icall.c:1842:
C:\build\output\Unity-Technologies\mono\mono\metadata\icall.c:1842:
C:\build\output\Unity-Technologies\mono\mono\metadata\icall.c:1842:
C:\build\output\Unity-Technologies\mono\mono\metadata\icall.c:1842:
C:\build\output\Unity-Technologies\mono\mono\metadata\icall.c:1842:
C:\build\output\Unity-Technologies\mono\mono\metadata\icall.c:1842:
C:\build\output\Unity-Technologies\mono\mono\metadata\icall.c:1842:
C:\build\output\Unity-Technologies\mono\mono\metadata\icall.c:1842:
C:\build\output\Unity-Technologies\mono\mono\metadata\icall.c:1842:
C:\build\output\Unity-Technologies\mono\mono\metadata\icall.c:1842:
C:\build\output\Unity-Technologies\mono\mono\metadata\icall.c:1842:
C:\build\output\Unity-Technologies\mono\mono\metadata\icall.c:1842:
Symbol file LoadedFromMemory doesn't match image G:\Unity\UnityProjects\Git\Roguelike\Card Rouge-Like\Library\PackageCache\com.unity.visualscripting@1.8.0\Editor\VisualScripting.Core\Dependencies\YamlDotNet\Unity.VisualScripting.YamlDotNet.dll
Symbol file LoadedFromMemory doesn't match image G:\Unity\UnityProjects\Git\Roguelike\Card Rouge-Like\Library\PackageCache\com.unity.visualscripting@1.8.0\Editor\VisualScripting.Core\Dependencies\DotNetZip\Unity.VisualScripting.IonicZip.dll
- Loaded All Assemblies, in  0.678 seconds
Refreshing native plugins compatible for Editor in 2.64 ms, found 4 plugins.
Native extension for WindowsStandalone target not found
Mono: successfully reloaded assembly
- Finished resetting the current domain, in  1.260 seconds
Domain Reload Profiling: 1938ms
	BeginReloadAssembly (167ms)
		ExecutionOrderSort (0ms)
		DisableScriptedObjects (11ms)
		BackupInstance (0ms)
		ReleaseScriptingObjects (0ms)
		CreateAndSetChildDomain (52ms)
	RebuildCommonClasses (24ms)
	RebuildNativeTypeToScriptingClass (9ms)
	initialDomainReloadingComplete (18ms)
	LoadAllAssembliesAndSetupDomain (459ms)
		LoadAssemblies (273ms)
		RebuildTransferFunctionScriptingTraits (0ms)
		AnalyzeDomain (261ms)
			TypeCache.Refresh (249ms)
				TypeCache.ScanAssembly (233ms)
			ScanForSourceGeneratedMonoScriptInfo (0ms)
			ResolveRequiredComponents (11ms)
	FinalizeReload (1261ms)
		ReleaseScriptCaches (0ms)
		RebuildScriptCaches (0ms)
		SetupLoadedEditorAssemblies (575ms)
			LogAssemblyErrors (0ms)
			InitializePlatformSupportModulesInManaged (5ms)
			SetLoadedEditorAssemblies (5ms)
			BeforeProcessingInitializeOnLoad (118ms)
			ProcessInitializeOnLoadAttributes (412ms)
			ProcessInitializeOnLoadMethodAttributes (32ms)
			AfterProcessingInitializeOnLoad (4ms)
			EditorAssembliesLoaded (0ms)
		ExecutionOrderSort2 (0ms)
		AwakeInstancesAfterBackupRestoration (9ms)
Shader 'CartoonCoffee/Particle Additive': fallback shader '2' not found
Shader 'CartoonCoffee/Particle Basic': fallback shader '2' not found
Refreshing native plugins compatible for Editor in 3.93 ms, found 4 plugins.
Preloading 0 native plugins for Editor in 0.00 ms.
Unloading 6345 Unused Serialized files (Serialized files now loaded: 0)
Unloading 70 unused Assets / (3.0 MB). Loaded Objects now: 7040.
Memory consumption went from 227.6 MB to 224.6 MB.
Total: 7.790100 ms (FindLiveObjects: 0.483900 ms CreateObjectMapping: 0.498900 ms MarkObjects: 5.582500 ms  DeleteObjects: 1.223800 ms)

Prepare: number of updated asset objects reloaded= 0
AssetImportParameters requested are different than current active one (requested -> active):
  custom:scripting/monoscript/fileName/Loop.cs: 2370b78dd0fc43b5a23787c39e01a811 -> ae17ed71ecd620e5d8e62956cea59f5f
  custom:video-decoder-webm-vp8: 9c59270c3fd7afecdb556c50c9e8de78 -> 
  custom:SearchIndexIgnoredProperties: e643bd26f0fe6173181afceb89e7c659 -> 
  custom:audio-encoder-webm-vorbis: bf7c407c2cedff20999df2af8eb42d56 -> 
  custom:audio-decoder-ogg-vorbis: bf7c407c2cedff20999df2af8eb42d56 -> 
  custom:video-encoder-webm-vp8: eb34c28f22e8b96e1ab97ce403110664 -> 
  custom:framework-win-MediaFoundation: 216162199b28c13a410421893ffa2e32 -> 
  custom:scripting/monoscript/fileName/Head.cs: effa42c5e6fbe8576489e42a247346f1 -> c56fb235067b8e0497f6da9d15371435
  custom:scripting/monoscript/fileName/DeactivateChildren.cs: c46ab45fed332edf0852eb252739f5f1 -> 2ec65962b1db2fa346a082daae05acf1
  custom:video-decoder-ogg-theora: a1e56fd34408186e4bbccfd4996cb3dc -> 
  custom:scripting/monoscript/fileName/ParticleShaderGUI.cs: 29633d857ba2363500f3a9d991716822 -> a1e2a310364507765340d2c41374cb2a
  custom:container-muxer-webm: aa71ff27fc2769a1b78a27578f13a17b -> 
  custom:scripting/monoscript/fileName/SideMenu.cs: a799210d298ede5ecbc9c7c075599d93 -> 9761150cc6eb77e0ed9d86242d1e504d
  custom:scripting/monoscript/fileName/NewStatus.cs: 75d912a8793b342effbc35a68c6aa434 -> b1aed07bd9e38ef24dd5a3595061c89f
  custom:scripting/monoscript/fileName/DestroyParticleAtEnd.cs: f46d1a4f4bfbf50b99f103be4eb1070f -> 18e3fff07dc49242bb94039533742467
  custom:AudioImporter_EditorPlatform: d09bf68614088b80899f8185d706f6e7 -> 
  custom:scripting/monoscript/fileName/SceneManager.cs: c1f14fe61ae75adaa7e3669d2d9aeaa0 -> 658bd4a7887934f23b2f8ece63ab5689
  custom:scripting/monoscript/fileName/Target.cs: 5f3cec3875b5e41b4f252a12635f1bbc -> 61d7adde6752fc67910fe89f4f786d53
  custom:container-demuxer-ogg: 62fdf1f143b41e24485cea50d1cbac27 -> 
  custom:scripting/monoscript/fileName/ObjectMover.cs: 7bfc33524a4312979e0bb44b5770aa7d -> 771ad40c0bcdb5512b3ab21dee44eb79
  custom:scripting/monoscript/fileName/Body.cs: cd530b41b8162c4e0b9bfa7cedaa661d -> 1e782e221026fee41a4a12ebd6bfb8b9
  custom:scripting/monoscript/fileName/Player.cs: 5f440bf44c2dfb40ce03ddb92ca4ccf4 -> 0793851aedb7599a8396b57d24ab3cd2
  custom:scripting/monoscript/fileName/Floor.cs: 99adfee10d33afe3cb9442a0fa3c2ef4 -> dec408bc3291a4251e6d67eb0caee03a
  custom:scripting/monoscript/fileName/Projectile.cs: 2a1017c92bdfe8329c0d17e2eea8c4a8 -> c9ef408685a1f7b4e1742dddb467d09c
  custom:video-codec-MediaFoundation-h265: e54d7ab0439102e2317fc1e4b246158d -> 
  custom:CustomObjectIndexerAttribute: d54d2f2da18e7612c182cf67624b6b12 -> 
  custom:container-demuxer-webm: 4f35f7cbe854078d1ac9338744f61a02 -> 
========================================================================
Received Import Request.
  Time since last request: 34.719524 seconds.
  path: Assets/Prefabs/Enemies/GoblinEnemy.prefab
  artifactKey: Guid(f968922b07294c644ae6d58df4b764bb) Importer(815301076,1909f56bfc062723c751e8b465ee728b)
Start importing Assets/Prefabs/Enemies/GoblinEnemy.prefab using Guid(f968922b07294c644ae6d58df4b764bb) Importer(815301076,1909f56bfc062723c751e8b465ee728b)  -> (artifact id: 'bfcd9c7b3a7bb4245a96c1988cc2f6b6') in 0.067836 seconds
Internal: There are remaining Allocations on the JobTempAlloc. This is a leak, and will impact performance
To Debug, run app with -diag-job-temp-memory-leak-validation cmd line argument. This will output the callstacks of the leaked allocations.
Number of updated asset objects reloaded before import = 0
Number of asset objects unloaded after import = 78
========================================================================
Received Import Request.
  Time since last request: 2.955035 seconds.
  path: Assets/ThirdParty/Cartoon Coffee/2D Deluxe VFX/Prefabs/Bursts/Heart_Bursts_Center_V2.prefab
  artifactKey: Guid(ee2f00cfb331bf1419e45818d3d0c2ba) Importer(815301076,1909f56bfc062723c751e8b465ee728b)
Start importing Assets/ThirdParty/Cartoon Coffee/2D Deluxe VFX/Prefabs/Bursts/Heart_Bursts_Center_V2.prefab using Guid(ee2f00cfb331bf1419e45818d3d0c2ba) Importer(815301076,1909f56bfc062723c751e8b465ee728b)  -> (artifact id: '8c34f5260e103f481622d00ea95f617c') in 0.016465 seconds
Internal: There are remaining Allocations on the JobTempAlloc. This is a leak, and will impact performance
To Debug, run app with -diag-job-temp-memory-leak-validation cmd line argument. This will output the callstacks of the leaked allocations.
Number of updated asset objects reloaded before import = 0
Number of asset objects unloaded after import = 18
========================================================================
Received Import Request.
  Time since last request: 0.000021 seconds.
  path: Assets/ThirdParty/Cartoon Coffee/2D Deluxe VFX/Prefabs/Bursts/Hex_Buff_V1.prefab
  artifactKey: Guid(09adeebcd094cf7479ecfa67b6d53eca) Importer(815301076,1909f56bfc062723c751e8b465ee728b)
Start importing Assets/ThirdParty/Cartoon Coffee/2D Deluxe VFX/Prefabs/Bursts/Hex_Buff_V1.prefab using Guid(09adeebcd094cf7479ecfa67b6d53eca) Importer(815301076,1909f56bfc062723c751e8b465ee728b)  -> (artifact id: 'bc8aa4a674893eebfa9241e595add354') in 0.014084 seconds
Internal: There are remaining Allocations on the JobTempAlloc. This is a leak, and will impact performance
To Debug, run app with -diag-job-temp-memory-leak-validation cmd line argument. This will output the callstacks of the leaked allocations.
Number of updated asset objects reloaded before import = 0
Number of asset objects unloaded after import = 14
========================================================================
Received Import Request.
  Time since last request: 0.000020 seconds.
  path: Assets/ThirdParty/Cartoon Coffee/2D Deluxe VFX/Prefabs/Bursts/Hex_Bursts_Center_V2.prefab
  artifactKey: Guid(f13df24dd1dbea044abc81d17c163371) Importer(815301076,1909f56bfc062723c751e8b465ee728b)
Start importing Assets/ThirdParty/Cartoon Coffee/2D Deluxe VFX/Prefabs/Bursts/Hex_Bursts_Center_V2.prefab using Guid(f13df24dd1dbea044abc81d17c163371) Importer(815301076,1909f56bfc062723c751e8b465ee728b)  -> (artifact id: '49f6fab0c1467257c5b27625caf8b2e9') in 0.015752 seconds
Internal: There are remaining Allocations on the JobTempAlloc. This is a leak, and will impact performance
To Debug, run app with -diag-job-temp-memory-leak-validation cmd line argument. This will output the callstacks of the leaked allocations.
Number of updated asset objects reloaded before import = 0
Number of asset objects unloaded after import = 18
========================================================================
Received Import Request.
  Time since last request: 0.000014 seconds.
  path: Assets/ThirdParty/Cartoon Coffee/2D Deluxe VFX/Prefabs/Bursts/Heart_Bursts_V2.prefab
  artifactKey: Guid(d677c0cc6ac748c4c9b75d9c527f4f13) Importer(815301076,1909f56bfc062723c751e8b465ee728b)
Start importing Assets/ThirdParty/Cartoon Coffee/2D Deluxe VFX/Prefabs/Bursts/Heart_Bursts_V2.prefab using Guid(d677c0cc6ac748c4c9b75d9c527f4f13) Importer(815301076,1909f56bfc062723c751e8b465ee728b)  -> (artifact id: '757bb48266d50ec335df83e58a8beaea') in 0.020513 seconds
Internal: There are remaining Allocations on the JobTempAlloc. This is a leak, and will impact performance
To Debug, run app with -diag-job-temp-memory-leak-validation cmd line argument. This will output the callstacks of the leaked allocations.
Number of updated asset objects reloaded before import = 0
Number of asset objects unloaded after import = 18
========================================================================
Received Import Request.
  Time since last request: 0.000022 seconds.
  path: Assets/ThirdParty/Cartoon Coffee/2D Deluxe VFX/Prefabs/Bursts/Impact_Smoke_V2.prefab
  artifactKey: Guid(976bb459464ca0e47833c9251ba8c205) Importer(815301076,1909f56bfc062723c751e8b465ee728b)
Start importing Assets/ThirdParty/Cartoon Coffee/2D Deluxe VFX/Prefabs/Bursts/Impact_Smoke_V2.prefab using Guid(976bb459464ca0e47833c9251ba8c205) Importer(815301076,1909f56bfc062723c751e8b465ee728b)  -> (artifact id: '0f3b295149506aea776a7b98070f75f9') in 0.021575 seconds
Internal: JobTempAlloc has allocations that are more than the maximum lifespan of 4 frames old - this is not allowed and likely a leak
To Debug, run app with -diag-job-temp-memory-leak-validation cmd line argument. This will output the callstacks of the leaked allocations.
Internal: There are remaining Allocations on the JobTempAlloc. This is a leak, and will impact performance
To Debug, run app with -diag-job-temp-memory-leak-validation cmd line argument. This will output the callstacks of the leaked allocations.
Number of updated asset objects reloaded before import = 0
Number of asset objects unloaded after import = 49
========================================================================
Received Import Request.
  Time since last request: 0.000022 seconds.
  path: Assets/ThirdParty/Cartoon Coffee/2D Deluxe VFX/Prefabs/Bursts/Impact_Star_V2.prefab
  artifactKey: Guid(ddd8c73046d4f364d969ed13ca53c644) Importer(815301076,1909f56bfc062723c751e8b465ee728b)
Start importing Assets/ThirdParty/Cartoon Coffee/2D Deluxe VFX/Prefabs/Bursts/Impact_Star_V2.prefab using Guid(ddd8c73046d4f364d969ed13ca53c644) Importer(815301076,1909f56bfc062723c751e8b465ee728b)  -> (artifact id: 'bbf9fdb9f43e03bb5227da19835e1dd0') in 0.019624 seconds
Internal: There are remaining Allocations on the JobTempAlloc. This is a leak, and will impact performance
To Debug, run app with -diag-job-temp-memory-leak-validation cmd line argument. This will output the callstacks of the leaked allocations.
Number of updated asset objects reloaded before import = 0
Number of asset objects unloaded after import = 33
========================================================================
Received Import Request.
  Time since last request: 0.000017 seconds.
  path: Assets/ThirdParty/Cartoon Coffee/2D Deluxe VFX/Prefabs/Bursts/Hex_Bursts_Center_V3.prefab
  artifactKey: Guid(9ac7c9cd34dfe93469296d9723b61192) Importer(815301076,1909f56bfc062723c751e8b465ee728b)
Start importing Assets/ThirdParty/Cartoon Coffee/2D Deluxe VFX/Prefabs/Bursts/Hex_Bursts_Center_V3.prefab using Guid(9ac7c9cd34dfe93469296d9723b61192) Importer(815301076,1909f56bfc062723c751e8b465ee728b)  -> (artifact id: '8bb67d08431304c0ce86f927b6d5bd2a') in 0.015178 seconds
Internal: There are remaining Allocations on the JobTempAlloc. This is a leak, and will impact performance
To Debug, run app with -diag-job-temp-memory-leak-validation cmd line argument. This will output the callstacks of the leaked allocations.
Number of updated asset objects reloaded before import = 0
Number of asset objects unloaded after import = 22
========================================================================
Received Import Request.
  Time since last request: 0.000013 seconds.
  path: Assets/ThirdParty/Cartoon Coffee/2D Deluxe VFX/Prefabs/Bursts/Impact_Sonar.prefab
  artifactKey: Guid(c98bbb5686fba314bbccabafe9920443) Importer(815301076,1909f56bfc062723c751e8b465ee728b)
Start importing Assets/ThirdParty/Cartoon Coffee/2D Deluxe VFX/Prefabs/Bursts/Impact_Sonar.prefab using Guid(c98bbb5686fba314bbccabafe9920443) Importer(815301076,1909f56bfc062723c751e8b465ee728b)  -> (artifact id: '4c09d8f4d34a48e52ab95332421aa30c') in 0.025332 seconds
Internal: There are remaining Allocations on the JobTempAlloc. This is a leak, and will impact performance
To Debug, run app with -diag-job-temp-memory-leak-validation cmd line argument. This will output the callstacks of the leaked allocations.
Number of updated asset objects reloaded before import = 0
Number of asset objects unloaded after import = 31
========================================================================
Received Import Request.
  Time since last request: 0.000015 seconds.
  path: Assets/ThirdParty/Cartoon Coffee/2D Deluxe VFX/Prefabs/Bursts/Hex_Buff_V3.prefab
  artifactKey: Guid(e072835119f957348aebf6b02bf2bc0e) Importer(815301076,1909f56bfc062723c751e8b465ee728b)
Start importing Assets/ThirdParty/Cartoon Coffee/2D Deluxe VFX/Prefabs/Bursts/Hex_Buff_V3.prefab using Guid(e072835119f957348aebf6b02bf2bc0e) Importer(815301076,1909f56bfc062723c751e8b465ee728b)  -> (artifact id: '0ba5258ff10dca64af760ed6a4788a7a') in 0.014339 seconds
Internal: There are remaining Allocations on the JobTempAlloc. This is a leak, and will impact performance
To Debug, run app with -diag-job-temp-memory-leak-validation cmd line argument. This will output the callstacks of the leaked allocations.
Number of updated asset objects reloaded before import = 0
Number of asset objects unloaded after import = 26
========================================================================
Received Import Request.
  Time since last request: 0.000019 seconds.
  path: Assets/ThirdParty/Cartoon Coffee/2D Deluxe VFX/Prefabs/Bursts/Heart_Bursts_V1.prefab
  artifactKey: Guid(d1623360ac0f1b2438b6325795c61322) Importer(815301076,1909f56bfc062723c751e8b465ee728b)
Start importing Assets/ThirdParty/Cartoon Coffee/2D Deluxe VFX/Prefabs/Bursts/Heart_Bursts_V1.prefab using Guid(d1623360ac0f1b2438b6325795c61322) Importer(815301076,1909f56bfc062723c751e8b465ee728b)  -> (artifact id: '025f4293176bddb675914b5b9bf42f9b') in 0.011871 seconds
Internal: There are remaining Allocations on the JobTempAlloc. This is a leak, and will impact performance
To Debug, run app with -diag-job-temp-memory-leak-validation cmd line argument. This will output the callstacks of the leaked allocations.
Number of updated asset objects reloaded before import = 0
Number of asset objects unloaded after import = 14
========================================================================
Received Prepare
Begin MonoManager ReloadAssembly
Internal: deleting an allocation that is older than its permitted lifetime of 4 frames (age = 11)
Internal: deleting an allocation that is older than its permitted lifetime of 4 frames (age = 11)
C:\build\output\Unity-Technologies\mono\mono\metadata\icall.c:1842:
C:\build\output\Unity-Technologies\mono\mono\metadata\icall.c:1842:
C:\build\output\Unity-Technologies\mono\mono\metadata\icall.c:1842:
C:\build\output\Unity-Technologies\mono\mono\metadata\icall.c:1842:
C:\build\output\Unity-Technologies\mono\mono\metadata\icall.c:1842:
C:\build\output\Unity-Technologies\mono\mono\metadata\icall.c:1842:
C:\build\output\Unity-Technologies\mono\mono\metadata\icall.c:1842:
C:\build\output\Unity-Technologies\mono\mono\metadata\icall.c:1842:
C:\build\output\Unity-Technologies\mono\mono\metadata\icall.c:1842:
C:\build\output\Unity-Technologies\mono\mono\metadata\icall.c:1842:
C:\build\output\Unity-Technologies\mono\mono\metadata\icall.c:1842:
C:\build\output\Unity-Technologies\mono\mono\metadata\icall.c:1842:
Symbol file LoadedFromMemory doesn't match image G:\Unity\UnityProjects\Git\Roguelike\Card Rouge-Like\Library\PackageCache\com.unity.visualscripting@1.8.0\Editor\VisualScripting.Core\Dependencies\YamlDotNet\Unity.VisualScripting.YamlDotNet.dll
Symbol file LoadedFromMemory doesn't match image G:\Unity\UnityProjects\Git\Roguelike\Card Rouge-Like\Library\PackageCache\com.unity.visualscripting@1.8.0\Editor\VisualScripting.Core\Dependencies\DotNetZip\Unity.VisualScripting.IonicZip.dll
- Loaded All Assemblies, in  0.710 seconds
Refreshing native plugins compatible for Editor in 2.87 ms, found 4 plugins.
Native extension for WindowsStandalone target not found
Mono: successfully reloaded assembly
- Finished resetting the current domain, in  1.275 seconds
Domain Reload Profiling: 1985ms
	BeginReloadAssembly (176ms)
		ExecutionOrderSort (0ms)
		DisableScriptedObjects (10ms)
		BackupInstance (0ms)
		ReleaseScriptingObjects (0ms)
		CreateAndSetChildDomain (57ms)
	RebuildCommonClasses (26ms)
	RebuildNativeTypeToScriptingClass (9ms)
	initialDomainReloadingComplete (23ms)
	LoadAllAssembliesAndSetupDomain (475ms)
		LoadAssemblies (306ms)
		RebuildTransferFunctionScriptingTraits (0ms)
		AnalyzeDomain (250ms)
			TypeCache.Refresh (231ms)
				TypeCache.ScanAssembly (216ms)
			ScanForSourceGeneratedMonoScriptInfo (9ms)
			ResolveRequiredComponents (9ms)
	FinalizeReload (1276ms)
		ReleaseScriptCaches (0ms)
		RebuildScriptCaches (0ms)
		SetupLoadedEditorAssemblies (504ms)
			LogAssemblyErrors (0ms)
			InitializePlatformSupportModulesInManaged (4ms)
			SetLoadedEditorAssemblies (4ms)
			BeforeProcessingInitializeOnLoad (107ms)
			ProcessInitializeOnLoadAttributes (356ms)
			ProcessInitializeOnLoadMethodAttributes (29ms)
			AfterProcessingInitializeOnLoad (3ms)
			EditorAssembliesLoaded (0ms)
		ExecutionOrderSort2 (0ms)
		AwakeInstancesAfterBackupRestoration (9ms)
Shader 'CartoonCoffee/Particle Additive': fallback shader '2' not found
Shader 'CartoonCoffee/Particle Basic': fallback shader '2' not found
Refreshing native plugins compatible for Editor in 3.92 ms, found 4 plugins.
Preloading 0 native plugins for Editor in 0.00 ms.
Unloading 6345 Unused Serialized files (Serialized files now loaded: 0)
Unloading 73 unused Assets / (3.0 MB). Loaded Objects now: 7054.
Memory consumption went from 229.6 MB to 226.6 MB.
Total: 9.438900 ms (FindLiveObjects: 0.865100 ms CreateObjectMapping: 0.272900 ms MarkObjects: 6.682100 ms  DeleteObjects: 1.617600 ms)

Prepare: number of updated asset objects reloaded= 0
AssetImportParameters requested are different than current active one (requested -> active):
  custom:scripting/monoscript/fileName/Loop.cs: 2370b78dd0fc43b5a23787c39e01a811 -> ae17ed71ecd620e5d8e62956cea59f5f
  custom:video-decoder-webm-vp8: 9c59270c3fd7afecdb556c50c9e8de78 -> 
  custom:SearchIndexIgnoredProperties: e643bd26f0fe6173181afceb89e7c659 -> 
  custom:audio-encoder-webm-vorbis: bf7c407c2cedff20999df2af8eb42d56 -> 
  custom:audio-decoder-ogg-vorbis: bf7c407c2cedff20999df2af8eb42d56 -> 
  custom:video-encoder-webm-vp8: eb34c28f22e8b96e1ab97ce403110664 -> 
  custom:framework-win-MediaFoundation: 216162199b28c13a410421893ffa2e32 -> 
  custom:scripting/monoscript/fileName/Head.cs: effa42c5e6fbe8576489e42a247346f1 -> c56fb235067b8e0497f6da9d15371435
  custom:scripting/monoscript/fileName/DeactivateChildren.cs: c46ab45fed332edf0852eb252739f5f1 -> 2ec65962b1db2fa346a082daae05acf1
  custom:video-decoder-ogg-theora: a1e56fd34408186e4bbccfd4996cb3dc -> 
  custom:scripting/monoscript/fileName/ParticleShaderGUI.cs: 29633d857ba2363500f3a9d991716822 -> a1e2a310364507765340d2c41374cb2a
  custom:container-muxer-webm: aa71ff27fc2769a1b78a27578f13a17b -> 
  custom:scripting/monoscript/fileName/SideMenu.cs: a799210d298ede5ecbc9c7c075599d93 -> 9761150cc6eb77e0ed9d86242d1e504d
  custom:scripting/monoscript/fileName/NewStatus.cs: 75d912a8793b342effbc35a68c6aa434 -> b1aed07bd9e38ef24dd5a3595061c89f
  custom:scripting/monoscript/fileName/DestroyParticleAtEnd.cs: f46d1a4f4bfbf50b99f103be4eb1070f -> 18e3fff07dc49242bb94039533742467
  custom:AudioImporter_EditorPlatform: d09bf68614088b80899f8185d706f6e7 -> 
  custom:scripting/monoscript/fileName/SceneManager.cs: c1f14fe61ae75adaa7e3669d2d9aeaa0 -> 658bd4a7887934f23b2f8ece63ab5689
  custom:scripting/monoscript/fileName/Target.cs: 5f3cec3875b5e41b4f252a12635f1bbc -> 61d7adde6752fc67910fe89f4f786d53
  custom:container-demuxer-ogg: 62fdf1f143b41e24485cea50d1cbac27 -> 
  custom:scripting/monoscript/fileName/ObjectMover.cs: 7bfc33524a4312979e0bb44b5770aa7d -> 771ad40c0bcdb5512b3ab21dee44eb79
  custom:scripting/monoscript/fileName/Body.cs: cd530b41b8162c4e0b9bfa7cedaa661d -> 1e782e221026fee41a4a12ebd6bfb8b9
  custom:scripting/monoscript/fileName/Player.cs: 5f440bf44c2dfb40ce03ddb92ca4ccf4 -> 0793851aedb7599a8396b57d24ab3cd2
  custom:scripting/monoscript/fileName/Floor.cs: 99adfee10d33afe3cb9442a0fa3c2ef4 -> dec408bc3291a4251e6d67eb0caee03a
  custom:scripting/monoscript/fileName/Projectile.cs: 2a1017c92bdfe8329c0d17e2eea8c4a8 -> c9ef408685a1f7b4e1742dddb467d09c
  custom:video-codec-MediaFoundation-h265: e54d7ab0439102e2317fc1e4b246158d -> 
  custom:CustomObjectIndexerAttribute: d54d2f2da18e7612c182cf67624b6b12 -> 
  custom:container-demuxer-webm: 4f35f7cbe854078d1ac9338744f61a02 -> 
========================================================================
Received Prepare
Begin MonoManager ReloadAssembly
C:\build\output\Unity-Technologies\mono\mono\metadata\icall.c:1842:
C:\build\output\Unity-Technologies\mono\mono\metadata\icall.c:1842:
C:\build\output\Unity-Technologies\mono\mono\metadata\icall.c:1842:
C:\build\output\Unity-Technologies\mono\mono\metadata\icall.c:1842:
C:\build\output\Unity-Technologies\mono\mono\metadata\icall.c:1842:
C:\build\output\Unity-Technologies\mono\mono\metadata\icall.c:1842:
C:\build\output\Unity-Technologies\mono\mono\metadata\icall.c:1842:
C:\build\output\Unity-Technologies\mono\mono\metadata\icall.c:1842:
C:\build\output\Unity-Technologies\mono\mono\metadata\icall.c:1842:
C:\build\output\Unity-Technologies\mono\mono\metadata\icall.c:1842:
C:\build\output\Unity-Technologies\mono\mono\metadata\icall.c:1842:
C:\build\output\Unity-Technologies\mono\mono\metadata\icall.c:1842:
Symbol file LoadedFromMemory doesn't match image G:\Unity\UnityProjects\Git\Roguelike\Card Rouge-Like\Library\PackageCache\com.unity.visualscripting@1.8.0\Editor\VisualScripting.Core\Dependencies\YamlDotNet\Unity.VisualScripting.YamlDotNet.dll
Symbol file LoadedFromMemory doesn't match image G:\Unity\UnityProjects\Git\Roguelike\Card Rouge-Like\Library\PackageCache\com.unity.visualscripting@1.8.0\Editor\VisualScripting.Core\Dependencies\DotNetZip\Unity.VisualScripting.IonicZip.dll
- Loaded All Assemblies, in  0.776 seconds
Refreshing native plugins compatible for Editor in 3.98 ms, found 4 plugins.
Native extension for WindowsStandalone target not found
Mono: successfully reloaded assembly
- Finished resetting the current domain, in  1.304 seconds
Domain Reload Profiling: 2079ms
	BeginReloadAssembly (175ms)
		ExecutionOrderSort (0ms)
		DisableScriptedObjects (11ms)
		BackupInstance (0ms)
		ReleaseScriptingObjects (0ms)
		CreateAndSetChildDomain (52ms)
	RebuildCommonClasses (27ms)
	RebuildNativeTypeToScriptingClass (9ms)
	initialDomainReloadingComplete (24ms)
	LoadAllAssembliesAndSetupDomain (540ms)
		LoadAssemblies (323ms)
		RebuildTransferFunctionScriptingTraits (0ms)
		AnalyzeDomain (299ms)
			TypeCache.Refresh (285ms)
				TypeCache.ScanAssembly (265ms)
			ScanForSourceGeneratedMonoScriptInfo (0ms)
			ResolveRequiredComponents (14ms)
	FinalizeReload (1305ms)
		ReleaseScriptCaches (0ms)
		RebuildScriptCaches (0ms)
		SetupLoadedEditorAssemblies (619ms)
			LogAssemblyErrors (0ms)
			InitializePlatformSupportModulesInManaged (5ms)
			SetLoadedEditorAssemblies (5ms)
			BeforeProcessingInitializeOnLoad (138ms)
			ProcessInitializeOnLoadAttributes (436ms)
			ProcessInitializeOnLoadMethodAttributes (33ms)
			AfterProcessingInitializeOnLoad (3ms)
			EditorAssembliesLoaded (0ms)
		ExecutionOrderSort2 (0ms)
		AwakeInstancesAfterBackupRestoration (9ms)
Shader 'CartoonCoffee/Particle Additive': fallback shader '2' not found
Shader 'CartoonCoffee/Particle Basic': fallback shader '2' not found
Refreshing native plugins compatible for Editor in 3.72 ms, found 4 plugins.
Preloading 0 native plugins for Editor in 0.00 ms.
Unloading 6345 Unused Serialized files (Serialized files now loaded: 0)
Unloading 70 unused Assets / (3.0 MB). Loaded Objects now: 7068.
Memory consumption went from 231.5 MB to 228.5 MB.
Total: 9.493500 ms (FindLiveObjects: 0.921000 ms CreateObjectMapping: 0.330600 ms MarkObjects: 6.534500 ms  DeleteObjects: 1.706500 ms)

Prepare: number of updated asset objects reloaded= 0
AssetImportParameters requested are different than current active one (requested -> active):
  custom:scripting/monoscript/fileName/Loop.cs: 2370b78dd0fc43b5a23787c39e01a811 -> ae17ed71ecd620e5d8e62956cea59f5f
  custom:video-decoder-webm-vp8: 9c59270c3fd7afecdb556c50c9e8de78 -> 
  custom:SearchIndexIgnoredProperties: e643bd26f0fe6173181afceb89e7c659 -> 
  custom:audio-encoder-webm-vorbis: bf7c407c2cedff20999df2af8eb42d56 -> 
  custom:audio-decoder-ogg-vorbis: bf7c407c2cedff20999df2af8eb42d56 -> 
  custom:video-encoder-webm-vp8: eb34c28f22e8b96e1ab97ce403110664 -> 
  custom:framework-win-MediaFoundation: 216162199b28c13a410421893ffa2e32 -> 
  custom:scripting/monoscript/fileName/Head.cs: effa42c5e6fbe8576489e42a247346f1 -> c56fb235067b8e0497f6da9d15371435
  custom:scripting/monoscript/fileName/DeactivateChildren.cs: c46ab45fed332edf0852eb252739f5f1 -> 2ec65962b1db2fa346a082daae05acf1
  custom:video-decoder-ogg-theora: a1e56fd34408186e4bbccfd4996cb3dc -> 
  custom:scripting/monoscript/fileName/ParticleShaderGUI.cs: 29633d857ba2363500f3a9d991716822 -> a1e2a310364507765340d2c41374cb2a
  custom:container-muxer-webm: aa71ff27fc2769a1b78a27578f13a17b -> 
  custom:scripting/monoscript/fileName/SideMenu.cs: a799210d298ede5ecbc9c7c075599d93 -> 9761150cc6eb77e0ed9d86242d1e504d
  custom:scripting/monoscript/fileName/NewStatus.cs: 75d912a8793b342effbc35a68c6aa434 -> b1aed07bd9e38ef24dd5a3595061c89f
  custom:scripting/monoscript/fileName/DestroyParticleAtEnd.cs: f46d1a4f4bfbf50b99f103be4eb1070f -> 18e3fff07dc49242bb94039533742467
  custom:AudioImporter_EditorPlatform: d09bf68614088b80899f8185d706f6e7 -> 
  custom:scripting/monoscript/fileName/SceneManager.cs: c1f14fe61ae75adaa7e3669d2d9aeaa0 -> 658bd4a7887934f23b2f8ece63ab5689
  custom:scripting/monoscript/fileName/Target.cs: 5f3cec3875b5e41b4f252a12635f1bbc -> 61d7adde6752fc67910fe89f4f786d53
  custom:container-demuxer-ogg: 62fdf1f143b41e24485cea50d1cbac27 -> 
  custom:scripting/monoscript/fileName/ObjectMover.cs: 7bfc33524a4312979e0bb44b5770aa7d -> 771ad40c0bcdb5512b3ab21dee44eb79
  custom:scripting/monoscript/fileName/Body.cs: cd530b41b8162c4e0b9bfa7cedaa661d -> 1e782e221026fee41a4a12ebd6bfb8b9
  custom:scripting/monoscript/fileName/Player.cs: 5f440bf44c2dfb40ce03ddb92ca4ccf4 -> 0793851aedb7599a8396b57d24ab3cd2
  custom:scripting/monoscript/fileName/Floor.cs: 99adfee10d33afe3cb9442a0fa3c2ef4 -> dec408bc3291a4251e6d67eb0caee03a
  custom:scripting/monoscript/fileName/Projectile.cs: 2a1017c92bdfe8329c0d17e2eea8c4a8 -> c9ef408685a1f7b4e1742dddb467d09c
  custom:video-codec-MediaFoundation-h265: e54d7ab0439102e2317fc1e4b246158d -> 
  custom:CustomObjectIndexerAttribute: d54d2f2da18e7612c182cf67624b6b12 -> 
  custom:container-demuxer-webm: 4f35f7cbe854078d1ac9338744f61a02 -> 
========================================================================
Received Import Request.
  Time since last request: 51.397582 seconds.
  path: Assets/Prefabs/Enemies/GoblinEnemy.prefab
  artifactKey: Guid(f968922b07294c644ae6d58df4b764bb) Importer(815301076,1909f56bfc062723c751e8b465ee728b)
Start importing Assets/Prefabs/Enemies/GoblinEnemy.prefab using Guid(f968922b07294c644ae6d58df4b764bb) Importer(815301076,1909f56bfc062723c751e8b465ee728b)  -> (artifact id: 'ae00d7294c37ceae3e5e352afc192cce') in 0.064442 seconds
Internal: There are remaining Allocations on the JobTempAlloc. This is a leak, and will impact performance
To Debug, run app with -diag-job-temp-memory-leak-validation cmd line argument. This will output the callstacks of the leaked allocations.
Number of updated asset objects reloaded before import = 0
Number of asset objects unloaded after import = 95
========================================================================
Received Import Request.
  Time since last request: 4.854721 seconds.
  path: Assets/Prefabs/Enemies/GoblinEnemy.prefab
  artifactKey: Guid(f968922b07294c644ae6d58df4b764bb) Importer(815301076,1909f56bfc062723c751e8b465ee728b)
Start importing Assets/Prefabs/Enemies/GoblinEnemy.prefab using Guid(f968922b07294c644ae6d58df4b764bb) Importer(815301076,1909f56bfc062723c751e8b465ee728b)  -> (artifact id: 'f9acb00e074aab56a78f2163bf485fd9') in 0.014025 seconds
Internal: There are remaining Allocations on the JobTempAlloc. This is a leak, and will impact performance
To Debug, run app with -diag-job-temp-memory-leak-validation cmd line argument. This will output the callstacks of the leaked allocations.
Number of updated asset objects reloaded before import = 0
Number of asset objects unloaded after import = 95
========================================================================
Received Import Request.
  Time since last request: 8.368982 seconds.
  path: Assets/ThirdParty/Cartoon Coffee/2D Slash VFX/Materials/CartoonCoffee_Glow_001-Add-[1.0].mat
  artifactKey: Guid(a4ac3b592fad982498d3fa88c28a844b) Importer(815301076,1909f56bfc062723c751e8b465ee728b)
Start importing Assets/ThirdParty/Cartoon Coffee/2D Slash VFX/Materials/CartoonCoffee_Glow_001-Add-[1.0].mat using Guid(a4ac3b592fad982498d3fa88c28a844b) Importer(815301076,1909f56bfc062723c751e8b465ee728b)  -> (artifact id: '525203eb3842245252c8544c3bc7b355') in 0.025075 seconds
Internal: There are remaining Allocations on the JobTempAlloc. This is a leak, and will impact performance
To Debug, run app with -diag-job-temp-memory-leak-validation cmd line argument. This will output the callstacks of the leaked allocations.
Number of updated asset objects reloaded before import = 0
Number of asset objects unloaded after import = 2
========================================================================
Received Prepare
Begin MonoManager ReloadAssembly
C:\build\output\Unity-Technologies\mono\mono\metadata\icall.c:1842:
C:\build\output\Unity-Technologies\mono\mono\metadata\icall.c:1842:
C:\build\output\Unity-Technologies\mono\mono\metadata\icall.c:1842:
C:\build\output\Unity-Technologies\mono\mono\metadata\icall.c:1842:
C:\build\output\Unity-Technologies\mono\mono\metadata\icall.c:1842:
C:\build\output\Unity-Technologies\mono\mono\metadata\icall.c:1842:
C:\build\output\Unity-Technologies\mono\mono\metadata\icall.c:1842:
C:\build\output\Unity-Technologies\mono\mono\metadata\icall.c:1842:
C:\build\output\Unity-Technologies\mono\mono\metadata\icall.c:1842:
C:\build\output\Unity-Technologies\mono\mono\metadata\icall.c:1842:
C:\build\output\Unity-Technologies\mono\mono\metadata\icall.c:1842:
C:\build\output\Unity-Technologies\mono\mono\metadata\icall.c:1842:
Symbol file LoadedFromMemory doesn't match image G:\Unity\UnityProjects\Git\Roguelike\Card Rouge-Like\Library\PackageCache\com.unity.visualscripting@1.8.0\Editor\VisualScripting.Core\Dependencies\YamlDotNet\Unity.VisualScripting.YamlDotNet.dll
Symbol file LoadedFromMemory doesn't match image G:\Unity\UnityProjects\Git\Roguelike\Card Rouge-Like\Library\PackageCache\com.unity.visualscripting@1.8.0\Editor\VisualScripting.Core\Dependencies\DotNetZip\Unity.VisualScripting.IonicZip.dll
- Loaded All Assemblies, in  0.655 seconds
Refreshing native plugins compatible for Editor in 2.61 ms, found 4 plugins.
Native extension for WindowsStandalone target not found
Mono: successfully reloaded assembly
- Finished resetting the current domain, in  1.192 seconds
Domain Reload Profiling: 1846ms
	BeginReloadAssembly (163ms)
		ExecutionOrderSort (0ms)
		DisableScriptedObjects (10ms)
		BackupInstance (0ms)
		ReleaseScriptingObjects (0ms)
		CreateAndSetChildDomain (51ms)
	RebuildCommonClasses (35ms)
	RebuildNativeTypeToScriptingClass (12ms)
	initialDomainReloadingComplete (24ms)
	LoadAllAssembliesAndSetupDomain (420ms)
		LoadAssemblies (258ms)
		RebuildTransferFunctionScriptingTraits (0ms)
		AnalyzeDomain (236ms)
			TypeCache.Refresh (226ms)
				TypeCache.ScanAssembly (213ms)
			ScanForSourceGeneratedMonoScriptInfo (0ms)
			ResolveRequiredComponents (9ms)
	FinalizeReload (1193ms)
		ReleaseScriptCaches (0ms)
		RebuildScriptCaches (0ms)
		SetupLoadedEditorAssemblies (549ms)
			LogAssemblyErrors (0ms)
			InitializePlatformSupportModulesInManaged (6ms)
			SetLoadedEditorAssemblies (4ms)
			BeforeProcessingInitializeOnLoad (107ms)
			ProcessInitializeOnLoadAttributes (401ms)
			ProcessInitializeOnLoadMethodAttributes (28ms)
			AfterProcessingInitializeOnLoad (3ms)
			EditorAssembliesLoaded (0ms)
		ExecutionOrderSort2 (0ms)
		AwakeInstancesAfterBackupRestoration (8ms)
Shader 'CartoonCoffee/Particle Additive': fallback shader '2' not found
Shader 'CartoonCoffee/Particle Basic': fallback shader '2' not found
Refreshing native plugins compatible for Editor in 3.96 ms, found 4 plugins.
Preloading 0 native plugins for Editor in 0.00 ms.
Unloading 6345 Unused Serialized files (Serialized files now loaded: 0)
Unloading 71 unused Assets / (3.0 MB). Loaded Objects now: 7115.
Memory consumption went from 233.7 MB to 230.7 MB.
Total: 6.980400 ms (FindLiveObjects: 0.535800 ms CreateObjectMapping: 0.160200 ms MarkObjects: 4.915400 ms  DeleteObjects: 1.368000 ms)

Prepare: number of updated asset objects reloaded= 0
AssetImportParameters requested are different than current active one (requested -> active):
  custom:scripting/monoscript/fileName/Loop.cs: 2370b78dd0fc43b5a23787c39e01a811 -> ae17ed71ecd620e5d8e62956cea59f5f
  custom:video-decoder-webm-vp8: 9c59270c3fd7afecdb556c50c9e8de78 -> 
  custom:SearchIndexIgnoredProperties: e643bd26f0fe6173181afceb89e7c659 -> 
  custom:audio-encoder-webm-vorbis: bf7c407c2cedff20999df2af8eb42d56 -> 
  custom:audio-decoder-ogg-vorbis: bf7c407c2cedff20999df2af8eb42d56 -> 
  custom:video-encoder-webm-vp8: eb34c28f22e8b96e1ab97ce403110664 -> 
  custom:framework-win-MediaFoundation: 216162199b28c13a410421893ffa2e32 -> 
  custom:scripting/monoscript/fileName/Head.cs: effa42c5e6fbe8576489e42a247346f1 -> c56fb235067b8e0497f6da9d15371435
  custom:scripting/monoscript/fileName/DeactivateChildren.cs: c46ab45fed332edf0852eb252739f5f1 -> 2ec65962b1db2fa346a082daae05acf1
  custom:video-decoder-ogg-theora: a1e56fd34408186e4bbccfd4996cb3dc -> 
  custom:scripting/monoscript/fileName/ParticleShaderGUI.cs: 29633d857ba2363500f3a9d991716822 -> a1e2a310364507765340d2c41374cb2a
  custom:container-muxer-webm: aa71ff27fc2769a1b78a27578f13a17b -> 
  custom:scripting/monoscript/fileName/SideMenu.cs: a799210d298ede5ecbc9c7c075599d93 -> 9761150cc6eb77e0ed9d86242d1e504d
  custom:scripting/monoscript/fileName/NewStatus.cs: 75d912a8793b342effbc35a68c6aa434 -> b1aed07bd9e38ef24dd5a3595061c89f
  custom:scripting/monoscript/fileName/DestroyParticleAtEnd.cs: f46d1a4f4bfbf50b99f103be4eb1070f -> 18e3fff07dc49242bb94039533742467
  custom:AudioImporter_EditorPlatform: d09bf68614088b80899f8185d706f6e7 -> 
  custom:scripting/monoscript/fileName/SceneManager.cs: c1f14fe61ae75adaa7e3669d2d9aeaa0 -> 658bd4a7887934f23b2f8ece63ab5689
  custom:scripting/monoscript/fileName/Target.cs: 5f3cec3875b5e41b4f252a12635f1bbc -> 61d7adde6752fc67910fe89f4f786d53
  custom:container-demuxer-ogg: 62fdf1f143b41e24485cea50d1cbac27 -> 
  custom:scripting/monoscript/fileName/ObjectMover.cs: 7bfc33524a4312979e0bb44b5770aa7d -> 771ad40c0bcdb5512b3ab21dee44eb79
  custom:scripting/monoscript/fileName/Body.cs: cd530b41b8162c4e0b9bfa7cedaa661d -> 1e782e221026fee41a4a12ebd6bfb8b9
  custom:scripting/monoscript/fileName/Player.cs: 5f440bf44c2dfb40ce03ddb92ca4ccf4 -> 0793851aedb7599a8396b57d24ab3cd2
  custom:scripting/monoscript/fileName/Floor.cs: 99adfee10d33afe3cb9442a0fa3c2ef4 -> dec408bc3291a4251e6d67eb0caee03a
  custom:scripting/monoscript/fileName/Projectile.cs: 2a1017c92bdfe8329c0d17e2eea8c4a8 -> c9ef408685a1f7b4e1742dddb467d09c
  custom:video-codec-MediaFoundation-h265: e54d7ab0439102e2317fc1e4b246158d -> 
  custom:CustomObjectIndexerAttribute: d54d2f2da18e7612c182cf67624b6b12 -> 
  custom:container-demuxer-webm: 4f35f7cbe854078d1ac9338744f61a02 -> 
========================================================================
Received Import Request.
  Time since last request: 24.795666 seconds.
  path: Assets/Prefabs/Items/Data/Weapons/Swords/GoldSword.asset
  artifactKey: Guid(c8583033f64fbab4abb9cc435cd68aad) Importer(815301076,1909f56bfc062723c751e8b465ee728b)
Start importing Assets/Prefabs/Items/Data/Weapons/Swords/GoldSword.asset using Guid(c8583033f64fbab4abb9cc435cd68aad) Importer(815301076,1909f56bfc062723c751e8b465ee728b)  -> (artifact id: '3e2fe0cb6392fe2084a6c2834e35d36b') in 0.021597 seconds
Number of updated asset objects reloaded before import = 0
Number of asset objects unloaded after import = 65
========================================================================
Received Prepare
Begin MonoManager ReloadAssembly
C:\build\output\Unity-Technologies\mono\mono\metadata\icall.c:1842:
C:\build\output\Unity-Technologies\mono\mono\metadata\icall.c:1842:
C:\build\output\Unity-Technologies\mono\mono\metadata\icall.c:1842:
C:\build\output\Unity-Technologies\mono\mono\metadata\icall.c:1842:
C:\build\output\Unity-Technologies\mono\mono\metadata\icall.c:1842:
C:\build\output\Unity-Technologies\mono\mono\metadata\icall.c:1842:
C:\build\output\Unity-Technologies\mono\mono\metadata\icall.c:1842:
C:\build\output\Unity-Technologies\mono\mono\metadata\icall.c:1842:
C:\build\output\Unity-Technologies\mono\mono\metadata\icall.c:1842:
C:\build\output\Unity-Technologies\mono\mono\metadata\icall.c:1842:
C:\build\output\Unity-Technologies\mono\mono\metadata\icall.c:1842:
C:\build\output\Unity-Technologies\mono\mono\metadata\icall.c:1842:
Symbol file LoadedFromMemory doesn't match image G:\Unity\UnityProjects\Git\Roguelike\Card Rouge-Like\Library\PackageCache\com.unity.visualscripting@1.8.0\Editor\VisualScripting.Core\Dependencies\YamlDotNet\Unity.VisualScripting.YamlDotNet.dll
Symbol file LoadedFromMemory doesn't match image G:\Unity\UnityProjects\Git\Roguelike\Card Rouge-Like\Library\PackageCache\com.unity.visualscripting@1.8.0\Editor\VisualScripting.Core\Dependencies\DotNetZip\Unity.VisualScripting.IonicZip.dll
- Loaded All Assemblies, in  0.618 seconds
Refreshing native plugins compatible for Editor in 2.66 ms, found 4 plugins.
Native extension for WindowsStandalone target not found
Mono: successfully reloaded assembly
- Finished resetting the current domain, in  1.132 seconds
Domain Reload Profiling: 1750ms
	BeginReloadAssembly (156ms)
		ExecutionOrderSort (0ms)
		DisableScriptedObjects (11ms)
		BackupInstance (0ms)
		ReleaseScriptingObjects (0ms)
		CreateAndSetChildDomain (48ms)
	RebuildCommonClasses (29ms)
	RebuildNativeTypeToScriptingClass (12ms)
	initialDomainReloadingComplete (18ms)
	LoadAllAssembliesAndSetupDomain (403ms)
		LoadAssemblies (238ms)
		RebuildTransferFunctionScriptingTraits (0ms)
		AnalyzeDomain (234ms)
			TypeCache.Refresh (224ms)
				TypeCache.ScanAssembly (213ms)
			ScanForSourceGeneratedMonoScriptInfo (0ms)
			ResolveRequiredComponents (9ms)
	FinalizeReload (1133ms)
		ReleaseScriptCaches (0ms)
		RebuildScriptCaches (0ms)
		SetupLoadedEditorAssemblies (512ms)
			LogAssemblyErrors (0ms)
			InitializePlatformSupportModulesInManaged (5ms)
			SetLoadedEditorAssemblies (4ms)
			BeforeProcessingInitializeOnLoad (99ms)
			ProcessInitializeOnLoadAttributes (376ms)
			ProcessInitializeOnLoadMethodAttributes (26ms)
			AfterProcessingInitializeOnLoad (2ms)
			EditorAssembliesLoaded (0ms)
		ExecutionOrderSort2 (0ms)
		AwakeInstancesAfterBackupRestoration (6ms)
Shader 'CartoonCoffee/Particle Additive': fallback shader '2' not found
Shader 'CartoonCoffee/Particle Basic': fallback shader '2' not found
Refreshing native plugins compatible for Editor in 2.88 ms, found 4 plugins.
Preloading 0 native plugins for Editor in 0.00 ms.
Unloading 6345 Unused Serialized files (Serialized files now loaded: 0)
Unloading 70 unused Assets / (3.0 MB). Loaded Objects now: 7129.
Memory consumption went from 235.6 MB to 232.6 MB.
Total: 6.713700 ms (FindLiveObjects: 0.668200 ms CreateObjectMapping: 0.392600 ms MarkObjects: 4.591100 ms  DeleteObjects: 1.060900 ms)

Prepare: number of updated asset objects reloaded= 0
AssetImportParameters requested are different than current active one (requested -> active):
  custom:scripting/monoscript/fileName/Loop.cs: 2370b78dd0fc43b5a23787c39e01a811 -> ae17ed71ecd620e5d8e62956cea59f5f
  custom:video-decoder-webm-vp8: 9c59270c3fd7afecdb556c50c9e8de78 -> 
  custom:SearchIndexIgnoredProperties: e643bd26f0fe6173181afceb89e7c659 -> 
  custom:audio-encoder-webm-vorbis: bf7c407c2cedff20999df2af8eb42d56 -> 
  custom:audio-decoder-ogg-vorbis: bf7c407c2cedff20999df2af8eb42d56 -> 
  custom:video-encoder-webm-vp8: eb34c28f22e8b96e1ab97ce403110664 -> 
  custom:framework-win-MediaFoundation: 216162199b28c13a410421893ffa2e32 -> 
  custom:scripting/monoscript/fileName/Head.cs: effa42c5e6fbe8576489e42a247346f1 -> c56fb235067b8e0497f6da9d15371435
  custom:scripting/monoscript/fileName/DeactivateChildren.cs: c46ab45fed332edf0852eb252739f5f1 -> 2ec65962b1db2fa346a082daae05acf1
  custom:video-decoder-ogg-theora: a1e56fd34408186e4bbccfd4996cb3dc -> 
  custom:scripting/monoscript/fileName/ParticleShaderGUI.cs: 29633d857ba2363500f3a9d991716822 -> a1e2a310364507765340d2c41374cb2a
  custom:container-muxer-webm: aa71ff27fc2769a1b78a27578f13a17b -> 
  custom:scripting/monoscript/fileName/SideMenu.cs: a799210d298ede5ecbc9c7c075599d93 -> 9761150cc6eb77e0ed9d86242d1e504d
  custom:scripting/monoscript/fileName/NewStatus.cs: 75d912a8793b342effbc35a68c6aa434 -> b1aed07bd9e38ef24dd5a3595061c89f
  custom:scripting/monoscript/fileName/DestroyParticleAtEnd.cs: f46d1a4f4bfbf50b99f103be4eb1070f -> 18e3fff07dc49242bb94039533742467
  custom:AudioImporter_EditorPlatform: d09bf68614088b80899f8185d706f6e7 -> 
  custom:scripting/monoscript/fileName/SceneManager.cs: c1f14fe61ae75adaa7e3669d2d9aeaa0 -> 658bd4a7887934f23b2f8ece63ab5689
  custom:scripting/monoscript/fileName/Target.cs: 5f3cec3875b5e41b4f252a12635f1bbc -> 61d7adde6752fc67910fe89f4f786d53
  custom:container-demuxer-ogg: 62fdf1f143b41e24485cea50d1cbac27 -> 
  custom:scripting/monoscript/fileName/ObjectMover.cs: 7bfc33524a4312979e0bb44b5770aa7d -> 771ad40c0bcdb5512b3ab21dee44eb79
  custom:scripting/monoscript/fileName/Body.cs: cd530b41b8162c4e0b9bfa7cedaa661d -> 1e782e221026fee41a4a12ebd6bfb8b9
  custom:scripting/monoscript/fileName/Player.cs: 5f440bf44c2dfb40ce03ddb92ca4ccf4 -> 0793851aedb7599a8396b57d24ab3cd2
  custom:scripting/monoscript/fileName/Floor.cs: 99adfee10d33afe3cb9442a0fa3c2ef4 -> dec408bc3291a4251e6d67eb0caee03a
  custom:scripting/monoscript/fileName/Projectile.cs: 2a1017c92bdfe8329c0d17e2eea8c4a8 -> c9ef408685a1f7b4e1742dddb467d09c
  custom:video-codec-MediaFoundation-h265: e54d7ab0439102e2317fc1e4b246158d -> 
  custom:CustomObjectIndexerAttribute: d54d2f2da18e7612c182cf67624b6b12 -> 
  custom:container-demuxer-webm: 4f35f7cbe854078d1ac9338744f61a02 -> 
========================================================================
Received Import Request.
  Time since last request: 65.585341 seconds.
  path: Assets/ThirdParty/Cartoon Coffee/2D Deluxe VFX/Textures/Glow_001.png
  artifactKey: Guid(8e280e089bc2e37409063ebe49eee45d) Importer(815301076,1909f56bfc062723c751e8b465ee728b)
Start importing Assets/ThirdParty/Cartoon Coffee/2D Deluxe VFX/Textures/Glow_001.png using Guid(8e280e089bc2e37409063ebe49eee45d) Importer(815301076,1909f56bfc062723c751e8b465ee728b)  -> (artifact id: '32143d2e621ec9e7b43dcb898029ba45') in 0.067903 seconds
Number of updated asset objects reloaded before import = 0
Number of asset objects unloaded after import = 3
========================================================================
Received Import Request.
  Time since last request: 0.000015 seconds.
  path: Assets/Art/New/Shields/Gabriels Shield.psd
  artifactKey: Guid(56815eecce28c574d902a6032801919a) Importer(815301076,1909f56bfc062723c751e8b465ee728b)
Start importing Assets/Art/New/Shields/Gabriels Shield.psd using Guid(56815eecce28c574d902a6032801919a) Importer(815301076,1909f56bfc062723c751e8b465ee728b)  -> (artifact id: 'b7d6ff5cb0d820e09e642df6ea33124d') in 0.016319 seconds
Number of updated asset objects reloaded before import = 0
Number of asset objects unloaded after import = 3
========================================================================
Received Import Request.
  Time since last request: 0.000016 seconds.
  path: Assets/ThirdParty/Cartoon Coffee/2D Deluxe VFX/Textures/Glass_002.png
  artifactKey: Guid(4d92328744ac3514ea45c316c178e2ac) Importer(815301076,1909f56bfc062723c751e8b465ee728b)
Start importing Assets/ThirdParty/Cartoon Coffee/2D Deluxe VFX/Textures/Glass_002.png using Guid(4d92328744ac3514ea45c316c178e2ac) Importer(815301076,1909f56bfc062723c751e8b465ee728b)  -> (artifact id: 'e4971a7b7520f087e21ea04742a4e27e') in 0.016817 seconds
Number of updated asset objects reloaded before import = 0
Number of asset objects unloaded after import = 3
========================================================================
Received Import Request.
  Time since last request: 0.000019 seconds.
  path: Assets/ThirdParty/Cartoon Coffee/2D Deluxe VFX/Masks/Glass_001_Mask_001.png
  artifactKey: Guid(ecbbc07bb826e9e4198fa41af6f47d03) Importer(815301076,1909f56bfc062723c751e8b465ee728b)
Start importing Assets/ThirdParty/Cartoon Coffee/2D Deluxe VFX/Masks/Glass_001_Mask_001.png using Guid(ecbbc07bb826e9e4198fa41af6f47d03) Importer(815301076,1909f56bfc062723c751e8b465ee728b)  -> (artifact id: '2502bc0c2d44c0d2391d81c4bb100767') in 0.014890 seconds
Number of updated asset objects reloaded before import = 0
Number of asset objects unloaded after import = 3
========================================================================
Received Prepare
Begin MonoManager ReloadAssembly
C:\build\output\Unity-Technologies\mono\mono\metadata\icall.c:1842:
C:\build\output\Unity-Technologies\mono\mono\metadata\icall.c:1842:
C:\build\output\Unity-Technologies\mono\mono\metadata\icall.c:1842:
C:\build\output\Unity-Technologies\mono\mono\metadata\icall.c:1842:
C:\build\output\Unity-Technologies\mono\mono\metadata\icall.c:1842:
C:\build\output\Unity-Technologies\mono\mono\metadata\icall.c:1842:
C:\build\output\Unity-Technologies\mono\mono\metadata\icall.c:1842:
C:\build\output\Unity-Technologies\mono\mono\metadata\icall.c:1842:
C:\build\output\Unity-Technologies\mono\mono\metadata\icall.c:1842:
C:\build\output\Unity-Technologies\mono\mono\metadata\icall.c:1842:
C:\build\output\Unity-Technologies\mono\mono\metadata\icall.c:1842:
C:\build\output\Unity-Technologies\mono\mono\metadata\icall.c:1842:
Symbol file LoadedFromMemory doesn't match image G:\Unity\UnityProjects\Git\Roguelike\Card Rouge-Like\Library\PackageCache\com.unity.visualscripting@1.8.0\Editor\VisualScripting.Core\Dependencies\YamlDotNet\Unity.VisualScripting.YamlDotNet.dll
Symbol file LoadedFromMemory doesn't match image G:\Unity\UnityProjects\Git\Roguelike\Card Rouge-Like\Library\PackageCache\com.unity.visualscripting@1.8.0\Editor\VisualScripting.Core\Dependencies\DotNetZip\Unity.VisualScripting.IonicZip.dll
- Loaded All Assemblies, in  0.665 seconds
Refreshing native plugins compatible for Editor in 3.09 ms, found 4 plugins.
Native extension for WindowsStandalone target not found
Mono: successfully reloaded assembly
- Finished resetting the current domain, in  1.239 seconds
Domain Reload Profiling: 1903ms
	BeginReloadAssembly (164ms)
		ExecutionOrderSort (0ms)
		DisableScriptedObjects (11ms)
		BackupInstance (0ms)
		ReleaseScriptingObjects (0ms)
		CreateAndSetChildDomain (52ms)
	RebuildCommonClasses (24ms)
	RebuildNativeTypeToScriptingClass (9ms)
	initialDomainReloadingComplete (20ms)
	LoadAllAssembliesAndSetupDomain (447ms)
		LoadAssemblies (280ms)
		RebuildTransferFunctionScriptingTraits (0ms)
		AnalyzeDomain (240ms)
			TypeCache.Refresh (228ms)
				TypeCache.ScanAssembly (215ms)
			ScanForSourceGeneratedMonoScriptInfo (0ms)
			ResolveRequiredComponents (11ms)
	FinalizeReload (1239ms)
		ReleaseScriptCaches (0ms)
		RebuildScriptCaches (0ms)
		SetupLoadedEditorAssemblies (558ms)
			LogAssemblyErrors (0ms)
			InitializePlatformSupportModulesInManaged (4ms)
			SetLoadedEditorAssemblies (5ms)
			BeforeProcessingInitializeOnLoad (112ms)
			ProcessInitializeOnLoadAttributes (402ms)
			ProcessInitializeOnLoadMethodAttributes (33ms)
			AfterProcessingInitializeOnLoad (2ms)
			EditorAssembliesLoaded (0ms)
		ExecutionOrderSort2 (0ms)
		AwakeInstancesAfterBackupRestoration (7ms)
Shader 'CartoonCoffee/Particle Additive': fallback shader '2' not found
Shader 'CartoonCoffee/Particle Basic': fallback shader '2' not found
Refreshing native plugins compatible for Editor in 3.86 ms, found 4 plugins.
Preloading 0 native plugins for Editor in 0.00 ms.
Unloading 6345 Unused Serialized files (Serialized files now loaded: 0)
Unloading 70 unused Assets / (3.0 MB). Loaded Objects now: 7145.
Memory consumption went from 237.5 MB to 234.6 MB.
Total: 8.808400 ms (FindLiveObjects: 0.836600 ms CreateObjectMapping: 0.197900 ms MarkObjects: 6.014400 ms  DeleteObjects: 1.754700 ms)

Prepare: number of updated asset objects reloaded= 0
AssetImportParameters requested are different than current active one (requested -> active):
  custom:scripting/monoscript/fileName/Loop.cs: 2370b78dd0fc43b5a23787c39e01a811 -> ae17ed71ecd620e5d8e62956cea59f5f
  custom:video-decoder-webm-vp8: 9c59270c3fd7afecdb556c50c9e8de78 -> 
  custom:SearchIndexIgnoredProperties: e643bd26f0fe6173181afceb89e7c659 -> 
  custom:audio-encoder-webm-vorbis: bf7c407c2cedff20999df2af8eb42d56 -> 
  custom:audio-decoder-ogg-vorbis: bf7c407c2cedff20999df2af8eb42d56 -> 
  custom:video-encoder-webm-vp8: eb34c28f22e8b96e1ab97ce403110664 -> 
  custom:framework-win-MediaFoundation: 216162199b28c13a410421893ffa2e32 -> 
  custom:scripting/monoscript/fileName/Head.cs: effa42c5e6fbe8576489e42a247346f1 -> c56fb235067b8e0497f6da9d15371435
  custom:scripting/monoscript/fileName/DeactivateChildren.cs: c46ab45fed332edf0852eb252739f5f1 -> 2ec65962b1db2fa346a082daae05acf1
  custom:video-decoder-ogg-theora: a1e56fd34408186e4bbccfd4996cb3dc -> 
  custom:scripting/monoscript/fileName/ParticleShaderGUI.cs: 29633d857ba2363500f3a9d991716822 -> a1e2a310364507765340d2c41374cb2a
  custom:container-muxer-webm: aa71ff27fc2769a1b78a27578f13a17b -> 
  custom:scripting/monoscript/fileName/SideMenu.cs: a799210d298ede5ecbc9c7c075599d93 -> 9761150cc6eb77e0ed9d86242d1e504d
  custom:scripting/monoscript/fileName/NewStatus.cs: 75d912a8793b342effbc35a68c6aa434 -> b1aed07bd9e38ef24dd5a3595061c89f
  custom:scripting/monoscript/fileName/DestroyParticleAtEnd.cs: f46d1a4f4bfbf50b99f103be4eb1070f -> 18e3fff07dc49242bb94039533742467
  custom:AudioImporter_EditorPlatform: d09bf68614088b80899f8185d706f6e7 -> 
  custom:scripting/monoscript/fileName/SceneManager.cs: c1f14fe61ae75adaa7e3669d2d9aeaa0 -> 658bd4a7887934f23b2f8ece63ab5689
  custom:scripting/monoscript/fileName/Target.cs: 5f3cec3875b5e41b4f252a12635f1bbc -> 61d7adde6752fc67910fe89f4f786d53
  custom:container-demuxer-ogg: 62fdf1f143b41e24485cea50d1cbac27 -> 
  custom:scripting/monoscript/fileName/ObjectMover.cs: 7bfc33524a4312979e0bb44b5770aa7d -> 771ad40c0bcdb5512b3ab21dee44eb79
  custom:scripting/monoscript/fileName/Body.cs: cd530b41b8162c4e0b9bfa7cedaa661d -> 1e782e221026fee41a4a12ebd6bfb8b9
  custom:scripting/monoscript/fileName/Player.cs: 5f440bf44c2dfb40ce03ddb92ca4ccf4 -> 0793851aedb7599a8396b57d24ab3cd2
  custom:scripting/monoscript/fileName/Floor.cs: 99adfee10d33afe3cb9442a0fa3c2ef4 -> dec408bc3291a4251e6d67eb0caee03a
  custom:scripting/monoscript/fileName/Projectile.cs: 2a1017c92bdfe8329c0d17e2eea8c4a8 -> c9ef408685a1f7b4e1742dddb467d09c
  custom:video-codec-MediaFoundation-h265: e54d7ab0439102e2317fc1e4b246158d -> 
  custom:CustomObjectIndexerAttribute: d54d2f2da18e7612c182cf67624b6b12 -> 
  custom:container-demuxer-webm: 4f35f7cbe854078d1ac9338744f61a02 -> 
Editor requested this worker to shutdown with reason: Scaling down because of idle timeout
AssetImportWorker is now disconnected from the server
Process exiting
Exiting without the bug reporter. Application will terminate with return code 0