Using pre-set license
Built from '2023.1/staging' branch; Version is '2023.1.20f1 (35a524b12060) revision 3515684'; Using compiler version '192829333'; Build Type 'Release'
OS: 'Windows 10  (10.0.19045) 64bit Professional' Language: 'en' Physical Memory: 32674 MB
BatchMode: 1, IsHumanControllingUs: 0, StartBugReporterOnCrash: 0, Is64bit: 1, IsPro: 1

COMMAND LINE ARGUMENTS:
G:\Unity\UnityVersions\2023.1.20f1\Editor\Unity.exe
-adb2
-batchMode
-noUpm
-name
AssetImportWorker8
-projectPath
G:/Unity/UnityProjects/Git/Roguelike/Card Rouge-Like
-logFile
Logs/AssetImportWorker8.log
-srvPort
54861
Successfully changed project path to: G:/Unity/UnityProjects/Git/Roguelike/Card Rouge-Like
G:/Unity/UnityProjects/Git/Roguelike/Card Rouge-Like
[UnityMemory] Configuration Parameters - Can be set up in boot.config
    "memorysetup-bucket-allocator-granularity=16"
    "memorysetup-bucket-allocator-bucket-count=8"
    "memorysetup-bucket-allocator-block-size=33554432"
    "memorysetup-bucket-allocator-block-count=8"
    "memorysetup-main-allocator-block-size=16777216"
    "memorysetup-thread-allocator-block-size=16777216"
    "memorysetup-gfx-main-allocator-block-size=16777216"
    "memorysetup-gfx-thread-allocator-block-size=16777216"
    "memorysetup-cache-allocator-block-size=4194304"
    "memorysetup-typetree-allocator-block-size=2097152"
    "memorysetup-profiler-bucket-allocator-granularity=16"
    "memorysetup-profiler-bucket-allocator-bucket-count=8"
    "memorysetup-profiler-bucket-allocator-block-size=33554432"
    "memorysetup-profiler-bucket-allocator-block-count=8"
    "memorysetup-profiler-allocator-block-size=16777216"
    "memorysetup-profiler-editor-allocator-block-size=1048576"
    "memorysetup-temp-allocator-size-main=16777216"
    "memorysetup-job-temp-allocator-block-size=2097152"
    "memorysetup-job-temp-allocator-block-size-background=1048576"
    "memorysetup-job-temp-allocator-reduction-small-platforms=262144"
    "memorysetup-allocator-temp-initial-block-size-main=262144"
    "memorysetup-allocator-temp-initial-block-size-worker=262144"
    "memorysetup-temp-allocator-size-background-worker=32768"
    "memorysetup-temp-allocator-size-job-worker=262144"
    "memorysetup-temp-allocator-size-preload-manager=33554432"
    "memorysetup-temp-allocator-size-nav-mesh-worker=65536"
    "memorysetup-temp-allocator-size-audio-worker=65536"
    "memorysetup-temp-allocator-size-cloud-worker=32768"
    "memorysetup-temp-allocator-size-gi-baking-worker=262144"
    "memorysetup-temp-allocator-size-gfx=262144"
Player connection [42152] Host "[IP] 192.168.0.137 [Port] 0 [Flags] 2 [Guid] 244082569 [EditorId] 244082569 [Version] 1048832 [Id] WindowsEditor(7,DESKTOP-26UP572) [Debug] 1 [PackageName] WindowsEditor [ProjectName] Editor" joined multi-casting on [225.0.0.222:54997]...

Player connection [42152] Host "[IP] 192.168.0.137 [Port] 0 [Flags] 2 [Guid] 244082569 [EditorId] 244082569 [Version] 1048832 [Id] WindowsEditor(7,DESKTOP-26UP572) [Debug] 1 [PackageName] WindowsEditor [ProjectName] Editor" joined alternative multi-casting on [225.0.0.222:34997]...

[Physics::Module] Initialized MultithreadedJobDispatcher with 23 workers.
Library Redirect Path: Library/Refreshing native plugins compatible for Editor in 9.32 ms, found 4 plugins.
Preloading 0 native plugins for Editor in 0.00 ms.
Initialize engine version: 2023.1.20f1 (35a524b12060)
[Subsystems] Discovering subsystems at path G:/Unity/UnityVersions/2023.1.20f1/Editor/Data/Resources/UnitySubsystems
[Subsystems] Discovering subsystems at path G:/Unity/UnityProjects/Git/Roguelike/Card Rouge-Like/Assets
GfxDevice: creating device client; threaded=0; jobified=0
Direct3D:
    Version:  Direct3D 11.0 [level 11.1]
    Renderer: NVIDIA GeForce RTX 3080 (ID=0x2216)
    Vendor:   NVIDIA
    VRAM:     10067 MB
    Driver:   31.0.15.3667
Initialize mono
Mono path[0] = 'G:/Unity/UnityVersions/2023.1.20f1/Editor/Data/Managed'
Mono path[1] = 'G:/Unity/UnityVersions/2023.1.20f1/Editor/Data/MonoBleedingEdge/lib/mono/unityjit-win32'
Mono config path = 'G:/Unity/UnityVersions/2023.1.20f1/Editor/Data/MonoBleedingEdge/etc'
Using monoOptions --debugger-agent=transport=dt_socket,embedding=1,server=y,suspend=n,address=127.0.0.1:56796
Begin MonoManager ReloadAssembly
C:\build\output\Unity-Technologies\mono\mono\metadata\icall.c:1842:
C:\build\output\Unity-Technologies\mono\mono\metadata\icall.c:1842:
C:\build\output\Unity-Technologies\mono\mono\metadata\icall.c:1842:
C:\build\output\Unity-Technologies\mono\mono\metadata\icall.c:1842:
C:\build\output\Unity-Technologies\mono\mono\metadata\icall.c:1842:
C:\build\output\Unity-Technologies\mono\mono\metadata\icall.c:1842:
C:\build\output\Unity-Technologies\mono\mono\metadata\icall.c:1842:
C:\build\output\Unity-Technologies\mono\mono\metadata\icall.c:1842:
C:\build\output\Unity-Technologies\mono\mono\metadata\icall.c:1842:
C:\build\output\Unity-Technologies\mono\mono\metadata\icall.c:1842:
Registering precompiled unity dll's ...
Register platform support module: G:/Unity/UnityVersions/2023.1.20f1/Editor/Data/PlaybackEngines/WindowsStandaloneSupport/UnityEditor.WindowsStandalone.Extensions.dll
Registered in 0.001682 seconds.
- Loaded All Assemblies, in  0.297 seconds
Native extension for WindowsStandalone target not found
Mono: successfully reloaded assembly
C:\build\output\Unity-Technologies\mono\mono\metadata\icall.c:1842:
C:\build\output\Unity-Technologies\mono\mono\metadata\icall.c:1842:
- Finished resetting the current domain, in  0.228 seconds
Domain Reload Profiling: 525ms
	BeginReloadAssembly (100ms)
		ExecutionOrderSort (0ms)
		DisableScriptedObjects (0ms)
		BackupInstance (0ms)
		ReleaseScriptingObjects (0ms)
		CreateAndSetChildDomain (1ms)
	RebuildCommonClasses (27ms)
	RebuildNativeTypeToScriptingClass (9ms)
	initialDomainReloadingComplete (36ms)
	LoadAllAssembliesAndSetupDomain (125ms)
		LoadAssemblies (99ms)
		RebuildTransferFunctionScriptingTraits (0ms)
		AnalyzeDomain (122ms)
			TypeCache.Refresh (121ms)
				TypeCache.ScanAssembly (112ms)
			ScanForSourceGeneratedMonoScriptInfo (0ms)
			ResolveRequiredComponents (0ms)
	FinalizeReload (228ms)
		ReleaseScriptCaches (0ms)
		RebuildScriptCaches (0ms)
		SetupLoadedEditorAssemblies (193ms)
			LogAssemblyErrors (0ms)
			InitializePlatformSupportModulesInManaged (6ms)
			SetLoadedEditorAssemblies (4ms)
			BeforeProcessingInitializeOnLoad (6ms)
			ProcessInitializeOnLoadAttributes (138ms)
			ProcessInitializeOnLoadMethodAttributes (40ms)
			AfterProcessingInitializeOnLoad (0ms)
			EditorAssembliesLoaded (0ms)
		ExecutionOrderSort2 (0ms)
		AwakeInstancesAfterBackupRestoration (0ms)
========================================================================
Worker process is ready to serve import requests
Import Worker Mode flag is 0x00
Begin MonoManager ReloadAssembly
C:\build\output\Unity-Technologies\mono\mono\metadata\icall.c:1842:
C:\build\output\Unity-Technologies\mono\mono\metadata\icall.c:1842:
C:\build\output\Unity-Technologies\mono\mono\metadata\icall.c:1842:
C:\build\output\Unity-Technologies\mono\mono\metadata\icall.c:1842:
C:\build\output\Unity-Technologies\mono\mono\metadata\icall.c:1842:
C:\build\output\Unity-Technologies\mono\mono\metadata\icall.c:1842:
C:\build\output\Unity-Technologies\mono\mono\metadata\icall.c:1842:
C:\build\output\Unity-Technologies\mono\mono\metadata\icall.c:1842:
C:\build\output\Unity-Technologies\mono\mono\metadata\icall.c:1842:
C:\build\output\Unity-Technologies\mono\mono\metadata\icall.c:1842:
C:\build\output\Unity-Technologies\mono\mono\metadata\icall.c:1842:
C:\build\output\Unity-Technologies\mono\mono\metadata\icall.c:1842:
Symbol file LoadedFromMemory doesn't match image G:\Unity\UnityProjects\Git\Roguelike\Card Rouge-Like\Library\PackageCache\com.unity.visualscripting@1.8.0\Editor\VisualScripting.Core\Dependencies\YamlDotNet\Unity.VisualScripting.YamlDotNet.dll
Symbol file LoadedFromMemory doesn't match image G:\Unity\UnityProjects\Git\Roguelike\Card Rouge-Like\Library\PackageCache\com.unity.visualscripting@1.8.0\Editor\VisualScripting.Core\Dependencies\DotNetZip\Unity.VisualScripting.IonicZip.dll
- Loaded All Assemblies, in  0.822 seconds
Refreshing native plugins compatible for Editor in 2.74 ms, found 4 plugins.
Native extension for WindowsStandalone target not found
Mono: successfully reloaded assembly
- Finished resetting the current domain, in  0.660 seconds
Domain Reload Profiling: 1482ms
	BeginReloadAssembly (256ms)
		ExecutionOrderSort (0ms)
		DisableScriptedObjects (5ms)
		BackupInstance (0ms)
		ReleaseScriptingObjects (0ms)
		CreateAndSetChildDomain (36ms)
	RebuildCommonClasses (43ms)
	RebuildNativeTypeToScriptingClass (9ms)
	initialDomainReloadingComplete (18ms)
	LoadAllAssembliesAndSetupDomain (495ms)
		LoadAssemblies (288ms)
		RebuildTransferFunctionScriptingTraits (0ms)
		AnalyzeDomain (288ms)
			TypeCache.Refresh (253ms)
				TypeCache.ScanAssembly (240ms)
			ScanForSourceGeneratedMonoScriptInfo (25ms)
			ResolveRequiredComponents (9ms)
	FinalizeReload (661ms)
		ReleaseScriptCaches (0ms)
		RebuildScriptCaches (0ms)
		SetupLoadedEditorAssemblies (494ms)
			LogAssemblyErrors (0ms)
			InitializePlatformSupportModulesInManaged (5ms)
			SetLoadedEditorAssemblies (3ms)
			BeforeProcessingInitializeOnLoad (84ms)
			ProcessInitializeOnLoadAttributes (369ms)
			ProcessInitializeOnLoadMethodAttributes (31ms)
			AfterProcessingInitializeOnLoad (2ms)
			EditorAssembliesLoaded (0ms)
		ExecutionOrderSort2 (0ms)
		AwakeInstancesAfterBackupRestoration (5ms)
Launched and connected shader compiler UnityShaderCompiler.exe after 0.01 seconds
Refreshing native plugins compatible for Editor in 2.54 ms, found 4 plugins.
Preloading 0 native plugins for Editor in 0.00 ms.
Unloading 6462 Unused Serialized files (Serialized files now loaded: 0)
Unloading 126 unused Assets / (2.9 MB). Loaded Objects now: 6986.
Memory consumption went from 254.9 MB to 252.0 MB.
Total: 9.377500 ms (FindLiveObjects: 0.838200 ms CreateObjectMapping: 0.279700 ms MarkObjects: 6.934000 ms  DeleteObjects: 1.323800 ms)

AssetImportParameters requested are different than current active one (requested -> active):
  custom:video-decoder-webm-vp8: 9c59270c3fd7afecdb556c50c9e8de78 -> 
  custom:SearchIndexIgnoredProperties: e643bd26f0fe6173181afceb89e7c659 -> 
  custom:audio-encoder-webm-vorbis: bf7c407c2cedff20999df2af8eb42d56 -> 
  custom:audio-decoder-ogg-vorbis: bf7c407c2cedff20999df2af8eb42d56 -> 
  custom:video-encoder-webm-vp8: eb34c28f22e8b96e1ab97ce403110664 -> 
  custom:framework-win-MediaFoundation: 216162199b28c13a410421893ffa2e32 -> 
  custom:video-decoder-ogg-theora: a1e56fd34408186e4bbccfd4996cb3dc -> 
  custom:container-muxer-webm: aa71ff27fc2769a1b78a27578f13a17b -> 
  custom:AudioImporter_EditorPlatform: d09bf68614088b80899f8185d706f6e7 -> 
  custom:container-demuxer-ogg: 62fdf1f143b41e24485cea50d1cbac27 -> 
  custom:video-codec-MediaFoundation-h265: e54d7ab0439102e2317fc1e4b246158d -> 
  custom:CustomObjectIndexerAttribute: d54d2f2da18e7612c182cf67624b6b12 -> 
  custom:container-demuxer-webm: 4f35f7cbe854078d1ac9338744f61a02 -> 
========================================================================
Received Import Request.
  Time since last request: 167246.535966 seconds.
  path: Assets/Art/MapleStoryTest/swingO3_2.png
  artifactKey: Guid(cde8944b03da3ea48934978a5e2c3d4e) Importer(815301076,1909f56bfc062723c751e8b465ee728b)
Start importing Assets/Art/MapleStoryTest/swingO3_2.png using Guid(cde8944b03da3ea48934978a5e2c3d4e) Importer(815301076,1909f56bfc062723c751e8b465ee728b)  -> (artifact id: '7951dd2eddec4ec0ec4b2547f6228537') in 0.064697 seconds
Number of updated asset objects reloaded before import = 0
Number of asset objects unloaded after import = 3
========================================================================
Received Import Request.
  Time since last request: 0.000016 seconds.
  path: Assets/Art/MapleStoryTest/swingOF_4.png
  artifactKey: Guid(d1ea5df88a843694aa2a2df113ccd499) Importer(815301076,1909f56bfc062723c751e8b465ee728b)
Start importing Assets/Art/MapleStoryTest/swingOF_4.png using Guid(d1ea5df88a843694aa2a2df113ccd499) Importer(815301076,1909f56bfc062723c751e8b465ee728b)  -> (artifact id: '53c1a75ebf2285d2b63b459d9ab79269') in 0.018004 seconds
Number of updated asset objects reloaded before import = 0
Number of asset objects unloaded after import = 3
========================================================================
Received Import Request.
  Time since last request: 0.974323 seconds.
  path: Assets/Art/MapleStoryTest/swingP1_2.png
  artifactKey: Guid(61463463f55993d40ad55423bd0815d8) Importer(815301076,1909f56bfc062723c751e8b465ee728b)
Start importing Assets/Art/MapleStoryTest/swingP1_2.png using Guid(61463463f55993d40ad55423bd0815d8) Importer(815301076,1909f56bfc062723c751e8b465ee728b)  -> (artifact id: '77edebe0bb86d87494c0a09b294407f9') in 0.029619 seconds
Number of updated asset objects reloaded before import = 0
Number of asset objects unloaded after import = 3
========================================================================
Received Import Request.
  Time since last request: 0.015737 seconds.
  path: Assets/Art/MapleStoryTest/swingPF_1.png
  artifactKey: Guid(ddea73bd79322e2499dca6acf74164e7) Importer(815301076,1909f56bfc062723c751e8b465ee728b)
Start importing Assets/Art/MapleStoryTest/swingPF_1.png using Guid(ddea73bd79322e2499dca6acf74164e7) Importer(815301076,1909f56bfc062723c751e8b465ee728b)  -> (artifact id: '29830263d8044e3e3a93a670998d774b') in 0.018262 seconds
Number of updated asset objects reloaded before import = 0
Number of asset objects unloaded after import = 3
========================================================================
Received Import Request.
  Time since last request: 0.000016 seconds.
  path: Assets/Art/MapleStoryTest/swingT1_1.png
  artifactKey: Guid(78970f4584501144b892aef44ec27217) Importer(815301076,1909f56bfc062723c751e8b465ee728b)
Start importing Assets/Art/MapleStoryTest/swingT1_1.png using Guid(78970f4584501144b892aef44ec27217) Importer(815301076,1909f56bfc062723c751e8b465ee728b)  -> (artifact id: 'e307b2c765a6847b2878ee83e66774a2') in 0.015250 seconds
Number of updated asset objects reloaded before import = 0
Number of asset objects unloaded after import = 3
========================================================================
Received Import Request.
  Time since last request: 59.148365 seconds.
  path: Assets/Art/MapleStoryTest/swingT1_3.png
  artifactKey: Guid(2da272934df38134b881414ab3db5cbb) Importer(815301076,1909f56bfc062723c751e8b465ee728b)
Start importing Assets/Art/MapleStoryTest/swingT1_3.png using Guid(2da272934df38134b881414ab3db5cbb) Importer(815301076,1909f56bfc062723c751e8b465ee728b)  -> (artifact id: '63098f7fd4aa71de4cfbd8471f94d9ce') in 0.012247 seconds
Number of updated asset objects reloaded before import = 0
Number of asset objects unloaded after import = 3
========================================================================
Received Import Request.
  Time since last request: 0.000012 seconds.
  path: Assets/Art/MapleStoryTest/swingT3_3.png
  artifactKey: Guid(287f24568deb13a4786d701e88228cb3) Importer(815301076,1909f56bfc062723c751e8b465ee728b)
Start importing Assets/Art/MapleStoryTest/swingT3_3.png using Guid(287f24568deb13a4786d701e88228cb3) Importer(815301076,1909f56bfc062723c751e8b465ee728b)  -> (artifact id: 'e1c3a80faf937834b9186e056ab090c2') in 0.008329 seconds
Number of updated asset objects reloaded before import = 0
Number of asset objects unloaded after import = 3
========================================================================
Received Import Request.
  Time since last request: 0.635398 seconds.
  path: Assets/Art/MapleStoryTest/swingTF_2.png
  artifactKey: Guid(aeca9ca99e90c394ea6a50386af5bb69) Importer(815301076,1909f56bfc062723c751e8b465ee728b)
Start importing Assets/Art/MapleStoryTest/swingTF_2.png using Guid(aeca9ca99e90c394ea6a50386af5bb69) Importer(815301076,1909f56bfc062723c751e8b465ee728b)  -> (artifact id: 'c738989d6c355f2cfa06d6b3780032a1') in 0.011313 seconds
Number of updated asset objects reloaded before import = 0
Number of asset objects unloaded after import = 3
========================================================================
Received Import Request.
  Time since last request: 0.000012 seconds.
  path: Assets/Art/MapleStoryTest/walk1_3.png
  artifactKey: Guid(c2bdfcac197735e40918d58f175d67e6) Importer(815301076,1909f56bfc062723c751e8b465ee728b)
Start importing Assets/Art/MapleStoryTest/walk1_3.png using Guid(c2bdfcac197735e40918d58f175d67e6) Importer(815301076,1909f56bfc062723c751e8b465ee728b)  -> (artifact id: '9d9ce51f50d473bdc74417096cddbeb9') in 0.013237 seconds
Number of updated asset objects reloaded before import = 0
Number of asset objects unloaded after import = 3
========================================================================
Received Import Request.
  Time since last request: 0.098995 seconds.
  path: Assets/Art/MapleStoryTest/walk2_0.png
  artifactKey: Guid(dc05d513156c6814e9aa17ab057c6e21) Importer(815301076,1909f56bfc062723c751e8b465ee728b)
Start importing Assets/Art/MapleStoryTest/walk2_0.png using Guid(dc05d513156c6814e9aa17ab057c6e21) Importer(815301076,1909f56bfc062723c751e8b465ee728b)  -> (artifact id: '42908ec543f77ad0da2265116e02a959') in 0.018365 seconds
Number of updated asset objects reloaded before import = 0
Number of asset objects unloaded after import = 3
========================================================================
Received Prepare
Begin MonoManager ReloadAssembly
C:\build\output\Unity-Technologies\mono\mono\metadata\icall.c:1842:
C:\build\output\Unity-Technologies\mono\mono\metadata\icall.c:1842:
C:\build\output\Unity-Technologies\mono\mono\metadata\icall.c:1842:
C:\build\output\Unity-Technologies\mono\mono\metadata\icall.c:1842:
C:\build\output\Unity-Technologies\mono\mono\metadata\icall.c:1842:
C:\build\output\Unity-Technologies\mono\mono\metadata\icall.c:1842:
C:\build\output\Unity-Technologies\mono\mono\metadata\icall.c:1842:
C:\build\output\Unity-Technologies\mono\mono\metadata\icall.c:1842:
C:\build\output\Unity-Technologies\mono\mono\metadata\icall.c:1842:
C:\build\output\Unity-Technologies\mono\mono\metadata\icall.c:1842:
C:\build\output\Unity-Technologies\mono\mono\metadata\icall.c:1842:
C:\build\output\Unity-Technologies\mono\mono\metadata\icall.c:1842:
Symbol file LoadedFromMemory doesn't match image G:\Unity\UnityProjects\Git\Roguelike\Card Rouge-Like\Library\PackageCache\com.unity.visualscripting@1.8.0\Editor\VisualScripting.Core\Dependencies\YamlDotNet\Unity.VisualScripting.YamlDotNet.dll
Symbol file LoadedFromMemory doesn't match image G:\Unity\UnityProjects\Git\Roguelike\Card Rouge-Like\Library\PackageCache\com.unity.visualscripting@1.8.0\Editor\VisualScripting.Core\Dependencies\DotNetZip\Unity.VisualScripting.IonicZip.dll
- Loaded All Assemblies, in  0.732 seconds
Refreshing native plugins compatible for Editor in 2.30 ms, found 4 plugins.
Native extension for WindowsStandalone target not found
Mono: successfully reloaded assembly
- Finished resetting the current domain, in  1.370 seconds
Domain Reload Profiling: 2101ms
	BeginReloadAssembly (198ms)
		ExecutionOrderSort (0ms)
		DisableScriptedObjects (11ms)
		BackupInstance (0ms)
		ReleaseScriptingObjects (0ms)
		CreateAndSetChildDomain (63ms)
	RebuildCommonClasses (26ms)
	RebuildNativeTypeToScriptingClass (10ms)
	initialDomainReloadingComplete (23ms)
	LoadAllAssembliesAndSetupDomain (473ms)
		LoadAssemblies (302ms)
		RebuildTransferFunctionScriptingTraits (0ms)
		AnalyzeDomain (265ms)
			TypeCache.Refresh (253ms)
				TypeCache.ScanAssembly (239ms)
			ScanForSourceGeneratedMonoScriptInfo (0ms)
			ResolveRequiredComponents (11ms)
	FinalizeReload (1371ms)
		ReleaseScriptCaches (0ms)
		RebuildScriptCaches (0ms)
		SetupLoadedEditorAssemblies (586ms)
			LogAssemblyErrors (0ms)
			InitializePlatformSupportModulesInManaged (5ms)
			SetLoadedEditorAssemblies (3ms)
			BeforeProcessingInitializeOnLoad (111ms)
			ProcessInitializeOnLoadAttributes (431ms)
			ProcessInitializeOnLoadMethodAttributes (33ms)
			AfterProcessingInitializeOnLoad (2ms)
			EditorAssembliesLoaded (0ms)
		ExecutionOrderSort2 (0ms)
		AwakeInstancesAfterBackupRestoration (8ms)
Refreshing native plugins compatible for Editor in 4.05 ms, found 4 plugins.
Preloading 0 native plugins for Editor in 0.00 ms.
Unloading 6328 Unused Serialized files (Serialized files now loaded: 0)
Unloading 68 unused Assets / (2.9 MB). Loaded Objects now: 7026.
Memory consumption went from 224.4 MB to 221.5 MB.
Total: 7.339900 ms (FindLiveObjects: 0.918000 ms CreateObjectMapping: 0.208700 ms MarkObjects: 4.469900 ms  DeleteObjects: 1.741800 ms)

Prepare: number of updated asset objects reloaded= 0
AssetImportParameters requested are different than current active one (requested -> active):
  custom:video-decoder-webm-vp8: 9c59270c3fd7afecdb556c50c9e8de78 -> 
  custom:SearchIndexIgnoredProperties: e643bd26f0fe6173181afceb89e7c659 -> 
  custom:audio-encoder-webm-vorbis: bf7c407c2cedff20999df2af8eb42d56 -> 
  custom:audio-decoder-ogg-vorbis: bf7c407c2cedff20999df2af8eb42d56 -> 
  custom:video-encoder-webm-vp8: eb34c28f22e8b96e1ab97ce403110664 -> 
  custom:framework-win-MediaFoundation: 216162199b28c13a410421893ffa2e32 -> 
  custom:video-decoder-ogg-theora: a1e56fd34408186e4bbccfd4996cb3dc -> 
  custom:container-muxer-webm: aa71ff27fc2769a1b78a27578f13a17b -> 
  custom:AudioImporter_EditorPlatform: d09bf68614088b80899f8185d706f6e7 -> 
  custom:container-demuxer-ogg: 62fdf1f143b41e24485cea50d1cbac27 -> 
  custom:video-codec-MediaFoundation-h265: e54d7ab0439102e2317fc1e4b246158d -> 
  custom:CustomObjectIndexerAttribute: d54d2f2da18e7612c182cf67624b6b12 -> 
  custom:container-demuxer-webm: 4f35f7cbe854078d1ac9338744f61a02 -> 
========================================================================
Received Prepare
Begin MonoManager ReloadAssembly
C:\build\output\Unity-Technologies\mono\mono\metadata\icall.c:1842:
C:\build\output\Unity-Technologies\mono\mono\metadata\icall.c:1842:
C:\build\output\Unity-Technologies\mono\mono\metadata\icall.c:1842:
C:\build\output\Unity-Technologies\mono\mono\metadata\icall.c:1842:
C:\build\output\Unity-Technologies\mono\mono\metadata\icall.c:1842:
C:\build\output\Unity-Technologies\mono\mono\metadata\icall.c:1842:
C:\build\output\Unity-Technologies\mono\mono\metadata\icall.c:1842:
C:\build\output\Unity-Technologies\mono\mono\metadata\icall.c:1842:
C:\build\output\Unity-Technologies\mono\mono\metadata\icall.c:1842:
C:\build\output\Unity-Technologies\mono\mono\metadata\icall.c:1842:
C:\build\output\Unity-Technologies\mono\mono\metadata\icall.c:1842:
C:\build\output\Unity-Technologies\mono\mono\metadata\icall.c:1842:
Symbol file LoadedFromMemory doesn't match image G:\Unity\UnityProjects\Git\Roguelike\Card Rouge-Like\Library\PackageCache\com.unity.visualscripting@1.8.0\Editor\VisualScripting.Core\Dependencies\YamlDotNet\Unity.VisualScripting.YamlDotNet.dll
Symbol file LoadedFromMemory doesn't match image G:\Unity\UnityProjects\Git\Roguelike\Card Rouge-Like\Library\PackageCache\com.unity.visualscripting@1.8.0\Editor\VisualScripting.Core\Dependencies\DotNetZip\Unity.VisualScripting.IonicZip.dll
- Loaded All Assemblies, in  0.635 seconds
Refreshing native plugins compatible for Editor in 2.35 ms, found 4 plugins.
Native extension for WindowsStandalone target not found
Mono: successfully reloaded assembly
- Finished resetting the current domain, in  1.122 seconds
Domain Reload Profiling: 1756ms
	BeginReloadAssembly (165ms)
		ExecutionOrderSort (0ms)
		DisableScriptedObjects (11ms)
		BackupInstance (0ms)
		ReleaseScriptingObjects (0ms)
		CreateAndSetChildDomain (55ms)
	RebuildCommonClasses (25ms)
	RebuildNativeTypeToScriptingClass (10ms)
	initialDomainReloadingComplete (18ms)
	LoadAllAssembliesAndSetupDomain (415ms)
		LoadAssemblies (239ms)
		RebuildTransferFunctionScriptingTraits (0ms)
		AnalyzeDomain (247ms)
			TypeCache.Refresh (235ms)
				TypeCache.ScanAssembly (225ms)
			ScanForSourceGeneratedMonoScriptInfo (0ms)
			ResolveRequiredComponents (11ms)
	FinalizeReload (1122ms)
		ReleaseScriptCaches (0ms)
		RebuildScriptCaches (0ms)
		SetupLoadedEditorAssemblies (545ms)
			LogAssemblyErrors (0ms)
			InitializePlatformSupportModulesInManaged (5ms)
			SetLoadedEditorAssemblies (3ms)
			BeforeProcessingInitializeOnLoad (91ms)
			ProcessInitializeOnLoadAttributes (408ms)
			ProcessInitializeOnLoadMethodAttributes (34ms)
			AfterProcessingInitializeOnLoad (4ms)
			EditorAssembliesLoaded (0ms)
		ExecutionOrderSort2 (0ms)
		AwakeInstancesAfterBackupRestoration (7ms)
Refreshing native plugins compatible for Editor in 3.13 ms, found 4 plugins.
Preloading 0 native plugins for Editor in 0.00 ms.
Unloading 6328 Unused Serialized files (Serialized files now loaded: 0)
Unloading 68 unused Assets / (2.9 MB). Loaded Objects now: 7040.
Memory consumption went from 226.4 MB to 223.5 MB.
Total: 5.199900 ms (FindLiveObjects: 0.410000 ms CreateObjectMapping: 0.150900 ms MarkObjects: 3.803800 ms  DeleteObjects: 0.834300 ms)

Prepare: number of updated asset objects reloaded= 0
AssetImportParameters requested are different than current active one (requested -> active):
  custom:video-decoder-webm-vp8: 9c59270c3fd7afecdb556c50c9e8de78 -> 
  custom:SearchIndexIgnoredProperties: e643bd26f0fe6173181afceb89e7c659 -> 
  custom:audio-encoder-webm-vorbis: bf7c407c2cedff20999df2af8eb42d56 -> 
  custom:audio-decoder-ogg-vorbis: bf7c407c2cedff20999df2af8eb42d56 -> 
  custom:video-encoder-webm-vp8: eb34c28f22e8b96e1ab97ce403110664 -> 
  custom:framework-win-MediaFoundation: 216162199b28c13a410421893ffa2e32 -> 
  custom:video-decoder-ogg-theora: a1e56fd34408186e4bbccfd4996cb3dc -> 
  custom:container-muxer-webm: aa71ff27fc2769a1b78a27578f13a17b -> 
  custom:AudioImporter_EditorPlatform: d09bf68614088b80899f8185d706f6e7 -> 
  custom:container-demuxer-ogg: 62fdf1f143b41e24485cea50d1cbac27 -> 
  custom:video-codec-MediaFoundation-h265: e54d7ab0439102e2317fc1e4b246158d -> 
  custom:CustomObjectIndexerAttribute: d54d2f2da18e7612c182cf67624b6b12 -> 
  custom:container-demuxer-webm: 4f35f7cbe854078d1ac9338744f61a02 -> 
========================================================================
Received Prepare
Begin MonoManager ReloadAssembly
C:\build\output\Unity-Technologies\mono\mono\metadata\icall.c:1842:
C:\build\output\Unity-Technologies\mono\mono\metadata\icall.c:1842:
C:\build\output\Unity-Technologies\mono\mono\metadata\icall.c:1842:
C:\build\output\Unity-Technologies\mono\mono\metadata\icall.c:1842:
C:\build\output\Unity-Technologies\mono\mono\metadata\icall.c:1842:
C:\build\output\Unity-Technologies\mono\mono\metadata\icall.c:1842:
C:\build\output\Unity-Technologies\mono\mono\metadata\icall.c:1842:
C:\build\output\Unity-Technologies\mono\mono\metadata\icall.c:1842:
C:\build\output\Unity-Technologies\mono\mono\metadata\icall.c:1842:
C:\build\output\Unity-Technologies\mono\mono\metadata\icall.c:1842:
C:\build\output\Unity-Technologies\mono\mono\metadata\icall.c:1842:
C:\build\output\Unity-Technologies\mono\mono\metadata\icall.c:1842:
Symbol file LoadedFromMemory doesn't match image G:\Unity\UnityProjects\Git\Roguelike\Card Rouge-Like\Library\PackageCache\com.unity.visualscripting@1.8.0\Editor\VisualScripting.Core\Dependencies\YamlDotNet\Unity.VisualScripting.YamlDotNet.dll
Symbol file LoadedFromMemory doesn't match image G:\Unity\UnityProjects\Git\Roguelike\Card Rouge-Like\Library\PackageCache\com.unity.visualscripting@1.8.0\Editor\VisualScripting.Core\Dependencies\DotNetZip\Unity.VisualScripting.IonicZip.dll
- Loaded All Assemblies, in  0.636 seconds
Refreshing native plugins compatible for Editor in 2.31 ms, found 4 plugins.
Native extension for WindowsStandalone target not found
Mono: successfully reloaded assembly
- Finished resetting the current domain, in  1.150 seconds
Domain Reload Profiling: 1786ms
	BeginReloadAssembly (170ms)
		ExecutionOrderSort (0ms)
		DisableScriptedObjects (11ms)
		BackupInstance (0ms)
		ReleaseScriptingObjects (0ms)
		CreateAndSetChildDomain (56ms)
	RebuildCommonClasses (23ms)
	RebuildNativeTypeToScriptingClass (8ms)
	initialDomainReloadingComplete (19ms)
	LoadAllAssembliesAndSetupDomain (414ms)
		LoadAssemblies (253ms)
		RebuildTransferFunctionScriptingTraits (0ms)
		AnalyzeDomain (234ms)
			TypeCache.Refresh (224ms)
				TypeCache.ScanAssembly (210ms)
			ScanForSourceGeneratedMonoScriptInfo (0ms)
			ResolveRequiredComponents (9ms)
	FinalizeReload (1151ms)
		ReleaseScriptCaches (0ms)
		RebuildScriptCaches (0ms)
		SetupLoadedEditorAssemblies (546ms)
			LogAssemblyErrors (0ms)
			InitializePlatformSupportModulesInManaged (5ms)
			SetLoadedEditorAssemblies (3ms)
			BeforeProcessingInitializeOnLoad (100ms)
			ProcessInitializeOnLoadAttributes (403ms)
			ProcessInitializeOnLoadMethodAttributes (32ms)
			AfterProcessingInitializeOnLoad (2ms)
			EditorAssembliesLoaded (0ms)
		ExecutionOrderSort2 (0ms)
		AwakeInstancesAfterBackupRestoration (8ms)
Refreshing native plugins compatible for Editor in 2.93 ms, found 4 plugins.
Preloading 0 native plugins for Editor in 0.00 ms.
Unloading 6328 Unused Serialized files (Serialized files now loaded: 0)
Unloading 68 unused Assets / (2.9 MB). Loaded Objects now: 7054.
Memory consumption went from 228.3 MB to 225.4 MB.
Total: 6.752500 ms (FindLiveObjects: 0.577600 ms CreateObjectMapping: 0.449400 ms MarkObjects: 4.697100 ms  DeleteObjects: 1.027700 ms)

Prepare: number of updated asset objects reloaded= 0
AssetImportParameters requested are different than current active one (requested -> active):
  custom:video-decoder-webm-vp8: 9c59270c3fd7afecdb556c50c9e8de78 -> 
  custom:SearchIndexIgnoredProperties: e643bd26f0fe6173181afceb89e7c659 -> 
  custom:audio-encoder-webm-vorbis: bf7c407c2cedff20999df2af8eb42d56 -> 
  custom:audio-decoder-ogg-vorbis: bf7c407c2cedff20999df2af8eb42d56 -> 
  custom:video-encoder-webm-vp8: eb34c28f22e8b96e1ab97ce403110664 -> 
  custom:framework-win-MediaFoundation: 216162199b28c13a410421893ffa2e32 -> 
  custom:video-decoder-ogg-theora: a1e56fd34408186e4bbccfd4996cb3dc -> 
  custom:container-muxer-webm: aa71ff27fc2769a1b78a27578f13a17b -> 
  custom:AudioImporter_EditorPlatform: d09bf68614088b80899f8185d706f6e7 -> 
  custom:container-demuxer-ogg: 62fdf1f143b41e24485cea50d1cbac27 -> 
  custom:video-codec-MediaFoundation-h265: e54d7ab0439102e2317fc1e4b246158d -> 
  custom:CustomObjectIndexerAttribute: d54d2f2da18e7612c182cf67624b6b12 -> 
  custom:container-demuxer-webm: 4f35f7cbe854078d1ac9338744f61a02 -> 
========================================================================
Received Prepare
Begin MonoManager ReloadAssembly
C:\build\output\Unity-Technologies\mono\mono\metadata\icall.c:1842:
C:\build\output\Unity-Technologies\mono\mono\metadata\icall.c:1842:
C:\build\output\Unity-Technologies\mono\mono\metadata\icall.c:1842:
C:\build\output\Unity-Technologies\mono\mono\metadata\icall.c:1842:
C:\build\output\Unity-Technologies\mono\mono\metadata\icall.c:1842:
C:\build\output\Unity-Technologies\mono\mono\metadata\icall.c:1842:
C:\build\output\Unity-Technologies\mono\mono\metadata\icall.c:1842:
C:\build\output\Unity-Technologies\mono\mono\metadata\icall.c:1842:
C:\build\output\Unity-Technologies\mono\mono\metadata\icall.c:1842:
C:\build\output\Unity-Technologies\mono\mono\metadata\icall.c:1842:
C:\build\output\Unity-Technologies\mono\mono\metadata\icall.c:1842:
C:\build\output\Unity-Technologies\mono\mono\metadata\icall.c:1842:
Symbol file LoadedFromMemory doesn't match image G:\Unity\UnityProjects\Git\Roguelike\Card Rouge-Like\Library\PackageCache\com.unity.visualscripting@1.8.0\Editor\VisualScripting.Core\Dependencies\YamlDotNet\Unity.VisualScripting.YamlDotNet.dll
Symbol file LoadedFromMemory doesn't match image G:\Unity\UnityProjects\Git\Roguelike\Card Rouge-Like\Library\PackageCache\com.unity.visualscripting@1.8.0\Editor\VisualScripting.Core\Dependencies\DotNetZip\Unity.VisualScripting.IonicZip.dll
- Loaded All Assemblies, in  0.630 seconds
Refreshing native plugins compatible for Editor in 2.44 ms, found 4 plugins.
Native extension for WindowsStandalone target not found
Mono: successfully reloaded assembly
- Finished resetting the current domain, in  1.122 seconds
Domain Reload Profiling: 1751ms
	BeginReloadAssembly (164ms)
		ExecutionOrderSort (0ms)
		DisableScriptedObjects (10ms)
		BackupInstance (0ms)
		ReleaseScriptingObjects (0ms)
		CreateAndSetChildDomain (51ms)
	RebuildCommonClasses (25ms)
	RebuildNativeTypeToScriptingClass (9ms)
	initialDomainReloadingComplete (20ms)
	LoadAllAssembliesAndSetupDomain (411ms)
		LoadAssemblies (254ms)
		RebuildTransferFunctionScriptingTraits (0ms)
		AnalyzeDomain (231ms)
			TypeCache.Refresh (219ms)
				TypeCache.ScanAssembly (207ms)
			ScanForSourceGeneratedMonoScriptInfo (0ms)
			ResolveRequiredComponents (11ms)
	FinalizeReload (1122ms)
		ReleaseScriptCaches (0ms)
		RebuildScriptCaches (0ms)
		SetupLoadedEditorAssemblies (536ms)
			LogAssemblyErrors (0ms)
			InitializePlatformSupportModulesInManaged (5ms)
			SetLoadedEditorAssemblies (3ms)
			BeforeProcessingInitializeOnLoad (93ms)
			ProcessInitializeOnLoadAttributes (400ms)
			ProcessInitializeOnLoadMethodAttributes (31ms)
			AfterProcessingInitializeOnLoad (4ms)
			EditorAssembliesLoaded (0ms)
		ExecutionOrderSort2 (0ms)
		AwakeInstancesAfterBackupRestoration (7ms)
Refreshing native plugins compatible for Editor in 3.39 ms, found 4 plugins.
Preloading 0 native plugins for Editor in 0.00 ms.
Unloading 6328 Unused Serialized files (Serialized files now loaded: 0)
Unloading 68 unused Assets / (2.9 MB). Loaded Objects now: 7068.
Memory consumption went from 230.2 MB to 227.4 MB.
Total: 5.995500 ms (FindLiveObjects: 0.447500 ms CreateObjectMapping: 0.155000 ms MarkObjects: 4.387800 ms  DeleteObjects: 1.004700 ms)

Prepare: number of updated asset objects reloaded= 0
AssetImportParameters requested are different than current active one (requested -> active):
  custom:video-decoder-webm-vp8: 9c59270c3fd7afecdb556c50c9e8de78 -> 
  custom:SearchIndexIgnoredProperties: e643bd26f0fe6173181afceb89e7c659 -> 
  custom:audio-encoder-webm-vorbis: bf7c407c2cedff20999df2af8eb42d56 -> 
  custom:audio-decoder-ogg-vorbis: bf7c407c2cedff20999df2af8eb42d56 -> 
  custom:video-encoder-webm-vp8: eb34c28f22e8b96e1ab97ce403110664 -> 
  custom:framework-win-MediaFoundation: 216162199b28c13a410421893ffa2e32 -> 
  custom:video-decoder-ogg-theora: a1e56fd34408186e4bbccfd4996cb3dc -> 
  custom:container-muxer-webm: aa71ff27fc2769a1b78a27578f13a17b -> 
  custom:AudioImporter_EditorPlatform: d09bf68614088b80899f8185d706f6e7 -> 
  custom:container-demuxer-ogg: 62fdf1f143b41e24485cea50d1cbac27 -> 
  custom:video-codec-MediaFoundation-h265: e54d7ab0439102e2317fc1e4b246158d -> 
  custom:CustomObjectIndexerAttribute: d54d2f2da18e7612c182cf67624b6b12 -> 
  custom:container-demuxer-webm: 4f35f7cbe854078d1ac9338744f61a02 -> 
========================================================================
Received Prepare
Begin MonoManager ReloadAssembly
C:\build\output\Unity-Technologies\mono\mono\metadata\icall.c:1842:
C:\build\output\Unity-Technologies\mono\mono\metadata\icall.c:1842:
C:\build\output\Unity-Technologies\mono\mono\metadata\icall.c:1842:
C:\build\output\Unity-Technologies\mono\mono\metadata\icall.c:1842:
C:\build\output\Unity-Technologies\mono\mono\metadata\icall.c:1842:
C:\build\output\Unity-Technologies\mono\mono\metadata\icall.c:1842:
C:\build\output\Unity-Technologies\mono\mono\metadata\icall.c:1842:
C:\build\output\Unity-Technologies\mono\mono\metadata\icall.c:1842:
C:\build\output\Unity-Technologies\mono\mono\metadata\icall.c:1842:
C:\build\output\Unity-Technologies\mono\mono\metadata\icall.c:1842:
C:\build\output\Unity-Technologies\mono\mono\metadata\icall.c:1842:
C:\build\output\Unity-Technologies\mono\mono\metadata\icall.c:1842:
Symbol file LoadedFromMemory doesn't match image G:\Unity\UnityProjects\Git\Roguelike\Card Rouge-Like\Library\PackageCache\com.unity.visualscripting@1.8.0\Editor\VisualScripting.Core\Dependencies\YamlDotNet\Unity.VisualScripting.YamlDotNet.dll
Symbol file LoadedFromMemory doesn't match image G:\Unity\UnityProjects\Git\Roguelike\Card Rouge-Like\Library\PackageCache\com.unity.visualscripting@1.8.0\Editor\VisualScripting.Core\Dependencies\DotNetZip\Unity.VisualScripting.IonicZip.dll
- Loaded All Assemblies, in  0.621 seconds
Refreshing native plugins compatible for Editor in 2.45 ms, found 4 plugins.
Native extension for WindowsStandalone target not found
Mono: successfully reloaded assembly
- Finished resetting the current domain, in  1.111 seconds
Domain Reload Profiling: 1732ms
	BeginReloadAssembly (162ms)
		ExecutionOrderSort (0ms)
		DisableScriptedObjects (11ms)
		BackupInstance (0ms)
		ReleaseScriptingObjects (0ms)
		CreateAndSetChildDomain (48ms)
	RebuildCommonClasses (25ms)
	RebuildNativeTypeToScriptingClass (9ms)
	initialDomainReloadingComplete (18ms)
	LoadAllAssembliesAndSetupDomain (405ms)
		LoadAssemblies (241ms)
		RebuildTransferFunctionScriptingTraits (0ms)
		AnalyzeDomain (240ms)
			TypeCache.Refresh (230ms)
				TypeCache.ScanAssembly (218ms)
			ScanForSourceGeneratedMonoScriptInfo (0ms)
			ResolveRequiredComponents (9ms)
	FinalizeReload (1112ms)
		ReleaseScriptCaches (0ms)
		RebuildScriptCaches (0ms)
		SetupLoadedEditorAssemblies (536ms)
			LogAssemblyErrors (0ms)
			InitializePlatformSupportModulesInManaged (5ms)
			SetLoadedEditorAssemblies (4ms)
			BeforeProcessingInitializeOnLoad (93ms)
			ProcessInitializeOnLoadAttributes (398ms)
			ProcessInitializeOnLoadMethodAttributes (32ms)
			AfterProcessingInitializeOnLoad (4ms)
			EditorAssembliesLoaded (0ms)
		ExecutionOrderSort2 (0ms)
		AwakeInstancesAfterBackupRestoration (7ms)
Refreshing native plugins compatible for Editor in 3.26 ms, found 4 plugins.
Preloading 0 native plugins for Editor in 0.00 ms.
Unloading 6328 Unused Serialized files (Serialized files now loaded: 0)
Unloading 68 unused Assets / (2.9 MB). Loaded Objects now: 7082.
Memory consumption went from 232.2 MB to 229.3 MB.
Total: 6.279300 ms (FindLiveObjects: 0.486700 ms CreateObjectMapping: 0.163800 ms MarkObjects: 4.703400 ms  DeleteObjects: 0.924600 ms)

Prepare: number of updated asset objects reloaded= 0
AssetImportParameters requested are different than current active one (requested -> active):
  custom:video-decoder-webm-vp8: 9c59270c3fd7afecdb556c50c9e8de78 -> 
  custom:SearchIndexIgnoredProperties: e643bd26f0fe6173181afceb89e7c659 -> 
  custom:audio-encoder-webm-vorbis: bf7c407c2cedff20999df2af8eb42d56 -> 
  custom:audio-decoder-ogg-vorbis: bf7c407c2cedff20999df2af8eb42d56 -> 
  custom:video-encoder-webm-vp8: eb34c28f22e8b96e1ab97ce403110664 -> 
  custom:framework-win-MediaFoundation: 216162199b28c13a410421893ffa2e32 -> 
  custom:video-decoder-ogg-theora: a1e56fd34408186e4bbccfd4996cb3dc -> 
  custom:container-muxer-webm: aa71ff27fc2769a1b78a27578f13a17b -> 
  custom:AudioImporter_EditorPlatform: d09bf68614088b80899f8185d706f6e7 -> 
  custom:container-demuxer-ogg: 62fdf1f143b41e24485cea50d1cbac27 -> 
  custom:video-codec-MediaFoundation-h265: e54d7ab0439102e2317fc1e4b246158d -> 
  custom:CustomObjectIndexerAttribute: d54d2f2da18e7612c182cf67624b6b12 -> 
  custom:container-demuxer-webm: 4f35f7cbe854078d1ac9338744f61a02 -> 
========================================================================
Received Import Request.
  Time since last request: 297.328305 seconds.
  path: Assets/Art/MapleStoryTest/swingTF_1.png
  artifactKey: Guid(512c5fc549c0edd40961e60bd27f1d7e) Importer(815301076,1909f56bfc062723c751e8b465ee728b)
Start importing Assets/Art/MapleStoryTest/swingTF_1.png using Guid(512c5fc549c0edd40961e60bd27f1d7e) Importer(815301076,1909f56bfc062723c751e8b465ee728b)  -> (artifact id: '115acafae48d4795ac6e9538994e980b') in 0.055208 seconds
Number of updated asset objects reloaded before import = 0
Number of asset objects unloaded after import = 3
========================================================================
Received Import Request.
  Time since last request: 0.000739 seconds.
  path: Assets/Art/MapleStoryTest/swingOF_0.png
  artifactKey: Guid(305f53d5cf2a13f48841c57d6a1096a1) Importer(815301076,1909f56bfc062723c751e8b465ee728b)
Start importing Assets/Art/MapleStoryTest/swingOF_0.png using Guid(305f53d5cf2a13f48841c57d6a1096a1) Importer(815301076,1909f56bfc062723c751e8b465ee728b)  -> (artifact id: '0b5138a4cad22ba6ca42b33ed63a0b42') in 0.017991 seconds
Number of updated asset objects reloaded before import = 0
Number of asset objects unloaded after import = 3
========================================================================
Received Import Request.
  Time since last request: 0.000029 seconds.
  path: Assets/Art/MapleStoryTest/swingP1_1.png
  artifactKey: Guid(78210cd279341f349874d4edde886d78) Importer(815301076,1909f56bfc062723c751e8b465ee728b)
Start importing Assets/Art/MapleStoryTest/swingP1_1.png using Guid(78210cd279341f349874d4edde886d78) Importer(815301076,1909f56bfc062723c751e8b465ee728b)  -> (artifact id: '92566078f7a2f1c67b06fa8ced73e713') in 0.014605 seconds
Number of updated asset objects reloaded before import = 0
Number of asset objects unloaded after import = 3
========================================================================
Received Import Request.
  Time since last request: 0.000029 seconds.
  path: Assets/Art/MapleStoryTest/swingP2_2.png
  artifactKey: Guid(9f8621c0d038491468ecf3b32cc8f49f) Importer(815301076,1909f56bfc062723c751e8b465ee728b)
Start importing Assets/Art/MapleStoryTest/swingP2_2.png using Guid(9f8621c0d038491468ecf3b32cc8f49f) Importer(815301076,1909f56bfc062723c751e8b465ee728b)  -> (artifact id: '634487d463a3a793605284e1f6edff31') in 0.012361 seconds
Number of updated asset objects reloaded before import = 0
Number of asset objects unloaded after import = 3
========================================================================
Received Import Request.
  Time since last request: 0.000012 seconds.
  path: Assets/Art/MapleStoryTest/swingT3_0.png
  artifactKey: Guid(98560071eb5683147baf248ca1132cfb) Importer(815301076,1909f56bfc062723c751e8b465ee728b)
Start importing Assets/Art/MapleStoryTest/swingT3_0.png using Guid(98560071eb5683147baf248ca1132cfb) Importer(815301076,1909f56bfc062723c751e8b465ee728b)  -> (artifact id: '5cc0a510ec7973eda87a12215d47624f') in 0.020735 seconds
Number of updated asset objects reloaded before import = 0
Number of asset objects unloaded after import = 3
========================================================================
Received Import Request.
  Time since last request: 0.000015 seconds.
  path: Assets/Art/MapleStoryTest/swingP1_3.png
  artifactKey: Guid(4e8cfe512a3398a4daea223405c8fd61) Importer(815301076,1909f56bfc062723c751e8b465ee728b)
Start importing Assets/Art/MapleStoryTest/swingP1_3.png using Guid(4e8cfe512a3398a4daea223405c8fd61) Importer(815301076,1909f56bfc062723c751e8b465ee728b)  -> (artifact id: '77ad31eb6b5bf6faaa8a6fdf5a3d3083') in 0.007761 seconds
Number of updated asset objects reloaded before import = 0
Number of asset objects unloaded after import = 3
========================================================================
Received Import Request.
  Time since last request: 0.000014 seconds.
  path: Assets/Art/MapleStoryTest/swingP2_0.png
  artifactKey: Guid(162c1477a9f84054b860846bcf9ded35) Importer(815301076,1909f56bfc062723c751e8b465ee728b)
Start importing Assets/Art/MapleStoryTest/swingP2_0.png using Guid(162c1477a9f84054b860846bcf9ded35) Importer(815301076,1909f56bfc062723c751e8b465ee728b)  -> (artifact id: '92774e67fd8a3982692cb528e5088668') in 0.014641 seconds
Number of updated asset objects reloaded before import = 0
Number of asset objects unloaded after import = 3
========================================================================
Received Import Request.
  Time since last request: 0.000018 seconds.
  path: Assets/Art/MapleStoryTest/walk2_3.png
  artifactKey: Guid(758ca5044d8130d49a0e4a771507c2ce) Importer(815301076,1909f56bfc062723c751e8b465ee728b)
Start importing Assets/Art/MapleStoryTest/walk2_3.png using Guid(758ca5044d8130d49a0e4a771507c2ce) Importer(815301076,1909f56bfc062723c751e8b465ee728b)  -> (artifact id: '1e1e8fa3fa472c12d23697094f77cc4b') in 0.016886 seconds
Number of updated asset objects reloaded before import = 0
Number of asset objects unloaded after import = 3
========================================================================
Received Import Request.
  Time since last request: 0.000023 seconds.
  path: Assets/Art/MapleStoryTest/swingT1_0.png
  artifactKey: Guid(792ef030472649f45a8ae2d5276c3e16) Importer(815301076,1909f56bfc062723c751e8b465ee728b)
Start importing Assets/Art/MapleStoryTest/swingT1_0.png using Guid(792ef030472649f45a8ae2d5276c3e16) Importer(815301076,1909f56bfc062723c751e8b465ee728b)  -> (artifact id: '617fdd263d3861ee6cbc5f7c19bce618') in 0.009624 seconds
Number of updated asset objects reloaded before import = 0
Number of asset objects unloaded after import = 3
========================================================================
Received Import Request.
  Time since last request: 0.000020 seconds.
  path: Assets/Art/MapleStoryTest/walk2_1.png
  artifactKey: Guid(af6bf47dbe143544088c82a239aa5a41) Importer(815301076,1909f56bfc062723c751e8b465ee728b)
Start importing Assets/Art/MapleStoryTest/walk2_1.png using Guid(af6bf47dbe143544088c82a239aa5a41) Importer(815301076,1909f56bfc062723c751e8b465ee728b)  -> (artifact id: '8f952296b9ee0910baacccd868526f37') in 0.007606 seconds
Number of updated asset objects reloaded before import = 0
Number of asset objects unloaded after import = 3
========================================================================
Received Import Request.
  Time since last request: 0.000013 seconds.
  path: Assets/Art/MapleStoryTest/swingPF_3.png
  artifactKey: Guid(eff5ffd3f17f1ea459bd52395c1aa19a) Importer(815301076,1909f56bfc062723c751e8b465ee728b)
Start importing Assets/Art/MapleStoryTest/swingPF_3.png using Guid(eff5ffd3f17f1ea459bd52395c1aa19a) Importer(815301076,1909f56bfc062723c751e8b465ee728b)  -> (artifact id: '8d0f878f482bbc3e9c16def19c97bbe9') in 0.019623 seconds
Number of updated asset objects reloaded before import = 0
Number of asset objects unloaded after import = 3
========================================================================
Received Import Request.
  Time since last request: 0.000016 seconds.
  path: Assets/Art/MapleStoryTest/walk1_0.png
  artifactKey: Guid(ac6af985173283a408d2b70ea100afde) Importer(815301076,1909f56bfc062723c751e8b465ee728b)
Start importing Assets/Art/MapleStoryTest/walk1_0.png using Guid(ac6af985173283a408d2b70ea100afde) Importer(815301076,1909f56bfc062723c751e8b465ee728b)  -> (artifact id: '18e5b3c45ffd32bf919211c9b5c68b76') in 0.010899 seconds
Number of updated asset objects reloaded before import = 0
Number of asset objects unloaded after import = 3
========================================================================
Received Import Request.
  Time since last request: 0.000010 seconds.
  path: Assets/Art/MapleStoryTest/swingTF_2.png
  artifactKey: Guid(aeca9ca99e90c394ea6a50386af5bb69) Importer(815301076,1909f56bfc062723c751e8b465ee728b)
Start importing Assets/Art/MapleStoryTest/swingTF_2.png using Guid(aeca9ca99e90c394ea6a50386af5bb69) Importer(815301076,1909f56bfc062723c751e8b465ee728b)  -> (artifact id: 'ee558f30aaab3d26f0bf1a2d522dfe53') in 0.014131 seconds
Number of updated asset objects reloaded before import = 0
Number of asset objects unloaded after import = 3
========================================================================
Received Import Request.
  Time since last request: 0.000018 seconds.
  path: Assets/Art/MapleStoryTest/swingP1_2.png
  artifactKey: Guid(61463463f55993d40ad55423bd0815d8) Importer(815301076,1909f56bfc062723c751e8b465ee728b)
Start importing Assets/Art/MapleStoryTest/swingP1_2.png using Guid(61463463f55993d40ad55423bd0815d8) Importer(815301076,1909f56bfc062723c751e8b465ee728b)  -> (artifact id: '0dea0c0812d4a01a50b651cbadf99b1c') in 0.018702 seconds
Number of updated asset objects reloaded before import = 0
Number of asset objects unloaded after import = 3
========================================================================
Received Import Request.
  Time since last request: 0.000013 seconds.
  path: Assets/Art/MapleStoryTest/swingP1_0.png
  artifactKey: Guid(881c5f70a01cd7f4b880705893140336) Importer(815301076,1909f56bfc062723c751e8b465ee728b)
Start importing Assets/Art/MapleStoryTest/swingP1_0.png using Guid(881c5f70a01cd7f4b880705893140336) Importer(815301076,1909f56bfc062723c751e8b465ee728b)  -> (artifact id: 'e63d366eacc879831fcfe9bc387e9514') in 0.009381 seconds
Number of updated asset objects reloaded before import = 0
Number of asset objects unloaded after import = 3
========================================================================
Received Import Request.
  Time since last request: 0.000027 seconds.
  path: Assets/Art/MapleStoryTest/swingOF_1.png
  artifactKey: Guid(347210d18c54d774e9c1b5a941f5b7d9) Importer(815301076,1909f56bfc062723c751e8b465ee728b)
Start importing Assets/Art/MapleStoryTest/swingOF_1.png using Guid(347210d18c54d774e9c1b5a941f5b7d9) Importer(815301076,1909f56bfc062723c751e8b465ee728b)  -> (artifact id: '3818bf1fc7d44ece928083712971ff40') in 0.008591 seconds
Number of updated asset objects reloaded before import = 0
Number of asset objects unloaded after import = 3
========================================================================
Received Import Request.
  Time since last request: 0.000020 seconds.
  path: Assets/Art/MapleStoryTest/swingT1_2.png
  artifactKey: Guid(9c5e7c9ee147af946aa3a2b3fe20918d) Importer(815301076,1909f56bfc062723c751e8b465ee728b)
Start importing Assets/Art/MapleStoryTest/swingT1_2.png using Guid(9c5e7c9ee147af946aa3a2b3fe20918d) Importer(815301076,1909f56bfc062723c751e8b465ee728b)  -> (artifact id: '0e1a0cb77bce16e49249fe05ad1ee699') in 0.009601 seconds
Number of updated asset objects reloaded before import = 0
Number of asset objects unloaded after import = 3
========================================================================
Received Import Request.
  Time since last request: 0.000018 seconds.
  path: Assets/Art/MapleStoryTest/swingT3_1.png
  artifactKey: Guid(6ca6e9a34ec5ec94fa59a3dce5624c9b) Importer(815301076,1909f56bfc062723c751e8b465ee728b)
Start importing Assets/Art/MapleStoryTest/swingT3_1.png using Guid(6ca6e9a34ec5ec94fa59a3dce5624c9b) Importer(815301076,1909f56bfc062723c751e8b465ee728b)  -> (artifact id: '8b6d201af5492700d9265923fe4a05af') in 0.012178 seconds
Number of updated asset objects reloaded before import = 0
Number of asset objects unloaded after import = 3
========================================================================
Received Import Request.
  Time since last request: 0.000017 seconds.
  path: Assets/Art/MapleStoryTest/swingTF_0.png
  artifactKey: Guid(3490230ea1526ff47be7b03beba95374) Importer(815301076,1909f56bfc062723c751e8b465ee728b)
Start importing Assets/Art/MapleStoryTest/swingTF_0.png using Guid(3490230ea1526ff47be7b03beba95374) Importer(815301076,1909f56bfc062723c751e8b465ee728b)  -> (artifact id: '637d1d4411af2ad95c7a1ba7e562f865') in 0.014883 seconds
Number of updated asset objects reloaded before import = 0
Number of asset objects unloaded after import = 3
========================================================================
Received Import Request.
  Time since last request: 0.000015 seconds.
  path: Assets/Art/MapleStoryTest/swingT3_2.png
  artifactKey: Guid(a224e6bda2b019044a7a524bb35aad2a) Importer(815301076,1909f56bfc062723c751e8b465ee728b)
Start importing Assets/Art/MapleStoryTest/swingT3_2.png using Guid(a224e6bda2b019044a7a524bb35aad2a) Importer(815301076,1909f56bfc062723c751e8b465ee728b)  -> (artifact id: '9492ba4e181e20666e09cb0dbed64ff4') in 0.020813 seconds
Number of updated asset objects reloaded before import = 0
Number of asset objects unloaded after import = 3
========================================================================
Received Import Request.
  Time since last request: 0.000015 seconds.
  path: Assets/Art/MapleStoryTest/swingOF_4.png
  artifactKey: Guid(d1ea5df88a843694aa2a2df113ccd499) Importer(815301076,1909f56bfc062723c751e8b465ee728b)
Start importing Assets/Art/MapleStoryTest/swingOF_4.png using Guid(d1ea5df88a843694aa2a2df113ccd499) Importer(815301076,1909f56bfc062723c751e8b465ee728b)  -> (artifact id: '576a439f7d3e1ddb1e6c0bd210714f28') in 0.025219 seconds
Number of updated asset objects reloaded before import = 0
Number of asset objects unloaded after import = 3
========================================================================
Received Import Request.
  Time since last request: 0.000017 seconds.
  path: Assets/Art/MapleStoryTest/swingP2_3.png
  artifactKey: Guid(a8664ebc024f5fc4184bd2f6c7caf810) Importer(815301076,1909f56bfc062723c751e8b465ee728b)
Start importing Assets/Art/MapleStoryTest/swingP2_3.png using Guid(a8664ebc024f5fc4184bd2f6c7caf810) Importer(815301076,1909f56bfc062723c751e8b465ee728b)  -> (artifact id: 'fd582a07f365520d55767ff2b559ed62') in 0.007295 seconds
Number of updated asset objects reloaded before import = 0
Number of asset objects unloaded after import = 3
========================================================================
Received Import Request.
  Time since last request: 0.000040 seconds.
  path: Assets/Art/MapleStoryTest/walk2_0.png
  artifactKey: Guid(dc05d513156c6814e9aa17ab057c6e21) Importer(815301076,1909f56bfc062723c751e8b465ee728b)
Start importing Assets/Art/MapleStoryTest/walk2_0.png using Guid(dc05d513156c6814e9aa17ab057c6e21) Importer(815301076,1909f56bfc062723c751e8b465ee728b)  -> (artifact id: '8060c71cfbc3df2bea93d160620ef817') in 0.007670 seconds
Number of updated asset objects reloaded before import = 0
Number of asset objects unloaded after import = 3
========================================================================
Received Import Request.
  Time since last request: 0.000012 seconds.
  path: Assets/Art/MapleStoryTest/walk2_2.png
  artifactKey: Guid(e17b74050ae3cac4492f48a3bfaf16de) Importer(815301076,1909f56bfc062723c751e8b465ee728b)
Start importing Assets/Art/MapleStoryTest/walk2_2.png using Guid(e17b74050ae3cac4492f48a3bfaf16de) Importer(815301076,1909f56bfc062723c751e8b465ee728b)  -> (artifact id: '9078b979337c94eb3130baa683b620fd') in 0.013210 seconds
Number of updated asset objects reloaded before import = 0
Number of asset objects unloaded after import = 3
========================================================================
Received Import Request.
  Time since last request: 0.000021 seconds.
  path: Assets/Art/MapleStoryTest/swingP2_1.png
  artifactKey: Guid(d93b09708fc7b59469fd2ca4e115466d) Importer(815301076,1909f56bfc062723c751e8b465ee728b)
Start importing Assets/Art/MapleStoryTest/swingP2_1.png using Guid(d93b09708fc7b59469fd2ca4e115466d) Importer(815301076,1909f56bfc062723c751e8b465ee728b)  -> (artifact id: '05d58e9fab80006afd07fc6da773ba72') in 0.015307 seconds
Number of updated asset objects reloaded before import = 0
Number of asset objects unloaded after import = 3
========================================================================
Received Import Request.
  Time since last request: 3.420066 seconds.
  path: Assets/Art/MapleStoryTest/stand1_1.png
  artifactKey: Guid(23f0a2ef5ab0b514586e5e2e9ff1d627) Importer(815301076,1909f56bfc062723c751e8b465ee728b)
Start importing Assets/Art/MapleStoryTest/stand1_1.png using Guid(23f0a2ef5ab0b514586e5e2e9ff1d627) Importer(815301076,1909f56bfc062723c751e8b465ee728b)  -> (artifact id: '6bfe5fade57f353a1e5c02f18c6badf2') in 0.012614 seconds
Number of updated asset objects reloaded before import = 0
Number of asset objects unloaded after import = 3
========================================================================
Received Import Request.
  Time since last request: 0.000022 seconds.
  path: Assets/Art/MapleStoryTest/swingO2_3.png
  artifactKey: Guid(4ecb80c42f71677408b80f6b061daba4) Importer(815301076,1909f56bfc062723c751e8b465ee728b)
Start importing Assets/Art/MapleStoryTest/swingO2_3.png using Guid(4ecb80c42f71677408b80f6b061daba4) Importer(815301076,1909f56bfc062723c751e8b465ee728b)  -> (artifact id: 'c9bfb9cf58017a314b1f82816c574ac2') in 0.024297 seconds
Number of updated asset objects reloaded before import = 0
Number of asset objects unloaded after import = 3
========================================================================
Received Import Request.
  Time since last request: 0.000029 seconds.
  path: Assets/Art/MapleStoryTest/swingO1_3.png
  artifactKey: Guid(7972b195abd198549bf5cb8be3d1cf36) Importer(815301076,1909f56bfc062723c751e8b465ee728b)
Start importing Assets/Art/MapleStoryTest/swingO1_3.png using Guid(7972b195abd198549bf5cb8be3d1cf36) Importer(815301076,1909f56bfc062723c751e8b465ee728b)  -> (artifact id: 'a489793935bd9dad0f63a76b885118e8') in 0.010559 seconds
Number of updated asset objects reloaded before import = 0
Number of asset objects unloaded after import = 3
========================================================================
Received Import Request.
  Time since last request: 0.000017 seconds.
  path: Assets/Art/MapleStoryTest/stabOF_1.png
  artifactKey: Guid(68c241c303dd0034a8160ded4e41b294) Importer(815301076,1909f56bfc062723c751e8b465ee728b)
Start importing Assets/Art/MapleStoryTest/stabOF_1.png using Guid(68c241c303dd0034a8160ded4e41b294) Importer(815301076,1909f56bfc062723c751e8b465ee728b)  -> (artifact id: '655b71c79640a5bcab5c252465df1eec') in 0.013082 seconds
Number of updated asset objects reloaded before import = 0
Number of asset objects unloaded after import = 3
========================================================================
Received Import Request.
  Time since last request: 0.000020 seconds.
  path: Assets/Art/MapleStoryTest/shootF_3.png
  artifactKey: Guid(aa20a3ea1d381ce488b5b579f4d741f6) Importer(815301076,1909f56bfc062723c751e8b465ee728b)
Start importing Assets/Art/MapleStoryTest/shootF_3.png using Guid(aa20a3ea1d381ce488b5b579f4d741f6) Importer(815301076,1909f56bfc062723c751e8b465ee728b)  -> (artifact id: '308192c3fc36cc40836a1faa457b5827') in 0.012759 seconds
Number of updated asset objects reloaded before import = 0
Number of asset objects unloaded after import = 3
========================================================================
Received Import Request.
  Time since last request: 0.000016 seconds.
  path: Assets/Art/MapleStoryTest/stabTF_1.png
  artifactKey: Guid(8579c0789ae501f49bac4570af54f3eb) Importer(815301076,1909f56bfc062723c751e8b465ee728b)
Start importing Assets/Art/MapleStoryTest/stabTF_1.png using Guid(8579c0789ae501f49bac4570af54f3eb) Importer(815301076,1909f56bfc062723c751e8b465ee728b)  -> (artifact id: '343a2cb71a838dfd0a6d722ba3d3228d') in 0.009741 seconds
Number of updated asset objects reloaded before import = 0
Number of asset objects unloaded after import = 3
========================================================================
Received Import Request.
  Time since last request: 0.000028 seconds.
  path: Assets/Art/MapleStoryTest/proneStab_1.png
  artifactKey: Guid(14e74d2877b8b8941997aa6f9bd6572e) Importer(815301076,1909f56bfc062723c751e8b465ee728b)
Start importing Assets/Art/MapleStoryTest/proneStab_1.png using Guid(14e74d2877b8b8941997aa6f9bd6572e) Importer(815301076,1909f56bfc062723c751e8b465ee728b)  -> (artifact id: 'd2555e667fac5355f0bb7eb2c64cd035') in 0.011105 seconds
Number of updated asset objects reloaded before import = 0
Number of asset objects unloaded after import = 3
========================================================================
Received Import Request.
  Time since last request: 0.000020 seconds.
  path: Assets/Art/MapleStoryTest/swingO2_1.png
  artifactKey: Guid(2a638537cdafa734fa67ff0f1a78ee92) Importer(815301076,1909f56bfc062723c751e8b465ee728b)
Start importing Assets/Art/MapleStoryTest/swingO2_1.png using Guid(2a638537cdafa734fa67ff0f1a78ee92) Importer(815301076,1909f56bfc062723c751e8b465ee728b)  -> (artifact id: '8eb109bf59826539451070180091c1c6') in 0.015189 seconds
Number of updated asset objects reloaded before import = 0
Number of asset objects unloaded after import = 3
========================================================================
Received Import Request.
  Time since last request: 0.000021 seconds.
  path: Assets/Art/MapleStoryTest/stabT1_3.png
  artifactKey: Guid(5286c5c71184e92418952fe029aff232) Importer(815301076,1909f56bfc062723c751e8b465ee728b)
Start importing Assets/Art/MapleStoryTest/stabT1_3.png using Guid(5286c5c71184e92418952fe029aff232) Importer(815301076,1909f56bfc062723c751e8b465ee728b)  -> (artifact id: 'd68012dba4e78a62e18b8430a57de46d') in 0.014424 seconds
Number of updated asset objects reloaded before import = 0
Number of asset objects unloaded after import = 3
========================================================================
Received Import Request.
  Time since last request: 0.000019 seconds.
  path: Assets/Art/MapleStoryTest/shoot2_1.png
  artifactKey: Guid(5cef6c5fbb8c904488af7c514ddd51f8) Importer(815301076,1909f56bfc062723c751e8b465ee728b)
Start importing Assets/Art/MapleStoryTest/shoot2_1.png using Guid(5cef6c5fbb8c904488af7c514ddd51f8) Importer(815301076,1909f56bfc062723c751e8b465ee728b)  -> (artifact id: 'c2453c48c7d75c90c81dc9f060649f3e') in 0.011831 seconds
Number of updated asset objects reloaded before import = 0
Number of asset objects unloaded after import = 3
========================================================================
Received Import Request.
  Time since last request: 0.000025 seconds.
  path: Assets/Art/MapleStoryTest/swingO1_1.png
  artifactKey: Guid(67139a2894b71394b8e09551ebf0693d) Importer(815301076,1909f56bfc062723c751e8b465ee728b)
Start importing Assets/Art/MapleStoryTest/swingO1_1.png using Guid(67139a2894b71394b8e09551ebf0693d) Importer(815301076,1909f56bfc062723c751e8b465ee728b)  -> (artifact id: 'ff69cb8725b43b4894f6a64ba350a451') in 0.014345 seconds
Number of updated asset objects reloaded before import = 0
Number of asset objects unloaded after import = 3
========================================================================
Received Import Request.
  Time since last request: 0.000025 seconds.
  path: Assets/Art/MapleStoryTest/stabT1_0.png
  artifactKey: Guid(73cf10d411253fb47bce2e6e7db4545d) Importer(815301076,1909f56bfc062723c751e8b465ee728b)
Start importing Assets/Art/MapleStoryTest/stabT1_0.png using Guid(73cf10d411253fb47bce2e6e7db4545d) Importer(815301076,1909f56bfc062723c751e8b465ee728b)  -> (artifact id: '362d3b350a6c74c06e52c2bbf22efaaf') in 0.011164 seconds
Number of updated asset objects reloaded before import = 0
Number of asset objects unloaded after import = 3
========================================================================
Received Import Request.
  Time since last request: 0.000020 seconds.
  path: Assets/Art/MapleStoryTest/stabTF_3.png
  artifactKey: Guid(97ce77e2d0fb1334a82f13080cff1278) Importer(815301076,1909f56bfc062723c751e8b465ee728b)
Start importing Assets/Art/MapleStoryTest/stabTF_3.png using Guid(97ce77e2d0fb1334a82f13080cff1278) Importer(815301076,1909f56bfc062723c751e8b465ee728b)  -> (artifact id: '442d9ca7524c836e0bc3e2040c68ab75') in 0.009895 seconds
Number of updated asset objects reloaded before import = 0
Number of asset objects unloaded after import = 3
========================================================================
Received Import Request.
  Time since last request: 0.000026 seconds.
  path: Assets/Art/MapleStoryTest/rope_0.png
  artifactKey: Guid(4ef09493c61d39448852049c97b090ee) Importer(815301076,1909f56bfc062723c751e8b465ee728b)
Start importing Assets/Art/MapleStoryTest/rope_0.png using Guid(4ef09493c61d39448852049c97b090ee) Importer(815301076,1909f56bfc062723c751e8b465ee728b)  -> (artifact id: 'd0596f0a293a9a042d76bf663e89a330') in 0.020885 seconds
Number of updated asset objects reloaded before import = 0
Number of asset objects unloaded after import = 3
========================================================================
Received Import Request.
  Time since last request: 0.000018 seconds.
  path: Assets/Art/MapleStoryTest/stand1_0.png
  artifactKey: Guid(6cf2dd38143bc7b46b04d998f0836b6d) Importer(815301076,1909f56bfc062723c751e8b465ee728b)
Start importing Assets/Art/MapleStoryTest/stand1_0.png using Guid(6cf2dd38143bc7b46b04d998f0836b6d) Importer(815301076,1909f56bfc062723c751e8b465ee728b)  -> (artifact id: 'bce73918b04243752828d4a3d8a008ae') in 0.013678 seconds
Number of updated asset objects reloaded before import = 0
Number of asset objects unloaded after import = 3
========================================================================
Received Import Request.
  Time since last request: 0.000020 seconds.
  path: Assets/Art/MapleStoryTest/rope_2.png
  artifactKey: Guid(f4010996ef5955648a903fabafb94048) Importer(815301076,1909f56bfc062723c751e8b465ee728b)
Start importing Assets/Art/MapleStoryTest/rope_2.png using Guid(f4010996ef5955648a903fabafb94048) Importer(815301076,1909f56bfc062723c751e8b465ee728b)  -> (artifact id: 'a7ba19c8495bb8b0325429172b68f14d') in 0.008662 seconds
Number of updated asset objects reloaded before import = 0
Number of asset objects unloaded after import = 3
========================================================================
Received Import Request.
  Time since last request: 0.000018 seconds.
  path: Assets/Art/MapleStoryTest/shoot1_3.png
  artifactKey: Guid(6efcadb1b5124ad4a84f60d2b477de0c) Importer(815301076,1909f56bfc062723c751e8b465ee728b)
Start importing Assets/Art/MapleStoryTest/shoot1_3.png using Guid(6efcadb1b5124ad4a84f60d2b477de0c) Importer(815301076,1909f56bfc062723c751e8b465ee728b)  -> (artifact id: '0905c9f034a6e13929f0beefc339e438') in 0.009021 seconds
Number of updated asset objects reloaded before import = 0
Number of asset objects unloaded after import = 3
========================================================================
Received Import Request.
  Time since last request: 0.000016 seconds.
  path: Assets/Art/MapleStoryTest/stabO2_0.png
  artifactKey: Guid(ea353b85f08abc14999d1137c8b097a4) Importer(815301076,1909f56bfc062723c751e8b465ee728b)
Start importing Assets/Art/MapleStoryTest/stabO2_0.png using Guid(ea353b85f08abc14999d1137c8b097a4) Importer(815301076,1909f56bfc062723c751e8b465ee728b)  -> (artifact id: 'b5c8898a52d9b5ee38e90bbc109ccad6') in 0.013910 seconds
Number of updated asset objects reloaded before import = 0
Number of asset objects unloaded after import = 3
========================================================================
Received Import Request.
  Time since last request: 0.000013 seconds.
  path: Assets/Art/MapleStoryTest/proneStab_2.png
  artifactKey: Guid(025e6f1304fea6f41be7e99642f8d30e) Importer(815301076,1909f56bfc062723c751e8b465ee728b)
Start importing Assets/Art/MapleStoryTest/proneStab_2.png using Guid(025e6f1304fea6f41be7e99642f8d30e) Importer(815301076,1909f56bfc062723c751e8b465ee728b)  -> (artifact id: 'ef00ac8faab202313cf8cdba05644f8c') in 0.029364 seconds
Number of updated asset objects reloaded before import = 0
Number of asset objects unloaded after import = 3
========================================================================
Received Import Request.
  Time since last request: 0.000015 seconds.
  path: Assets/Art/MapleStoryTest/jump_1.png
  artifactKey: Guid(b864a5861f0088844a21f05afaf2d1aa) Importer(815301076,1909f56bfc062723c751e8b465ee728b)
Start importing Assets/Art/MapleStoryTest/jump_1.png using Guid(b864a5861f0088844a21f05afaf2d1aa) Importer(815301076,1909f56bfc062723c751e8b465ee728b)  -> (artifact id: 'ff6b964d6a6fb200a5d654842f2e2ba5') in 0.010025 seconds
Number of updated asset objects reloaded before import = 0
Number of asset objects unloaded after import = 3
========================================================================
Received Import Request.
  Time since last request: 0.000010 seconds.
  path: Assets/Art/MapleStoryTest/ladder_0.png
  artifactKey: Guid(46c64cb2c1e1704448d2676faf997cb6) Importer(815301076,1909f56bfc062723c751e8b465ee728b)
Start importing Assets/Art/MapleStoryTest/ladder_0.png using Guid(46c64cb2c1e1704448d2676faf997cb6) Importer(815301076,1909f56bfc062723c751e8b465ee728b)  -> (artifact id: '8233e97b0b13ca6be6abfcd6fb700310') in 0.008427 seconds
Number of updated asset objects reloaded before import = 0
Number of asset objects unloaded after import = 3
========================================================================
Received Import Request.
  Time since last request: 0.000015 seconds.
  path: Assets/Art/MapleStoryTest/fly_2.png
  artifactKey: Guid(69242f0573310c4468bf85bbbecd69cf) Importer(815301076,1909f56bfc062723c751e8b465ee728b)
Start importing Assets/Art/MapleStoryTest/fly_2.png using Guid(69242f0573310c4468bf85bbbecd69cf) Importer(815301076,1909f56bfc062723c751e8b465ee728b)  -> (artifact id: '20e24f98fc5e2adc4226992c85e0443b') in 0.014701 seconds
Number of updated asset objects reloaded before import = 0
Number of asset objects unloaded after import = 3
Editor requested this worker to shutdown with reason: Scaling down because of idle timeout
AssetImportWorker is now disconnected from the server
Process exiting
Exiting without the bug reporter. Application will terminate with return code 0