Using pre-set license
Built from '2023.1/staging' branch; Version is '2023.1.20f1 (35a524b12060) revision 3515684'; Using compiler version '192829333'; Build Type 'Release'
OS: 'Windows 10  (10.0.19045) 64bit Professional' Language: 'en' Physical Memory: 32674 MB
BatchMode: 1, IsHumanControllingUs: 0, StartBugReporterOnCrash: 0, Is64bit: 1, IsPro: 1

COMMAND LINE ARGUMENTS:
G:\Unity\UnityVersions\2023.1.20f1\Editor\Unity.exe
-adb2
-batchMode
-noUpm
-name
AssetImportWorker14
-projectPath
G:/Unity/UnityProjects/Git/Roguelike/Card Rouge-Like
-logFile
Logs/AssetImportWorker14.log
-srvPort
49451
Successfully changed project path to: G:/Unity/UnityProjects/Git/Roguelike/Card Rouge-Like
G:/Unity/UnityProjects/Git/Roguelike/Card Rouge-Like
[UnityMemory] Configuration Parameters - Can be set up in boot.config
    "memorysetup-bucket-allocator-granularity=16"
    "memorysetup-bucket-allocator-bucket-count=8"
    "memorysetup-bucket-allocator-block-size=33554432"
    "memorysetup-bucket-allocator-block-count=8"
    "memorysetup-main-allocator-block-size=16777216"
    "memorysetup-thread-allocator-block-size=16777216"
    "memorysetup-gfx-main-allocator-block-size=16777216"
    "memorysetup-gfx-thread-allocator-block-size=16777216"
    "memorysetup-cache-allocator-block-size=4194304"
    "memorysetup-typetree-allocator-block-size=2097152"
    "memorysetup-profiler-bucket-allocator-granularity=16"
    "memorysetup-profiler-bucket-allocator-bucket-count=8"
    "memorysetup-profiler-bucket-allocator-block-size=33554432"
    "memorysetup-profiler-bucket-allocator-block-count=8"
    "memorysetup-profiler-allocator-block-size=16777216"
    "memorysetup-profiler-editor-allocator-block-size=1048576"
    "memorysetup-temp-allocator-size-main=16777216"
    "memorysetup-job-temp-allocator-block-size=2097152"
    "memorysetup-job-temp-allocator-block-size-background=1048576"
    "memorysetup-job-temp-allocator-reduction-small-platforms=262144"
    "memorysetup-allocator-temp-initial-block-size-main=262144"
    "memorysetup-allocator-temp-initial-block-size-worker=262144"
    "memorysetup-temp-allocator-size-background-worker=32768"
    "memorysetup-temp-allocator-size-job-worker=262144"
    "memorysetup-temp-allocator-size-preload-manager=33554432"
    "memorysetup-temp-allocator-size-nav-mesh-worker=65536"
    "memorysetup-temp-allocator-size-audio-worker=65536"
    "memorysetup-temp-allocator-size-cloud-worker=32768"
    "memorysetup-temp-allocator-size-gi-baking-worker=262144"
    "memorysetup-temp-allocator-size-gfx=262144"
Player connection [9568] Host "[IP] 192.168.0.137 [Port] 0 [Flags] 2 [Guid] 3919789663 [EditorId] 3919789663 [Version] 1048832 [Id] WindowsEditor(7,DESKTOP-26UP572) [Debug] 1 [PackageName] WindowsEditor [ProjectName] Editor" joined multi-casting on [225.0.0.222:54997]...

Player connection [9568] Host "[IP] 192.168.0.137 [Port] 0 [Flags] 2 [Guid] 3919789663 [EditorId] 3919789663 [Version] 1048832 [Id] WindowsEditor(7,DESKTOP-26UP572) [Debug] 1 [PackageName] WindowsEditor [ProjectName] Editor" joined alternative multi-casting on [225.0.0.222:34997]...

[Physics::Module] Initialized MultithreadedJobDispatcher with 23 workers.
Library Redirect Path: Library/Refreshing native plugins compatible for Editor in 8.89 ms, found 4 plugins.
Preloading 0 native plugins for Editor in 0.00 ms.
Initialize engine version: 2023.1.20f1 (35a524b12060)
[Subsystems] Discovering subsystems at path G:/Unity/UnityVersions/2023.1.20f1/Editor/Data/Resources/UnitySubsystems
[Subsystems] Discovering subsystems at path G:/Unity/UnityProjects/Git/Roguelike/Card Rouge-Like/Assets
GfxDevice: creating device client; threaded=0; jobified=0
Direct3D:
    Version:  Direct3D 11.0 [level 11.1]
    Renderer: NVIDIA GeForce RTX 3080 (ID=0x2216)
    Vendor:   NVIDIA
    VRAM:     10067 MB
    Driver:   31.0.15.3667
Initialize mono
Mono path[0] = 'G:/Unity/UnityVersions/2023.1.20f1/Editor/Data/Managed'
Mono path[1] = 'G:/Unity/UnityVersions/2023.1.20f1/Editor/Data/MonoBleedingEdge/lib/mono/unityjit-win32'
Mono config path = 'G:/Unity/UnityVersions/2023.1.20f1/Editor/Data/MonoBleedingEdge/etc'
Using monoOptions --debugger-agent=transport=dt_socket,embedding=1,server=y,suspend=n,address=127.0.0.1:56104
Begin MonoManager ReloadAssembly
C:\build\output\Unity-Technologies\mono\mono\metadata\icall.c:1842:
C:\build\output\Unity-Technologies\mono\mono\metadata\icall.c:1842:
C:\build\output\Unity-Technologies\mono\mono\metadata\icall.c:1842:
C:\build\output\Unity-Technologies\mono\mono\metadata\icall.c:1842:
C:\build\output\Unity-Technologies\mono\mono\metadata\icall.c:1842:
C:\build\output\Unity-Technologies\mono\mono\metadata\icall.c:1842:
C:\build\output\Unity-Technologies\mono\mono\metadata\icall.c:1842:
C:\build\output\Unity-Technologies\mono\mono\metadata\icall.c:1842:
C:\build\output\Unity-Technologies\mono\mono\metadata\icall.c:1842:
C:\build\output\Unity-Technologies\mono\mono\metadata\icall.c:1842:
Registering precompiled unity dll's ...
Register platform support module: G:/Unity/UnityVersions/2023.1.20f1/Editor/Data/PlaybackEngines/WindowsStandaloneSupport/UnityEditor.WindowsStandalone.Extensions.dll
Registered in 0.002118 seconds.
- Loaded All Assemblies, in  0.283 seconds
Native extension for WindowsStandalone target not found
Mono: successfully reloaded assembly
C:\build\output\Unity-Technologies\mono\mono\metadata\icall.c:1842:
C:\build\output\Unity-Technologies\mono\mono\metadata\icall.c:1842:
- Finished resetting the current domain, in  0.223 seconds
Domain Reload Profiling: 506ms
	BeginReloadAssembly (97ms)
		ExecutionOrderSort (0ms)
		DisableScriptedObjects (0ms)
		BackupInstance (0ms)
		ReleaseScriptingObjects (0ms)
		CreateAndSetChildDomain (1ms)
	RebuildCommonClasses (26ms)
	RebuildNativeTypeToScriptingClass (9ms)
	initialDomainReloadingComplete (37ms)
	LoadAllAssembliesAndSetupDomain (113ms)
		LoadAssemblies (97ms)
		RebuildTransferFunctionScriptingTraits (0ms)
		AnalyzeDomain (111ms)
			TypeCache.Refresh (110ms)
				TypeCache.ScanAssembly (100ms)
			ScanForSourceGeneratedMonoScriptInfo (0ms)
			ResolveRequiredComponents (0ms)
	FinalizeReload (223ms)
		ReleaseScriptCaches (0ms)
		RebuildScriptCaches (0ms)
		SetupLoadedEditorAssemblies (189ms)
			LogAssemblyErrors (0ms)
			InitializePlatformSupportModulesInManaged (6ms)
			SetLoadedEditorAssemblies (4ms)
			BeforeProcessingInitializeOnLoad (6ms)
			ProcessInitializeOnLoadAttributes (134ms)
			ProcessInitializeOnLoadMethodAttributes (39ms)
			AfterProcessingInitializeOnLoad (0ms)
			EditorAssembliesLoaded (0ms)
		ExecutionOrderSort2 (0ms)
		AwakeInstancesAfterBackupRestoration (0ms)
========================================================================
Worker process is ready to serve import requests
Import Worker Mode flag is 0x00
Begin MonoManager ReloadAssembly
C:\build\output\Unity-Technologies\mono\mono\metadata\icall.c:1842:
C:\build\output\Unity-Technologies\mono\mono\metadata\icall.c:1842:
C:\build\output\Unity-Technologies\mono\mono\metadata\icall.c:1842:
C:\build\output\Unity-Technologies\mono\mono\metadata\icall.c:1842:
C:\build\output\Unity-Technologies\mono\mono\metadata\icall.c:1842:
C:\build\output\Unity-Technologies\mono\mono\metadata\icall.c:1842:
C:\build\output\Unity-Technologies\mono\mono\metadata\icall.c:1842:
C:\build\output\Unity-Technologies\mono\mono\metadata\icall.c:1842:
C:\build\output\Unity-Technologies\mono\mono\metadata\icall.c:1842:
C:\build\output\Unity-Technologies\mono\mono\metadata\icall.c:1842:
C:\build\output\Unity-Technologies\mono\mono\metadata\icall.c:1842:
C:\build\output\Unity-Technologies\mono\mono\metadata\icall.c:1842:
Symbol file LoadedFromMemory doesn't match image G:\Unity\UnityProjects\Git\Roguelike\Card Rouge-Like\Library\PackageCache\com.unity.visualscripting@1.8.0\Editor\VisualScripting.Core\Dependencies\YamlDotNet\Unity.VisualScripting.YamlDotNet.dll
Symbol file LoadedFromMemory doesn't match image G:\Unity\UnityProjects\Git\Roguelike\Card Rouge-Like\Library\PackageCache\com.unity.visualscripting@1.8.0\Editor\VisualScripting.Core\Dependencies\DotNetZip\Unity.VisualScripting.IonicZip.dll
- Loaded All Assemblies, in  1.054 seconds
Refreshing native plugins compatible for Editor in 2.18 ms, found 4 plugins.
Native extension for WindowsStandalone target not found
Mono: successfully reloaded assembly
- Finished resetting the current domain, in  0.599 seconds
Domain Reload Profiling: 1653ms
	BeginReloadAssembly (576ms)
		ExecutionOrderSort (0ms)
		DisableScriptedObjects (5ms)
		BackupInstance (0ms)
		ReleaseScriptingObjects (0ms)
		CreateAndSetChildDomain (29ms)
	RebuildCommonClasses (27ms)
	RebuildNativeTypeToScriptingClass (9ms)
	initialDomainReloadingComplete (21ms)
	LoadAllAssembliesAndSetupDomain (420ms)
		LoadAssemblies (263ms)
		RebuildTransferFunctionScriptingTraits (0ms)
		AnalyzeDomain (237ms)
			TypeCache.Refresh (215ms)
				TypeCache.ScanAssembly (204ms)
			ScanForSourceGeneratedMonoScriptInfo (17ms)
			ResolveRequiredComponents (4ms)
	FinalizeReload (600ms)
		ReleaseScriptCaches (0ms)
		RebuildScriptCaches (0ms)
		SetupLoadedEditorAssemblies (438ms)
			LogAssemblyErrors (0ms)
			InitializePlatformSupportModulesInManaged (4ms)
			SetLoadedEditorAssemblies (4ms)
			BeforeProcessingInitializeOnLoad (77ms)
			ProcessInitializeOnLoadAttributes (327ms)
			ProcessInitializeOnLoadMethodAttributes (25ms)
			AfterProcessingInitializeOnLoad (1ms)
			EditorAssembliesLoaded (0ms)
		ExecutionOrderSort2 (0ms)
		AwakeInstancesAfterBackupRestoration (5ms)
Launched and connected shader compiler UnityShaderCompiler.exe after 0.05 seconds
Refreshing native plugins compatible for Editor in 2.91 ms, found 4 plugins.
Preloading 0 native plugins for Editor in 0.00 ms.
Unloading 4832 Unused Serialized files (Serialized files now loaded: 0)
Unloading 95 unused Assets / (1.1 MB). Loaded Objects now: 5363.
Memory consumption went from 182.8 MB to 181.7 MB.
Total: 10.306500 ms (FindLiveObjects: 0.984800 ms CreateObjectMapping: 0.704900 ms MarkObjects: 8.007900 ms  DeleteObjects: 0.606600 ms)

AssetImportParameters requested are different than current active one (requested -> active):
  custom:video-decoder-webm-vp8: 9c59270c3fd7afecdb556c50c9e8de78 -> 
  custom:SearchIndexIgnoredProperties: e643bd26f0fe6173181afceb89e7c659 -> 
  custom:audio-encoder-webm-vorbis: bf7c407c2cedff20999df2af8eb42d56 -> 
  custom:AudioImporter_EditorPlatform: d09bf68614088b80899f8185d706f6e7 -> 
  custom:audio-decoder-ogg-vorbis: bf7c407c2cedff20999df2af8eb42d56 -> 
  custom:video-encoder-webm-vp8: eb34c28f22e8b96e1ab97ce403110664 -> 
  custom:container-demuxer-ogg: 62fdf1f143b41e24485cea50d1cbac27 -> 
  custom:framework-win-MediaFoundation: 216162199b28c13a410421893ffa2e32 -> 
  custom:video-decoder-ogg-theora: a1e56fd34408186e4bbccfd4996cb3dc -> 
  custom:container-muxer-webm: aa71ff27fc2769a1b78a27578f13a17b -> 
  custom:video-codec-MediaFoundation-h265: e54d7ab0439102e2317fc1e4b246158d -> 
  custom:CustomObjectIndexerAttribute: 756ad292c208cfabdd7b50bc23989ffe -> 
  custom:container-demuxer-webm: 4f35f7cbe854078d1ac9338744f61a02 -> 
========================================================================
Received Import Request.
  Time since last request: 96889.365819 seconds.
  path: Assets/Art/New/UI/Keys/o-umlaut.png
  artifactKey: Guid(4eebb55e79a7e8e41beddd03cba02eef) Importer(815301076,1909f56bfc062723c751e8b465ee728b)
Start importing Assets/Art/New/UI/Keys/o-umlaut.png using Guid(4eebb55e79a7e8e41beddd03cba02eef) Importer(815301076,1909f56bfc062723c751e8b465ee728b)  -> (artifact id: '996e2c04a00d17693ca22593e165d4f4') in 0.180291 seconds
Number of updated asset objects reloaded before import = 0
Number of asset objects unloaded after import = 3
========================================================================
Received Import Request.
  Time since last request: 0.000026 seconds.
  path: Assets/Art/New/UI/Keys/w.png
  artifactKey: Guid(ecfc3e61aa9e85941b0219bc0b05d915) Importer(815301076,1909f56bfc062723c751e8b465ee728b)
Start importing Assets/Art/New/UI/Keys/w.png using Guid(ecfc3e61aa9e85941b0219bc0b05d915) Importer(815301076,1909f56bfc062723c751e8b465ee728b)  -> (artifact id: 'd16a4ab3c4a09606a06590d2b4258017') in 0.066340 seconds
Number of updated asset objects reloaded before import = 0
Number of asset objects unloaded after import = 3
========================================================================
Received Import Request.
  Time since last request: 0.000031 seconds.
  path: Assets/Art/New/UI/Keys/return.png
  artifactKey: Guid(11f43a70b0e33234fae187c0c8d0533c) Importer(815301076,1909f56bfc062723c751e8b465ee728b)
Start importing Assets/Art/New/UI/Keys/return.png using Guid(11f43a70b0e33234fae187c0c8d0533c) Importer(815301076,1909f56bfc062723c751e8b465ee728b)  -> (artifact id: 'a5594ae0e2e90c93565d771d16602b16') in 0.011397 seconds
Number of updated asset objects reloaded before import = 0
Number of asset objects unloaded after import = 3
========================================================================
Received Import Request.
  Time since last request: 0.000012 seconds.
  path: Assets/Art/New/UI/Keys/pound.png
  artifactKey: Guid(a4c003845c169bb42a288533a63bfe32) Importer(815301076,1909f56bfc062723c751e8b465ee728b)
Start importing Assets/Art/New/UI/Keys/pound.png using Guid(a4c003845c169bb42a288533a63bfe32) Importer(815301076,1909f56bfc062723c751e8b465ee728b)  -> (artifact id: 'ae467a7d865d7560b456c80cfc139b1b') in 0.010413 seconds
Number of updated asset objects reloaded before import = 0
Number of asset objects unloaded after import = 3
========================================================================
Received Import Request.
  Time since last request: 0.000015 seconds.
  path: Assets/Art/New/UI/Keys/page-down.png
  artifactKey: Guid(79f6bfb28d733ab4fab5204cd9d19fd0) Importer(815301076,1909f56bfc062723c751e8b465ee728b)
Start importing Assets/Art/New/UI/Keys/page-down.png using Guid(79f6bfb28d733ab4fab5204cd9d19fd0) Importer(815301076,1909f56bfc062723c751e8b465ee728b)  -> (artifact id: 'ac19dfdb7b005b745c88e6de9d9d59e0') in 0.010969 seconds
Number of updated asset objects reloaded before import = 0
Number of asset objects unloaded after import = 3
========================================================================
Received Import Request.
  Time since last request: 0.000016 seconds.
  path: Assets/Art/New/UI/Keys/page-up.png
  artifactKey: Guid(56031ae806521874bb2e19cdd6b3d6a8) Importer(815301076,1909f56bfc062723c751e8b465ee728b)
Start importing Assets/Art/New/UI/Keys/page-up.png using Guid(56031ae806521874bb2e19cdd6b3d6a8) Importer(815301076,1909f56bfc062723c751e8b465ee728b)  -> (artifact id: 'c3e0a384de6baa7ece5c2caaa53b715a') in 0.011492 seconds
Number of updated asset objects reloaded before import = 0
Number of asset objects unloaded after import = 3
========================================================================
Received Import Request.
  Time since last request: 0.000020 seconds.
  path: Assets/Art/New/UI/Keys/question-mark.png
  artifactKey: Guid(8bf37835f2586a64c8b9abaf441c2366) Importer(815301076,1909f56bfc062723c751e8b465ee728b)
Start importing Assets/Art/New/UI/Keys/question-mark.png using Guid(8bf37835f2586a64c8b9abaf441c2366) Importer(815301076,1909f56bfc062723c751e8b465ee728b)  -> (artifact id: '66d053256611fe3a04a4b2e644d4ea14') in 0.010476 seconds
Number of updated asset objects reloaded before import = 0
Number of asset objects unloaded after import = 3
========================================================================
Received Import Request.
  Time since last request: 3.443276 seconds.
  path: Assets/Art/New/UI/Keys/k.png
  artifactKey: Guid(3642663d23866f348b54ef6a76baeb7d) Importer(815301076,1909f56bfc062723c751e8b465ee728b)
Start importing Assets/Art/New/UI/Keys/k.png using Guid(3642663d23866f348b54ef6a76baeb7d) Importer(815301076,1909f56bfc062723c751e8b465ee728b)  -> (artifact id: 'ac85644d910d2b25f4d4b96f5009d690') in 0.021980 seconds
Number of updated asset objects reloaded before import = 0
Number of asset objects unloaded after import = 3
========================================================================
Received Import Request.
  Time since last request: 0.000020 seconds.
  path: Assets/Art/New/UI/Keys/i-acute.png
  artifactKey: Guid(a9a3e0d72464b684498fa4df9dee067a) Importer(815301076,1909f56bfc062723c751e8b465ee728b)
Start importing Assets/Art/New/UI/Keys/i-acute.png using Guid(a9a3e0d72464b684498fa4df9dee067a) Importer(815301076,1909f56bfc062723c751e8b465ee728b)  -> (artifact id: '4b14554350b1df8876c50425da98aeab') in 0.015160 seconds
Number of updated asset objects reloaded before import = 0
Number of asset objects unloaded after import = 3
========================================================================
Received Import Request.
  Time since last request: 0.000027 seconds.
  path: Assets/Art/New/UI/Keys/eszett.png
  artifactKey: Guid(96b5c1aeb5c1f8a4791e72b83afa11ab) Importer(815301076,1909f56bfc062723c751e8b465ee728b)
Start importing Assets/Art/New/UI/Keys/eszett.png using Guid(96b5c1aeb5c1f8a4791e72b83afa11ab) Importer(815301076,1909f56bfc062723c751e8b465ee728b)  -> (artifact id: '443ff5b91d74fb100123bafe323c5e7c') in 0.013491 seconds
Number of updated asset objects reloaded before import = 0
Number of asset objects unloaded after import = 3
========================================================================
Received Import Request.
  Time since last request: 0.000023 seconds.
  path: Assets/Art/New/UI/Keys/c.png
  artifactKey: Guid(f665d7e5c3f0dd74889558f92002b88f) Importer(815301076,1909f56bfc062723c751e8b465ee728b)
Start importing Assets/Art/New/UI/Keys/c.png using Guid(f665d7e5c3f0dd74889558f92002b88f) Importer(815301076,1909f56bfc062723c751e8b465ee728b)  -> (artifact id: '1c0964b276d64957264175bc6a9b4f87') in 0.011586 seconds
Number of updated asset objects reloaded before import = 0
Number of asset objects unloaded after import = 3
========================================================================
Received Import Request.
  Time since last request: 0.000019 seconds.
  path: Assets/Art/New/UI/Keys/backspace.png
  artifactKey: Guid(d8434286d193fef4f8ce58c344a2b770) Importer(815301076,1909f56bfc062723c751e8b465ee728b)
Start importing Assets/Art/New/UI/Keys/backspace.png using Guid(d8434286d193fef4f8ce58c344a2b770) Importer(815301076,1909f56bfc062723c751e8b465ee728b)  -> (artifact id: '2f7367b3a3ddc6aaaed4ec3753397717') in 0.014640 seconds
Number of updated asset objects reloaded before import = 0
Number of asset objects unloaded after import = 3
========================================================================
Received Import Request.
  Time since last request: 0.000017 seconds.
  path: Assets/Art/New/UI/Keys/d.png
  artifactKey: Guid(c548bdf1bcaf69d42b88576806e3cf52) Importer(815301076,1909f56bfc062723c751e8b465ee728b)
Start importing Assets/Art/New/UI/Keys/d.png using Guid(c548bdf1bcaf69d42b88576806e3cf52) Importer(815301076,1909f56bfc062723c751e8b465ee728b)  -> (artifact id: 'd706ddae3ca0ad1fe93c6a6e9aa73cce') in 0.010656 seconds
Number of updated asset objects reloaded before import = 0
Number of asset objects unloaded after import = 3
========================================================================
Received Import Request.
  Time since last request: 0.000015 seconds.
  path: Assets/Art/New/UI/Keys/backslash.png
  artifactKey: Guid(f89ec85dea3f4a247b2bd9a635a998d3) Importer(815301076,1909f56bfc062723c751e8b465ee728b)
Start importing Assets/Art/New/UI/Keys/backslash.png using Guid(f89ec85dea3f4a247b2bd9a635a998d3) Importer(815301076,1909f56bfc062723c751e8b465ee728b)  -> (artifact id: '3fcbb59fd83767e8138e7140f5d36d03') in 0.011406 seconds
Number of updated asset objects reloaded before import = 0
Number of asset objects unloaded after import = 3
========================================================================
Received Import Request.
  Time since last request: 0.000015 seconds.
  path: Assets/Art/New/UI/Keys/minus.png
  artifactKey: Guid(e17934ef56c8d364bb6fa8a00d9ee905) Importer(815301076,1909f56bfc062723c751e8b465ee728b)
Start importing Assets/Art/New/UI/Keys/minus.png using Guid(e17934ef56c8d364bb6fa8a00d9ee905) Importer(815301076,1909f56bfc062723c751e8b465ee728b)  -> (artifact id: '2adf3bd31efdd41e5a11ec6a9eb5bf10') in 0.009993 seconds
Number of updated asset objects reloaded before import = 0
Number of asset objects unloaded after import = 3
========================================================================
Received Import Request.
  Time since last request: 0.000015 seconds.
  path: Assets/Art/New/UI/Keys/f5.png
  artifactKey: Guid(c0f533713d3a07d43b70f7cbeb7f5b7a) Importer(815301076,1909f56bfc062723c751e8b465ee728b)
Start importing Assets/Art/New/UI/Keys/f5.png using Guid(c0f533713d3a07d43b70f7cbeb7f5b7a) Importer(815301076,1909f56bfc062723c751e8b465ee728b)  -> (artifact id: '4091f3582dfb1cf0b34aa7d26110151f') in 0.017391 seconds
Number of updated asset objects reloaded before import = 0
Number of asset objects unloaded after import = 3
========================================================================
Received Import Request.
  Time since last request: 0.000012 seconds.
  path: Assets/Art/New/UI/Keys/arrow-down.png
  artifactKey: Guid(c7ceb145675b11c478657792c2c2e12c) Importer(815301076,1909f56bfc062723c751e8b465ee728b)
Start importing Assets/Art/New/UI/Keys/arrow-down.png using Guid(c7ceb145675b11c478657792c2c2e12c) Importer(815301076,1909f56bfc062723c751e8b465ee728b)  -> (artifact id: '353d83e59b322d141a5fe8bc68f6f4bd') in 0.014755 seconds
Number of updated asset objects reloaded before import = 0
Number of asset objects unloaded after import = 3
========================================================================
Received Import Request.
  Time since last request: 0.000018 seconds.
  path: Assets/Art/New/UI/Keys/c-cedilla.png
  artifactKey: Guid(3cbc30b114293db48bb9a73439f7512f) Importer(815301076,1909f56bfc062723c751e8b465ee728b)
Start importing Assets/Art/New/UI/Keys/c-cedilla.png using Guid(3cbc30b114293db48bb9a73439f7512f) Importer(815301076,1909f56bfc062723c751e8b465ee728b)  -> (artifact id: 'b54673aac7ddec3e22d3500c11ecc061') in 0.021735 seconds
Number of updated asset objects reloaded before import = 0
Number of asset objects unloaded after import = 3
========================================================================
Received Import Request.
  Time since last request: 0.000024 seconds.
  path: Assets/Art/New/UI/Keys/arrow-up.png
  artifactKey: Guid(c8166d91d68a41a458a84cf01b1136d4) Importer(815301076,1909f56bfc062723c751e8b465ee728b)
Start importing Assets/Art/New/UI/Keys/arrow-up.png using Guid(c8166d91d68a41a458a84cf01b1136d4) Importer(815301076,1909f56bfc062723c751e8b465ee728b)  -> (artifact id: '2cab89994bfaf2364d3d3f26cb4d43cc') in 0.016582 seconds
Number of updated asset objects reloaded before import = 0
Number of asset objects unloaded after import = 3
========================================================================
Received Import Request.
  Time since last request: 0.000017 seconds.
  path: Assets/Art/New/UI/Keys/apostrophe.png
  artifactKey: Guid(db874a131c2ef4b42ad99f166ae24616) Importer(815301076,1909f56bfc062723c751e8b465ee728b)
Start importing Assets/Art/New/UI/Keys/apostrophe.png using Guid(db874a131c2ef4b42ad99f166ae24616) Importer(815301076,1909f56bfc062723c751e8b465ee728b)  -> (artifact id: '3f3c1fc112ea693a9e28df595346cc9a') in 0.011286 seconds
Number of updated asset objects reloaded before import = 0
Number of asset objects unloaded after import = 3
========================================================================
Received Import Request.
  Time since last request: 0.000015 seconds.
  path: Assets/Art/New/UI/Keys/o-acute.png
  artifactKey: Guid(9f3c82dd68f9d1843b8ebb11b3dd6930) Importer(815301076,1909f56bfc062723c751e8b465ee728b)
Start importing Assets/Art/New/UI/Keys/o-acute.png using Guid(9f3c82dd68f9d1843b8ebb11b3dd6930) Importer(815301076,1909f56bfc062723c751e8b465ee728b)  -> (artifact id: '0a24eabfb00b6e0e7c64288088b753b5') in 0.011511 seconds
Number of updated asset objects reloaded before import = 0
Number of asset objects unloaded after import = 3
========================================================================
Received Import Request.
  Time since last request: 0.168050 seconds.
  path: Assets/Art/New/UI/Keys/5.png
  artifactKey: Guid(124da4f195f14d945be06a6cbadf4f59) Importer(815301076,1909f56bfc062723c751e8b465ee728b)
Start importing Assets/Art/New/UI/Keys/5.png using Guid(124da4f195f14d945be06a6cbadf4f59) Importer(815301076,1909f56bfc062723c751e8b465ee728b)  -> (artifact id: '75c7d25432f60675ef0d787fc27b50c1') in 0.015910 seconds
Number of updated asset objects reloaded before import = 0
Number of asset objects unloaded after import = 3
========================================================================
Received Import Request.
  Time since last request: 0.000018 seconds.
  path: Assets/Art/New/UI/Keys/a-grave.png
  artifactKey: Guid(3e7f11cda093188479c48da5e7a7afa2) Importer(815301076,1909f56bfc062723c751e8b465ee728b)
Start importing Assets/Art/New/UI/Keys/a-grave.png using Guid(3e7f11cda093188479c48da5e7a7afa2) Importer(815301076,1909f56bfc062723c751e8b465ee728b)  -> (artifact id: '947887324ecc94bbec37a665584758cc') in 0.009759 seconds
Number of updated asset objects reloaded before import = 0
Number of asset objects unloaded after import = 3
========================================================================
Received Import Request.
  Time since last request: 46.048786 seconds.
  path: Assets/Art/New/UI/Keys/5.png
  artifactKey: Guid(124da4f195f14d945be06a6cbadf4f59) Importer(815301076,1909f56bfc062723c751e8b465ee728b)
Start importing Assets/Art/New/UI/Keys/5.png using Guid(124da4f195f14d945be06a6cbadf4f59) Importer(815301076,1909f56bfc062723c751e8b465ee728b)  -> (artifact id: '5aa97656f26bdb20a7acaf171ffe6f2a') in 0.006984 seconds
Number of updated asset objects reloaded before import = 0
Number of asset objects unloaded after import = 3
========================================================================
Received Import Request.
  Time since last request: 0.000022 seconds.
  path: Assets/Art/New/UI/Keys/ctrl.png
  artifactKey: Guid(d493bb161a86e204aa0c618a81842204) Importer(815301076,1909f56bfc062723c751e8b465ee728b)
Start importing Assets/Art/New/UI/Keys/ctrl.png using Guid(d493bb161a86e204aa0c618a81842204) Importer(815301076,1909f56bfc062723c751e8b465ee728b)  -> (artifact id: 'acf136be2d17324bcc90d6519f127411') in 0.007795 seconds
Number of updated asset objects reloaded before import = 0
Number of asset objects unloaded after import = 3
========================================================================
Received Import Request.
  Time since last request: 0.000014 seconds.
  path: Assets/Art/New/UI/Keys/eszett.png
  artifactKey: Guid(96b5c1aeb5c1f8a4791e72b83afa11ab) Importer(815301076,1909f56bfc062723c751e8b465ee728b)
Start importing Assets/Art/New/UI/Keys/eszett.png using Guid(96b5c1aeb5c1f8a4791e72b83afa11ab) Importer(815301076,1909f56bfc062723c751e8b465ee728b)  -> (artifact id: '69e14c11b8d9257c30c8ece62f2d10e2') in 0.006165 seconds
Number of updated asset objects reloaded before import = 0
Number of asset objects unloaded after import = 3
========================================================================
Received Import Request.
  Time since last request: 0.000014 seconds.
  path: Assets/Art/New/UI/Keys/f6.png
  artifactKey: Guid(4203a50a64aef2546abd41c0d3f09b60) Importer(815301076,1909f56bfc062723c751e8b465ee728b)
Start importing Assets/Art/New/UI/Keys/f6.png using Guid(4203a50a64aef2546abd41c0d3f09b60) Importer(815301076,1909f56bfc062723c751e8b465ee728b)  -> (artifact id: '1aab261c0920e9b80ee64e8ea5d01579') in 0.009265 seconds
Number of updated asset objects reloaded before import = 0
Number of asset objects unloaded after import = 3
========================================================================
Received Import Request.
  Time since last request: 0.000014 seconds.
  path: Assets/Art/New/UI/Keys/9.png
  artifactKey: Guid(59c420d476c0f684f935325cac7fc44f) Importer(815301076,1909f56bfc062723c751e8b465ee728b)
Start importing Assets/Art/New/UI/Keys/9.png using Guid(59c420d476c0f684f935325cac7fc44f) Importer(815301076,1909f56bfc062723c751e8b465ee728b)  -> (artifact id: 'ecf4924b796a9313d6c8a667594ad01a') in 0.006133 seconds
Number of updated asset objects reloaded before import = 0
Number of asset objects unloaded after import = 3
========================================================================
Received Import Request.
  Time since last request: 0.000015 seconds.
  path: Assets/Art/New/UI/Keys/dollar.png
  artifactKey: Guid(7d0d07d9436faca4c9353868a0c6f802) Importer(815301076,1909f56bfc062723c751e8b465ee728b)
Start importing Assets/Art/New/UI/Keys/dollar.png using Guid(7d0d07d9436faca4c9353868a0c6f802) Importer(815301076,1909f56bfc062723c751e8b465ee728b)  -> (artifact id: '02fcd37df7cdbc0166388c88919944ac') in 0.005311 seconds
Number of updated asset objects reloaded before import = 0
Number of asset objects unloaded after import = 3
========================================================================
Received Import Request.
  Time since last request: 0.000012 seconds.
  path: Assets/Art/New/UI/Keys/enter-icon_lg.png
  artifactKey: Guid(f15b995a90433b24e945881c8765dfab) Importer(815301076,1909f56bfc062723c751e8b465ee728b)
Start importing Assets/Art/New/UI/Keys/enter-icon_lg.png using Guid(f15b995a90433b24e945881c8765dfab) Importer(815301076,1909f56bfc062723c751e8b465ee728b)  -> (artifact id: '175d4efd6abb89962dfd75351b0ca6e8') in 0.010583 seconds
Number of updated asset objects reloaded before import = 0
Number of asset objects unloaded after import = 3
========================================================================
Received Import Request.
  Time since last request: 0.000015 seconds.
  path: Assets/Art/New/UI/Keys/a-tilde.png
  artifactKey: Guid(098662202267e644cab1b2979eeb149f) Importer(815301076,1909f56bfc062723c751e8b465ee728b)
Start importing Assets/Art/New/UI/Keys/a-tilde.png using Guid(098662202267e644cab1b2979eeb149f) Importer(815301076,1909f56bfc062723c751e8b465ee728b)  -> (artifact id: '28c6f403c8512f233811f922d207292c') in 0.015777 seconds
Number of updated asset objects reloaded before import = 0
Number of asset objects unloaded after import = 3
========================================================================
Received Import Request.
  Time since last request: 0.000022 seconds.
  path: Assets/Art/New/UI/Keys/e-umlaut.png
  artifactKey: Guid(862abc2e850fa424aabc505f6414a7a0) Importer(815301076,1909f56bfc062723c751e8b465ee728b)
Start importing Assets/Art/New/UI/Keys/e-umlaut.png using Guid(862abc2e850fa424aabc505f6414a7a0) Importer(815301076,1909f56bfc062723c751e8b465ee728b)  -> (artifact id: '5d9c09d1e82ca414025977d92a8a556c') in 0.006423 seconds
Number of updated asset objects reloaded before import = 0
Number of asset objects unloaded after import = 3
========================================================================
Received Import Request.
  Time since last request: 0.000022 seconds.
  path: Assets/Art/New/UI/Keys/enter-icon_sm.png
  artifactKey: Guid(3c87f23c0e8e3494e9273ad2b2ba75e2) Importer(815301076,1909f56bfc062723c751e8b465ee728b)
Start importing Assets/Art/New/UI/Keys/enter-icon_sm.png using Guid(3c87f23c0e8e3494e9273ad2b2ba75e2) Importer(815301076,1909f56bfc062723c751e8b465ee728b)  -> (artifact id: '09d32e6565260b0d229dcdd8654e920b') in 0.010654 seconds
Number of updated asset objects reloaded before import = 0
Number of asset objects unloaded after import = 3
========================================================================
Received Import Request.
  Time since last request: 0.000017 seconds.
  path: Assets/Art/New/UI/Keys/apostrophe.png
  artifactKey: Guid(db874a131c2ef4b42ad99f166ae24616) Importer(815301076,1909f56bfc062723c751e8b465ee728b)
Start importing Assets/Art/New/UI/Keys/apostrophe.png using Guid(db874a131c2ef4b42ad99f166ae24616) Importer(815301076,1909f56bfc062723c751e8b465ee728b)  -> (artifact id: '1c9e8222e6c6271e9d83bbb6aa199021') in 0.007316 seconds
Number of updated asset objects reloaded before import = 0
Number of asset objects unloaded after import = 3
========================================================================
Received Import Request.
  Time since last request: 0.000012 seconds.
  path: Assets/Art/New/UI/Keys/enter-icon_md.png
  artifactKey: Guid(91041261fa10b3d4cb1c810fc4201601) Importer(815301076,1909f56bfc062723c751e8b465ee728b)
Start importing Assets/Art/New/UI/Keys/enter-icon_md.png using Guid(91041261fa10b3d4cb1c810fc4201601) Importer(815301076,1909f56bfc062723c751e8b465ee728b)  -> (artifact id: '0dafa8620d63f76d6bfe2aa9160d5465') in 0.009440 seconds
Number of updated asset objects reloaded before import = 0
Number of asset objects unloaded after import = 3
========================================================================
Received Import Request.
  Time since last request: 1.531503 seconds.
  path: Assets/Art/New/UI/Keys/full-stop.png
  artifactKey: Guid(8d4f2ba4fea0bbc4882976913e0f5c7a) Importer(815301076,1909f56bfc062723c751e8b465ee728b)
Start importing Assets/Art/New/UI/Keys/full-stop.png using Guid(8d4f2ba4fea0bbc4882976913e0f5c7a) Importer(815301076,1909f56bfc062723c751e8b465ee728b)  -> (artifact id: '451808d04d184b13c7b5ad3d2f79e416') in 0.017744 seconds
Number of updated asset objects reloaded before import = 0
Number of asset objects unloaded after import = 3
========================================================================
Received Import Request.
  Time since last request: 0.000018 seconds.
  path: Assets/Art/New/UI/Keys/m.png
  artifactKey: Guid(2a43c8cc28e44e544822985f806d4598) Importer(815301076,1909f56bfc062723c751e8b465ee728b)
Start importing Assets/Art/New/UI/Keys/m.png using Guid(2a43c8cc28e44e544822985f806d4598) Importer(815301076,1909f56bfc062723c751e8b465ee728b)  -> (artifact id: '52982414215d5c614fba1ee27e5f3b15') in 0.006370 seconds
Number of updated asset objects reloaded before import = 0
Number of asset objects unloaded after import = 3
========================================================================
Received Import Request.
  Time since last request: 0.000015 seconds.
  path: Assets/Art/New/UI/Keys/greater-than.png
  artifactKey: Guid(2f51640e0319ee644824d79cbfd33f3f) Importer(815301076,1909f56bfc062723c751e8b465ee728b)
Start importing Assets/Art/New/UI/Keys/greater-than.png using Guid(2f51640e0319ee644824d79cbfd33f3f) Importer(815301076,1909f56bfc062723c751e8b465ee728b)  -> (artifact id: 'c4e50d1adc5f127c08a5885f2088bd8c') in 0.011171 seconds
Number of updated asset objects reloaded before import = 0
Number of asset objects unloaded after import = 3
========================================================================
Received Import Request.
  Time since last request: 0.000024 seconds.
  path: Assets/Art/New/UI/Keys/o-grave.png
  artifactKey: Guid(03c0a7de8c710d24e956828ba794e5b8) Importer(815301076,1909f56bfc062723c751e8b465ee728b)
Start importing Assets/Art/New/UI/Keys/o-grave.png using Guid(03c0a7de8c710d24e956828ba794e5b8) Importer(815301076,1909f56bfc062723c751e8b465ee728b)  -> (artifact id: '48e669f195b48f7a9967f6325e60d919') in 0.006648 seconds
Number of updated asset objects reloaded before import = 0
Number of asset objects unloaded after import = 3
========================================================================
Received Import Request.
  Time since last request: 0.000014 seconds.
  path: Assets/Art/New/UI/Keys/pound.png
  artifactKey: Guid(a4c003845c169bb42a288533a63bfe32) Importer(815301076,1909f56bfc062723c751e8b465ee728b)
Start importing Assets/Art/New/UI/Keys/pound.png using Guid(a4c003845c169bb42a288533a63bfe32) Importer(815301076,1909f56bfc062723c751e8b465ee728b)  -> (artifact id: '43c2d28b30c9afa884a1d4392d5075a7') in 0.022196 seconds
Number of updated asset objects reloaded before import = 0
Number of asset objects unloaded after import = 3
========================================================================
Received Import Request.
  Time since last request: 0.000015 seconds.
  path: Assets/Art/New/UI/Keys/p.png
  artifactKey: Guid(1de844e37bf9ada48a5c701ca9e916b8) Importer(815301076,1909f56bfc062723c751e8b465ee728b)
Start importing Assets/Art/New/UI/Keys/p.png using Guid(1de844e37bf9ada48a5c701ca9e916b8) Importer(815301076,1909f56bfc062723c751e8b465ee728b)  -> (artifact id: 'ef8e95987799085cd7451bc3bf4fbe0a') in 0.011510 seconds
Number of updated asset objects reloaded before import = 0
Number of asset objects unloaded after import = 3
========================================================================
Received Import Request.
  Time since last request: 0.000015 seconds.
  path: Assets/Art/New/UI/Keys/hash.png
  artifactKey: Guid(163b5604888cedd459b4de05758b5871) Importer(815301076,1909f56bfc062723c751e8b465ee728b)
Start importing Assets/Art/New/UI/Keys/hash.png using Guid(163b5604888cedd459b4de05758b5871) Importer(815301076,1909f56bfc062723c751e8b465ee728b)  -> (artifact id: '224c363f37ff307bf5bc5cf90f6f1dd8') in 0.021853 seconds
Number of updated asset objects reloaded before import = 0
Number of asset objects unloaded after import = 3
========================================================================
Received Import Request.
  Time since last request: 0.000012 seconds.
  path: Assets/Art/New/UI/Keys/square-bracket-open.png
  artifactKey: Guid(480c1c4e0f1b11f4b8706d520e9ce0e4) Importer(815301076,1909f56bfc062723c751e8b465ee728b)
Start importing Assets/Art/New/UI/Keys/square-bracket-open.png using Guid(480c1c4e0f1b11f4b8706d520e9ce0e4) Importer(815301076,1909f56bfc062723c751e8b465ee728b)  -> (artifact id: '65a0a1c38609517c15e8734aab40f21d') in 0.006319 seconds
Number of updated asset objects reloaded before import = 0
Number of asset objects unloaded after import = 3
========================================================================
Received Import Request.
  Time since last request: 0.000014 seconds.
  path: Assets/Art/New/UI/Keys/question-mark.png
  artifactKey: Guid(8bf37835f2586a64c8b9abaf441c2366) Importer(815301076,1909f56bfc062723c751e8b465ee728b)
Start importing Assets/Art/New/UI/Keys/question-mark.png using Guid(8bf37835f2586a64c8b9abaf441c2366) Importer(815301076,1909f56bfc062723c751e8b465ee728b)  -> (artifact id: '1e18f389e3f47de81a7c7c450131545f') in 0.015427 seconds
Number of updated asset objects reloaded before import = 0
Number of asset objects unloaded after import = 3
========================================================================
Received Import Request.
  Time since last request: 0.035396 seconds.
  path: Assets/Art/New/UI/Keys/u-circumflex.png
  artifactKey: Guid(59af0275dfe2a8e48a611090ccfc43b0) Importer(815301076,1909f56bfc062723c751e8b465ee728b)
Start importing Assets/Art/New/UI/Keys/u-circumflex.png using Guid(59af0275dfe2a8e48a611090ccfc43b0) Importer(815301076,1909f56bfc062723c751e8b465ee728b)  -> (artifact id: '165463b470c3dbab12e6fd4bc000a4f2') in 0.020579 seconds
Number of updated asset objects reloaded before import = 0
Number of asset objects unloaded after import = 3
========================================================================
Received Import Request.
  Time since last request: 0.000018 seconds.
  path: Assets/Art/New/UI/Keys/windows.png
  artifactKey: Guid(0cda512a57ddba149aae8e53c49b15ab) Importer(815301076,1909f56bfc062723c751e8b465ee728b)
Start importing Assets/Art/New/UI/Keys/windows.png using Guid(0cda512a57ddba149aae8e53c49b15ab) Importer(815301076,1909f56bfc062723c751e8b465ee728b)  -> (artifact id: '42ed57f94fd1dcf92db5cc34fd2b5f52') in 0.009951 seconds
Number of updated asset objects reloaded before import = 0
Number of asset objects unloaded after import = 3
========================================================================
Received Import Request.
  Time since last request: 0.000022 seconds.
  path: Assets/Art/New/UI/Keys/vertical-bar.png
  artifactKey: Guid(f89376c6b0ae5094f8cbd7756b921b3c) Importer(815301076,1909f56bfc062723c751e8b465ee728b)
Start importing Assets/Art/New/UI/Keys/vertical-bar.png using Guid(f89376c6b0ae5094f8cbd7756b921b3c) Importer(815301076,1909f56bfc062723c751e8b465ee728b)  -> (artifact id: 'b377899505b0ed3c0b0d9a0c46cd06c1') in 0.009605 seconds
Number of updated asset objects reloaded before import = 0
Number of asset objects unloaded after import = 3
========================================================================
Received Import Request.
  Time since last request: 14.746107 seconds.
  path: Assets/Art/New/UI/Keys/oe_4x.png
  artifactKey: Guid(19350ed4dab71bc4f9cfd4a24964bdfd) Importer(815301076,1909f56bfc062723c751e8b465ee728b)
Start importing Assets/Art/New/UI/Keys/oe_4x.png using Guid(19350ed4dab71bc4f9cfd4a24964bdfd) Importer(815301076,1909f56bfc062723c751e8b465ee728b)  -> (artifact id: '189c5e868b24a03d0612a4e6999b20f0') in 0.010782 seconds
Number of updated asset objects reloaded before import = 0
Number of asset objects unloaded after import = 2
========================================================================
Received Import Request.
  Time since last request: 0.000017 seconds.
  path: Assets/Art/New/UI/Keys/question-mark_4x.png
  artifactKey: Guid(949945c8f98519b4ba1dd299c80b489d) Importer(815301076,1909f56bfc062723c751e8b465ee728b)
Start importing Assets/Art/New/UI/Keys/question-mark_4x.png using Guid(949945c8f98519b4ba1dd299c80b489d) Importer(815301076,1909f56bfc062723c751e8b465ee728b)  -> (artifact id: '3f42c5b295a90d5cb63c85a22eef1682') in 0.012292 seconds
Number of updated asset objects reloaded before import = 0
Number of asset objects unloaded after import = 2
========================================================================
Received Import Request.
  Time since last request: 0.000014 seconds.
  path: Assets/Art/New/UI/Keys/slash_4x.png
  artifactKey: Guid(2f4a76f1161eb5f458fd50f5b9c77ff0) Importer(815301076,1909f56bfc062723c751e8b465ee728b)
Start importing Assets/Art/New/UI/Keys/slash_4x.png using Guid(2f4a76f1161eb5f458fd50f5b9c77ff0) Importer(815301076,1909f56bfc062723c751e8b465ee728b)  -> (artifact id: 'c89630713a1eee5547955f8809d16494') in 0.009590 seconds
Number of updated asset objects reloaded before import = 0
Number of asset objects unloaded after import = 2
========================================================================
Received Import Request.
  Time since last request: 0.000014 seconds.
  path: Assets/Art/New/UI/Keys/tilde_4x.png
  artifactKey: Guid(95701fb5058fd214ea5a132142223d60) Importer(815301076,1909f56bfc062723c751e8b465ee728b)
Start importing Assets/Art/New/UI/Keys/tilde_4x.png using Guid(95701fb5058fd214ea5a132142223d60) Importer(815301076,1909f56bfc062723c751e8b465ee728b)  -> (artifact id: 'ffc479284e70c1b3bcbeeb6338e9f243') in 0.010753 seconds
Number of updated asset objects reloaded before import = 0
Number of asset objects unloaded after import = 2
========================================================================
Received Import Request.
  Time since last request: 0.000020 seconds.
  path: Assets/Art/New/UI/Keys/u-acute_4x.png
  artifactKey: Guid(af55514695a49724fb89ff4578f715fe) Importer(815301076,1909f56bfc062723c751e8b465ee728b)
Start importing Assets/Art/New/UI/Keys/u-acute_4x.png using Guid(af55514695a49724fb89ff4578f715fe) Importer(815301076,1909f56bfc062723c751e8b465ee728b)  -> (artifact id: '98aae01e5369005eadabe159ac4514d1') in 0.011297 seconds
Number of updated asset objects reloaded before import = 0
Number of asset objects unloaded after import = 2
========================================================================
Received Import Request.
  Time since last request: 0.000016 seconds.
  path: Assets/Art/New/UI/Keys/strg_4x.png
  artifactKey: Guid(a0c13ee5231e01144b836cc118a9072e) Importer(815301076,1909f56bfc062723c751e8b465ee728b)
Start importing Assets/Art/New/UI/Keys/strg_4x.png using Guid(a0c13ee5231e01144b836cc118a9072e) Importer(815301076,1909f56bfc062723c751e8b465ee728b)  -> (artifact id: 'bd654d15e4657ea8cdbaa2c475c46f75') in 0.010234 seconds
Number of updated asset objects reloaded before import = 0
Number of asset objects unloaded after import = 2
========================================================================
Received Import Request.
  Time since last request: 0.000021 seconds.
  path: Assets/Art/New/UI/Keys/vertical-bar_4x.png
  artifactKey: Guid(ea075d9274b5b70448a9bad6b9c66057) Importer(815301076,1909f56bfc062723c751e8b465ee728b)
Start importing Assets/Art/New/UI/Keys/vertical-bar_4x.png using Guid(ea075d9274b5b70448a9bad6b9c66057) Importer(815301076,1909f56bfc062723c751e8b465ee728b)  -> (artifact id: '8a471db030502dbb4b976f2e12b3c2de') in 0.010452 seconds
Number of updated asset objects reloaded before import = 0
Number of asset objects unloaded after import = 2
========================================================================
Received Import Request.
  Time since last request: 1.384715 seconds.
  path: Assets/Art/New/UI/Keys/k_4x.png
  artifactKey: Guid(225d586660fed464eaa06728b03f0e45) Importer(815301076,1909f56bfc062723c751e8b465ee728b)
Start importing Assets/Art/New/UI/Keys/k_4x.png using Guid(225d586660fed464eaa06728b03f0e45) Importer(815301076,1909f56bfc062723c751e8b465ee728b)  -> (artifact id: '84c4dc59a012a710d19ebfbc8718a2fe') in 0.013087 seconds
Number of updated asset objects reloaded before import = 0
Number of asset objects unloaded after import = 2
========================================================================
Received Import Request.
  Time since last request: 0.000015 seconds.
  path: Assets/Art/New/UI/Keys/l_4x.png
  artifactKey: Guid(70221c78cafd45547b219244b5624d0b) Importer(815301076,1909f56bfc062723c751e8b465ee728b)
Start importing Assets/Art/New/UI/Keys/l_4x.png using Guid(70221c78cafd45547b219244b5624d0b) Importer(815301076,1909f56bfc062723c751e8b465ee728b)  -> (artifact id: '7145510940c060d9be14b9bdcbaf0396') in 0.014894 seconds
Number of updated asset objects reloaded before import = 0
Number of asset objects unloaded after import = 2
========================================================================
Received Import Request.
  Time since last request: 0.000015 seconds.
  path: Assets/Art/New/UI/Keys/home_4x.png
  artifactKey: Guid(77416da659d25004f9da93d7b11f1fe0) Importer(815301076,1909f56bfc062723c751e8b465ee728b)
Start importing Assets/Art/New/UI/Keys/home_4x.png using Guid(77416da659d25004f9da93d7b11f1fe0) Importer(815301076,1909f56bfc062723c751e8b465ee728b)  -> (artifact id: '493d317aa009d060bafcbd59316122f0') in 0.016611 seconds
Number of updated asset objects reloaded before import = 0
Number of asset objects unloaded after import = 2
========================================================================
Received Import Request.
  Time since last request: 0.000019 seconds.
  path: Assets/Art/New/UI/Keys/f4_4x.png
  artifactKey: Guid(786846b85c6a223489b932c7a7752645) Importer(815301076,1909f56bfc062723c751e8b465ee728b)
Start importing Assets/Art/New/UI/Keys/f4_4x.png using Guid(786846b85c6a223489b932c7a7752645) Importer(815301076,1909f56bfc062723c751e8b465ee728b)  -> (artifact id: 'a5447bdc00c2ea6661800cac493d836c') in 0.009329 seconds
Number of updated asset objects reloaded before import = 0
Number of asset objects unloaded after import = 2
========================================================================
Received Import Request.
  Time since last request: 0.000016 seconds.
  path: Assets/Art/New/UI/Keys/f2_4x.png
  artifactKey: Guid(7959b0976dae86f449b16a4586d5ee15) Importer(815301076,1909f56bfc062723c751e8b465ee728b)
Start importing Assets/Art/New/UI/Keys/f2_4x.png using Guid(7959b0976dae86f449b16a4586d5ee15) Importer(815301076,1909f56bfc062723c751e8b465ee728b)  -> (artifact id: '75518a8a89c61e9f162a4e27a4e8227c') in 0.009374 seconds
Number of updated asset objects reloaded before import = 0
Number of asset objects unloaded after import = 2
========================================================================
Received Import Request.
  Time since last request: 0.000017 seconds.
  path: Assets/Art/New/UI/Keys/f9_4x.png
  artifactKey: Guid(4039930f1228f18449ae01f03a775af4) Importer(815301076,1909f56bfc062723c751e8b465ee728b)
Start importing Assets/Art/New/UI/Keys/f9_4x.png using Guid(4039930f1228f18449ae01f03a775af4) Importer(815301076,1909f56bfc062723c751e8b465ee728b)  -> (artifact id: '8ce146fe92bec848f1f6eade057ea2d7') in 0.011440 seconds
Number of updated asset objects reloaded before import = 0
Number of asset objects unloaded after import = 2
========================================================================
Received Import Request.
  Time since last request: 0.000021 seconds.
  path: Assets/Art/New/UI/Keys/f1_4x.png
  artifactKey: Guid(188484aa352a9c341ac95a2e5b8c8355) Importer(815301076,1909f56bfc062723c751e8b465ee728b)
Start importing Assets/Art/New/UI/Keys/f1_4x.png using Guid(188484aa352a9c341ac95a2e5b8c8355) Importer(815301076,1909f56bfc062723c751e8b465ee728b)  -> (artifact id: '87a9e7f26915a8355b3c03a83dd76857') in 0.011820 seconds
Number of updated asset objects reloaded before import = 0
Number of asset objects unloaded after import = 2
========================================================================
Received Import Request.
  Time since last request: 0.117121 seconds.
  path: Assets/Art/New/UI/Keys/e-acute_4x.png
  artifactKey: Guid(a664375310f8ed24286e05bb28356e62) Importer(815301076,1909f56bfc062723c751e8b465ee728b)
Start importing Assets/Art/New/UI/Keys/e-acute_4x.png using Guid(a664375310f8ed24286e05bb28356e62) Importer(815301076,1909f56bfc062723c751e8b465ee728b)  -> (artifact id: 'c55ecec47f284040c6cd18cb9f0bbb3f') in 0.010685 seconds
Number of updated asset objects reloaded before import = 0
Number of asset objects unloaded after import = 2
========================================================================
Received Import Request.
  Time since last request: 0.000013 seconds.
  path: Assets/Art/New/UI/Keys/apostrophe_4x.png
  artifactKey: Guid(186f2b3fa8bc1084a85a1181650d2814) Importer(815301076,1909f56bfc062723c751e8b465ee728b)
Start importing Assets/Art/New/UI/Keys/apostrophe_4x.png using Guid(186f2b3fa8bc1084a85a1181650d2814) Importer(815301076,1909f56bfc062723c751e8b465ee728b)  -> (artifact id: 'e3f3ab10871ccecd3458377cc73d06c6') in 0.011429 seconds
Number of updated asset objects reloaded before import = 0
Number of asset objects unloaded after import = 2
========================================================================
Received Import Request.
  Time since last request: 0.000018 seconds.
  path: Assets/Art/New/UI/Keys/a-circumflex_4x.png
  artifactKey: Guid(5dd16dbe22ee7b24098e3c71fd1e9fa6) Importer(815301076,1909f56bfc062723c751e8b465ee728b)
Start importing Assets/Art/New/UI/Keys/a-circumflex_4x.png using Guid(5dd16dbe22ee7b24098e3c71fd1e9fa6) Importer(815301076,1909f56bfc062723c751e8b465ee728b)  -> (artifact id: 'd066d962df9d5b29581d153b03e540b8') in 0.011349 seconds
Number of updated asset objects reloaded before import = 0
Number of asset objects unloaded after import = 2
========================================================================
Received Import Request.
  Time since last request: 0.000020 seconds.
  path: Assets/Art/New/UI/Keys/e_4x.png
  artifactKey: Guid(fb0ea372a93e98f4aae7fd199f2404ac) Importer(815301076,1909f56bfc062723c751e8b465ee728b)
Start importing Assets/Art/New/UI/Keys/e_4x.png using Guid(fb0ea372a93e98f4aae7fd199f2404ac) Importer(815301076,1909f56bfc062723c751e8b465ee728b)  -> (artifact id: '76504f049cbe8e734c18d46d15e8cf6d') in 0.012737 seconds
Number of updated asset objects reloaded before import = 0
Number of asset objects unloaded after import = 2
========================================================================
Received Import Request.
  Time since last request: 0.000024 seconds.
  path: Assets/Art/New/UI/Keys/1_4x.png
  artifactKey: Guid(e99ef83d174e9714485a651938c436db) Importer(815301076,1909f56bfc062723c751e8b465ee728b)
Start importing Assets/Art/New/UI/Keys/1_4x.png using Guid(e99ef83d174e9714485a651938c436db) Importer(815301076,1909f56bfc062723c751e8b465ee728b)  -> (artifact id: '693c26c3bc3d2f97daae0e8c7e04dd87') in 0.008945 seconds
Number of updated asset objects reloaded before import = 0
Number of asset objects unloaded after import = 2
========================================================================
Received Import Request.
  Time since last request: 0.000019 seconds.
  path: Assets/Art/New/UI/Keys/arrow-down_4x.png
  artifactKey: Guid(33fa2688642bb1143be51ef519785b67) Importer(815301076,1909f56bfc062723c751e8b465ee728b)
Start importing Assets/Art/New/UI/Keys/arrow-down_4x.png using Guid(33fa2688642bb1143be51ef519785b67) Importer(815301076,1909f56bfc062723c751e8b465ee728b)  -> (artifact id: '10c1846736fb8b4a8def95a8024ec0dd') in 0.011241 seconds
Number of updated asset objects reloaded before import = 0
Number of asset objects unloaded after import = 2
========================================================================
Received Import Request.
  Time since last request: 0.000014 seconds.
  path: Assets/Art/New/UI/Keys/ampersand_4x.png
  artifactKey: Guid(13236c78e52b46049b8c3e5d5723bd85) Importer(815301076,1909f56bfc062723c751e8b465ee728b)
Start importing Assets/Art/New/UI/Keys/ampersand_4x.png using Guid(13236c78e52b46049b8c3e5d5723bd85) Importer(815301076,1909f56bfc062723c751e8b465ee728b)  -> (artifact id: '92796a9f25530ad2aa50ccff83a1b660') in 0.018099 seconds
Number of updated asset objects reloaded before import = 0
Number of asset objects unloaded after import = 2
========================================================================
Received Import Request.
  Time since last request: 0.000013 seconds.
  path: Assets/Art/New/UI/Keys/asterisk_4x.png
  artifactKey: Guid(a4e4098b72038fb40ab78ffc6acb0f21) Importer(815301076,1909f56bfc062723c751e8b465ee728b)
Start importing Assets/Art/New/UI/Keys/asterisk_4x.png using Guid(a4e4098b72038fb40ab78ffc6acb0f21) Importer(815301076,1909f56bfc062723c751e8b465ee728b)  -> (artifact id: '21a903ba9f22edb4f0e47819b2b0d071') in 0.012736 seconds
Number of updated asset objects reloaded before import = 0
Number of asset objects unloaded after import = 2
========================================================================
Received Import Request.
  Time since last request: 0.000011 seconds.
  path: Assets/Art/New/UI/Keys/bracket-open_4x.png
  artifactKey: Guid(3c35261e548ea994f8bbd669449dbd11) Importer(815301076,1909f56bfc062723c751e8b465ee728b)
Start importing Assets/Art/New/UI/Keys/bracket-open_4x.png using Guid(3c35261e548ea994f8bbd669449dbd11) Importer(815301076,1909f56bfc062723c751e8b465ee728b)  -> (artifact id: '6a6f3f77dd73e7c9ba60f8936cf975cb') in 0.009588 seconds
Number of updated asset objects reloaded before import = 0
Number of asset objects unloaded after import = 2
========================================================================
Received Import Request.
  Time since last request: 13.446850 seconds.
  path: Assets/Art/New/UI/Keys/5_4x.png
  artifactKey: Guid(44b0b4068486a6d4aa9bdb91d62f38c1) Importer(815301076,1909f56bfc062723c751e8b465ee728b)
Start importing Assets/Art/New/UI/Keys/5_4x.png using Guid(44b0b4068486a6d4aa9bdb91d62f38c1) Importer(815301076,1909f56bfc062723c751e8b465ee728b)  -> (artifact id: '109124c647b703d062b80484091bac1c') in 0.028708 seconds
Number of updated asset objects reloaded before import = 0
Number of asset objects unloaded after import = 3
========================================================================
Received Import Request.
  Time since last request: 0.000016 seconds.
  path: Assets/Art/New/UI/Keys/a-circumflex_4x.png
  artifactKey: Guid(5dd16dbe22ee7b24098e3c71fd1e9fa6) Importer(815301076,1909f56bfc062723c751e8b465ee728b)
Start importing Assets/Art/New/UI/Keys/a-circumflex_4x.png using Guid(5dd16dbe22ee7b24098e3c71fd1e9fa6) Importer(815301076,1909f56bfc062723c751e8b465ee728b)  -> (artifact id: '2ab9bce1bf564ff333c513a0955fd3d3') in 0.078119 seconds
Number of updated asset objects reloaded before import = 0
Number of asset objects unloaded after import = 3
========================================================================
Received Import Request.
  Time since last request: 0.000015 seconds.
  path: Assets/Art/New/UI/Keys/9_4x.png
  artifactKey: Guid(4f1a207e088e3e1499a70bb387e9f9af) Importer(815301076,1909f56bfc062723c751e8b465ee728b)
Start importing Assets/Art/New/UI/Keys/9_4x.png using Guid(4f1a207e088e3e1499a70bb387e9f9af) Importer(815301076,1909f56bfc062723c751e8b465ee728b)  -> (artifact id: 'e1a3ce80329e2544c715eec24cdb48e3') in 0.121074 seconds
Number of updated asset objects reloaded before import = 0
Number of asset objects unloaded after import = 3
========================================================================
Received Import Request.
  Time since last request: 0.000020 seconds.
  path: Assets/Art/New/UI/Keys/e-acute_4x.png
  artifactKey: Guid(a664375310f8ed24286e05bb28356e62) Importer(815301076,1909f56bfc062723c751e8b465ee728b)
Start importing Assets/Art/New/UI/Keys/e-acute_4x.png using Guid(a664375310f8ed24286e05bb28356e62) Importer(815301076,1909f56bfc062723c751e8b465ee728b)  -> (artifact id: '641d9c7ad36330d3349caf2e5add79cd') in 0.010662 seconds
Number of updated asset objects reloaded before import = 0
Number of asset objects unloaded after import = 3
========================================================================
Received Import Request.
  Time since last request: 0.000024 seconds.
  path: Assets/Art/New/UI/Keys/e-umlaut_4x.png
  artifactKey: Guid(e70e8f92df5e57a4a86145f275a6e878) Importer(815301076,1909f56bfc062723c751e8b465ee728b)
Start importing Assets/Art/New/UI/Keys/e-umlaut_4x.png using Guid(e70e8f92df5e57a4a86145f275a6e878) Importer(815301076,1909f56bfc062723c751e8b465ee728b)  -> (artifact id: '6f9fd25b022734336c72383b72f4939a') in 0.011650 seconds
Number of updated asset objects reloaded before import = 0
Number of asset objects unloaded after import = 3
========================================================================
Received Import Request.
  Time since last request: 0.000018 seconds.
  path: Assets/Art/New/UI/Keys/f8_4x.png
  artifactKey: Guid(e7aab702d587fa440b5f7e9dfb0e69f1) Importer(815301076,1909f56bfc062723c751e8b465ee728b)
Start importing Assets/Art/New/UI/Keys/f8_4x.png using Guid(e7aab702d587fa440b5f7e9dfb0e69f1) Importer(815301076,1909f56bfc062723c751e8b465ee728b)  -> (artifact id: 'a0d651eec651422ddaaa713fad34ba07') in 0.013842 seconds
Number of updated asset objects reloaded before import = 0
Number of asset objects unloaded after import = 3
========================================================================
Received Import Request.
  Time since last request: 0.000017 seconds.
  path: Assets/Art/New/UI/Keys/arrow-left_4x.png
  artifactKey: Guid(16ebf1ad969a13b48aa25a46911081df) Importer(815301076,1909f56bfc062723c751e8b465ee728b)
Start importing Assets/Art/New/UI/Keys/arrow-left_4x.png using Guid(16ebf1ad969a13b48aa25a46911081df) Importer(815301076,1909f56bfc062723c751e8b465ee728b)  -> (artifact id: 'b7df187ec09f3fa7ff9494b6340a8575') in 0.013704 seconds
Number of updated asset objects reloaded before import = 0
Number of asset objects unloaded after import = 3
========================================================================
Received Import Request.
  Time since last request: 0.000016 seconds.
  path: Assets/Art/New/UI/Keys/escape_4x.png
  artifactKey: Guid(8542d12faeee91943aa93f6685835597) Importer(815301076,1909f56bfc062723c751e8b465ee728b)
Start importing Assets/Art/New/UI/Keys/escape_4x.png using Guid(8542d12faeee91943aa93f6685835597) Importer(815301076,1909f56bfc062723c751e8b465ee728b)  -> (artifact id: '658af9930af8b34b9a4ce2928b9d9d78') in 0.014495 seconds
Number of updated asset objects reloaded before import = 0
Number of asset objects unloaded after import = 3
========================================================================
Received Import Request.
  Time since last request: 0.000017 seconds.
  path: Assets/Art/New/UI/Keys/arrow-right_4x.png
  artifactKey: Guid(e93d1f904f5235842868b83bffdb55be) Importer(815301076,1909f56bfc062723c751e8b465ee728b)
Start importing Assets/Art/New/UI/Keys/arrow-right_4x.png using Guid(e93d1f904f5235842868b83bffdb55be) Importer(815301076,1909f56bfc062723c751e8b465ee728b)  -> (artifact id: 'def30c5e5189924d7dedffc980821e4f') in 0.014084 seconds
Number of updated asset objects reloaded before import = 0
Number of asset objects unloaded after import = 3
========================================================================
Received Import Request.
  Time since last request: 0.000013 seconds.
  path: Assets/Art/New/UI/Keys/f9_4x.png
  artifactKey: Guid(4039930f1228f18449ae01f03a775af4) Importer(815301076,1909f56bfc062723c751e8b465ee728b)
Start importing Assets/Art/New/UI/Keys/f9_4x.png using Guid(4039930f1228f18449ae01f03a775af4) Importer(815301076,1909f56bfc062723c751e8b465ee728b)  -> (artifact id: '65b9f7854383b953a793c22af9897931') in 0.011881 seconds
Number of updated asset objects reloaded before import = 0
Number of asset objects unloaded after import = 3
========================================================================
Received Import Request.
  Time since last request: 0.000015 seconds.
  path: Assets/Art/New/UI/Keys/a-ring_4x.png
  artifactKey: Guid(c414f0cb504e50d4bb38b128324c5ea6) Importer(815301076,1909f56bfc062723c751e8b465ee728b)
Start importing Assets/Art/New/UI/Keys/a-ring_4x.png using Guid(c414f0cb504e50d4bb38b128324c5ea6) Importer(815301076,1909f56bfc062723c751e8b465ee728b)  -> (artifact id: 'c6315e1692c19796216db17d2ff0fdb1') in 0.014176 seconds
Number of updated asset objects reloaded before import = 0
Number of asset objects unloaded after import = 3
========================================================================
Received Import Request.
  Time since last request: 2.803488 seconds.
  path: Assets/Art/New/UI/Keys/square-bracket-open_4x.png
  artifactKey: Guid(44da57a80809a0c49ace3f2e8fa9d2ab) Importer(815301076,1909f56bfc062723c751e8b465ee728b)
Start importing Assets/Art/New/UI/Keys/square-bracket-open_4x.png using Guid(44da57a80809a0c49ace3f2e8fa9d2ab) Importer(815301076,1909f56bfc062723c751e8b465ee728b)  -> (artifact id: '53f4e2a696fb791396909dff932fda00') in 0.017375 seconds
Number of updated asset objects reloaded before import = 0
Number of asset objects unloaded after import = 3
========================================================================
Received Import Request.
  Time since last request: 35.598717 seconds.
  path: Assets/Art/New/UI/Keys/o-circumflex_4x.png
  artifactKey: Guid(bda1226ed7cccbb43874a649ffd0cc6c) Importer(815301076,1909f56bfc062723c751e8b465ee728b)
Start importing Assets/Art/New/UI/Keys/o-circumflex_4x.png using Guid(bda1226ed7cccbb43874a649ffd0cc6c) Importer(815301076,1909f56bfc062723c751e8b465ee728b)  -> (artifact id: '1dfc02fe1a04f5874071782376ee8f19') in 0.039760 seconds
Number of updated asset objects reloaded before import = 0
Number of asset objects unloaded after import = 3
========================================================================
Received Import Request.
  Time since last request: 0.000018 seconds.
  path: Assets/Art/New/UI/Keys/o-tilde_4x.png
  artifactKey: Guid(7a29ac45051ef7442bae635f8042d181) Importer(815301076,1909f56bfc062723c751e8b465ee728b)
Start importing Assets/Art/New/UI/Keys/o-tilde_4x.png using Guid(7a29ac45051ef7442bae635f8042d181) Importer(815301076,1909f56bfc062723c751e8b465ee728b)  -> (artifact id: '94d4911802f79247c14ec04ee4d6041a') in 0.023534 seconds
Number of updated asset objects reloaded before import = 0
Number of asset objects unloaded after import = 3
Editor requested this worker to shutdown with reason: Scaling down because of idle timeout
AssetImportWorker is now disconnected from the server
Process exiting
Exiting without the bug reporter. Application will terminate with return code 0