Using pre-set license
Built from '2023.1/staging' branch; Version is '2023.1.20f1 (35a524b12060) revision 3515684'; Using compiler version '192829333'; Build Type 'Release'
OS: 'Windows 10  (10.0.19045) 64bit Professional' Language: 'en' Physical Memory: 32674 MB
BatchMode: 1, IsHumanControllingUs: 0, StartBugReporterOnCrash: 0, Is64bit: 1, IsPro: 1

COMMAND LINE ARGUMENTS:
G:\Unity\UnityVersions\2023.1.20f1\Editor\Unity.exe
-adb2
-batchMode
-noUpm
-name
AssetImportWorker25
-projectPath
G:/Unity/UnityProjects/Git/Roguelike/Card Rouge-Like
-logFile
Logs/AssetImportWorker25.log
-srvPort
61788
Successfully changed project path to: G:/Unity/UnityProjects/Git/Roguelike/Card Rouge-Like
G:/Unity/UnityProjects/Git/Roguelike/Card Rouge-Like
[UnityMemory] Configuration Parameters - Can be set up in boot.config
    "memorysetup-bucket-allocator-granularity=16"
    "memorysetup-bucket-allocator-bucket-count=8"
    "memorysetup-bucket-allocator-block-size=33554432"
    "memorysetup-bucket-allocator-block-count=8"
    "memorysetup-main-allocator-block-size=16777216"
    "memorysetup-thread-allocator-block-size=16777216"
    "memorysetup-gfx-main-allocator-block-size=16777216"
    "memorysetup-gfx-thread-allocator-block-size=16777216"
    "memorysetup-cache-allocator-block-size=4194304"
    "memorysetup-typetree-allocator-block-size=2097152"
    "memorysetup-profiler-bucket-allocator-granularity=16"
    "memorysetup-profiler-bucket-allocator-bucket-count=8"
    "memorysetup-profiler-bucket-allocator-block-size=33554432"
    "memorysetup-profiler-bucket-allocator-block-count=8"
    "memorysetup-profiler-allocator-block-size=16777216"
    "memorysetup-profiler-editor-allocator-block-size=1048576"
    "memorysetup-temp-allocator-size-main=16777216"
    "memorysetup-job-temp-allocator-block-size=2097152"
    "memorysetup-job-temp-allocator-block-size-background=1048576"
    "memorysetup-job-temp-allocator-reduction-small-platforms=262144"
    "memorysetup-allocator-temp-initial-block-size-main=262144"
    "memorysetup-allocator-temp-initial-block-size-worker=262144"
    "memorysetup-temp-allocator-size-background-worker=32768"
    "memorysetup-temp-allocator-size-job-worker=262144"
    "memorysetup-temp-allocator-size-preload-manager=33554432"
    "memorysetup-temp-allocator-size-nav-mesh-worker=65536"
    "memorysetup-temp-allocator-size-audio-worker=65536"
    "memorysetup-temp-allocator-size-cloud-worker=32768"
    "memorysetup-temp-allocator-size-gi-baking-worker=262144"
    "memorysetup-temp-allocator-size-gfx=262144"
Player connection [1800] Host "[IP] 192.168.0.137 [Port] 0 [Flags] 2 [Guid] 3818602245 [EditorId] 3818602245 [Version] 1048832 [Id] WindowsEditor(7,DESKTOP-26UP572) [Debug] 1 [PackageName] WindowsEditor [ProjectName] Editor" joined multi-casting on [225.0.0.222:54997]...

Player connection [1800] Host "[IP] 192.168.0.137 [Port] 0 [Flags] 2 [Guid] 3818602245 [EditorId] 3818602245 [Version] 1048832 [Id] WindowsEditor(7,DESKTOP-26UP572) [Debug] 1 [PackageName] WindowsEditor [ProjectName] Editor" joined alternative multi-casting on [225.0.0.222:34997]...

[Physics::Module] Initialized MultithreadedJobDispatcher with 23 workers.
Library Redirect Path: Library/Refreshing native plugins compatible for Editor in 11.26 ms, found 4 plugins.
Preloading 0 native plugins for Editor in 0.00 ms.
Initialize engine version: 2023.1.20f1 (35a524b12060)
[Subsystems] Discovering subsystems at path G:/Unity/UnityVersions/2023.1.20f1/Editor/Data/Resources/UnitySubsystems
[Subsystems] Discovering subsystems at path G:/Unity/UnityProjects/Git/Roguelike/Card Rouge-Like/Assets
GfxDevice: creating device client; threaded=0; jobified=0
Direct3D:
    Version:  Direct3D 11.0 [level 11.1]
    Renderer: NVIDIA GeForce RTX 3080 (ID=0x2216)
    Vendor:   NVIDIA
    VRAM:     10067 MB
    Driver:   31.0.15.3667
Shader 'CartoonCoffee/Particle Basic': fallback shader '2' not found
Shader 'CartoonCoffee/Particle Additive': fallback shader '2' not found
Initialize mono
Mono path[0] = 'G:/Unity/UnityVersions/2023.1.20f1/Editor/Data/Managed'
Mono path[1] = 'G:/Unity/UnityVersions/2023.1.20f1/Editor/Data/MonoBleedingEdge/lib/mono/unityjit-win32'
Mono config path = 'G:/Unity/UnityVersions/2023.1.20f1/Editor/Data/MonoBleedingEdge/etc'
Using monoOptions --debugger-agent=transport=dt_socket,embedding=1,server=y,suspend=n,address=127.0.0.1:56240
Begin MonoManager ReloadAssembly
C:\build\output\Unity-Technologies\mono\mono\metadata\icall.c:1842:
C:\build\output\Unity-Technologies\mono\mono\metadata\icall.c:1842:
C:\build\output\Unity-Technologies\mono\mono\metadata\icall.c:1842:
C:\build\output\Unity-Technologies\mono\mono\metadata\icall.c:1842:
C:\build\output\Unity-Technologies\mono\mono\metadata\icall.c:1842:
C:\build\output\Unity-Technologies\mono\mono\metadata\icall.c:1842:
C:\build\output\Unity-Technologies\mono\mono\metadata\icall.c:1842:
C:\build\output\Unity-Technologies\mono\mono\metadata\icall.c:1842:
C:\build\output\Unity-Technologies\mono\mono\metadata\icall.c:1842:
C:\build\output\Unity-Technologies\mono\mono\metadata\icall.c:1842:
Registering precompiled unity dll's ...
Register platform support module: G:/Unity/UnityVersions/2023.1.20f1/Editor/Data/PlaybackEngines/WindowsStandaloneSupport/UnityEditor.WindowsStandalone.Extensions.dll
Registered in 0.001723 seconds.
- Loaded All Assemblies, in  0.271 seconds
Native extension for WindowsStandalone target not found
Mono: successfully reloaded assembly
C:\build\output\Unity-Technologies\mono\mono\metadata\icall.c:1842:
C:\build\output\Unity-Technologies\mono\mono\metadata\icall.c:1842:
- Finished resetting the current domain, in  0.227 seconds
Domain Reload Profiling: 498ms
	BeginReloadAssembly (93ms)
		ExecutionOrderSort (0ms)
		DisableScriptedObjects (0ms)
		BackupInstance (0ms)
		ReleaseScriptingObjects (0ms)
		CreateAndSetChildDomain (1ms)
	RebuildCommonClasses (25ms)
	RebuildNativeTypeToScriptingClass (8ms)
	initialDomainReloadingComplete (36ms)
	LoadAllAssembliesAndSetupDomain (108ms)
		LoadAssemblies (92ms)
		RebuildTransferFunctionScriptingTraits (0ms)
		AnalyzeDomain (106ms)
			TypeCache.Refresh (105ms)
				TypeCache.ScanAssembly (96ms)
			ScanForSourceGeneratedMonoScriptInfo (0ms)
			ResolveRequiredComponents (0ms)
	FinalizeReload (227ms)
		ReleaseScriptCaches (0ms)
		RebuildScriptCaches (0ms)
		SetupLoadedEditorAssemblies (190ms)
			LogAssemblyErrors (0ms)
			InitializePlatformSupportModulesInManaged (6ms)
			SetLoadedEditorAssemblies (4ms)
			BeforeProcessingInitializeOnLoad (6ms)
			ProcessInitializeOnLoadAttributes (136ms)
			ProcessInitializeOnLoadMethodAttributes (39ms)
			AfterProcessingInitializeOnLoad (0ms)
			EditorAssembliesLoaded (0ms)
		ExecutionOrderSort2 (0ms)
		AwakeInstancesAfterBackupRestoration (0ms)
========================================================================
Worker process is ready to serve import requests
Import Worker Mode flag is 0x00
Begin MonoManager ReloadAssembly
C:\build\output\Unity-Technologies\mono\mono\metadata\icall.c:1842:
C:\build\output\Unity-Technologies\mono\mono\metadata\icall.c:1842:
C:\build\output\Unity-Technologies\mono\mono\metadata\icall.c:1842:
C:\build\output\Unity-Technologies\mono\mono\metadata\icall.c:1842:
C:\build\output\Unity-Technologies\mono\mono\metadata\icall.c:1842:
C:\build\output\Unity-Technologies\mono\mono\metadata\icall.c:1842:
C:\build\output\Unity-Technologies\mono\mono\metadata\icall.c:1842:
C:\build\output\Unity-Technologies\mono\mono\metadata\icall.c:1842:
C:\build\output\Unity-Technologies\mono\mono\metadata\icall.c:1842:
C:\build\output\Unity-Technologies\mono\mono\metadata\icall.c:1842:
C:\build\output\Unity-Technologies\mono\mono\metadata\icall.c:1842:
C:\build\output\Unity-Technologies\mono\mono\metadata\icall.c:1842:
Symbol file LoadedFromMemory doesn't match image G:\Unity\UnityProjects\Git\Roguelike\Card Rouge-Like\Library\PackageCache\com.unity.visualscripting@1.8.0\Editor\VisualScripting.Core\Dependencies\YamlDotNet\Unity.VisualScripting.YamlDotNet.dll
Symbol file LoadedFromMemory doesn't match image G:\Unity\UnityProjects\Git\Roguelike\Card Rouge-Like\Library\PackageCache\com.unity.visualscripting@1.8.0\Editor\VisualScripting.Core\Dependencies\DotNetZip\Unity.VisualScripting.IonicZip.dll
- Loaded All Assemblies, in  0.782 seconds
Refreshing native plugins compatible for Editor in 2.24 ms, found 4 plugins.
Native extension for WindowsStandalone target not found
Mono: successfully reloaded assembly
- Finished resetting the current domain, in  0.661 seconds
Domain Reload Profiling: 1443ms
	BeginReloadAssembly (236ms)
		ExecutionOrderSort (0ms)
		DisableScriptedObjects (5ms)
		BackupInstance (0ms)
		ReleaseScriptingObjects (0ms)
		CreateAndSetChildDomain (28ms)
	RebuildCommonClasses (33ms)
	RebuildNativeTypeToScriptingClass (12ms)
	initialDomainReloadingComplete (20ms)
	LoadAllAssembliesAndSetupDomain (479ms)
		LoadAssemblies (280ms)
		RebuildTransferFunctionScriptingTraits (0ms)
		AnalyzeDomain (278ms)
			TypeCache.Refresh (247ms)
				TypeCache.ScanAssembly (236ms)
			ScanForSourceGeneratedMonoScriptInfo (22ms)
			ResolveRequiredComponents (9ms)
	FinalizeReload (661ms)
		ReleaseScriptCaches (0ms)
		RebuildScriptCaches (0ms)
		SetupLoadedEditorAssemblies (501ms)
			LogAssemblyErrors (0ms)
			InitializePlatformSupportModulesInManaged (5ms)
			SetLoadedEditorAssemblies (4ms)
			BeforeProcessingInitializeOnLoad (84ms)
			ProcessInitializeOnLoadAttributes (380ms)
			ProcessInitializeOnLoadMethodAttributes (27ms)
			AfterProcessingInitializeOnLoad (2ms)
			EditorAssembliesLoaded (0ms)
		ExecutionOrderSort2 (0ms)
		AwakeInstancesAfterBackupRestoration (5ms)
Shader 'CartoonCoffee/Particle Additive': fallback shader '2' not found
Shader 'CartoonCoffee/Particle Basic': fallback shader '2' not found
Launched and connected shader compiler UnityShaderCompiler.exe after 0.01 seconds
Refreshing native plugins compatible for Editor in 4.39 ms, found 4 plugins.
Preloading 0 native plugins for Editor in 0.00 ms.
Unloading 6481 Unused Serialized files (Serialized files now loaded: 0)
Unloading 128 unused Assets / (3.0 MB). Loaded Objects now: 7004.
Memory consumption went from 256.7 MB to 253.7 MB.
Total: 10.574300 ms (FindLiveObjects: 1.246100 ms CreateObjectMapping: 0.332000 ms MarkObjects: 7.563400 ms  DeleteObjects: 1.431500 ms)

AssetImportParameters requested are different than current active one (requested -> active):
  custom:scripting/monoscript/fileName/Loop.cs: 2370b78dd0fc43b5a23787c39e01a811 -> ae17ed71ecd620e5d8e62956cea59f5f
  custom:video-decoder-webm-vp8: 9c59270c3fd7afecdb556c50c9e8de78 -> 
  custom:SearchIndexIgnoredProperties: e643bd26f0fe6173181afceb89e7c659 -> 
  custom:audio-encoder-webm-vorbis: bf7c407c2cedff20999df2af8eb42d56 -> 
  custom:audio-decoder-ogg-vorbis: bf7c407c2cedff20999df2af8eb42d56 -> 
  custom:video-encoder-webm-vp8: eb34c28f22e8b96e1ab97ce403110664 -> 
  custom:framework-win-MediaFoundation: 216162199b28c13a410421893ffa2e32 -> 
  custom:scripting/monoscript/fileName/Head.cs: effa42c5e6fbe8576489e42a247346f1 -> c56fb235067b8e0497f6da9d15371435
  custom:scripting/monoscript/fileName/DeactivateChildren.cs: c46ab45fed332edf0852eb252739f5f1 -> 2ec65962b1db2fa346a082daae05acf1
  custom:video-decoder-ogg-theora: a1e56fd34408186e4bbccfd4996cb3dc -> 
  custom:scripting/monoscript/fileName/ParticleShaderGUI.cs: 29633d857ba2363500f3a9d991716822 -> a1e2a310364507765340d2c41374cb2a
  custom:container-muxer-webm: aa71ff27fc2769a1b78a27578f13a17b -> 
  custom:scripting/monoscript/fileName/SideMenu.cs: a799210d298ede5ecbc9c7c075599d93 -> 9761150cc6eb77e0ed9d86242d1e504d
  custom:scripting/monoscript/fileName/NewStatus.cs: 75d912a8793b342effbc35a68c6aa434 -> b1aed07bd9e38ef24dd5a3595061c89f
  custom:scripting/monoscript/fileName/DestroyParticleAtEnd.cs: f46d1a4f4bfbf50b99f103be4eb1070f -> 18e3fff07dc49242bb94039533742467
  custom:AudioImporter_EditorPlatform: d09bf68614088b80899f8185d706f6e7 -> 
  custom:scripting/monoscript/fileName/SceneManager.cs: c1f14fe61ae75adaa7e3669d2d9aeaa0 -> 658bd4a7887934f23b2f8ece63ab5689
  custom:scripting/monoscript/fileName/Target.cs: 5f3cec3875b5e41b4f252a12635f1bbc -> 61d7adde6752fc67910fe89f4f786d53
  custom:container-demuxer-ogg: 62fdf1f143b41e24485cea50d1cbac27 -> 
  custom:scripting/monoscript/fileName/ObjectMover.cs: 7bfc33524a4312979e0bb44b5770aa7d -> 771ad40c0bcdb5512b3ab21dee44eb79
  custom:scripting/monoscript/fileName/Body.cs: cd530b41b8162c4e0b9bfa7cedaa661d -> 1e782e221026fee41a4a12ebd6bfb8b9
  custom:scripting/monoscript/fileName/Player.cs: 5f440bf44c2dfb40ce03ddb92ca4ccf4 -> 0793851aedb7599a8396b57d24ab3cd2
  custom:scripting/monoscript/fileName/Floor.cs: 99adfee10d33afe3cb9442a0fa3c2ef4 -> dec408bc3291a4251e6d67eb0caee03a
  custom:scripting/monoscript/fileName/Projectile.cs: 2a1017c92bdfe8329c0d17e2eea8c4a8 -> c9ef408685a1f7b4e1742dddb467d09c
  custom:video-codec-MediaFoundation-h265: e54d7ab0439102e2317fc1e4b246158d -> 
  custom:CustomObjectIndexerAttribute: d54d2f2da18e7612c182cf67624b6b12 -> 
  custom:container-demuxer-webm: 4f35f7cbe854078d1ac9338744f61a02 -> 
========================================================================
Received Prepare
Begin MonoManager ReloadAssembly
C:\build\output\Unity-Technologies\mono\mono\metadata\icall.c:1842:
C:\build\output\Unity-Technologies\mono\mono\metadata\icall.c:1842:
C:\build\output\Unity-Technologies\mono\mono\metadata\icall.c:1842:
C:\build\output\Unity-Technologies\mono\mono\metadata\icall.c:1842:
C:\build\output\Unity-Technologies\mono\mono\metadata\icall.c:1842:
C:\build\output\Unity-Technologies\mono\mono\metadata\icall.c:1842:
C:\build\output\Unity-Technologies\mono\mono\metadata\icall.c:1842:
C:\build\output\Unity-Technologies\mono\mono\metadata\icall.c:1842:
C:\build\output\Unity-Technologies\mono\mono\metadata\icall.c:1842:
C:\build\output\Unity-Technologies\mono\mono\metadata\icall.c:1842:
C:\build\output\Unity-Technologies\mono\mono\metadata\icall.c:1842:
C:\build\output\Unity-Technologies\mono\mono\metadata\icall.c:1842:
Symbol file LoadedFromMemory doesn't match image G:\Unity\UnityProjects\Git\Roguelike\Card Rouge-Like\Library\PackageCache\com.unity.visualscripting@1.8.0\Editor\VisualScripting.Core\Dependencies\YamlDotNet\Unity.VisualScripting.YamlDotNet.dll
Symbol file LoadedFromMemory doesn't match image G:\Unity\UnityProjects\Git\Roguelike\Card Rouge-Like\Library\PackageCache\com.unity.visualscripting@1.8.0\Editor\VisualScripting.Core\Dependencies\DotNetZip\Unity.VisualScripting.IonicZip.dll
- Loaded All Assemblies, in  0.788 seconds
Refreshing native plugins compatible for Editor in 2.51 ms, found 4 plugins.
Native extension for WindowsStandalone target not found
Mono: successfully reloaded assembly
- Finished resetting the current domain, in  0.991 seconds
Domain Reload Profiling: 1778ms
	BeginReloadAssembly (241ms)
		ExecutionOrderSort (0ms)
		DisableScriptedObjects (11ms)
		BackupInstance (0ms)
		ReleaseScriptingObjects (0ms)
		CreateAndSetChildDomain (108ms)
	RebuildCommonClasses (30ms)
	RebuildNativeTypeToScriptingClass (13ms)
	initialDomainReloadingComplete (30ms)
	LoadAllAssembliesAndSetupDomain (471ms)
		LoadAssemblies (286ms)
		RebuildTransferFunctionScriptingTraits (0ms)
		AnalyzeDomain (278ms)
			TypeCache.Refresh (263ms)
				TypeCache.ScanAssembly (249ms)
			ScanForSourceGeneratedMonoScriptInfo (6ms)
			ResolveRequiredComponents (10ms)
	FinalizeReload (992ms)
		ReleaseScriptCaches (0ms)
		RebuildScriptCaches (0ms)
		SetupLoadedEditorAssemblies (423ms)
			LogAssemblyErrors (0ms)
			InitializePlatformSupportModulesInManaged (4ms)
			SetLoadedEditorAssemblies (3ms)
			BeforeProcessingInitializeOnLoad (75ms)
			ProcessInitializeOnLoadAttributes (315ms)
			ProcessInitializeOnLoadMethodAttributes (24ms)
			AfterProcessingInitializeOnLoad (3ms)
			EditorAssembliesLoaded (0ms)
		ExecutionOrderSort2 (0ms)
		AwakeInstancesAfterBackupRestoration (7ms)
Shader 'CartoonCoffee/Particle Additive': fallback shader '2' not found
Shader 'CartoonCoffee/Particle Basic': fallback shader '2' not found
Refreshing native plugins compatible for Editor in 4.18 ms, found 4 plugins.
Preloading 0 native plugins for Editor in 0.00 ms.
Unloading 6345 Unused Serialized files (Serialized files now loaded: 0)
Unloading 70 unused Assets / (3.0 MB). Loaded Objects now: 7019.
Memory consumption went from 225.5 MB to 222.5 MB.
Total: 5.239200 ms (FindLiveObjects: 0.443100 ms CreateObjectMapping: 0.188300 ms MarkObjects: 3.763500 ms  DeleteObjects: 0.843300 ms)

Prepare: number of updated asset objects reloaded= 0
AssetImportParameters requested are different than current active one (requested -> active):
  custom:scripting/monoscript/fileName/Loop.cs: 2370b78dd0fc43b5a23787c39e01a811 -> ae17ed71ecd620e5d8e62956cea59f5f
  custom:video-decoder-webm-vp8: 9c59270c3fd7afecdb556c50c9e8de78 -> 
  custom:SearchIndexIgnoredProperties: e643bd26f0fe6173181afceb89e7c659 -> 
  custom:audio-encoder-webm-vorbis: bf7c407c2cedff20999df2af8eb42d56 -> 
  custom:audio-decoder-ogg-vorbis: bf7c407c2cedff20999df2af8eb42d56 -> 
  custom:video-encoder-webm-vp8: eb34c28f22e8b96e1ab97ce403110664 -> 
  custom:framework-win-MediaFoundation: 216162199b28c13a410421893ffa2e32 -> 
  custom:scripting/monoscript/fileName/Head.cs: effa42c5e6fbe8576489e42a247346f1 -> c56fb235067b8e0497f6da9d15371435
  custom:scripting/monoscript/fileName/DeactivateChildren.cs: c46ab45fed332edf0852eb252739f5f1 -> 2ec65962b1db2fa346a082daae05acf1
  custom:video-decoder-ogg-theora: a1e56fd34408186e4bbccfd4996cb3dc -> 
  custom:scripting/monoscript/fileName/ParticleShaderGUI.cs: 29633d857ba2363500f3a9d991716822 -> a1e2a310364507765340d2c41374cb2a
  custom:container-muxer-webm: aa71ff27fc2769a1b78a27578f13a17b -> 
  custom:scripting/monoscript/fileName/SideMenu.cs: a799210d298ede5ecbc9c7c075599d93 -> 9761150cc6eb77e0ed9d86242d1e504d
  custom:scripting/monoscript/fileName/NewStatus.cs: 75d912a8793b342effbc35a68c6aa434 -> b1aed07bd9e38ef24dd5a3595061c89f
  custom:scripting/monoscript/fileName/DestroyParticleAtEnd.cs: f46d1a4f4bfbf50b99f103be4eb1070f -> 18e3fff07dc49242bb94039533742467
  custom:AudioImporter_EditorPlatform: d09bf68614088b80899f8185d706f6e7 -> 
  custom:scripting/monoscript/fileName/SceneManager.cs: c1f14fe61ae75adaa7e3669d2d9aeaa0 -> 658bd4a7887934f23b2f8ece63ab5689
  custom:scripting/monoscript/fileName/Target.cs: 5f3cec3875b5e41b4f252a12635f1bbc -> 61d7adde6752fc67910fe89f4f786d53
  custom:container-demuxer-ogg: 62fdf1f143b41e24485cea50d1cbac27 -> 
  custom:scripting/monoscript/fileName/ObjectMover.cs: 7bfc33524a4312979e0bb44b5770aa7d -> 771ad40c0bcdb5512b3ab21dee44eb79
  custom:scripting/monoscript/fileName/Body.cs: cd530b41b8162c4e0b9bfa7cedaa661d -> 1e782e221026fee41a4a12ebd6bfb8b9
  custom:scripting/monoscript/fileName/Player.cs: 5f440bf44c2dfb40ce03ddb92ca4ccf4 -> 0793851aedb7599a8396b57d24ab3cd2
  custom:scripting/monoscript/fileName/Floor.cs: 99adfee10d33afe3cb9442a0fa3c2ef4 -> dec408bc3291a4251e6d67eb0caee03a
  custom:scripting/monoscript/fileName/Projectile.cs: 2a1017c92bdfe8329c0d17e2eea8c4a8 -> c9ef408685a1f7b4e1742dddb467d09c
  custom:video-codec-MediaFoundation-h265: e54d7ab0439102e2317fc1e4b246158d -> 
  custom:CustomObjectIndexerAttribute: d54d2f2da18e7612c182cf67624b6b12 -> 
  custom:container-demuxer-webm: 4f35f7cbe854078d1ac9338744f61a02 -> 
========================================================================
Received Import Request.
  Time since last request: 530070.593472 seconds.
  path: Assets/ThirdParty/Cartoon Coffee/2D Deluxe VFX/Materials/CartoonCoffee_Impact_001-Add-[1.0].mat
  artifactKey: Guid(f41280e2611cfe6428ed33584270d0a0) Importer(815301076,1909f56bfc062723c751e8b465ee728b)
Start importing Assets/ThirdParty/Cartoon Coffee/2D Deluxe VFX/Materials/CartoonCoffee_Impact_001-Add-[1.0].mat using Guid(f41280e2611cfe6428ed33584270d0a0) Importer(815301076,1909f56bfc062723c751e8b465ee728b)  -> (artifact id: 'c2fd3762337bd8141477a02c6b9ae2ff') in 0.080780 seconds
Number of updated asset objects reloaded before import = 0
Number of asset objects unloaded after import = 4
========================================================================
Received Import Request.
  Time since last request: 0.000022 seconds.
  path: Assets/ThirdParty/Cartoon Coffee/2D Deluxe VFX/Materials/CartoonCoffee_Impact_008-Basic-[1.0].mat
  artifactKey: Guid(ee1ed8b6e2b02854cb1efc4ee0a84261) Importer(815301076,1909f56bfc062723c751e8b465ee728b)
Start importing Assets/ThirdParty/Cartoon Coffee/2D Deluxe VFX/Materials/CartoonCoffee_Impact_008-Basic-[1.0].mat using Guid(ee1ed8b6e2b02854cb1efc4ee0a84261) Importer(815301076,1909f56bfc062723c751e8b465ee728b)  -> (artifact id: '24b33823562ff8ce6070ee0418a650f1') in 0.016369 seconds
Number of updated asset objects reloaded before import = 0
Number of asset objects unloaded after import = 4
========================================================================
Received Import Request.
  Time since last request: 0.000018 seconds.
  path: Assets/ThirdParty/Cartoon Coffee/2D Deluxe VFX/Materials/CartoonCoffee_Impact_004-Add-[1.0].mat
  artifactKey: Guid(d2376a026ec1edf438b0abc67fbcff84) Importer(815301076,1909f56bfc062723c751e8b465ee728b)
Start importing Assets/ThirdParty/Cartoon Coffee/2D Deluxe VFX/Materials/CartoonCoffee_Impact_004-Add-[1.0].mat using Guid(d2376a026ec1edf438b0abc67fbcff84) Importer(815301076,1909f56bfc062723c751e8b465ee728b)  -> (artifact id: '7c0bb325fc5bfcfa418a907ed73e7c78') in 0.013669 seconds
Number of updated asset objects reloaded before import = 0
Number of asset objects unloaded after import = 4
========================================================================
Received Import Request.
  Time since last request: 0.000015 seconds.
  path: Assets/ThirdParty/Cartoon Coffee/2D Deluxe VFX/Materials/CartoonCoffee_Impact_003-Basic-[1.0].mat
  artifactKey: Guid(5573cd987d33ace4fad84d89caf8fb30) Importer(815301076,1909f56bfc062723c751e8b465ee728b)
Start importing Assets/ThirdParty/Cartoon Coffee/2D Deluxe VFX/Materials/CartoonCoffee_Impact_003-Basic-[1.0].mat using Guid(5573cd987d33ace4fad84d89caf8fb30) Importer(815301076,1909f56bfc062723c751e8b465ee728b)  -> (artifact id: '85bc8595248f4ff1cfa307ee2b1c9525') in 0.013041 seconds
Number of updated asset objects reloaded before import = 0
Number of asset objects unloaded after import = 4
========================================================================
Received Import Request.
  Time since last request: 0.000029 seconds.
  path: Assets/ThirdParty/Cartoon Coffee/2D Deluxe VFX/Materials/CartoonCoffee_Impact_003-Add-[1.0].mat
  artifactKey: Guid(9c260f0e9513096428da380171a37759) Importer(815301076,1909f56bfc062723c751e8b465ee728b)
Start importing Assets/ThirdParty/Cartoon Coffee/2D Deluxe VFX/Materials/CartoonCoffee_Impact_003-Add-[1.0].mat using Guid(9c260f0e9513096428da380171a37759) Importer(815301076,1909f56bfc062723c751e8b465ee728b)  -> (artifact id: '65f91f3422b8ca7a51f5b465cd44d48f') in 0.018033 seconds
Number of updated asset objects reloaded before import = 0
Number of asset objects unloaded after import = 4
========================================================================
Received Import Request.
  Time since last request: 0.000014 seconds.
  path: Assets/ThirdParty/Cartoon Coffee/2D Deluxe VFX/Materials/CartoonCoffee_Impact_009-Basic-[1.0].mat
  artifactKey: Guid(a2ac64aa0be5fb4498464cfbdb7f4919) Importer(815301076,1909f56bfc062723c751e8b465ee728b)
Start importing Assets/ThirdParty/Cartoon Coffee/2D Deluxe VFX/Materials/CartoonCoffee_Impact_009-Basic-[1.0].mat using Guid(a2ac64aa0be5fb4498464cfbdb7f4919) Importer(815301076,1909f56bfc062723c751e8b465ee728b)  -> (artifact id: '590c3f57912ff46f928e3520d9ccc15c') in 0.009946 seconds
Number of updated asset objects reloaded before import = 0
Number of asset objects unloaded after import = 4
========================================================================
Received Import Request.
  Time since last request: 0.000015 seconds.
  path: Assets/ThirdParty/Cartoon Coffee/2D Deluxe VFX/Masks/Impact_008_Mask_001.png
  artifactKey: Guid(9eec64ee0530407439c8997375c425bd) Importer(815301076,1909f56bfc062723c751e8b465ee728b)
Start importing Assets/ThirdParty/Cartoon Coffee/2D Deluxe VFX/Masks/Impact_008_Mask_001.png using Guid(9eec64ee0530407439c8997375c425bd) Importer(815301076,1909f56bfc062723c751e8b465ee728b)  -> (artifact id: 'c0c80cfe7dfc4fe21f3f4f063b021ff4') in 0.029712 seconds
Number of updated asset objects reloaded before import = 0
Number of asset objects unloaded after import = 3
========================================================================
Received Import Request.
  Time since last request: 0.000015 seconds.
  path: Assets/ThirdParty/Cartoon Coffee/2D Slash VFX/Materials/CartoonCoffee_Impact_005-Add-[1.0].mat
  artifactKey: Guid(1bfaf675c988e084db3315b6370816d4) Importer(815301076,1909f56bfc062723c751e8b465ee728b)
Start importing Assets/ThirdParty/Cartoon Coffee/2D Slash VFX/Materials/CartoonCoffee_Impact_005-Add-[1.0].mat using Guid(1bfaf675c988e084db3315b6370816d4) Importer(815301076,1909f56bfc062723c751e8b465ee728b)  -> (artifact id: '78ff97c16cfa91878c7e716d3953783e') in 0.011232 seconds
Number of updated asset objects reloaded before import = 0
Number of asset objects unloaded after import = 3
========================================================================
Received Import Request.
  Time since last request: 0.000013 seconds.
  path: Assets/ThirdParty/Cartoon Coffee/2D Deluxe VFX/Prefabs/Bursts/Impact_Darkness_Lv3.prefab
  artifactKey: Guid(d10776942586398478a63c6485c7582e) Importer(815301076,1909f56bfc062723c751e8b465ee728b)
Start importing Assets/ThirdParty/Cartoon Coffee/2D Deluxe VFX/Prefabs/Bursts/Impact_Darkness_Lv3.prefab using Guid(d10776942586398478a63c6485c7582e) Importer(815301076,1909f56bfc062723c751e8b465ee728b)  -> (artifact id: '042bbb4621988d61799d43a9a084f237') in 0.039573 seconds
Number of updated asset objects reloaded before import = 0
Number of asset objects unloaded after import = 65
========================================================================
Received Import Request.
  Time since last request: 0.000012 seconds.
  path: Assets/ThirdParty/Cartoon Coffee/2D Deluxe VFX/Materials/CartoonCoffee_Impact_009-Add-[1.0].mat
  artifactKey: Guid(83909c16692a0714ab04dae2e5d57471) Importer(815301076,1909f56bfc062723c751e8b465ee728b)
Start importing Assets/ThirdParty/Cartoon Coffee/2D Deluxe VFX/Materials/CartoonCoffee_Impact_009-Add-[1.0].mat using Guid(83909c16692a0714ab04dae2e5d57471) Importer(815301076,1909f56bfc062723c751e8b465ee728b)  -> (artifact id: '91d408b20311bd11f76b70050720bd90') in 0.011129 seconds
Number of updated asset objects reloaded before import = 0
Number of asset objects unloaded after import = 4
========================================================================
Received Import Request.
  Time since last request: 0.000012 seconds.
  path: Assets/ThirdParty/Cartoon Coffee/2D Deluxe VFX/Masks/Impact_009_Mask_001.png
  artifactKey: Guid(d181b8a80fbfcb14cbea8cb212076b84) Importer(815301076,1909f56bfc062723c751e8b465ee728b)
Start importing Assets/ThirdParty/Cartoon Coffee/2D Deluxe VFX/Masks/Impact_009_Mask_001.png using Guid(d181b8a80fbfcb14cbea8cb212076b84) Importer(815301076,1909f56bfc062723c751e8b465ee728b)  -> (artifact id: '78636df1d83fd473f04b0aaa9fe55488') in 0.010367 seconds
Number of updated asset objects reloaded before import = 0
Number of asset objects unloaded after import = 3
========================================================================
Received Import Request.
  Time since last request: 0.000017 seconds.
  path: Assets/ThirdParty/Cartoon Coffee/2D Deluxe VFX/Prefabs/Bursts/Impact_Darkness_Lv2.prefab
  artifactKey: Guid(58fda082f086e4f4b80b3723cb1246f1) Importer(815301076,1909f56bfc062723c751e8b465ee728b)
Start importing Assets/ThirdParty/Cartoon Coffee/2D Deluxe VFX/Prefabs/Bursts/Impact_Darkness_Lv2.prefab using Guid(58fda082f086e4f4b80b3723cb1246f1) Importer(815301076,1909f56bfc062723c751e8b465ee728b)  -> (artifact id: '867349e28f7e5e24a691e0f1dd7d303d') in 0.014417 seconds
Number of updated asset objects reloaded before import = 0
Number of asset objects unloaded after import = 51
========================================================================
Received Import Request.
  Time since last request: 0.000013 seconds.
  path: Assets/ThirdParty/Cartoon Coffee/2D Deluxe VFX/Prefabs/Bursts/Impact_Fire_Lv2.prefab
  artifactKey: Guid(3b6d31ab622956941a502c2a29929280) Importer(815301076,1909f56bfc062723c751e8b465ee728b)
Start importing Assets/ThirdParty/Cartoon Coffee/2D Deluxe VFX/Prefabs/Bursts/Impact_Fire_Lv2.prefab using Guid(3b6d31ab622956941a502c2a29929280) Importer(815301076,1909f56bfc062723c751e8b465ee728b)  -> (artifact id: 'b43393ecb57ee15ef355ad3947c26e88') in 0.028666 seconds
Number of updated asset objects reloaded before import = 0
Number of asset objects unloaded after import = 51
========================================================================
Received Import Request.
  Time since last request: 0.000025 seconds.
  path: Assets/ThirdParty/Cartoon Coffee/2D Deluxe VFX/Textures/Impact_010.png
  artifactKey: Guid(097fe29de19275248bab87ef015ad77c) Importer(815301076,1909f56bfc062723c751e8b465ee728b)
Start importing Assets/ThirdParty/Cartoon Coffee/2D Deluxe VFX/Textures/Impact_010.png using Guid(097fe29de19275248bab87ef015ad77c) Importer(815301076,1909f56bfc062723c751e8b465ee728b)  -> (artifact id: '9598eea3548384b47860086a89e1e9e0') in 0.013489 seconds
Number of updated asset objects reloaded before import = 0
Number of asset objects unloaded after import = 3
========================================================================
Received Import Request.
  Time since last request: 0.000013 seconds.
  path: Assets/ThirdParty/Cartoon Coffee/2D Deluxe VFX/Materials/CartoonCoffee_Impact_002-Basic-[1.0].mat
  artifactKey: Guid(7dc6df785b479d14199d95ad13ff587a) Importer(815301076,1909f56bfc062723c751e8b465ee728b)
Start importing Assets/ThirdParty/Cartoon Coffee/2D Deluxe VFX/Materials/CartoonCoffee_Impact_002-Basic-[1.0].mat using Guid(7dc6df785b479d14199d95ad13ff587a) Importer(815301076,1909f56bfc062723c751e8b465ee728b)  -> (artifact id: '05014faa6aefd60f0f73ba8807aaeb3a') in 0.012137 seconds
Number of updated asset objects reloaded before import = 0
Number of asset objects unloaded after import = 4
========================================================================
Received Import Request.
  Time since last request: 0.000019 seconds.
  path: Assets/ThirdParty/Cartoon Coffee/2D Deluxe VFX/Materials/CartoonCoffee_Impact_004-Add-[2.0].mat
  artifactKey: Guid(101eebf0d99c9da4c82159dacdbba92b) Importer(815301076,1909f56bfc062723c751e8b465ee728b)
Start importing Assets/ThirdParty/Cartoon Coffee/2D Deluxe VFX/Materials/CartoonCoffee_Impact_004-Add-[2.0].mat using Guid(101eebf0d99c9da4c82159dacdbba92b) Importer(815301076,1909f56bfc062723c751e8b465ee728b)  -> (artifact id: '04dc0e2e84b3489d3a4c3875b35ada56') in 0.006398 seconds
Number of updated asset objects reloaded before import = 0
Number of asset objects unloaded after import = 4
========================================================================
Received Import Request.
  Time since last request: 0.000013 seconds.
  path: Assets/ThirdParty/Cartoon Coffee/2D Deluxe VFX/Materials/CartoonCoffee_Impact_004-Basic-[1.0].mat
  artifactKey: Guid(4a15084b4f9843149bf04e44ab476bcc) Importer(815301076,1909f56bfc062723c751e8b465ee728b)
Start importing Assets/ThirdParty/Cartoon Coffee/2D Deluxe VFX/Materials/CartoonCoffee_Impact_004-Basic-[1.0].mat using Guid(4a15084b4f9843149bf04e44ab476bcc) Importer(815301076,1909f56bfc062723c751e8b465ee728b)  -> (artifact id: 'ef12b42290b22b97d880b7de049acd3e') in 0.010259 seconds
Number of updated asset objects reloaded before import = 0
Number of asset objects unloaded after import = 4
========================================================================
Received Import Request.
  Time since last request: 0.000017 seconds.
  path: Assets/ThirdParty/Cartoon Coffee/2D Deluxe VFX/Textures/Impact_003.png
  artifactKey: Guid(872a03a22b0b1c74485f1d709c06d841) Importer(815301076,1909f56bfc062723c751e8b465ee728b)
Start importing Assets/ThirdParty/Cartoon Coffee/2D Deluxe VFX/Textures/Impact_003.png using Guid(872a03a22b0b1c74485f1d709c06d841) Importer(815301076,1909f56bfc062723c751e8b465ee728b)  -> (artifact id: 'cf6d915224e6d63474afdde050f936b1') in 0.013211 seconds
Number of updated asset objects reloaded before import = 0
Number of asset objects unloaded after import = 3
========================================================================
Received Import Request.
  Time since last request: 0.000014 seconds.
  path: Assets/ThirdParty/Cartoon Coffee/2D Deluxe VFX/Prefabs/Bursts/Impact_Blood_Lv2.prefab
  artifactKey: Guid(54decf03c13d0a64b9313be299066d7d) Importer(815301076,1909f56bfc062723c751e8b465ee728b)
Start importing Assets/ThirdParty/Cartoon Coffee/2D Deluxe VFX/Prefabs/Bursts/Impact_Blood_Lv2.prefab using Guid(54decf03c13d0a64b9313be299066d7d) Importer(815301076,1909f56bfc062723c751e8b465ee728b)  -> (artifact id: '65112f9bc28cbbf2f1ef563292af4ba7') in 0.014699 seconds
Number of updated asset objects reloaded before import = 0
Number of asset objects unloaded after import = 28
========================================================================
Received Import Request.
  Time since last request: 0.000014 seconds.
  path: Assets/ThirdParty/Cartoon Coffee/2D Deluxe VFX/Materials/CartoonCoffee_Impact_007-Add-[1.0].mat
  artifactKey: Guid(2bb5ca1d7fa618c498bc436ef0bd4790) Importer(815301076,1909f56bfc062723c751e8b465ee728b)
Start importing Assets/ThirdParty/Cartoon Coffee/2D Deluxe VFX/Materials/CartoonCoffee_Impact_007-Add-[1.0].mat using Guid(2bb5ca1d7fa618c498bc436ef0bd4790) Importer(815301076,1909f56bfc062723c751e8b465ee728b)  -> (artifact id: '971da454d36b60e7f38e72dc2c470e7b') in 0.012285 seconds
Number of updated asset objects reloaded before import = 0
Number of asset objects unloaded after import = 4
========================================================================
Received Import Request.
  Time since last request: 0.000014 seconds.
  path: Assets/ThirdParty/Cartoon Coffee/2D Deluxe VFX/Textures/Impact_008.png
  artifactKey: Guid(81fdd6bf2f94bd947acedcf18f0fafa4) Importer(815301076,1909f56bfc062723c751e8b465ee728b)
Start importing Assets/ThirdParty/Cartoon Coffee/2D Deluxe VFX/Textures/Impact_008.png using Guid(81fdd6bf2f94bd947acedcf18f0fafa4) Importer(815301076,1909f56bfc062723c751e8b465ee728b)  -> (artifact id: 'bd0d892fb5a0a0a63a59c8b95a02735d') in 0.015567 seconds
Number of updated asset objects reloaded before import = 0
Number of asset objects unloaded after import = 3
========================================================================
Received Import Request.
  Time since last request: 0.000017 seconds.
  path: Assets/ThirdParty/Cartoon Coffee/2D Deluxe VFX/Masks/Impact_003_Mask_001.png
  artifactKey: Guid(001be198fb9adac45939fd52b61fe0e9) Importer(815301076,1909f56bfc062723c751e8b465ee728b)
Start importing Assets/ThirdParty/Cartoon Coffee/2D Deluxe VFX/Masks/Impact_003_Mask_001.png using Guid(001be198fb9adac45939fd52b61fe0e9) Importer(815301076,1909f56bfc062723c751e8b465ee728b)  -> (artifact id: 'f1838759b42a15a0405cdf42250c0d88') in 0.012894 seconds
Number of updated asset objects reloaded before import = 0
Number of asset objects unloaded after import = 3
========================================================================
Received Import Request.
  Time since last request: 0.000030 seconds.
  path: Assets/ThirdParty/Cartoon Coffee/2D Deluxe VFX/Prefabs/Bursts/Impact_Blood_Lv1.prefab
  artifactKey: Guid(e10cc02853686e7408ad51618b403677) Importer(815301076,1909f56bfc062723c751e8b465ee728b)
Start importing Assets/ThirdParty/Cartoon Coffee/2D Deluxe VFX/Prefabs/Bursts/Impact_Blood_Lv1.prefab using Guid(e10cc02853686e7408ad51618b403677) Importer(815301076,1909f56bfc062723c751e8b465ee728b)  -> (artifact id: '49b93626e877f707703d749c5b67e3c1') in 0.010522 seconds
Number of updated asset objects reloaded before import = 0
Number of asset objects unloaded after import = 14
========================================================================
Received Import Request.
  Time since last request: 0.589355 seconds.
  path: Assets/ThirdParty/Cartoon Coffee/2D Deluxe VFX/Prefabs/Bursts/Impact_Fire_Lv3.prefab
  artifactKey: Guid(b2d1a7e3c779c334183600eee56341df) Importer(815301076,1909f56bfc062723c751e8b465ee728b)
Start importing Assets/ThirdParty/Cartoon Coffee/2D Deluxe VFX/Prefabs/Bursts/Impact_Fire_Lv3.prefab using Guid(b2d1a7e3c779c334183600eee56341df) Importer(815301076,1909f56bfc062723c751e8b465ee728b)  -> (artifact id: '9ad06935e05d4d6b279ffd025e67ed4d') in 0.019471 seconds
Number of updated asset objects reloaded before import = 0
Number of asset objects unloaded after import = 63
========================================================================
Received Import Request.
  Time since last request: 0.000018 seconds.
  path: Assets/ThirdParty/Cartoon Coffee/2D Deluxe VFX/Prefabs/Bursts/Impact_Ice_Lv2.prefab
  artifactKey: Guid(c1bcdc05012dcb04ab5454d759267ebb) Importer(815301076,1909f56bfc062723c751e8b465ee728b)
Start importing Assets/ThirdParty/Cartoon Coffee/2D Deluxe VFX/Prefabs/Bursts/Impact_Ice_Lv2.prefab using Guid(c1bcdc05012dcb04ab5454d759267ebb) Importer(815301076,1909f56bfc062723c751e8b465ee728b)  -> (artifact id: '6c2eb1234b61792b4b0ce87a88f3dcbc') in 0.016180 seconds
Number of updated asset objects reloaded before import = 0
Number of asset objects unloaded after import = 51
========================================================================
Received Import Request.
  Time since last request: 0.316793 seconds.
  path: Assets/ThirdParty/Cartoon Coffee/2D Deluxe VFX/Prefabs/Bursts/Impact_Ice_Lv3.prefab
  artifactKey: Guid(5748acc648867a547a324196df7975ea) Importer(815301076,1909f56bfc062723c751e8b465ee728b)
Start importing Assets/ThirdParty/Cartoon Coffee/2D Deluxe VFX/Prefabs/Bursts/Impact_Ice_Lv3.prefab using Guid(5748acc648867a547a324196df7975ea) Importer(815301076,1909f56bfc062723c751e8b465ee728b)  -> (artifact id: '82e23dfe10fd7997ce3366d530194f34') in 0.018720 seconds
Number of updated asset objects reloaded before import = 0
Number of asset objects unloaded after import = 51
========================================================================
Received Import Request.
  Time since last request: 0.000013 seconds.
  path: Assets/ThirdParty/Cartoon Coffee/2D Deluxe VFX/Prefabs/Bursts/Impact_Lightning_Lv1.prefab
  artifactKey: Guid(c16776485042c6a4893bcea9f1d39446) Importer(815301076,1909f56bfc062723c751e8b465ee728b)
Start importing Assets/ThirdParty/Cartoon Coffee/2D Deluxe VFX/Prefabs/Bursts/Impact_Lightning_Lv1.prefab using Guid(c16776485042c6a4893bcea9f1d39446) Importer(815301076,1909f56bfc062723c751e8b465ee728b)  -> (artifact id: '721e34446bf004a16b465edfc69af393') in 0.017421 seconds
Number of updated asset objects reloaded before import = 0
Number of asset objects unloaded after import = 33
========================================================================
Received Import Request.
  Time since last request: 0.000014 seconds.
  path: Assets/ThirdParty/Cartoon Coffee/2D Deluxe VFX/Prefabs/Bursts/Impact_Light_Lv2.prefab
  artifactKey: Guid(e4e5e371dda07414780985fce5287a0e) Importer(815301076,1909f56bfc062723c751e8b465ee728b)
Start importing Assets/ThirdParty/Cartoon Coffee/2D Deluxe VFX/Prefabs/Bursts/Impact_Light_Lv2.prefab using Guid(e4e5e371dda07414780985fce5287a0e) Importer(815301076,1909f56bfc062723c751e8b465ee728b)  -> (artifact id: 'f1e41386e9094f56cb5709eef104513f') in 0.017187 seconds
Number of updated asset objects reloaded before import = 0
Number of asset objects unloaded after import = 57
========================================================================
Received Import Request.
  Time since last request: 0.000014 seconds.
  path: Assets/ThirdParty/Cartoon Coffee/2D Deluxe VFX/Prefabs/Bursts/Impact_Punch.prefab
  artifactKey: Guid(b80407ae74dc7e9499a6d2a7553d0eef) Importer(815301076,1909f56bfc062723c751e8b465ee728b)
Start importing Assets/ThirdParty/Cartoon Coffee/2D Deluxe VFX/Prefabs/Bursts/Impact_Punch.prefab using Guid(b80407ae74dc7e9499a6d2a7553d0eef) Importer(815301076,1909f56bfc062723c751e8b465ee728b)  -> (artifact id: '29d5f8f0fd6a9489723a8674744d40c8') in 0.019049 seconds
Number of updated asset objects reloaded before import = 0
Number of asset objects unloaded after import = 61
========================================================================
Received Import Request.
  Time since last request: 0.000013 seconds.
  path: Assets/ThirdParty/Cartoon Coffee/2D Deluxe VFX/Prefabs/Bursts/Impact_Muzzle_Flash.prefab
  artifactKey: Guid(0878c99493450524f8bd94c47aafed87) Importer(815301076,1909f56bfc062723c751e8b465ee728b)
Start importing Assets/ThirdParty/Cartoon Coffee/2D Deluxe VFX/Prefabs/Bursts/Impact_Muzzle_Flash.prefab using Guid(0878c99493450524f8bd94c47aafed87) Importer(815301076,1909f56bfc062723c751e8b465ee728b)  -> (artifact id: '7ca9bd354bebe28061108b81cc5f4fa1') in 0.011560 seconds
Number of updated asset objects reloaded before import = 0
Number of asset objects unloaded after import = 14
========================================================================
Received Import Request.
  Time since last request: 0.000034 seconds.
  path: Assets/ThirdParty/Cartoon Coffee/2D Deluxe VFX/Prefabs/Bursts/Impact_Shine_V2.prefab
  artifactKey: Guid(b479dc93dc8caa0439acbc73e46e00e1) Importer(815301076,1909f56bfc062723c751e8b465ee728b)
Start importing Assets/ThirdParty/Cartoon Coffee/2D Deluxe VFX/Prefabs/Bursts/Impact_Shine_V2.prefab using Guid(b479dc93dc8caa0439acbc73e46e00e1) Importer(815301076,1909f56bfc062723c751e8b465ee728b)  -> (artifact id: 'e901436baaf03778facd2caf69d4e512') in 0.014164 seconds
Number of updated asset objects reloaded before import = 0
Number of asset objects unloaded after import = 32
========================================================================
Received Import Request.
  Time since last request: 0.000014 seconds.
  path: Assets/ThirdParty/Cartoon Coffee/2D Deluxe VFX/Prefabs/Bursts/Impact_Lightning_Lv3.prefab
  artifactKey: Guid(9bc9dc2c5871a864ab52eea8ea6e7643) Importer(815301076,1909f56bfc062723c751e8b465ee728b)
Start importing Assets/ThirdParty/Cartoon Coffee/2D Deluxe VFX/Prefabs/Bursts/Impact_Lightning_Lv3.prefab using Guid(9bc9dc2c5871a864ab52eea8ea6e7643) Importer(815301076,1909f56bfc062723c751e8b465ee728b)  -> (artifact id: '8333fa9a1d36898d5557788092bad187') in 0.017148 seconds
Number of updated asset objects reloaded before import = 0
Number of asset objects unloaded after import = 56
========================================================================
Received Import Request.
  Time since last request: 0.000013 seconds.
  path: Assets/ThirdParty/Cartoon Coffee/2D Deluxe VFX/Prefabs/Bursts/Impact_Light_Lv3.prefab
  artifactKey: Guid(5f30ad8d2d666c64da2536bd2ecc6a05) Importer(815301076,1909f56bfc062723c751e8b465ee728b)
Start importing Assets/ThirdParty/Cartoon Coffee/2D Deluxe VFX/Prefabs/Bursts/Impact_Light_Lv3.prefab using Guid(5f30ad8d2d666c64da2536bd2ecc6a05) Importer(815301076,1909f56bfc062723c751e8b465ee728b)  -> (artifact id: '11382bbbdf82e2ebb4ec88674fe0578c') in 0.018562 seconds
Number of updated asset objects reloaded before import = 0
Number of asset objects unloaded after import = 63
========================================================================
Received Prepare
Begin MonoManager ReloadAssembly
C:\build\output\Unity-Technologies\mono\mono\metadata\icall.c:1842:
C:\build\output\Unity-Technologies\mono\mono\metadata\icall.c:1842:
C:\build\output\Unity-Technologies\mono\mono\metadata\icall.c:1842:
C:\build\output\Unity-Technologies\mono\mono\metadata\icall.c:1842:
C:\build\output\Unity-Technologies\mono\mono\metadata\icall.c:1842:
C:\build\output\Unity-Technologies\mono\mono\metadata\icall.c:1842:
C:\build\output\Unity-Technologies\mono\mono\metadata\icall.c:1842:
C:\build\output\Unity-Technologies\mono\mono\metadata\icall.c:1842:
C:\build\output\Unity-Technologies\mono\mono\metadata\icall.c:1842:
C:\build\output\Unity-Technologies\mono\mono\metadata\icall.c:1842:
C:\build\output\Unity-Technologies\mono\mono\metadata\icall.c:1842:
C:\build\output\Unity-Technologies\mono\mono\metadata\icall.c:1842:
Symbol file LoadedFromMemory doesn't match image G:\Unity\UnityProjects\Git\Roguelike\Card Rouge-Like\Library\PackageCache\com.unity.visualscripting@1.8.0\Editor\VisualScripting.Core\Dependencies\YamlDotNet\Unity.VisualScripting.YamlDotNet.dll
Symbol file LoadedFromMemory doesn't match image G:\Unity\UnityProjects\Git\Roguelike\Card Rouge-Like\Library\PackageCache\com.unity.visualscripting@1.8.0\Editor\VisualScripting.Core\Dependencies\DotNetZip\Unity.VisualScripting.IonicZip.dll
- Loaded All Assemblies, in  0.703 seconds
Refreshing native plugins compatible for Editor in 2.76 ms, found 4 plugins.
Native extension for WindowsStandalone target not found
Mono: successfully reloaded assembly
- Finished resetting the current domain, in  1.231 seconds
Domain Reload Profiling: 1934ms
	BeginReloadAssembly (176ms)
		ExecutionOrderSort (0ms)
		DisableScriptedObjects (11ms)
		BackupInstance (0ms)
		ReleaseScriptingObjects (0ms)
		CreateAndSetChildDomain (57ms)
	RebuildCommonClasses (25ms)
	RebuildNativeTypeToScriptingClass (9ms)
	initialDomainReloadingComplete (19ms)
	LoadAllAssembliesAndSetupDomain (473ms)
		LoadAssemblies (269ms)
		RebuildTransferFunctionScriptingTraits (0ms)
		AnalyzeDomain (282ms)
			TypeCache.Refresh (270ms)
				TypeCache.ScanAssembly (255ms)
			ScanForSourceGeneratedMonoScriptInfo (0ms)
			ResolveRequiredComponents (11ms)
	FinalizeReload (1232ms)
		ReleaseScriptCaches (0ms)
		RebuildScriptCaches (0ms)
		SetupLoadedEditorAssemblies (584ms)
			LogAssemblyErrors (0ms)
			InitializePlatformSupportModulesInManaged (5ms)
			SetLoadedEditorAssemblies (6ms)
			BeforeProcessingInitializeOnLoad (112ms)
			ProcessInitializeOnLoadAttributes (427ms)
			ProcessInitializeOnLoadMethodAttributes (31ms)
			AfterProcessingInitializeOnLoad (3ms)
			EditorAssembliesLoaded (0ms)
		ExecutionOrderSort2 (0ms)
		AwakeInstancesAfterBackupRestoration (7ms)
Shader 'CartoonCoffee/Particle Additive': fallback shader '2' not found
Shader 'CartoonCoffee/Particle Basic': fallback shader '2' not found
Refreshing native plugins compatible for Editor in 4.13 ms, found 4 plugins.
Preloading 0 native plugins for Editor in 0.00 ms.
Unloading 6345 Unused Serialized files (Serialized files now loaded: 0)
Unloading 70 unused Assets / (3.0 MB). Loaded Objects now: 7075.
Memory consumption went from 227.8 MB to 224.8 MB.
Total: 8.267100 ms (FindLiveObjects: 0.655700 ms CreateObjectMapping: 0.354600 ms MarkObjects: 5.618500 ms  DeleteObjects: 1.637700 ms)

Prepare: number of updated asset objects reloaded= 0
AssetImportParameters requested are different than current active one (requested -> active):
  custom:scripting/monoscript/fileName/Loop.cs: 2370b78dd0fc43b5a23787c39e01a811 -> ae17ed71ecd620e5d8e62956cea59f5f
  custom:video-decoder-webm-vp8: 9c59270c3fd7afecdb556c50c9e8de78 -> 
  custom:SearchIndexIgnoredProperties: e643bd26f0fe6173181afceb89e7c659 -> 
  custom:audio-encoder-webm-vorbis: bf7c407c2cedff20999df2af8eb42d56 -> 
  custom:audio-decoder-ogg-vorbis: bf7c407c2cedff20999df2af8eb42d56 -> 
  custom:video-encoder-webm-vp8: eb34c28f22e8b96e1ab97ce403110664 -> 
  custom:framework-win-MediaFoundation: 216162199b28c13a410421893ffa2e32 -> 
  custom:scripting/monoscript/fileName/Head.cs: effa42c5e6fbe8576489e42a247346f1 -> c56fb235067b8e0497f6da9d15371435
  custom:scripting/monoscript/fileName/DeactivateChildren.cs: c46ab45fed332edf0852eb252739f5f1 -> 2ec65962b1db2fa346a082daae05acf1
  custom:video-decoder-ogg-theora: a1e56fd34408186e4bbccfd4996cb3dc -> 
  custom:scripting/monoscript/fileName/ParticleShaderGUI.cs: 29633d857ba2363500f3a9d991716822 -> a1e2a310364507765340d2c41374cb2a
  custom:container-muxer-webm: aa71ff27fc2769a1b78a27578f13a17b -> 
  custom:scripting/monoscript/fileName/SideMenu.cs: a799210d298ede5ecbc9c7c075599d93 -> 9761150cc6eb77e0ed9d86242d1e504d
  custom:scripting/monoscript/fileName/NewStatus.cs: 75d912a8793b342effbc35a68c6aa434 -> b1aed07bd9e38ef24dd5a3595061c89f
  custom:scripting/monoscript/fileName/DestroyParticleAtEnd.cs: f46d1a4f4bfbf50b99f103be4eb1070f -> 18e3fff07dc49242bb94039533742467
  custom:AudioImporter_EditorPlatform: d09bf68614088b80899f8185d706f6e7 -> 
  custom:scripting/monoscript/fileName/SceneManager.cs: c1f14fe61ae75adaa7e3669d2d9aeaa0 -> 658bd4a7887934f23b2f8ece63ab5689
  custom:scripting/monoscript/fileName/Target.cs: 5f3cec3875b5e41b4f252a12635f1bbc -> 61d7adde6752fc67910fe89f4f786d53
  custom:container-demuxer-ogg: 62fdf1f143b41e24485cea50d1cbac27 -> 
  custom:scripting/monoscript/fileName/ObjectMover.cs: 7bfc33524a4312979e0bb44b5770aa7d -> 771ad40c0bcdb5512b3ab21dee44eb79
  custom:scripting/monoscript/fileName/Body.cs: cd530b41b8162c4e0b9bfa7cedaa661d -> 1e782e221026fee41a4a12ebd6bfb8b9
  custom:scripting/monoscript/fileName/Player.cs: 5f440bf44c2dfb40ce03ddb92ca4ccf4 -> 0793851aedb7599a8396b57d24ab3cd2
  custom:scripting/monoscript/fileName/Floor.cs: 99adfee10d33afe3cb9442a0fa3c2ef4 -> dec408bc3291a4251e6d67eb0caee03a
  custom:scripting/monoscript/fileName/Projectile.cs: 2a1017c92bdfe8329c0d17e2eea8c4a8 -> c9ef408685a1f7b4e1742dddb467d09c
  custom:video-codec-MediaFoundation-h265: e54d7ab0439102e2317fc1e4b246158d -> 
  custom:CustomObjectIndexerAttribute: d54d2f2da18e7612c182cf67624b6b12 -> 
  custom:container-demuxer-webm: 4f35f7cbe854078d1ac9338744f61a02 -> 
========================================================================
Received Prepare
Begin MonoManager ReloadAssembly
C:\build\output\Unity-Technologies\mono\mono\metadata\icall.c:1842:
C:\build\output\Unity-Technologies\mono\mono\metadata\icall.c:1842:
C:\build\output\Unity-Technologies\mono\mono\metadata\icall.c:1842:
C:\build\output\Unity-Technologies\mono\mono\metadata\icall.c:1842:
C:\build\output\Unity-Technologies\mono\mono\metadata\icall.c:1842:
C:\build\output\Unity-Technologies\mono\mono\metadata\icall.c:1842:
C:\build\output\Unity-Technologies\mono\mono\metadata\icall.c:1842:
C:\build\output\Unity-Technologies\mono\mono\metadata\icall.c:1842:
C:\build\output\Unity-Technologies\mono\mono\metadata\icall.c:1842:
C:\build\output\Unity-Technologies\mono\mono\metadata\icall.c:1842:
C:\build\output\Unity-Technologies\mono\mono\metadata\icall.c:1842:
C:\build\output\Unity-Technologies\mono\mono\metadata\icall.c:1842:
Symbol file LoadedFromMemory doesn't match image G:\Unity\UnityProjects\Git\Roguelike\Card Rouge-Like\Library\PackageCache\com.unity.visualscripting@1.8.0\Editor\VisualScripting.Core\Dependencies\YamlDotNet\Unity.VisualScripting.YamlDotNet.dll
Symbol file LoadedFromMemory doesn't match image G:\Unity\UnityProjects\Git\Roguelike\Card Rouge-Like\Library\PackageCache\com.unity.visualscripting@1.8.0\Editor\VisualScripting.Core\Dependencies\DotNetZip\Unity.VisualScripting.IonicZip.dll
- Loaded All Assemblies, in  0.672 seconds
Refreshing native plugins compatible for Editor in 2.90 ms, found 4 plugins.
Native extension for WindowsStandalone target not found
Mono: successfully reloaded assembly
- Finished resetting the current domain, in  1.270 seconds
Domain Reload Profiling: 1942ms
	BeginReloadAssembly (170ms)
		ExecutionOrderSort (0ms)
		DisableScriptedObjects (12ms)
		BackupInstance (0ms)
		ReleaseScriptingObjects (0ms)
		CreateAndSetChildDomain (51ms)
	RebuildCommonClasses (25ms)
	RebuildNativeTypeToScriptingClass (9ms)
	initialDomainReloadingComplete (19ms)
	LoadAllAssembliesAndSetupDomain (448ms)
		LoadAssemblies (273ms)
		RebuildTransferFunctionScriptingTraits (0ms)
		AnalyzeDomain (253ms)
			TypeCache.Refresh (240ms)
				TypeCache.ScanAssembly (224ms)
			ScanForSourceGeneratedMonoScriptInfo (0ms)
			ResolveRequiredComponents (12ms)
	FinalizeReload (1271ms)
		ReleaseScriptCaches (0ms)
		RebuildScriptCaches (0ms)
		SetupLoadedEditorAssemblies (577ms)
			LogAssemblyErrors (0ms)
			InitializePlatformSupportModulesInManaged (5ms)
			SetLoadedEditorAssemblies (5ms)
			BeforeProcessingInitializeOnLoad (115ms)
			ProcessInitializeOnLoadAttributes (419ms)
			ProcessInitializeOnLoadMethodAttributes (30ms)
			AfterProcessingInitializeOnLoad (2ms)
			EditorAssembliesLoaded (0ms)
		ExecutionOrderSort2 (0ms)
		AwakeInstancesAfterBackupRestoration (7ms)
Shader 'CartoonCoffee/Particle Additive': fallback shader '2' not found
Shader 'CartoonCoffee/Particle Basic': fallback shader '2' not found
Refreshing native plugins compatible for Editor in 4.19 ms, found 4 plugins.
Preloading 0 native plugins for Editor in 0.00 ms.
Unloading 6345 Unused Serialized files (Serialized files now loaded: 0)
Unloading 70 unused Assets / (3.0 MB). Loaded Objects now: 7089.
Memory consumption went from 229.8 MB to 226.8 MB.
Total: 7.646200 ms (FindLiveObjects: 0.769300 ms CreateObjectMapping: 0.384100 ms MarkObjects: 5.349900 ms  DeleteObjects: 1.142200 ms)

Prepare: number of updated asset objects reloaded= 0
AssetImportParameters requested are different than current active one (requested -> active):
  custom:scripting/monoscript/fileName/Loop.cs: 2370b78dd0fc43b5a23787c39e01a811 -> ae17ed71ecd620e5d8e62956cea59f5f
  custom:video-decoder-webm-vp8: 9c59270c3fd7afecdb556c50c9e8de78 -> 
  custom:SearchIndexIgnoredProperties: e643bd26f0fe6173181afceb89e7c659 -> 
  custom:audio-encoder-webm-vorbis: bf7c407c2cedff20999df2af8eb42d56 -> 
  custom:audio-decoder-ogg-vorbis: bf7c407c2cedff20999df2af8eb42d56 -> 
  custom:video-encoder-webm-vp8: eb34c28f22e8b96e1ab97ce403110664 -> 
  custom:framework-win-MediaFoundation: 216162199b28c13a410421893ffa2e32 -> 
  custom:scripting/monoscript/fileName/Head.cs: effa42c5e6fbe8576489e42a247346f1 -> c56fb235067b8e0497f6da9d15371435
  custom:scripting/monoscript/fileName/DeactivateChildren.cs: c46ab45fed332edf0852eb252739f5f1 -> 2ec65962b1db2fa346a082daae05acf1
  custom:video-decoder-ogg-theora: a1e56fd34408186e4bbccfd4996cb3dc -> 
  custom:scripting/monoscript/fileName/ParticleShaderGUI.cs: 29633d857ba2363500f3a9d991716822 -> a1e2a310364507765340d2c41374cb2a
  custom:container-muxer-webm: aa71ff27fc2769a1b78a27578f13a17b -> 
  custom:scripting/monoscript/fileName/SideMenu.cs: a799210d298ede5ecbc9c7c075599d93 -> 9761150cc6eb77e0ed9d86242d1e504d
  custom:scripting/monoscript/fileName/NewStatus.cs: 75d912a8793b342effbc35a68c6aa434 -> b1aed07bd9e38ef24dd5a3595061c89f
  custom:scripting/monoscript/fileName/DestroyParticleAtEnd.cs: f46d1a4f4bfbf50b99f103be4eb1070f -> 18e3fff07dc49242bb94039533742467
  custom:AudioImporter_EditorPlatform: d09bf68614088b80899f8185d706f6e7 -> 
  custom:scripting/monoscript/fileName/SceneManager.cs: c1f14fe61ae75adaa7e3669d2d9aeaa0 -> 658bd4a7887934f23b2f8ece63ab5689
  custom:scripting/monoscript/fileName/Target.cs: 5f3cec3875b5e41b4f252a12635f1bbc -> 61d7adde6752fc67910fe89f4f786d53
  custom:container-demuxer-ogg: 62fdf1f143b41e24485cea50d1cbac27 -> 
  custom:scripting/monoscript/fileName/ObjectMover.cs: 7bfc33524a4312979e0bb44b5770aa7d -> 771ad40c0bcdb5512b3ab21dee44eb79
  custom:scripting/monoscript/fileName/Body.cs: cd530b41b8162c4e0b9bfa7cedaa661d -> 1e782e221026fee41a4a12ebd6bfb8b9
  custom:scripting/monoscript/fileName/Player.cs: 5f440bf44c2dfb40ce03ddb92ca4ccf4 -> 0793851aedb7599a8396b57d24ab3cd2
  custom:scripting/monoscript/fileName/Floor.cs: 99adfee10d33afe3cb9442a0fa3c2ef4 -> dec408bc3291a4251e6d67eb0caee03a
  custom:scripting/monoscript/fileName/Projectile.cs: 2a1017c92bdfe8329c0d17e2eea8c4a8 -> c9ef408685a1f7b4e1742dddb467d09c
  custom:video-codec-MediaFoundation-h265: e54d7ab0439102e2317fc1e4b246158d -> 
  custom:CustomObjectIndexerAttribute: d54d2f2da18e7612c182cf67624b6b12 -> 
  custom:container-demuxer-webm: 4f35f7cbe854078d1ac9338744f61a02 -> 
========================================================================
Received Import Request.
  Time since last request: 117.076047 seconds.
  path: Assets/ThirdParty/Cartoon Coffee/2D Deluxe VFX/Prefabs/Bursts/Heart_Bursts_Center_V3.prefab
  artifactKey: Guid(2e0dca05946b8e649a940b0f64dc2dca) Importer(815301076,1909f56bfc062723c751e8b465ee728b)
Start importing Assets/ThirdParty/Cartoon Coffee/2D Deluxe VFX/Prefabs/Bursts/Heart_Bursts_Center_V3.prefab using Guid(2e0dca05946b8e649a940b0f64dc2dca) Importer(815301076,1909f56bfc062723c751e8b465ee728b)  -> (artifact id: 'e49390a6354de2040b57eb2475538e66') in 0.084981 seconds
Number of updated asset objects reloaded before import = 0
Number of asset objects unloaded after import = 22
========================================================================
Received Import Request.
  Time since last request: 0.000014 seconds.
  path: Assets/ThirdParty/Cartoon Coffee/2D Deluxe VFX/Prefabs/Bursts/Impact_Smoke_V1.prefab
  artifactKey: Guid(f13e61830255cf646896334089da2c20) Importer(815301076,1909f56bfc062723c751e8b465ee728b)
Start importing Assets/ThirdParty/Cartoon Coffee/2D Deluxe VFX/Prefabs/Bursts/Impact_Smoke_V1.prefab using Guid(f13e61830255cf646896334089da2c20) Importer(815301076,1909f56bfc062723c751e8b465ee728b)  -> (artifact id: 'a9d4650f1cbbd1ee868173f7dc046248') in 0.014860 seconds
Number of updated asset objects reloaded before import = 0
Number of asset objects unloaded after import = 38
========================================================================
Received Import Request.
  Time since last request: 0.000013 seconds.
  path: Assets/ThirdParty/Cartoon Coffee/2D Deluxe VFX/Prefabs/Bursts/Impact_Spark.prefab
  artifactKey: Guid(8316cbf2b44a4fa46b1fabcd4c2f1428) Importer(815301076,1909f56bfc062723c751e8b465ee728b)
Start importing Assets/ThirdParty/Cartoon Coffee/2D Deluxe VFX/Prefabs/Bursts/Impact_Spark.prefab using Guid(8316cbf2b44a4fa46b1fabcd4c2f1428) Importer(815301076,1909f56bfc062723c751e8b465ee728b)  -> (artifact id: '4dad72b954fcfe571df8765d1b121a95') in 0.021316 seconds
Number of updated asset objects reloaded before import = 0
Number of asset objects unloaded after import = 34
========================================================================
Received Import Request.
  Time since last request: 0.000017 seconds.
  path: Assets/ThirdParty/Cartoon Coffee/2D Deluxe VFX/Prefabs/Bursts/Hex_Bursts_Center_V4.prefab
  artifactKey: Guid(a972eabbf499e4d45a37e3469f46755c) Importer(815301076,1909f56bfc062723c751e8b465ee728b)
Start importing Assets/ThirdParty/Cartoon Coffee/2D Deluxe VFX/Prefabs/Bursts/Hex_Bursts_Center_V4.prefab using Guid(a972eabbf499e4d45a37e3469f46755c) Importer(815301076,1909f56bfc062723c751e8b465ee728b)  -> (artifact id: 'b0af6eb803204b6da4afc67370521161') in 0.021135 seconds
Number of updated asset objects reloaded before import = 0
Number of asset objects unloaded after import = 25
========================================================================
Received Import Request.
  Time since last request: 0.000013 seconds.
  path: Assets/ThirdParty/Cartoon Coffee/2D Deluxe VFX/Prefabs/Bursts/Heart_Bursts_V5.prefab
  artifactKey: Guid(4383d7f232731b449bfc18a3b27bf427) Importer(815301076,1909f56bfc062723c751e8b465ee728b)
Start importing Assets/ThirdParty/Cartoon Coffee/2D Deluxe VFX/Prefabs/Bursts/Heart_Bursts_V5.prefab using Guid(4383d7f232731b449bfc18a3b27bf427) Importer(815301076,1909f56bfc062723c751e8b465ee728b)  -> (artifact id: 'cf30d7f42c0e68ec560f1b9aa5455780') in 0.013717 seconds
Number of updated asset objects reloaded before import = 0
Number of asset objects unloaded after import = 18
========================================================================
Received Import Request.
  Time since last request: 0.000016 seconds.
  path: Assets/ThirdParty/Cartoon Coffee/2D Deluxe VFX/Prefabs/Bursts/Hex_Buff_V2.prefab
  artifactKey: Guid(afb071edb827afe41aea1b1ae1a86fdd) Importer(815301076,1909f56bfc062723c751e8b465ee728b)
Start importing Assets/ThirdParty/Cartoon Coffee/2D Deluxe VFX/Prefabs/Bursts/Hex_Buff_V2.prefab using Guid(afb071edb827afe41aea1b1ae1a86fdd) Importer(815301076,1909f56bfc062723c751e8b465ee728b)  -> (artifact id: '3e9d96e17e245c4d8446f5c8f516c3e7') in 0.016123 seconds
Number of updated asset objects reloaded before import = 0
Number of asset objects unloaded after import = 20
========================================================================
Received Import Request.
  Time since last request: 0.000023 seconds.
  path: Assets/ThirdParty/Cartoon Coffee/2D Deluxe VFX/Prefabs/Bursts/Heart_Bursts_V3.prefab
  artifactKey: Guid(8ef7fe1b593549046bc3566b7fbf4fcd) Importer(815301076,1909f56bfc062723c751e8b465ee728b)
Start importing Assets/ThirdParty/Cartoon Coffee/2D Deluxe VFX/Prefabs/Bursts/Heart_Bursts_V3.prefab using Guid(8ef7fe1b593549046bc3566b7fbf4fcd) Importer(815301076,1909f56bfc062723c751e8b465ee728b)  -> (artifact id: 'f88fb38dd8a9bdba0bd3eda9840739ae') in 0.012226 seconds
Number of updated asset objects reloaded before import = 0
Number of asset objects unloaded after import = 22
========================================================================
Received Prepare
Begin MonoManager ReloadAssembly
C:\build\output\Unity-Technologies\mono\mono\metadata\icall.c:1842:
C:\build\output\Unity-Technologies\mono\mono\metadata\icall.c:1842:
C:\build\output\Unity-Technologies\mono\mono\metadata\icall.c:1842:
C:\build\output\Unity-Technologies\mono\mono\metadata\icall.c:1842:
C:\build\output\Unity-Technologies\mono\mono\metadata\icall.c:1842:
C:\build\output\Unity-Technologies\mono\mono\metadata\icall.c:1842:
C:\build\output\Unity-Technologies\mono\mono\metadata\icall.c:1842:
C:\build\output\Unity-Technologies\mono\mono\metadata\icall.c:1842:
C:\build\output\Unity-Technologies\mono\mono\metadata\icall.c:1842:
C:\build\output\Unity-Technologies\mono\mono\metadata\icall.c:1842:
C:\build\output\Unity-Technologies\mono\mono\metadata\icall.c:1842:
C:\build\output\Unity-Technologies\mono\mono\metadata\icall.c:1842:
Symbol file LoadedFromMemory doesn't match image G:\Unity\UnityProjects\Git\Roguelike\Card Rouge-Like\Library\PackageCache\com.unity.visualscripting@1.8.0\Editor\VisualScripting.Core\Dependencies\YamlDotNet\Unity.VisualScripting.YamlDotNet.dll
Symbol file LoadedFromMemory doesn't match image G:\Unity\UnityProjects\Git\Roguelike\Card Rouge-Like\Library\PackageCache\com.unity.visualscripting@1.8.0\Editor\VisualScripting.Core\Dependencies\DotNetZip\Unity.VisualScripting.IonicZip.dll
- Loaded All Assemblies, in  0.708 seconds
Refreshing native plugins compatible for Editor in 2.79 ms, found 4 plugins.
Native extension for WindowsStandalone target not found
Mono: successfully reloaded assembly
- Finished resetting the current domain, in  1.274 seconds
Domain Reload Profiling: 1981ms
	BeginReloadAssembly (177ms)
		ExecutionOrderSort (0ms)
		DisableScriptedObjects (10ms)
		BackupInstance (0ms)
		ReleaseScriptingObjects (0ms)
		CreateAndSetChildDomain (57ms)
	RebuildCommonClasses (25ms)
	RebuildNativeTypeToScriptingClass (9ms)
	initialDomainReloadingComplete (21ms)
	LoadAllAssembliesAndSetupDomain (475ms)
		LoadAssemblies (307ms)
		RebuildTransferFunctionScriptingTraits (0ms)
		AnalyzeDomain (248ms)
			TypeCache.Refresh (232ms)
				TypeCache.ScanAssembly (217ms)
			ScanForSourceGeneratedMonoScriptInfo (6ms)
			ResolveRequiredComponents (9ms)
	FinalizeReload (1274ms)
		ReleaseScriptCaches (0ms)
		RebuildScriptCaches (0ms)
		SetupLoadedEditorAssemblies (502ms)
			LogAssemblyErrors (0ms)
			InitializePlatformSupportModulesInManaged (4ms)
			SetLoadedEditorAssemblies (4ms)
			BeforeProcessingInitializeOnLoad (113ms)
			ProcessInitializeOnLoadAttributes (350ms)
			ProcessInitializeOnLoadMethodAttributes (27ms)
			AfterProcessingInitializeOnLoad (2ms)
			EditorAssembliesLoaded (0ms)
		ExecutionOrderSort2 (0ms)
		AwakeInstancesAfterBackupRestoration (7ms)
Shader 'CartoonCoffee/Particle Additive': fallback shader '2' not found
Shader 'CartoonCoffee/Particle Basic': fallback shader '2' not found
Refreshing native plugins compatible for Editor in 3.83 ms, found 4 plugins.
Preloading 0 native plugins for Editor in 0.00 ms.
Unloading 6345 Unused Serialized files (Serialized files now loaded: 0)
Unloading 70 unused Assets / (3.0 MB). Loaded Objects now: 7103.
Memory consumption went from 231.7 MB to 228.7 MB.
Total: 10.102900 ms (FindLiveObjects: 1.140100 ms CreateObjectMapping: 0.469200 ms MarkObjects: 7.036400 ms  DeleteObjects: 1.455600 ms)

Prepare: number of updated asset objects reloaded= 0
AssetImportParameters requested are different than current active one (requested -> active):
  custom:scripting/monoscript/fileName/Loop.cs: 2370b78dd0fc43b5a23787c39e01a811 -> ae17ed71ecd620e5d8e62956cea59f5f
  custom:video-decoder-webm-vp8: 9c59270c3fd7afecdb556c50c9e8de78 -> 
  custom:SearchIndexIgnoredProperties: e643bd26f0fe6173181afceb89e7c659 -> 
  custom:audio-encoder-webm-vorbis: bf7c407c2cedff20999df2af8eb42d56 -> 
  custom:audio-decoder-ogg-vorbis: bf7c407c2cedff20999df2af8eb42d56 -> 
  custom:video-encoder-webm-vp8: eb34c28f22e8b96e1ab97ce403110664 -> 
  custom:framework-win-MediaFoundation: 216162199b28c13a410421893ffa2e32 -> 
  custom:scripting/monoscript/fileName/Head.cs: effa42c5e6fbe8576489e42a247346f1 -> c56fb235067b8e0497f6da9d15371435
  custom:scripting/monoscript/fileName/DeactivateChildren.cs: c46ab45fed332edf0852eb252739f5f1 -> 2ec65962b1db2fa346a082daae05acf1
  custom:video-decoder-ogg-theora: a1e56fd34408186e4bbccfd4996cb3dc -> 
  custom:scripting/monoscript/fileName/ParticleShaderGUI.cs: 29633d857ba2363500f3a9d991716822 -> a1e2a310364507765340d2c41374cb2a
  custom:container-muxer-webm: aa71ff27fc2769a1b78a27578f13a17b -> 
  custom:scripting/monoscript/fileName/SideMenu.cs: a799210d298ede5ecbc9c7c075599d93 -> 9761150cc6eb77e0ed9d86242d1e504d
  custom:scripting/monoscript/fileName/NewStatus.cs: 75d912a8793b342effbc35a68c6aa434 -> b1aed07bd9e38ef24dd5a3595061c89f
  custom:scripting/monoscript/fileName/DestroyParticleAtEnd.cs: f46d1a4f4bfbf50b99f103be4eb1070f -> 18e3fff07dc49242bb94039533742467
  custom:AudioImporter_EditorPlatform: d09bf68614088b80899f8185d706f6e7 -> 
  custom:scripting/monoscript/fileName/SceneManager.cs: c1f14fe61ae75adaa7e3669d2d9aeaa0 -> 658bd4a7887934f23b2f8ece63ab5689
  custom:scripting/monoscript/fileName/Target.cs: 5f3cec3875b5e41b4f252a12635f1bbc -> 61d7adde6752fc67910fe89f4f786d53
  custom:container-demuxer-ogg: 62fdf1f143b41e24485cea50d1cbac27 -> 
  custom:scripting/monoscript/fileName/ObjectMover.cs: 7bfc33524a4312979e0bb44b5770aa7d -> 771ad40c0bcdb5512b3ab21dee44eb79
  custom:scripting/monoscript/fileName/Body.cs: cd530b41b8162c4e0b9bfa7cedaa661d -> 1e782e221026fee41a4a12ebd6bfb8b9
  custom:scripting/monoscript/fileName/Player.cs: 5f440bf44c2dfb40ce03ddb92ca4ccf4 -> 0793851aedb7599a8396b57d24ab3cd2
  custom:scripting/monoscript/fileName/Floor.cs: 99adfee10d33afe3cb9442a0fa3c2ef4 -> dec408bc3291a4251e6d67eb0caee03a
  custom:scripting/monoscript/fileName/Projectile.cs: 2a1017c92bdfe8329c0d17e2eea8c4a8 -> c9ef408685a1f7b4e1742dddb467d09c
  custom:video-codec-MediaFoundation-h265: e54d7ab0439102e2317fc1e4b246158d -> 
  custom:CustomObjectIndexerAttribute: d54d2f2da18e7612c182cf67624b6b12 -> 
  custom:container-demuxer-webm: 4f35f7cbe854078d1ac9338744f61a02 -> 
========================================================================
Received Prepare
Begin MonoManager ReloadAssembly
C:\build\output\Unity-Technologies\mono\mono\metadata\icall.c:1842:
C:\build\output\Unity-Technologies\mono\mono\metadata\icall.c:1842:
C:\build\output\Unity-Technologies\mono\mono\metadata\icall.c:1842:
C:\build\output\Unity-Technologies\mono\mono\metadata\icall.c:1842:
C:\build\output\Unity-Technologies\mono\mono\metadata\icall.c:1842:
C:\build\output\Unity-Technologies\mono\mono\metadata\icall.c:1842:
C:\build\output\Unity-Technologies\mono\mono\metadata\icall.c:1842:
C:\build\output\Unity-Technologies\mono\mono\metadata\icall.c:1842:
C:\build\output\Unity-Technologies\mono\mono\metadata\icall.c:1842:
C:\build\output\Unity-Technologies\mono\mono\metadata\icall.c:1842:
C:\build\output\Unity-Technologies\mono\mono\metadata\icall.c:1842:
C:\build\output\Unity-Technologies\mono\mono\metadata\icall.c:1842:
Symbol file LoadedFromMemory doesn't match image G:\Unity\UnityProjects\Git\Roguelike\Card Rouge-Like\Library\PackageCache\com.unity.visualscripting@1.8.0\Editor\VisualScripting.Core\Dependencies\YamlDotNet\Unity.VisualScripting.YamlDotNet.dll
Symbol file LoadedFromMemory doesn't match image G:\Unity\UnityProjects\Git\Roguelike\Card Rouge-Like\Library\PackageCache\com.unity.visualscripting@1.8.0\Editor\VisualScripting.Core\Dependencies\DotNetZip\Unity.VisualScripting.IonicZip.dll
- Loaded All Assemblies, in  0.805 seconds
Refreshing native plugins compatible for Editor in 4.35 ms, found 4 plugins.
Native extension for WindowsStandalone target not found
Mono: successfully reloaded assembly
- Finished resetting the current domain, in  1.279 seconds
Domain Reload Profiling: 2084ms
	BeginReloadAssembly (182ms)
		ExecutionOrderSort (0ms)
		DisableScriptedObjects (11ms)
		BackupInstance (0ms)
		ReleaseScriptingObjects (0ms)
		CreateAndSetChildDomain (53ms)
	RebuildCommonClasses (25ms)
	RebuildNativeTypeToScriptingClass (9ms)
	initialDomainReloadingComplete (24ms)
	LoadAllAssembliesAndSetupDomain (564ms)
		LoadAssemblies (330ms)
		RebuildTransferFunctionScriptingTraits (0ms)
		AnalyzeDomain (323ms)
			TypeCache.Refresh (308ms)
				TypeCache.ScanAssembly (288ms)
			ScanForSourceGeneratedMonoScriptInfo (0ms)
			ResolveRequiredComponents (14ms)
	FinalizeReload (1280ms)
		ReleaseScriptCaches (0ms)
		RebuildScriptCaches (0ms)
		SetupLoadedEditorAssemblies (621ms)
			LogAssemblyErrors (0ms)
			InitializePlatformSupportModulesInManaged (5ms)
			SetLoadedEditorAssemblies (5ms)
			BeforeProcessingInitializeOnLoad (128ms)
			ProcessInitializeOnLoadAttributes (448ms)
			ProcessInitializeOnLoadMethodAttributes (31ms)
			AfterProcessingInitializeOnLoad (3ms)
			EditorAssembliesLoaded (0ms)
		ExecutionOrderSort2 (0ms)
		AwakeInstancesAfterBackupRestoration (9ms)
Shader 'CartoonCoffee/Particle Additive': fallback shader '2' not found
Shader 'CartoonCoffee/Particle Basic': fallback shader '2' not found
Refreshing native plugins compatible for Editor in 4.43 ms, found 4 plugins.
Preloading 0 native plugins for Editor in 0.00 ms.
Unloading 6345 Unused Serialized files (Serialized files now loaded: 0)
Unloading 70 unused Assets / (3.0 MB). Loaded Objects now: 7117.
Memory consumption went from 233.7 MB to 230.7 MB.
Total: 12.254200 ms (FindLiveObjects: 1.252500 ms CreateObjectMapping: 0.399600 ms MarkObjects: 8.392400 ms  DeleteObjects: 2.208000 ms)

Prepare: number of updated asset objects reloaded= 0
AssetImportParameters requested are different than current active one (requested -> active):
  custom:scripting/monoscript/fileName/Loop.cs: 2370b78dd0fc43b5a23787c39e01a811 -> ae17ed71ecd620e5d8e62956cea59f5f
  custom:video-decoder-webm-vp8: 9c59270c3fd7afecdb556c50c9e8de78 -> 
  custom:SearchIndexIgnoredProperties: e643bd26f0fe6173181afceb89e7c659 -> 
  custom:audio-encoder-webm-vorbis: bf7c407c2cedff20999df2af8eb42d56 -> 
  custom:audio-decoder-ogg-vorbis: bf7c407c2cedff20999df2af8eb42d56 -> 
  custom:video-encoder-webm-vp8: eb34c28f22e8b96e1ab97ce403110664 -> 
  custom:framework-win-MediaFoundation: 216162199b28c13a410421893ffa2e32 -> 
  custom:scripting/monoscript/fileName/Head.cs: effa42c5e6fbe8576489e42a247346f1 -> c56fb235067b8e0497f6da9d15371435
  custom:scripting/monoscript/fileName/DeactivateChildren.cs: c46ab45fed332edf0852eb252739f5f1 -> 2ec65962b1db2fa346a082daae05acf1
  custom:video-decoder-ogg-theora: a1e56fd34408186e4bbccfd4996cb3dc -> 
  custom:scripting/monoscript/fileName/ParticleShaderGUI.cs: 29633d857ba2363500f3a9d991716822 -> a1e2a310364507765340d2c41374cb2a
  custom:container-muxer-webm: aa71ff27fc2769a1b78a27578f13a17b -> 
  custom:scripting/monoscript/fileName/SideMenu.cs: a799210d298ede5ecbc9c7c075599d93 -> 9761150cc6eb77e0ed9d86242d1e504d
  custom:scripting/monoscript/fileName/NewStatus.cs: 75d912a8793b342effbc35a68c6aa434 -> b1aed07bd9e38ef24dd5a3595061c89f
  custom:scripting/monoscript/fileName/DestroyParticleAtEnd.cs: f46d1a4f4bfbf50b99f103be4eb1070f -> 18e3fff07dc49242bb94039533742467
  custom:AudioImporter_EditorPlatform: d09bf68614088b80899f8185d706f6e7 -> 
  custom:scripting/monoscript/fileName/SceneManager.cs: c1f14fe61ae75adaa7e3669d2d9aeaa0 -> 658bd4a7887934f23b2f8ece63ab5689
  custom:scripting/monoscript/fileName/Target.cs: 5f3cec3875b5e41b4f252a12635f1bbc -> 61d7adde6752fc67910fe89f4f786d53
  custom:container-demuxer-ogg: 62fdf1f143b41e24485cea50d1cbac27 -> 
  custom:scripting/monoscript/fileName/ObjectMover.cs: 7bfc33524a4312979e0bb44b5770aa7d -> 771ad40c0bcdb5512b3ab21dee44eb79
  custom:scripting/monoscript/fileName/Body.cs: cd530b41b8162c4e0b9bfa7cedaa661d -> 1e782e221026fee41a4a12ebd6bfb8b9
  custom:scripting/monoscript/fileName/Player.cs: 5f440bf44c2dfb40ce03ddb92ca4ccf4 -> 0793851aedb7599a8396b57d24ab3cd2
  custom:scripting/monoscript/fileName/Floor.cs: 99adfee10d33afe3cb9442a0fa3c2ef4 -> dec408bc3291a4251e6d67eb0caee03a
  custom:scripting/monoscript/fileName/Projectile.cs: 2a1017c92bdfe8329c0d17e2eea8c4a8 -> c9ef408685a1f7b4e1742dddb467d09c
  custom:video-codec-MediaFoundation-h265: e54d7ab0439102e2317fc1e4b246158d -> 
  custom:CustomObjectIndexerAttribute: d54d2f2da18e7612c182cf67624b6b12 -> 
  custom:container-demuxer-webm: 4f35f7cbe854078d1ac9338744f61a02 -> 
Editor requested this worker to shutdown with reason: Scaling down because of idle timeout
AssetImportWorker is now disconnected from the server
Process exiting
Exiting without the bug reporter. Application will terminate with return code 0