Using pre-set license
Built from '2023.1/staging' branch; Version is '2023.1.20f1 (35a524b12060) revision 3515684'; Using compiler version '192829333'; Build Type 'Release'
OS: 'Windows 10  (10.0.19045) 64bit Professional' Language: 'en' Physical Memory: 32674 MB
BatchMode: 1, IsHumanControllingUs: 0, StartBugReporterOnCrash: 0, Is64bit: 1, IsPro: 1

COMMAND LINE ARGUMENTS:
G:\Unity\UnityVersions\2023.1.20f1\Editor\Unity.exe
-adb2
-batchMode
-noUpm
-name
AssetImportWorker31
-projectPath
G:/Unity/UnityProjects/Git/Roguelike/Card Rouge-Like
-logFile
Logs/AssetImportWorker31.log
-srvPort
54861
Successfully changed project path to: G:/Unity/UnityProjects/Git/Roguelike/Card Rouge-Like
G:/Unity/UnityProjects/Git/Roguelike/Card Rouge-Like
[UnityMemory] Configuration Parameters - Can be set up in boot.config
    "memorysetup-bucket-allocator-granularity=16"
    "memorysetup-bucket-allocator-bucket-count=8"
    "memorysetup-bucket-allocator-block-size=33554432"
    "memorysetup-bucket-allocator-block-count=8"
    "memorysetup-main-allocator-block-size=16777216"
    "memorysetup-thread-allocator-block-size=16777216"
    "memorysetup-gfx-main-allocator-block-size=16777216"
    "memorysetup-gfx-thread-allocator-block-size=16777216"
    "memorysetup-cache-allocator-block-size=4194304"
    "memorysetup-typetree-allocator-block-size=2097152"
    "memorysetup-profiler-bucket-allocator-granularity=16"
    "memorysetup-profiler-bucket-allocator-bucket-count=8"
    "memorysetup-profiler-bucket-allocator-block-size=33554432"
    "memorysetup-profiler-bucket-allocator-block-count=8"
    "memorysetup-profiler-allocator-block-size=16777216"
    "memorysetup-profiler-editor-allocator-block-size=1048576"
    "memorysetup-temp-allocator-size-main=16777216"
    "memorysetup-job-temp-allocator-block-size=2097152"
    "memorysetup-job-temp-allocator-block-size-background=1048576"
    "memorysetup-job-temp-allocator-reduction-small-platforms=262144"
    "memorysetup-allocator-temp-initial-block-size-main=262144"
    "memorysetup-allocator-temp-initial-block-size-worker=262144"
    "memorysetup-temp-allocator-size-background-worker=32768"
    "memorysetup-temp-allocator-size-job-worker=262144"
    "memorysetup-temp-allocator-size-preload-manager=33554432"
    "memorysetup-temp-allocator-size-nav-mesh-worker=65536"
    "memorysetup-temp-allocator-size-audio-worker=65536"
    "memorysetup-temp-allocator-size-cloud-worker=32768"
    "memorysetup-temp-allocator-size-gi-baking-worker=262144"
    "memorysetup-temp-allocator-size-gfx=262144"
Player connection [7548] Host "[IP] 192.168.0.137 [Port] 0 [Flags] 2 [Guid] 1570354725 [EditorId] 1570354725 [Version] 1048832 [Id] WindowsEditor(7,DESKTOP-26UP572) [Debug] 1 [PackageName] WindowsEditor [ProjectName] Editor" joined multi-casting on [225.0.0.222:54997]...

Player connection [7548] Host "[IP] 192.168.0.137 [Port] 0 [Flags] 2 [Guid] 1570354725 [EditorId] 1570354725 [Version] 1048832 [Id] WindowsEditor(7,DESKTOP-26UP572) [Debug] 1 [PackageName] WindowsEditor [ProjectName] Editor" joined alternative multi-casting on [225.0.0.222:34997]...

[Physics::Module] Initialized MultithreadedJobDispatcher with 23 workers.
Library Redirect Path: Library/Refreshing native plugins compatible for Editor in 7.08 ms, found 4 plugins.
Preloading 0 native plugins for Editor in 0.00 ms.
Initialize engine version: 2023.1.20f1 (35a524b12060)
[Subsystems] Discovering subsystems at path G:/Unity/UnityVersions/2023.1.20f1/Editor/Data/Resources/UnitySubsystems
[Subsystems] Discovering subsystems at path G:/Unity/UnityProjects/Git/Roguelike/Card Rouge-Like/Assets
GfxDevice: creating device client; threaded=0; jobified=0
Direct3D:
    Version:  Direct3D 11.0 [level 11.1]
    Renderer: NVIDIA GeForce RTX 3080 (ID=0x2216)
    Vendor:   NVIDIA
    VRAM:     10067 MB
    Driver:   31.0.15.3667
Initialize mono
Mono path[0] = 'G:/Unity/UnityVersions/2023.1.20f1/Editor/Data/Managed'
Mono path[1] = 'G:/Unity/UnityVersions/2023.1.20f1/Editor/Data/MonoBleedingEdge/lib/mono/unityjit-win32'
Mono config path = 'G:/Unity/UnityVersions/2023.1.20f1/Editor/Data/MonoBleedingEdge/etc'
Using monoOptions --debugger-agent=transport=dt_socket,embedding=1,server=y,suspend=n,address=127.0.0.1:56408
Begin MonoManager ReloadAssembly
C:\build\output\Unity-Technologies\mono\mono\metadata\icall.c:1842:
C:\build\output\Unity-Technologies\mono\mono\metadata\icall.c:1842:
C:\build\output\Unity-Technologies\mono\mono\metadata\icall.c:1842:
C:\build\output\Unity-Technologies\mono\mono\metadata\icall.c:1842:
C:\build\output\Unity-Technologies\mono\mono\metadata\icall.c:1842:
C:\build\output\Unity-Technologies\mono\mono\metadata\icall.c:1842:
C:\build\output\Unity-Technologies\mono\mono\metadata\icall.c:1842:
C:\build\output\Unity-Technologies\mono\mono\metadata\icall.c:1842:
C:\build\output\Unity-Technologies\mono\mono\metadata\icall.c:1842:
C:\build\output\Unity-Technologies\mono\mono\metadata\icall.c:1842:
Registering precompiled unity dll's ...
Register platform support module: G:/Unity/UnityVersions/2023.1.20f1/Editor/Data/PlaybackEngines/WindowsStandaloneSupport/UnityEditor.WindowsStandalone.Extensions.dll
Registered in 0.001876 seconds.
- Loaded All Assemblies, in  0.257 seconds
Native extension for WindowsStandalone target not found
Mono: successfully reloaded assembly
C:\build\output\Unity-Technologies\mono\mono\metadata\icall.c:1842:
C:\build\output\Unity-Technologies\mono\mono\metadata\icall.c:1842:
- Finished resetting the current domain, in  0.204 seconds
Domain Reload Profiling: 461ms
	BeginReloadAssembly (86ms)
		ExecutionOrderSort (0ms)
		DisableScriptedObjects (0ms)
		BackupInstance (0ms)
		ReleaseScriptingObjects (0ms)
		CreateAndSetChildDomain (1ms)
	RebuildCommonClasses (26ms)
	RebuildNativeTypeToScriptingClass (9ms)
	initialDomainReloadingComplete (35ms)
	LoadAllAssembliesAndSetupDomain (101ms)
		LoadAssemblies (86ms)
		RebuildTransferFunctionScriptingTraits (0ms)
		AnalyzeDomain (99ms)
			TypeCache.Refresh (98ms)
				TypeCache.ScanAssembly (90ms)
			ScanForSourceGeneratedMonoScriptInfo (0ms)
			ResolveRequiredComponents (0ms)
	FinalizeReload (204ms)
		ReleaseScriptCaches (0ms)
		RebuildScriptCaches (0ms)
		SetupLoadedEditorAssemblies (172ms)
			LogAssemblyErrors (0ms)
			InitializePlatformSupportModulesInManaged (6ms)
			SetLoadedEditorAssemblies (4ms)
			BeforeProcessingInitializeOnLoad (6ms)
			ProcessInitializeOnLoadAttributes (118ms)
			ProcessInitializeOnLoadMethodAttributes (39ms)
			AfterProcessingInitializeOnLoad (0ms)
			EditorAssembliesLoaded (0ms)
		ExecutionOrderSort2 (0ms)
		AwakeInstancesAfterBackupRestoration (0ms)
========================================================================
Worker process is ready to serve import requests
Import Worker Mode flag is 0x00
Begin MonoManager ReloadAssembly
C:\build\output\Unity-Technologies\mono\mono\metadata\icall.c:1842:
C:\build\output\Unity-Technologies\mono\mono\metadata\icall.c:1842:
C:\build\output\Unity-Technologies\mono\mono\metadata\icall.c:1842:
C:\build\output\Unity-Technologies\mono\mono\metadata\icall.c:1842:
C:\build\output\Unity-Technologies\mono\mono\metadata\icall.c:1842:
C:\build\output\Unity-Technologies\mono\mono\metadata\icall.c:1842:
C:\build\output\Unity-Technologies\mono\mono\metadata\icall.c:1842:
C:\build\output\Unity-Technologies\mono\mono\metadata\icall.c:1842:
C:\build\output\Unity-Technologies\mono\mono\metadata\icall.c:1842:
C:\build\output\Unity-Technologies\mono\mono\metadata\icall.c:1842:
C:\build\output\Unity-Technologies\mono\mono\metadata\icall.c:1842:
C:\build\output\Unity-Technologies\mono\mono\metadata\icall.c:1842:
Symbol file LoadedFromMemory doesn't match image G:\Unity\UnityProjects\Git\Roguelike\Card Rouge-Like\Library\PackageCache\com.unity.visualscripting@1.8.0\Editor\VisualScripting.Core\Dependencies\YamlDotNet\Unity.VisualScripting.YamlDotNet.dll
Symbol file LoadedFromMemory doesn't match image G:\Unity\UnityProjects\Git\Roguelike\Card Rouge-Like\Library\PackageCache\com.unity.visualscripting@1.8.0\Editor\VisualScripting.Core\Dependencies\DotNetZip\Unity.VisualScripting.IonicZip.dll
- Loaded All Assemblies, in  0.670 seconds
Refreshing native plugins compatible for Editor in 2.32 ms, found 4 plugins.
Native extension for WindowsStandalone target not found
Mono: successfully reloaded assembly
- Finished resetting the current domain, in  0.638 seconds
Domain Reload Profiling: 1307ms
	BeginReloadAssembly (208ms)
		ExecutionOrderSort (0ms)
		DisableScriptedObjects (5ms)
		BackupInstance (0ms)
		ReleaseScriptingObjects (0ms)
		CreateAndSetChildDomain (27ms)
	RebuildCommonClasses (23ms)
	RebuildNativeTypeToScriptingClass (8ms)
	initialDomainReloadingComplete (17ms)
	LoadAllAssembliesAndSetupDomain (413ms)
		LoadAssemblies (235ms)
		RebuildTransferFunctionScriptingTraits (0ms)
		AnalyzeDomain (244ms)
			TypeCache.Refresh (214ms)
				TypeCache.ScanAssembly (204ms)
			ScanForSourceGeneratedMonoScriptInfo (21ms)
			ResolveRequiredComponents (9ms)
	FinalizeReload (638ms)
		ReleaseScriptCaches (0ms)
		RebuildScriptCaches (0ms)
		SetupLoadedEditorAssemblies (483ms)
			LogAssemblyErrors (0ms)
			InitializePlatformSupportModulesInManaged (5ms)
			SetLoadedEditorAssemblies (4ms)
			BeforeProcessingInitializeOnLoad (83ms)
			ProcessInitializeOnLoadAttributes (361ms)
			ProcessInitializeOnLoadMethodAttributes (28ms)
			AfterProcessingInitializeOnLoad (2ms)
			EditorAssembliesLoaded (0ms)
		ExecutionOrderSort2 (0ms)
		AwakeInstancesAfterBackupRestoration (5ms)
Launched and connected shader compiler UnityShaderCompiler.exe after 0.01 seconds
Refreshing native plugins compatible for Editor in 2.24 ms, found 4 plugins.
Preloading 0 native plugins for Editor in 0.00 ms.
Unloading 6462 Unused Serialized files (Serialized files now loaded: 0)
Unloading 126 unused Assets / (2.9 MB). Loaded Objects now: 6986.
Memory consumption went from 254.7 MB to 251.8 MB.
Total: 4.900800 ms (FindLiveObjects: 0.395700 ms CreateObjectMapping: 0.161400 ms MarkObjects: 3.537700 ms  DeleteObjects: 0.805300 ms)

AssetImportParameters requested are different than current active one (requested -> active):
  custom:video-decoder-webm-vp8: 9c59270c3fd7afecdb556c50c9e8de78 -> 
  custom:SearchIndexIgnoredProperties: e643bd26f0fe6173181afceb89e7c659 -> 
  custom:audio-encoder-webm-vorbis: bf7c407c2cedff20999df2af8eb42d56 -> 
  custom:audio-decoder-ogg-vorbis: bf7c407c2cedff20999df2af8eb42d56 -> 
  custom:video-encoder-webm-vp8: eb34c28f22e8b96e1ab97ce403110664 -> 
  custom:framework-win-MediaFoundation: 216162199b28c13a410421893ffa2e32 -> 
  custom:video-decoder-ogg-theora: a1e56fd34408186e4bbccfd4996cb3dc -> 
  custom:container-muxer-webm: aa71ff27fc2769a1b78a27578f13a17b -> 
  custom:AudioImporter_EditorPlatform: d09bf68614088b80899f8185d706f6e7 -> 
  custom:container-demuxer-ogg: 62fdf1f143b41e24485cea50d1cbac27 -> 
  custom:video-codec-MediaFoundation-h265: e54d7ab0439102e2317fc1e4b246158d -> 
  custom:CustomObjectIndexerAttribute: d54d2f2da18e7612c182cf67624b6b12 -> 
  custom:container-demuxer-webm: 4f35f7cbe854078d1ac9338744f61a02 -> 
========================================================================
Received Import Request.
  Time since last request: 172442.340709 seconds.
  path: Assets/Art/MapleStoryTest/Greed/Idle/Left/Idle-Left-03.psd
  artifactKey: Guid(ae627799fdd27b74f9a0fabfc4234d46) Importer(815301076,1909f56bfc062723c751e8b465ee728b)
Start importing Assets/Art/MapleStoryTest/Greed/Idle/Left/Idle-Left-03.psd using Guid(ae627799fdd27b74f9a0fabfc4234d46) Importer(815301076,1909f56bfc062723c751e8b465ee728b)  -> (artifact id: '779cdc20860f834d57fc527eec601085') in 0.065629 seconds
Number of updated asset objects reloaded before import = 0
Number of asset objects unloaded after import = 3
========================================================================
Received Import Request.
  Time since last request: 46.062713 seconds.
  path: Assets/Art/New/Faces/Outline/Astonished face 256.png
  artifactKey: Guid(2dee126bc5c11f34ea83919356375070) Importer(815301076,1909f56bfc062723c751e8b465ee728b)
Start importing Assets/Art/New/Faces/Outline/Astonished face 256.png using Guid(2dee126bc5c11f34ea83919356375070) Importer(815301076,1909f56bfc062723c751e8b465ee728b)  -> (artifact id: '4f7c2854cd410b57edfb2d96da76f7d8') in 0.017705 seconds
Number of updated asset objects reloaded before import = 0
Number of asset objects unloaded after import = 3
========================================================================
Received Import Request.
  Time since last request: 0.000589 seconds.
  path: Assets/Art/New/Faces/Outline/Beaming face with smiling eyes 256.png
  artifactKey: Guid(19cca0e3a861886439a5ab9f0f15ca54) Importer(815301076,1909f56bfc062723c751e8b465ee728b)
Start importing Assets/Art/New/Faces/Outline/Beaming face with smiling eyes 256.png using Guid(19cca0e3a861886439a5ab9f0f15ca54) Importer(815301076,1909f56bfc062723c751e8b465ee728b)  -> (artifact id: '98e0115d8074ba4eff52f8fb6ed1eaa9') in 0.017379 seconds
Number of updated asset objects reloaded before import = 0
Number of asset objects unloaded after import = 3
========================================================================
Received Import Request.
  Time since last request: 0.000015 seconds.
  path: Assets/Art/New/Faces/Outline/Face with symbols on mouth 256.png
  artifactKey: Guid(11e647577d327094a9fffc464ca71aac) Importer(815301076,1909f56bfc062723c751e8b465ee728b)
Start importing Assets/Art/New/Faces/Outline/Face with symbols on mouth 256.png using Guid(11e647577d327094a9fffc464ca71aac) Importer(815301076,1909f56bfc062723c751e8b465ee728b)  -> (artifact id: 'bf990beb1b88a6646fa24ca946fb3dcc') in 0.022315 seconds
Number of updated asset objects reloaded before import = 0
Number of asset objects unloaded after import = 3
========================================================================
Received Import Request.
  Time since last request: 0.000018 seconds.
  path: Assets/Art/New/Faces/Outline/Nerd face 256.png
  artifactKey: Guid(5b344a412bab6ae48a03fc908f46e8fd) Importer(815301076,1909f56bfc062723c751e8b465ee728b)
Start importing Assets/Art/New/Faces/Outline/Nerd face 256.png using Guid(5b344a412bab6ae48a03fc908f46e8fd) Importer(815301076,1909f56bfc062723c751e8b465ee728b)  -> (artifact id: '51606627071bd09c4dc707a739dd21f1') in 0.027613 seconds
Number of updated asset objects reloaded before import = 0
Number of asset objects unloaded after import = 3
========================================================================
Received Import Request.
  Time since last request: 0.000023 seconds.
  path: Assets/Art/New/Faces/Outline/Face exhaling 256.png
  artifactKey: Guid(f06638c90e2d51d4086f3a398f154afe) Importer(815301076,1909f56bfc062723c751e8b465ee728b)
Start importing Assets/Art/New/Faces/Outline/Face exhaling 256.png using Guid(f06638c90e2d51d4086f3a398f154afe) Importer(815301076,1909f56bfc062723c751e8b465ee728b)  -> (artifact id: 'abc95689d0a20e54795f0c56e0d427c1') in 0.049491 seconds
Number of updated asset objects reloaded before import = 0
Number of asset objects unloaded after import = 3
========================================================================
Received Import Request.
  Time since last request: 0.000017 seconds.
  path: Assets/Art/New/Faces/Outline/Face with open eyes and hand over mouth 256.png
  artifactKey: Guid(886d4a68877ba824e8c3cfca541e6574) Importer(815301076,1909f56bfc062723c751e8b465ee728b)
Start importing Assets/Art/New/Faces/Outline/Face with open eyes and hand over mouth 256.png using Guid(886d4a68877ba824e8c3cfca541e6574) Importer(815301076,1909f56bfc062723c751e8b465ee728b)  -> (artifact id: '20353b957b86ee65181c80bbd3891a1f') in 0.017145 seconds
Number of updated asset objects reloaded before import = 0
Number of asset objects unloaded after import = 3
========================================================================
Received Import Request.
  Time since last request: 0.000013 seconds.
  path: Assets/Art/New/Faces/Outline/Face with steam from nose 256.png
  artifactKey: Guid(a5b64ef27016df7458d01e90a1af1039) Importer(815301076,1909f56bfc062723c751e8b465ee728b)
Start importing Assets/Art/New/Faces/Outline/Face with steam from nose 256.png using Guid(a5b64ef27016df7458d01e90a1af1039) Importer(815301076,1909f56bfc062723c751e8b465ee728b)  -> (artifact id: '238ece901ae1ab65470a9cd1562e9211') in 0.031367 seconds
Number of updated asset objects reloaded before import = 0
Number of asset objects unloaded after import = 3
========================================================================
Received Import Request.
  Time since last request: 0.000014 seconds.
  path: Assets/Art/New/Faces/Outline/Cold face 256.png
  artifactKey: Guid(49d6a76c0cb5f9a4d862244796655885) Importer(815301076,1909f56bfc062723c751e8b465ee728b)
Start importing Assets/Art/New/Faces/Outline/Cold face 256.png using Guid(49d6a76c0cb5f9a4d862244796655885) Importer(815301076,1909f56bfc062723c751e8b465ee728b)  -> (artifact id: '2da5a71598f781572bd0cf6cf78aea08') in 0.021558 seconds
Number of updated asset objects reloaded before import = 0
Number of asset objects unloaded after import = 3
========================================================================
Received Import Request.
  Time since last request: 0.000013 seconds.
  path: Assets/Art/New/Faces/Outline/Expressionless face 256.png
  artifactKey: Guid(37cc9e2948bbbdf48b6e489672d25743) Importer(815301076,1909f56bfc062723c751e8b465ee728b)
Start importing Assets/Art/New/Faces/Outline/Expressionless face 256.png using Guid(37cc9e2948bbbdf48b6e489672d25743) Importer(815301076,1909f56bfc062723c751e8b465ee728b)  -> (artifact id: 'ce454dbf51569535caaa222285c847fb') in 0.014423 seconds
Number of updated asset objects reloaded before import = 0
Number of asset objects unloaded after import = 3
========================================================================
Received Import Request.
  Time since last request: 0.000015 seconds.
  path: Assets/Art/New/Faces/Outline/Face with monocle 256.png
  artifactKey: Guid(ab4d15d2d5b8c6844a8c51cd079597ce) Importer(815301076,1909f56bfc062723c751e8b465ee728b)
Start importing Assets/Art/New/Faces/Outline/Face with monocle 256.png using Guid(ab4d15d2d5b8c6844a8c51cd079597ce) Importer(815301076,1909f56bfc062723c751e8b465ee728b)  -> (artifact id: 'fc207b64064e12e564f27741ac9f78fa') in 0.013413 seconds
Number of updated asset objects reloaded before import = 0
Number of asset objects unloaded after import = 3
========================================================================
Received Import Request.
  Time since last request: 0.000015 seconds.
  path: Assets/Art/New/Faces/Outline/Drooling face 256.png
  artifactKey: Guid(958e4d231299a54448cd9a9add17dfd7) Importer(815301076,1909f56bfc062723c751e8b465ee728b)
Start importing Assets/Art/New/Faces/Outline/Drooling face 256.png using Guid(958e4d231299a54448cd9a9add17dfd7) Importer(815301076,1909f56bfc062723c751e8b465ee728b)  -> (artifact id: '986442c802d293b3bf6de8995b48be5c') in 0.014377 seconds
Number of updated asset objects reloaded before import = 0
Number of asset objects unloaded after import = 3
========================================================================
Received Import Request.
  Time since last request: 0.000016 seconds.
  path: Assets/Art/New/Faces/Outline/Grinning face with big eyes 256.png
  artifactKey: Guid(89580dd8327723545a895b84698d8073) Importer(815301076,1909f56bfc062723c751e8b465ee728b)
Start importing Assets/Art/New/Faces/Outline/Grinning face with big eyes 256.png using Guid(89580dd8327723545a895b84698d8073) Importer(815301076,1909f56bfc062723c751e8b465ee728b)  -> (artifact id: '908f48326b0f720abf601402bb0ee9f1') in 0.013335 seconds
Number of updated asset objects reloaded before import = 0
Number of asset objects unloaded after import = 3
========================================================================
Received Import Request.
  Time since last request: 0.000025 seconds.
  path: Assets/Art/New/Faces/Outline/Grinning face 256.png
  artifactKey: Guid(9823827ef59d6884ea8a9f3de4589145) Importer(815301076,1909f56bfc062723c751e8b465ee728b)
Start importing Assets/Art/New/Faces/Outline/Grinning face 256.png using Guid(9823827ef59d6884ea8a9f3de4589145) Importer(815301076,1909f56bfc062723c751e8b465ee728b)  -> (artifact id: 'a76960ec66f8a1082980be94dd76b045') in 0.013996 seconds
Number of updated asset objects reloaded before import = 0
Number of asset objects unloaded after import = 3
========================================================================
Received Import Request.
  Time since last request: 0.000015 seconds.
  path: Assets/Art/New/Faces/Outline/Face with peeking eye 256.png
  artifactKey: Guid(f29bbc355519f4946859e04787f4d337) Importer(815301076,1909f56bfc062723c751e8b465ee728b)
Start importing Assets/Art/New/Faces/Outline/Face with peeking eye 256.png using Guid(f29bbc355519f4946859e04787f4d337) Importer(815301076,1909f56bfc062723c751e8b465ee728b)  -> (artifact id: 'c5b5bf7d267aff09b354ee05bc662639') in 0.015963 seconds
Number of updated asset objects reloaded before import = 0
Number of asset objects unloaded after import = 3
========================================================================
Received Import Request.
  Time since last request: 0.000016 seconds.
  path: Assets/Art/New/Faces/Outline/Face screaming in fear 256.png
  artifactKey: Guid(562a2d48102a7ca41984f8a6a8cb8544) Importer(815301076,1909f56bfc062723c751e8b465ee728b)
Start importing Assets/Art/New/Faces/Outline/Face screaming in fear 256.png using Guid(562a2d48102a7ca41984f8a6a8cb8544) Importer(815301076,1909f56bfc062723c751e8b465ee728b)  -> (artifact id: '71b5de134347f89de4bf9ae3eb984580') in 0.015906 seconds
Number of updated asset objects reloaded before import = 0
Number of asset objects unloaded after import = 3
========================================================================
Received Import Request.
  Time since last request: 0.000013 seconds.
  path: Assets/Art/New/Faces/Outline/Money mouth face 256.png
  artifactKey: Guid(ba79fa30b46779b489b3ac6d2684b343) Importer(815301076,1909f56bfc062723c751e8b465ee728b)
Start importing Assets/Art/New/Faces/Outline/Money mouth face 256.png using Guid(ba79fa30b46779b489b3ac6d2684b343) Importer(815301076,1909f56bfc062723c751e8b465ee728b)  -> (artifact id: '53ee4dadde565765442d13f36ff118f3') in 0.014786 seconds
Number of updated asset objects reloaded before import = 0
Number of asset objects unloaded after import = 3
========================================================================
Received Import Request.
  Time since last request: 0.000012 seconds.
  path: Assets/Art/New/Faces/Outline/Face with raised eyebrow 256.png
  artifactKey: Guid(94cc415fbc99b284781d820b3f9c1ef8) Importer(815301076,1909f56bfc062723c751e8b465ee728b)
Start importing Assets/Art/New/Faces/Outline/Face with raised eyebrow 256.png using Guid(94cc415fbc99b284781d820b3f9c1ef8) Importer(815301076,1909f56bfc062723c751e8b465ee728b)  -> (artifact id: '3db4824a32046dbe2ba61214cf33e27e') in 0.016524 seconds
Number of updated asset objects reloaded before import = 0
Number of asset objects unloaded after import = 3
========================================================================
Received Import Request.
  Time since last request: 0.000015 seconds.
  path: Assets/Art/New/Faces/Outline/Hot face 256.png
  artifactKey: Guid(f10968fb619fcba48b7eb859fece115b) Importer(815301076,1909f56bfc062723c751e8b465ee728b)
Start importing Assets/Art/New/Faces/Outline/Hot face 256.png using Guid(f10968fb619fcba48b7eb859fece115b) Importer(815301076,1909f56bfc062723c751e8b465ee728b)  -> (artifact id: '06785328f862cbcda4c6ccf477223c8f') in 0.014610 seconds
Number of updated asset objects reloaded before import = 0
Number of asset objects unloaded after import = 3
========================================================================
Received Import Request.
  Time since last request: 0.000017 seconds.
  path: Assets/Art/New/Faces/Outline/Melting face 256.png
  artifactKey: Guid(f99eacb477dd8884e8b56100b4ddba49) Importer(815301076,1909f56bfc062723c751e8b465ee728b)
Start importing Assets/Art/New/Faces/Outline/Melting face 256.png using Guid(f99eacb477dd8884e8b56100b4ddba49) Importer(815301076,1909f56bfc062723c751e8b465ee728b)  -> (artifact id: '408499727f15de87d09e3ea8f6582a6e') in 0.014538 seconds
Number of updated asset objects reloaded before import = 0
Number of asset objects unloaded after import = 3
========================================================================
Received Import Request.
  Time since last request: 0.000011 seconds.
  path: Assets/Art/New/Faces/Outline/Loudly crying face 256.png
  artifactKey: Guid(daf071286badbf14db85eb6e5843438d) Importer(815301076,1909f56bfc062723c751e8b465ee728b)
Start importing Assets/Art/New/Faces/Outline/Loudly crying face 256.png using Guid(daf071286badbf14db85eb6e5843438d) Importer(815301076,1909f56bfc062723c751e8b465ee728b)  -> (artifact id: '78aa8e824c0df3e5484a5414ab6f53b1') in 0.015494 seconds
Number of updated asset objects reloaded before import = 0
Number of asset objects unloaded after import = 3
========================================================================
Received Import Request.
  Time since last request: 0.000013 seconds.
  path: Assets/Art/New/Faces/Outline/Grinning face with sweat 256.png
  artifactKey: Guid(8382324b266d653408e3729119298a87) Importer(815301076,1909f56bfc062723c751e8b465ee728b)
Start importing Assets/Art/New/Faces/Outline/Grinning face with sweat 256.png using Guid(8382324b266d653408e3729119298a87) Importer(815301076,1909f56bfc062723c751e8b465ee728b)  -> (artifact id: 'f3d36474b88aa426329c245e7716cf79') in 0.015908 seconds
Number of updated asset objects reloaded before import = 0
Number of asset objects unloaded after import = 3
========================================================================
Received Import Request.
  Time since last request: 0.000013 seconds.
  path: Assets/Art/New/Faces/Outline/Exploding head 256.png
  artifactKey: Guid(65fbbc6f35835894fb60f0e6e3d59d23) Importer(815301076,1909f56bfc062723c751e8b465ee728b)
Start importing Assets/Art/New/Faces/Outline/Exploding head 256.png using Guid(65fbbc6f35835894fb60f0e6e3d59d23) Importer(815301076,1909f56bfc062723c751e8b465ee728b)  -> (artifact id: 'bfe47a2dd30a7e8056e63382f764dcb8') in 0.016119 seconds
Number of updated asset objects reloaded before import = 0
Number of asset objects unloaded after import = 3
========================================================================
Received Import Request.
  Time since last request: 0.000014 seconds.
  path: Assets/Art/New/Faces/Outline/Grinning squinting face 256.png
  artifactKey: Guid(618c7d6228e9ffd4e8fa7c794c90d25b) Importer(815301076,1909f56bfc062723c751e8b465ee728b)
Start importing Assets/Art/New/Faces/Outline/Grinning squinting face 256.png using Guid(618c7d6228e9ffd4e8fa7c794c90d25b) Importer(815301076,1909f56bfc062723c751e8b465ee728b)  -> (artifact id: '1e470374bd44ec242f7e2ad7471802e8') in 0.013529 seconds
Number of updated asset objects reloaded before import = 0
Number of asset objects unloaded after import = 3
========================================================================
Received Import Request.
  Time since last request: 0.000016 seconds.
  path: Assets/Art/New/Faces/Outline/Grinning face with smiling eyes 256.png
  artifactKey: Guid(e53e6908cad47f747974b71cb46e154a) Importer(815301076,1909f56bfc062723c751e8b465ee728b)
Start importing Assets/Art/New/Faces/Outline/Grinning face with smiling eyes 256.png using Guid(e53e6908cad47f747974b71cb46e154a) Importer(815301076,1909f56bfc062723c751e8b465ee728b)  -> (artifact id: '3bbb3f30f8f5b7dbb468b798f2466c40') in 0.013501 seconds
Number of updated asset objects reloaded before import = 0
Number of asset objects unloaded after import = 3
========================================================================
Received Import Request.
  Time since last request: 0.000031 seconds.
  path: Assets/Art/New/Faces/Outline/Face in clouds 256.png
  artifactKey: Guid(e11d82757c67262429ddc10f31766421) Importer(815301076,1909f56bfc062723c751e8b465ee728b)
Start importing Assets/Art/New/Faces/Outline/Face in clouds 256.png using Guid(e11d82757c67262429ddc10f31766421) Importer(815301076,1909f56bfc062723c751e8b465ee728b)  -> (artifact id: 'c2df6e473d332d36dd550afcdb0d3445') in 0.015786 seconds
Number of updated asset objects reloaded before import = 0
Number of asset objects unloaded after import = 3
========================================================================
Received Import Request.
  Time since last request: 0.000016 seconds.
  path: Assets/Art/New/Faces/Outline/Face with thermometer 256.png
  artifactKey: Guid(4443d6c849cd8d2408f0422c316ff7bd) Importer(815301076,1909f56bfc062723c751e8b465ee728b)
Start importing Assets/Art/New/Faces/Outline/Face with thermometer 256.png using Guid(4443d6c849cd8d2408f0422c316ff7bd) Importer(815301076,1909f56bfc062723c751e8b465ee728b)  -> (artifact id: '251873b90aee8cf2907c83f10f30ecfa') in 0.014663 seconds
Number of updated asset objects reloaded before import = 0
Number of asset objects unloaded after import = 3
========================================================================
Received Import Request.
  Time since last request: 0.000015 seconds.
  path: Assets/Art/New/Faces/Outline/Lying face 256.png
  artifactKey: Guid(da8bf7fbfd41fe14194f7da5ba533e59) Importer(815301076,1909f56bfc062723c751e8b465ee728b)
Start importing Assets/Art/New/Faces/Outline/Lying face 256.png using Guid(da8bf7fbfd41fe14194f7da5ba533e59) Importer(815301076,1909f56bfc062723c751e8b465ee728b)  -> (artifact id: '98b676ea8223c21189ae273c71150fa4') in 0.012925 seconds
Number of updated asset objects reloaded before import = 0
Number of asset objects unloaded after import = 3
========================================================================
Received Import Request.
  Time since last request: 0.000013 seconds.
  path: Assets/Art/New/Faces/Outline/Face with tears of joy 256.png
  artifactKey: Guid(cdae1b37f4a73034080f8ef730a28ae5) Importer(815301076,1909f56bfc062723c751e8b465ee728b)
Start importing Assets/Art/New/Faces/Outline/Face with tears of joy 256.png using Guid(cdae1b37f4a73034080f8ef730a28ae5) Importer(815301076,1909f56bfc062723c751e8b465ee728b)  -> (artifact id: '9a77447113e288aba4f2dd01e6ed3f98') in 0.013732 seconds
Number of updated asset objects reloaded before import = 0
Number of asset objects unloaded after import = 3
========================================================================
Received Import Request.
  Time since last request: 0.000014 seconds.
  path: Assets/Art/New/Faces/Outline/Clown face 256.png
  artifactKey: Guid(0bfc54a042acbc94b9a9ced2f19b4221) Importer(815301076,1909f56bfc062723c751e8b465ee728b)
Start importing Assets/Art/New/Faces/Outline/Clown face 256.png using Guid(0bfc54a042acbc94b9a9ced2f19b4221) Importer(815301076,1909f56bfc062723c751e8b465ee728b)  -> (artifact id: '1d15401a27b94b3e04d6c95accb7bbef') in 0.015024 seconds
Number of updated asset objects reloaded before import = 0
Number of asset objects unloaded after import = 3
========================================================================
Received Import Request.
  Time since last request: 0.000025 seconds.
  path: Assets/Art/New/Faces/Outline/Confused face 256.png
  artifactKey: Guid(72f5812405e9db648b75d0636edd5a87) Importer(815301076,1909f56bfc062723c751e8b465ee728b)
Start importing Assets/Art/New/Faces/Outline/Confused face 256.png using Guid(72f5812405e9db648b75d0636edd5a87) Importer(815301076,1909f56bfc062723c751e8b465ee728b)  -> (artifact id: '8fd508d72e1f42983918d82c6bf76e56') in 0.013905 seconds
Number of updated asset objects reloaded before import = 0
Number of asset objects unloaded after import = 3
========================================================================
Received Import Request.
  Time since last request: 0.000013 seconds.
  path: Assets/Art/New/Faces/Outline/Crying face 256.png
  artifactKey: Guid(031f76275596eab4db6f5dd0536a61fe) Importer(815301076,1909f56bfc062723c751e8b465ee728b)
Start importing Assets/Art/New/Faces/Outline/Crying face 256.png using Guid(031f76275596eab4db6f5dd0536a61fe) Importer(815301076,1909f56bfc062723c751e8b465ee728b)  -> (artifact id: 'c3c3c6175f8e47a18aa6546e94f698fc') in 0.013757 seconds
Number of updated asset objects reloaded before import = 0
Number of asset objects unloaded after import = 3
========================================================================
Received Import Request.
  Time since last request: 0.000012 seconds.
  path: Assets/Art/New/Faces/Outline/Pile of poo 256.png
  artifactKey: Guid(983a538e76a19894298e6908a8a3993d) Importer(815301076,1909f56bfc062723c751e8b465ee728b)
Start importing Assets/Art/New/Faces/Outline/Pile of poo 256.png using Guid(983a538e76a19894298e6908a8a3993d) Importer(815301076,1909f56bfc062723c751e8b465ee728b)  -> (artifact id: '64d58cfbcfe1d5643ef5243ab3402e58') in 0.015117 seconds
Number of updated asset objects reloaded before import = 0
Number of asset objects unloaded after import = 3
========================================================================
Received Import Request.
  Time since last request: 0.000016 seconds.
  path: Assets/Art/New/Faces/Outline/Downcase face with sweat 256.png
  artifactKey: Guid(659b80236f7185747b804c8121e8d1a8) Importer(815301076,1909f56bfc062723c751e8b465ee728b)
Start importing Assets/Art/New/Faces/Outline/Downcase face with sweat 256.png using Guid(659b80236f7185747b804c8121e8d1a8) Importer(815301076,1909f56bfc062723c751e8b465ee728b)  -> (artifact id: '85689d7eb492af2caff4ff6c72d00398') in 0.014207 seconds
Number of updated asset objects reloaded before import = 0
Number of asset objects unloaded after import = 3
Editor requested this worker to shutdown with reason: Scaling down because of idle timeout
AssetImportWorker is now disconnected from the server
Process exiting
Exiting without the bug reporter. Application will terminate with return code 0